<?xml version="1.0" encoding="UTF-8"?>
<testsuite xmlns:xsi="http://www.w3.org/2001/XMLSchema-instance" xsi:noNamespaceSchemaLocation="https://maven.apache.org/surefire/maven-failsafe-plugin/xsd/failsafe-test-report-3.0.xsd" version="3.0" name="CucumberTestSuite" time="87.69" tests="1" errors="1" skipped="0" failures="0">
  <properties>
    <property name="sun.desktop" value="windows"/>
    <property name="awt.toolkit" value="sun.awt.windows.WToolkit"/>
    <property name="java.specification.version" value="11"/>
    <property name="webdriver.chrome.driver" value="C:\Users\RICO\IdeaProjects\20-uitesting-serenity\src\test\resources\webdriver\chromedriver.exe"/>
    <property name="sun.cpu.isalist" value="amd64"/>
    <property name="sun.jnu.encoding" value="Cp1252"/>
    <property name="java.class.path" value="C:\Users\RICO\IdeaProjects\20-uitesting-serenity\target\test-classes;C:\Users\RICO\IdeaProjects\20-uitesting-serenity\target\20-uitesting-serenity-1.0-SNAPSHOT.jar;C:\Users\RICO\.m2\repository\net\serenity-bdd\serenity-core\3.2.1\serenity-core-3.2.1.jar;C:\Users\RICO\.m2\repository\net\serenity-bdd\serenity-model\3.2.1\serenity-model-3.2.1.jar;C:\Users\RICO\.m2\repository\org\apache\commons\commons-text\1.9\commons-text-1.9.jar;C:\Users\RICO\.m2\repository\commons-net\commons-net\3.8.0\commons-net-3.8.0.jar;C:\Users\RICO\.m2\repository\com\google\guava\guava\31.1-jre\guava-31.1-jre.jar;C:\Users\RICO\.m2\repository\com\google\guava\failureaccess\1.0.1\failureaccess-1.0.1.jar;C:\Users\RICO\.m2\repository\com\google\guava\listenablefuture\9999.0-empty-to-avoid-conflict-with-guava\listenablefuture-9999.0-empty-to-avoid-conflict-with-guava.jar;C:\Users\RICO\.m2\repository\com\google\code\findbugs\jsr305\3.0.2\jsr305-3.0.2.jar;C:\Users\RICO\.m2\repository\org\checkerframework\checker-qual\3.12.0\checker-qual-3.12.0.jar;C:\Users\RICO\.m2\repository\com\google\errorprone\error_prone_annotations\2.11.0\error_prone_annotations-2.11.0.jar;C:\Users\RICO\.m2\repository\com\google\j2objc\j2objc-annotations\1.3\j2objc-annotations-1.3.jar;C:\Users\RICO\.m2\repository\com\google\inject\guice\5.1.0\guice-5.1.0.jar;C:\Users\RICO\.m2\repository\javax\inject\javax.inject\1\javax.inject-1.jar;C:\Users\RICO\.m2\repository\aopalliance\aopalliance\1.0\aopalliance-1.0.jar;C:\Users\RICO\.m2\repository\org\jsoup\jsoup\1.14.3\jsoup-1.14.3.jar;C:\Users\RICO\.m2\repository\com\thoughtworks\xstream\xstream\1.4.19\xstream-1.4.19.jar;C:\Users\RICO\.m2\repository\io\github\x-stream\mxparser\1.2.2\mxparser-1.2.2.jar;C:\Users\RICO\.m2\repository\xmlpull\xmlpull\1.1.3.1\xmlpull-1.1.3.1.jar;C:\Users\RICO\.m2\repository\io\cucumber\cucumber-java\7.2.3\cucumber-java-7.2.3.jar;C:\Users\RICO\.m2\repository\com\typesafe\config\1.4.2\config-1.4.2.jar;C:\Users\RICO\.m2\repository\org\imgscalr\imgscalr-lib\4.2\imgscalr-lib-4.2.jar;C:\Users\RICO\.m2\repository\org\awaitility\awaitility\4.2.0\awaitility-4.2.0.jar;C:\Users\RICO\.m2\repository\org\freemarker\freemarker\2.3.31\freemarker-2.3.31.jar;C:\Users\RICO\.m2\repository\io\github\classgraph\classgraph\4.8.138\classgraph-4.8.138.jar;C:\Users\RICO\.m2\repository\net\sourceforge\jexcelapi\jxl\2.6.12\jxl-2.6.12.jar;C:\Users\RICO\.m2\repository\net\bytebuddy\byte-buddy\1.12.8\byte-buddy-1.12.8.jar;C:\Users\RICO\.m2\repository\net\bytebuddy\byte-buddy-agent\1.12.8\byte-buddy-agent-1.12.8.jar;C:\Users\RICO\.m2\repository\org\objenesis\objenesis\3.1\objenesis-3.1.jar;C:\Users\RICO\.m2\repository\net\serenity-bdd\serenity-reports\3.2.1\serenity-reports-3.2.1.jar;C:\Users\RICO\.m2\repository\net\serenity-bdd\serenity-stats\3.2.1\serenity-stats-3.2.1.jar;C:\Users\RICO\.m2\repository\net\serenity-bdd\serenity-reports-configuration\3.2.1\serenity-reports-configuration-3.2.1.jar;C:\Users\RICO\.m2\repository\com\vladsch\flexmark\flexmark-all\0.34.30\flexmark-all-0.34.30.jar;C:\Users\RICO\.m2\repository\com\vladsch\flexmark\flexmark\0.34.30\flexmark-0.34.30.jar;C:\Users\RICO\.m2\repository\com\vladsch\flexmark\flexmark-ext-abbreviation\0.34.30\flexmark-ext-abbreviation-0.34.30.jar;C:\Users\RICO\.m2\repository\com\vladsch\flexmark\flexmark-ext-admonition\0.34.30\flexmark-ext-admonition-0.34.30.jar;C:\Users\RICO\.m2\repository\com\vladsch\flexmark\flexmark-ext-anchorlink\0.34.30\flexmark-ext-anchorlink-0.34.30.jar;C:\Users\RICO\.m2\repository\com\vladsch\flexmark\flexmark-ext-aside\0.34.30\flexmark-ext-aside-0.34.30.jar;C:\Users\RICO\.m2\repository\com\vladsch\flexmark\flexmark-ext-attributes\0.34.30\flexmark-ext-attributes-0.34.30.jar;C:\Users\RICO\.m2\repository\com\vladsch\flexmark\flexmark-ext-autolink\0.34.30\flexmark-ext-autolink-0.34.30.jar;C:\Users\RICO\.m2\repository\org\nibor\autolink\autolink\0.6.0\autolink-0.6.0.jar;C:\Users\RICO\.m2\repository\com\vladsch\flexmark\flexmark-ext-definition\0.34.30\flexmark-ext-definition-0.34.30.jar;C:\Users\RICO\.m2\repository\com\vladsch\flexmark\flexmark-ext-emoji\0.34.30\flexmark-ext-emoji-0.34.30.jar;C:\Users\RICO\.m2\repository\com\vladsch\flexmark\flexmark-ext-enumerated-reference\0.34.30\flexmark-ext-enumerated-reference-0.34.30.jar;C:\Users\RICO\.m2\repository\com\vladsch\flexmark\flexmark-ext-escaped-character\0.34.30\flexmark-ext-escaped-character-0.34.30.jar;C:\Users\RICO\.m2\repository\com\vladsch\flexmark\flexmark-ext-footnotes\0.34.30\flexmark-ext-footnotes-0.34.30.jar;C:\Users\RICO\.m2\repository\com\vladsch\flexmark\flexmark-ext-gfm-issues\0.34.30\flexmark-ext-gfm-issues-0.34.30.jar;C:\Users\RICO\.m2\repository\com\vladsch\flexmark\flexmark-ext-gfm-strikethrough\0.34.30\flexmark-ext-gfm-strikethrough-0.34.30.jar;C:\Users\RICO\.m2\repository\com\vladsch\flexmark\flexmark-ext-gfm-tables\0.34.30\flexmark-ext-gfm-tables-0.34.30.jar;C:\Users\RICO\.m2\repository\com\vladsch\flexmark\flexmark-ext-gfm-tasklist\0.34.30\flexmark-ext-gfm-tasklist-0.34.30.jar;C:\Users\RICO\.m2\repository\com\vladsch\flexmark\flexmark-ext-gfm-users\0.34.30\flexmark-ext-gfm-users-0.34.30.jar;C:\Users\RICO\.m2\repository\com\vladsch\flexmark\flexmark-ext-gitlab\0.34.30\flexmark-ext-gitlab-0.34.30.jar;C:\Users\RICO\.m2\repository\com\vladsch\flexmark\flexmark-ext-jekyll-front-matter\0.34.30\flexmark-ext-jekyll-front-matter-0.34.30.jar;C:\Users\RICO\.m2\repository\com\vladsch\flexmark\flexmark-ext-jekyll-tag\0.34.30\flexmark-ext-jekyll-tag-0.34.30.jar;C:\Users\RICO\.m2\repository\com\vladsch\flexmark\flexmark-ext-media-tags\0.34.30\flexmark-ext-media-tags-0.34.30.jar;C:\Users\RICO\.m2\repository\com\vladsch\flexmark\flexmark-test-util\0.34.30\flexmark-test-util-0.34.30.jar;C:\Users\RICO\.m2\repository\com\vladsch\flexmark\flexmark-ext-ins\0.34.30\flexmark-ext-ins-0.34.30.jar;C:\Users\RICO\.m2\repository\com\vladsch\flexmark\flexmark-ext-xwiki-macros\0.34.30\flexmark-ext-xwiki-macros-0.34.30.jar;C:\Users\RICO\.m2\repository\com\vladsch\flexmark\flexmark-ext-superscript\0.34.30\flexmark-ext-superscript-0.34.30.jar;C:\Users\RICO\.m2\repository\com\vladsch\flexmark\flexmark-ext-tables\0.34.30\flexmark-ext-tables-0.34.30.jar;C:\Users\RICO\.m2\repository\com\vladsch\flexmark\flexmark-ext-toc\0.34.30\flexmark-ext-toc-0.34.30.jar;C:\Users\RICO\.m2\repository\com\vladsch\flexmark\flexmark-ext-typographic\0.34.30\flexmark-ext-typographic-0.34.30.jar;C:\Users\RICO\.m2\repository\com\vladsch\flexmark\flexmark-ext-wikilink\0.34.30\flexmark-ext-wikilink-0.34.30.jar;C:\Users\RICO\.m2\repository\com\vladsch\flexmark\flexmark-ext-yaml-front-matter\0.34.30\flexmark-ext-yaml-front-matter-0.34.30.jar;C:\Users\RICO\.m2\repository\com\vladsch\flexmark\flexmark-ext-youtube-embedded\0.34.30\flexmark-ext-youtube-embedded-0.34.30.jar;C:\Users\RICO\.m2\repository\com\vladsch\flexmark\flexmark-formatter\0.34.30\flexmark-formatter-0.34.30.jar;C:\Users\RICO\.m2\repository\com\vladsch\flexmark\flexmark-html-parser\0.34.30\flexmark-html-parser-0.34.30.jar;C:\Users\RICO\.m2\repository\com\vladsch\flexmark\flexmark-jira-converter\0.34.30\flexmark-jira-converter-0.34.30.jar;C:\Users\RICO\.m2\repository\com\vladsch\flexmark\flexmark-pdf-converter\0.34.30\flexmark-pdf-converter-0.34.30.jar;C:\Users\RICO\.m2\repository\com\openhtmltopdf\openhtmltopdf-core\0.0.1-RC13\openhtmltopdf-core-0.0.1-RC13.jar;C:\Users\RICO\.m2\repository\com\openhtmltopdf\openhtmltopdf-pdfbox\0.0.1-RC13\openhtmltopdf-pdfbox-0.0.1-RC13.jar;C:\Users\RICO\.m2\repository\org\apache\pdfbox\pdfbox\2.0.8\pdfbox-2.0.8.jar;C:\Users\RICO\.m2\repository\org\apache\pdfbox\fontbox\2.0.8\fontbox-2.0.8.jar;C:\Users\RICO\.m2\repository\commons-logging\commons-logging\1.2\commons-logging-1.2.jar;C:\Users\RICO\.m2\repository\org\apache\pdfbox\xmpbox\2.0.8\xmpbox-2.0.8.jar;C:\Users\RICO\.m2\repository\de\rototor\pdfbox\graphics2d\0.12\graphics2d-0.12.jar;C:\Users\RICO\.m2\repository\com\openhtmltopdf\openhtmltopdf-rtl-support\0.0.1-RC13\openhtmltopdf-rtl-support-0.0.1-RC13.jar;C:\Users\RICO\.m2\repository\com\ibm\icu\icu4j\59.1\icu4j-59.1.jar;C:\Users\RICO\.m2\repository\com\openhtmltopdf\openhtmltopdf-jsoup-dom-converter\0.0.1-RC13\openhtmltopdf-jsoup-dom-converter-0.0.1-RC13.jar;C:\Users\RICO\.m2\repository\com\vladsch\flexmark\flexmark-profile-pegdown\0.34.30\flexmark-profile-pegdown-0.34.30.jar;C:\Users\RICO\.m2\repository\com\vladsch\flexmark\flexmark-util\0.34.30\flexmark-util-0.34.30.jar;C:\Users\RICO\.m2\repository\com\vladsch\flexmark\flexmark-youtrack-converter\0.34.30\flexmark-youtrack-converter-0.34.30.jar;C:\Users\RICO\.m2\repository\es\nitaur\markdown\txtmark\0.16\txtmark-0.16.jar;C:\Users\RICO\.m2\repository\net\serenity-bdd\serenity-report-resources\3.2.1\serenity-report-resources-3.2.1.jar;C:\Users\RICO\.m2\repository\com\google\code\gson\gson\2.9.0\gson-2.9.0.jar;C:\Users\RICO\.m2\repository\com\fasterxml\jackson\core\jackson-core\2.13.2\jackson-core-2.13.2.jar;C:\Users\RICO\.m2\repository\com\fasterxml\jackson\core\jackson-databind\2.13.2\jackson-databind-2.13.2.jar;C:\Users\RICO\.m2\repository\com\fasterxml\jackson\core\jackson-annotations\2.13.2\jackson-annotations-2.13.2.jar;C:\Users\RICO\.m2\repository\commons-codec\commons-codec\1.15\commons-codec-1.15.jar;C:\Users\RICO\.m2\repository\commons-io\commons-io\2.11.0\commons-io-2.11.0.jar;C:\Users\RICO\.m2\repository\org\seleniumhq\selenium\selenium-java\4.1.2\selenium-java-4.1.2.jar;C:\Users\RICO\.m2\repository\org\seleniumhq\selenium\selenium-devtools-v85\4.1.2\selenium-devtools-v85-4.1.2.jar;C:\Users\RICO\.m2\repository\org\seleniumhq\selenium\selenium-devtools-v95\4.1.2\selenium-devtools-v95-4.1.2.jar;C:\Users\RICO\.m2\repository\org\seleniumhq\selenium\selenium-devtools-v96\4.1.2\selenium-devtools-v96-4.1.2.jar;C:\Users\RICO\.m2\repository\org\seleniumhq\selenium\selenium-devtools-v97\4.1.2\selenium-devtools-v97-4.1.2.jar;C:\Users\RICO\.m2\repository\org\seleniumhq\selenium\selenium-firefox-xpi-driver\4.1.2\selenium-firefox-xpi-driver-4.1.2.jar;C:\Users\RICO\.m2\repository\org\seleniumhq\selenium\selenium-opera-driver\4.1.2\selenium-opera-driver-4.1.2.jar;C:\Users\RICO\.m2\repository\org\seleniumhq\selenium\selenium-remote-driver\4.1.2\selenium-remote-driver-4.1.2.jar;C:\Users\RICO\.m2\repository\com\beust\jcommander\1.82\jcommander-1.82.jar;C:\Users\RICO\.m2\repository\io\netty\netty-buffer\4.1.73.Final\netty-buffer-4.1.73.Final.jar;C:\Users\RICO\.m2\repository\io\netty\netty-codec-http\4.1.73.Final\netty-codec-http-4.1.73.Final.jar;C:\Users\RICO\.m2\repository\io\netty\netty-codec\4.1.73.Final\netty-codec-4.1.73.Final.jar;C:\Users\RICO\.m2\repository\io\netty\netty-handler\4.1.73.Final\netty-handler-4.1.73.Final.jar;C:\Users\RICO\.m2\repository\io\netty\netty-tcnative-classes\2.0.46.Final\netty-tcnative-classes-2.0.46.Final.jar;C:\Users\RICO\.m2\repository\io\netty\netty-common\4.1.73.Final\netty-common-4.1.73.Final.jar;C:\Users\RICO\.m2\repository\io\netty\netty-transport-classes-epoll\4.1.73.Final\netty-transport-classes-epoll-4.1.73.Final.jar;C:\Users\RICO\.m2\repository\io\netty\netty-transport-classes-kqueue\4.1.73.Final\netty-transport-classes-kqueue-4.1.73.Final.jar;C:\Users\RICO\.m2\repository\io\netty\netty-transport-native-epoll\4.1.73.Final\netty-transport-native-epoll-4.1.73.Final.jar;C:\Users\RICO\.m2\repository\io\netty\netty-transport-native-kqueue\4.1.73.Final\netty-transport-native-kqueue-4.1.73.Final.jar;C:\Users\RICO\.m2\repository\io\netty\netty-transport-native-unix-common\4.1.73.Final\netty-transport-native-unix-common-4.1.73.Final.jar;C:\Users\RICO\.m2\repository\io\netty\netty-transport\4.1.73.Final\netty-transport-4.1.73.Final.jar;C:\Users\RICO\.m2\repository\io\netty\netty-resolver\4.1.73.Final\netty-resolver-4.1.73.Final.jar;C:\Users\RICO\.m2\repository\io\opentelemetry\opentelemetry-api\1.10.1\opentelemetry-api-1.10.1.jar;C:\Users\RICO\.m2\repository\io\opentelemetry\opentelemetry-context\1.10.1\opentelemetry-context-1.10.1.jar;C:\Users\RICO\.m2\repository\io\opentelemetry\opentelemetry-exporter-logging\1.10.1\opentelemetry-exporter-logging-1.10.1.jar;C:\Users\RICO\.m2\repository\io\opentelemetry\opentelemetry-sdk-metrics\1.10.1-alpha\opentelemetry-sdk-metrics-1.10.1-alpha.jar;C:\Users\RICO\.m2\repository\io\opentelemetry\opentelemetry-sdk-logs\1.10.1-alpha\opentelemetry-sdk-logs-1.10.1-alpha.jar;C:\Users\RICO\.m2\repository\io\opentelemetry\opentelemetry-sdk-common\1.10.1\opentelemetry-sdk-common-1.10.1.jar;C:\Users\RICO\.m2\repository\io\opentelemetry\opentelemetry-sdk-extension-autoconfigure-spi\1.10.1\opentelemetry-sdk-extension-autoconfigure-spi-1.10.1.jar;C:\Users\RICO\.m2\repository\io\opentelemetry\opentelemetry-sdk-extension-autoconfigure\1.10.1-alpha\opentelemetry-sdk-extension-autoconfigure-1.10.1-alpha.jar;C:\Users\RICO\.m2\repository\io\opentelemetry\opentelemetry-sdk-trace\1.10.1\opentelemetry-sdk-trace-1.10.1.jar;C:\Users\RICO\.m2\repository\io\opentelemetry\opentelemetry-sdk\1.10.1\opentelemetry-sdk-1.10.1.jar;C:\Users\RICO\.m2\repository\io\opentelemetry\opentelemetry-semconv\1.10.1-alpha\opentelemetry-semconv-1.10.1-alpha.jar;C:\Users\RICO\.m2\repository\io\ous\jtoml\2.0.0\jtoml-2.0.0.jar;C:\Users\RICO\.m2\repository\org\apache\commons\commons-exec\1.3\commons-exec-1.3.jar;C:\Users\RICO\.m2\repository\org\asynchttpclient\async-http-client\2.12.3\async-http-client-2.12.3.jar;C:\Users\RICO\.m2\repository\org\asynchttpclient\async-http-client-netty-utils\2.12.3\async-http-client-netty-utils-2.12.3.jar;C:\Users\RICO\.m2\repository\io\netty\netty-codec-socks\4.1.60.Final\netty-codec-socks-4.1.60.Final.jar;C:\Users\RICO\.m2\repository\io\netty\netty-handler-proxy\4.1.60.Final\netty-handler-proxy-4.1.60.Final.jar;C:\Users\RICO\.m2\repository\io\netty\netty-transport-native-epoll\4.1.60.Final\netty-transport-native-epoll-4.1.60.Final-linux-x86_64.jar;C:\Users\RICO\.m2\repository\io\netty\netty-transport-native-kqueue\4.1.60.Final\netty-transport-native-kqueue-4.1.60.Final-osx-x86_64.jar;C:\Users\RICO\.m2\repository\org\reactivestreams\reactive-streams\1.0.3\reactive-streams-1.0.3.jar;C:\Users\RICO\.m2\repository\com\typesafe\netty\netty-reactive-streams\2.0.4\netty-reactive-streams-2.0.4.jar;C:\Users\RICO\.m2\repository\org\seleniumhq\selenium\selenium-http\4.1.2\selenium-http-4.1.2.jar;C:\Users\RICO\.m2\repository\net\jodah\failsafe\2.4.4\failsafe-2.4.4.jar;C:\Users\RICO\.m2\repository\org\seleniumhq\selenium\selenium-safari-driver\4.1.2\selenium-safari-driver-4.1.2.jar;C:\Users\RICO\.m2\repository\org\seleniumhq\selenium\selenium-api\4.1.2\selenium-api-4.1.2.jar;C:\Users\RICO\.m2\repository\org\seleniumhq\selenium\selenium-support\4.1.2\selenium-support-4.1.2.jar;C:\Users\RICO\.m2\repository\com\google\auto\service\auto-service-annotations\1.0.1\auto-service-annotations-1.0.1.jar;C:\Users\RICO\.m2\repository\com\google\auto\service\auto-service\1.0.1\auto-service-1.0.1.jar;C:\Users\RICO\.m2\repository\com\google\auto\auto-common\1.2\auto-common-1.2.jar;C:\Users\RICO\.m2\repository\org\seleniumhq\selenium\selenium-json\4.1.2\selenium-json-4.1.2.jar;C:\Users\RICO\.m2\repository\org\seleniumhq\selenium\selenium-chrome-driver\4.1.2\selenium-chrome-driver-4.1.2.jar;C:\Users\RICO\.m2\repository\org\seleniumhq\selenium\selenium-chromium-driver\4.1.2\selenium-chromium-driver-4.1.2.jar;C:\Users\RICO\.m2\repository\org\seleniumhq\selenium\selenium-firefox-driver\4.1.2\selenium-firefox-driver-4.1.2.jar;C:\Users\RICO\.m2\repository\org\seleniumhq\selenium\selenium-edge-driver\4.1.2\selenium-edge-driver-4.1.2.jar;C:\Users\RICO\.m2\repository\org\seleniumhq\selenium\selenium-ie-driver\4.1.2\selenium-ie-driver-4.1.2.jar;C:\Users\RICO\.m2\repository\org\projectlombok\lombok\1.18.20\lombok-1.18.20.jar;C:\Users\RICO\.m2\repository\io\appium\java-client\8.0.0\java-client-8.0.0.jar;C:\Users\RICO\.m2\repository\commons-validator\commons-validator\1.7\commons-validator-1.7.jar;C:\Users\RICO\.m2\repository\commons-digester\commons-digester\2.1\commons-digester-2.1.jar;C:\Users\RICO\.m2\repository\org\aspectj\aspectjweaver\1.9.8\aspectjweaver-1.9.8.jar;C:\Users\RICO\.m2\repository\org\codehaus\groovy\groovy\3.0.10\groovy-3.0.10.jar;C:\Users\RICO\.m2\repository\net\sf\opencsv\opencsv\2.0\opencsv-2.0.jar;C:\Users\RICO\.m2\repository\commons-beanutils\commons-beanutils\1.9.4\commons-beanutils-1.9.4.jar;C:\Users\RICO\.m2\repository\org\apache\commons\commons-lang3\3.12.0\commons-lang3-3.12.0.jar;C:\Users\RICO\.m2\repository\commons-collections\commons-collections\3.2.2\commons-collections-3.2.2.jar;C:\Users\RICO\.m2\repository\org\fluentlenium\fluentlenium-core\0.10.2\fluentlenium-core-0.10.2.jar;C:\Users\RICO\.m2\repository\io\github\bonigarcia\webdrivermanager\5.1.0\webdrivermanager-5.1.0.jar;C:\Users\RICO\.m2\repository\com\github\docker-java\docker-java\3.2.13\docker-java-3.2.13.jar;C:\Users\RICO\.m2\repository\com\github\docker-java\docker-java-core\3.2.13\docker-java-core-3.2.13.jar;C:\Users\RICO\.m2\repository\com\github\docker-java\docker-java-api\3.2.13\docker-java-api-3.2.13.jar;C:\Users\RICO\.m2\repository\org\apache\commons\commons-compress\1.21\commons-compress-1.21.jar;C:\Users\RICO\.m2\repository\org\bouncycastle\bcpkix-jdk15on\1.64\bcpkix-jdk15on-1.64.jar;C:\Users\RICO\.m2\repository\org\bouncycastle\bcprov-jdk15on\1.64\bcprov-jdk15on-1.64.jar;C:\Users\RICO\.m2\repository\org\slf4j\jcl-over-slf4j\1.7.30\jcl-over-slf4j-1.7.30.jar;C:\Users\RICO\.m2\repository\com\github\docker-java\docker-java-transport-httpclient5\3.2.13\docker-java-transport-httpclient5-3.2.13.jar;C:\Users\RICO\.m2\repository\com\github\docker-java\docker-java-transport\3.2.13\docker-java-transport-3.2.13.jar;C:\Users\RICO\.m2\repository\org\apache\httpcomponents\client5\httpclient5\5.0.3\httpclient5-5.0.3.jar;C:\Users\RICO\.m2\repository\org\apache\httpcomponents\core5\httpcore5\5.0.2\httpcore5-5.0.2.jar;C:\Users\RICO\.m2\repository\net\java\dev\jna\jna\5.8.0\jna-5.8.0.jar;C:\Users\RICO\.m2\repository\org\brotli\dec\0.1.2\dec-0.1.2.jar;C:\Users\RICO\.m2\repository\com\jhlabs\filters\2.0.235\filters-2.0.235.jar;C:\Users\RICO\.m2\repository\com\paulhammant\ngwebdriver\1.1.6\ngwebdriver-1.1.6.jar;C:\Users\RICO\.m2\repository\joda-time\joda-time\2.8.2\joda-time-2.8.2.jar;C:\Users\RICO\.m2\repository\org\hamcrest\hamcrest\2.2\hamcrest-2.2.jar;C:\Users\RICO\.m2\repository\com\google\jimfs\jimfs\1.2\jimfs-1.2.jar;C:\Users\RICO\.m2\repository\org\mockito\mockito-core\3.3.3\mockito-core-3.3.3.jar;C:\Users\RICO\.m2\repository\javax\xml\bind\jaxb-api\2.3.1\jaxb-api-2.3.1.jar;C:\Users\RICO\.m2\repository\javax\activation\javax.activation-api\1.2.0\javax.activation-api-1.2.0.jar;C:\Users\RICO\.m2\repository\com\sun\xml\bind\jaxb-core\2.3.0.1\jaxb-core-2.3.0.1.jar;C:\Users\RICO\.m2\repository\com\sun\xml\bind\jaxb-impl\2.3.3\jaxb-impl-2.3.3.jar;C:\Users\RICO\.m2\repository\jakarta\xml\bind\jakarta.xml.bind-api\2.3.3\jakarta.xml.bind-api-2.3.3.jar;C:\Users\RICO\.m2\repository\com\sun\activation\jakarta.activation\1.2.2\jakarta.activation-1.2.2.jar;C:\Users\RICO\.m2\repository\javax\activation\activation\1.1.1\activation-1.1.1.jar;C:\Users\RICO\.m2\repository\net\serenity-bdd\serenity-cucumber\3.2.1\serenity-cucumber-3.2.1.jar;C:\Users\RICO\.m2\repository\io\cucumber\cucumber-core\7.2.3\cucumber-core-7.2.3.jar;C:\Users\RICO\.m2\repository\io\cucumber\cucumber-gherkin\7.2.3\cucumber-gherkin-7.2.3.jar;C:\Users\RICO\.m2\repository\io\cucumber\cucumber-gherkin-messages\7.2.3\cucumber-gherkin-messages-7.2.3.jar;C:\Users\RICO\.m2\repository\io\cucumber\messages\17.1.1\messages-17.1.1.jar;C:\Users\RICO\.m2\repository\io\cucumber\tag-expressions\4.1.0\tag-expressions-4.1.0.jar;C:\Users\RICO\.m2\repository\io\cucumber\cucumber-expressions\15.0.1\cucumber-expressions-15.0.1.jar;C:\Users\RICO\.m2\repository\io\cucumber\datatable\7.2.3\datatable-7.2.3.jar;C:\Users\RICO\.m2\repository\io\cucumber\cucumber-plugin\7.2.3\cucumber-plugin-7.2.3.jar;C:\Users\RICO\.m2\repository\io\cucumber\docstring\7.2.3\docstring-7.2.3.jar;C:\Users\RICO\.m2\repository\io\cucumber\html-formatter\17.0.0\html-formatter-17.0.0.jar;C:\Users\RICO\.m2\repository\io\cucumber\ci-environment\8.1.0\ci-environment-8.1.0.jar;C:\Users\RICO\.m2\repository\io\cucumber\cucumber-junit\7.2.3\cucumber-junit-7.2.3.jar;C:\Users\RICO\.m2\repository\org\apache\commons\commons-csv\1.5\commons-csv-1.5.jar;C:\Users\RICO\.m2\repository\net\serenity-bdd\serenity-screenplay\3.2.1\serenity-screenplay-3.2.1.jar;C:\Users\RICO\.m2\repository\net\serenity-bdd\serenity-screenplay-webdriver\3.2.1\serenity-screenplay-webdriver-3.2.1.jar;C:\Users\RICO\.m2\repository\net\serenity-bdd\serenity-ensure\3.2.1\serenity-ensure-3.2.1.jar;C:\Users\RICO\.m2\repository\net\serenity-bdd\serenity-junit\3.2.1\serenity-junit-3.2.1.jar;C:\Users\RICO\.m2\repository\org\jetbrains\kotlin\kotlin-stdlib\1.6.0\kotlin-stdlib-1.6.0.jar;C:\Users\RICO\.m2\repository\org\jetbrains\annotations\13.0\annotations-13.0.jar;C:\Users\RICO\.m2\repository\org\jetbrains\kotlin\kotlin-stdlib-common\1.6.0\kotlin-stdlib-common-1.6.0.jar;C:\Users\RICO\.m2\repository\org\junit\platform\junit-platform-launcher\1.8.2\junit-platform-launcher-1.8.2.jar;C:\Users\RICO\.m2\repository\org\junit\platform\junit-platform-engine\1.8.2\junit-platform-engine-1.8.2.jar;C:\Users\RICO\.m2\repository\org\opentest4j\opentest4j\1.2.0\opentest4j-1.2.0.jar;C:\Users\RICO\.m2\repository\org\junit\platform\junit-platform-commons\1.8.2\junit-platform-commons-1.8.2.jar;C:\Users\RICO\.m2\repository\org\apiguardian\apiguardian-api\1.1.2\apiguardian-api-1.1.2.jar;C:\Users\RICO\.m2\repository\org\junit\jupiter\junit-jupiter-engine\5.8.2\junit-jupiter-engine-5.8.2.jar;C:\Users\RICO\.m2\repository\org\junit\jupiter\junit-jupiter-api\5.8.2\junit-jupiter-api-5.8.2.jar;C:\Users\RICO\.m2\repository\org\junit\vintage\junit-vintage-engine\5.8.2\junit-vintage-engine-5.8.2.jar;C:\Users\RICO\.m2\repository\junit\junit\4.13.2\junit-4.13.2.jar;C:\Users\RICO\.m2\repository\org\hamcrest\hamcrest-core\1.3\hamcrest-core-1.3.jar;C:\Users\RICO\.m2\repository\ch\qos\logback\logback-classic\1.2.11\logback-classic-1.2.11.jar;C:\Users\RICO\.m2\repository\ch\qos\logback\logback-core\1.2.11\logback-core-1.2.11.jar;C:\Users\RICO\.m2\repository\org\slf4j\slf4j-api\1.7.32\slf4j-api-1.7.32.jar;C:\Users\RICO\.m2\repository\org\assertj\assertj-core\3.22.0\assertj-core-3.22.0.jar;"/>
    <property name="java.vm.vendor" value="Oracle Corporation"/>
    <property name="sun.arch.data.model" value="64"/>
    <property name="user.variant" value=""/>
    <property name="java.vendor.url" value="http://java.oracle.com/"/>
    <property name="user.timezone" value="Asia/Bangkok"/>
    <property name="log4j2.formatMsgNoLookups" value="true"/>
    <property name="java.vm.specification.version" value="11"/>
    <property name="os.name" value="Windows 10"/>
    <property name="sun.java.launcher" value="SUN_STANDARD"/>
    <property name="user.country" value="US"/>
    <property name="sun.boot.library.path" value="C:\Program Files\Java\jdk-11.0.2\bin"/>
    <property name="sun.java.command" value="C:\Users\RICO\AppData\Local\Temp\surefire10762179723020144874\surefirebooter3248891428673109067.jar C:\Users\RICO\AppData\Local\Temp\surefire10762179723020144874 2022-03-30T19-13-17_146-jvmRun1 surefire16192501296122897842tmp surefire_06726445637268342094tmp"/>
    <property name="jdk.debug" value="release"/>
    <property name="surefire.test.class.path" value="C:\Users\RICO\IdeaProjects\20-uitesting-serenity\target\test-classes;C:\Users\RICO\IdeaProjects\20-uitesting-serenity\target\20-uitesting-serenity-1.0-SNAPSHOT.jar;C:\Users\RICO\.m2\repository\net\serenity-bdd\serenity-core\3.2.1\serenity-core-3.2.1.jar;C:\Users\RICO\.m2\repository\net\serenity-bdd\serenity-model\3.2.1\serenity-model-3.2.1.jar;C:\Users\RICO\.m2\repository\org\apache\commons\commons-text\1.9\commons-text-1.9.jar;C:\Users\RICO\.m2\repository\commons-net\commons-net\3.8.0\commons-net-3.8.0.jar;C:\Users\RICO\.m2\repository\com\google\guava\guava\31.1-jre\guava-31.1-jre.jar;C:\Users\RICO\.m2\repository\com\google\guava\failureaccess\1.0.1\failureaccess-1.0.1.jar;C:\Users\RICO\.m2\repository\com\google\guava\listenablefuture\9999.0-empty-to-avoid-conflict-with-guava\listenablefuture-9999.0-empty-to-avoid-conflict-with-guava.jar;C:\Users\RICO\.m2\repository\com\google\code\findbugs\jsr305\3.0.2\jsr305-3.0.2.jar;C:\Users\RICO\.m2\repository\org\checkerframework\checker-qual\3.12.0\checker-qual-3.12.0.jar;C:\Users\RICO\.m2\repository\com\google\errorprone\error_prone_annotations\2.11.0\error_prone_annotations-2.11.0.jar;C:\Users\RICO\.m2\repository\com\google\j2objc\j2objc-annotations\1.3\j2objc-annotations-1.3.jar;C:\Users\RICO\.m2\repository\com\google\inject\guice\5.1.0\guice-5.1.0.jar;C:\Users\RICO\.m2\repository\javax\inject\javax.inject\1\javax.inject-1.jar;C:\Users\RICO\.m2\repository\aopalliance\aopalliance\1.0\aopalliance-1.0.jar;C:\Users\RICO\.m2\repository\org\jsoup\jsoup\1.14.3\jsoup-1.14.3.jar;C:\Users\RICO\.m2\repository\com\thoughtworks\xstream\xstream\1.4.19\xstream-1.4.19.jar;C:\Users\RICO\.m2\repository\io\github\x-stream\mxparser\1.2.2\mxparser-1.2.2.jar;C:\Users\RICO\.m2\repository\xmlpull\xmlpull\1.1.3.1\xmlpull-1.1.3.1.jar;C:\Users\RICO\.m2\repository\io\cucumber\cucumber-java\7.2.3\cucumber-java-7.2.3.jar;C:\Users\RICO\.m2\repository\com\typesafe\config\1.4.2\config-1.4.2.jar;C:\Users\RICO\.m2\repository\org\imgscalr\imgscalr-lib\4.2\imgscalr-lib-4.2.jar;C:\Users\RICO\.m2\repository\org\awaitility\awaitility\4.2.0\awaitility-4.2.0.jar;C:\Users\RICO\.m2\repository\org\freemarker\freemarker\2.3.31\freemarker-2.3.31.jar;C:\Users\RICO\.m2\repository\io\github\classgraph\classgraph\4.8.138\classgraph-4.8.138.jar;C:\Users\RICO\.m2\repository\net\sourceforge\jexcelapi\jxl\2.6.12\jxl-2.6.12.jar;C:\Users\RICO\.m2\repository\net\bytebuddy\byte-buddy\1.12.8\byte-buddy-1.12.8.jar;C:\Users\RICO\.m2\repository\net\bytebuddy\byte-buddy-agent\1.12.8\byte-buddy-agent-1.12.8.jar;C:\Users\RICO\.m2\repository\org\objenesis\objenesis\3.1\objenesis-3.1.jar;C:\Users\RICO\.m2\repository\net\serenity-bdd\serenity-reports\3.2.1\serenity-reports-3.2.1.jar;C:\Users\RICO\.m2\repository\net\serenity-bdd\serenity-stats\3.2.1\serenity-stats-3.2.1.jar;C:\Users\RICO\.m2\repository\net\serenity-bdd\serenity-reports-configuration\3.2.1\serenity-reports-configuration-3.2.1.jar;C:\Users\RICO\.m2\repository\com\vladsch\flexmark\flexmark-all\0.34.30\flexmark-all-0.34.30.jar;C:\Users\RICO\.m2\repository\com\vladsch\flexmark\flexmark\0.34.30\flexmark-0.34.30.jar;C:\Users\RICO\.m2\repository\com\vladsch\flexmark\flexmark-ext-abbreviation\0.34.30\flexmark-ext-abbreviation-0.34.30.jar;C:\Users\RICO\.m2\repository\com\vladsch\flexmark\flexmark-ext-admonition\0.34.30\flexmark-ext-admonition-0.34.30.jar;C:\Users\RICO\.m2\repository\com\vladsch\flexmark\flexmark-ext-anchorlink\0.34.30\flexmark-ext-anchorlink-0.34.30.jar;C:\Users\RICO\.m2\repository\com\vladsch\flexmark\flexmark-ext-aside\0.34.30\flexmark-ext-aside-0.34.30.jar;C:\Users\RICO\.m2\repository\com\vladsch\flexmark\flexmark-ext-attributes\0.34.30\flexmark-ext-attributes-0.34.30.jar;C:\Users\RICO\.m2\repository\com\vladsch\flexmark\flexmark-ext-autolink\0.34.30\flexmark-ext-autolink-0.34.30.jar;C:\Users\RICO\.m2\repository\org\nibor\autolink\autolink\0.6.0\autolink-0.6.0.jar;C:\Users\RICO\.m2\repository\com\vladsch\flexmark\flexmark-ext-definition\0.34.30\flexmark-ext-definition-0.34.30.jar;C:\Users\RICO\.m2\repository\com\vladsch\flexmark\flexmark-ext-emoji\0.34.30\flexmark-ext-emoji-0.34.30.jar;C:\Users\RICO\.m2\repository\com\vladsch\flexmark\flexmark-ext-enumerated-reference\0.34.30\flexmark-ext-enumerated-reference-0.34.30.jar;C:\Users\RICO\.m2\repository\com\vladsch\flexmark\flexmark-ext-escaped-character\0.34.30\flexmark-ext-escaped-character-0.34.30.jar;C:\Users\RICO\.m2\repository\com\vladsch\flexmark\flexmark-ext-footnotes\0.34.30\flexmark-ext-footnotes-0.34.30.jar;C:\Users\RICO\.m2\repository\com\vladsch\flexmark\flexmark-ext-gfm-issues\0.34.30\flexmark-ext-gfm-issues-0.34.30.jar;C:\Users\RICO\.m2\repository\com\vladsch\flexmark\flexmark-ext-gfm-strikethrough\0.34.30\flexmark-ext-gfm-strikethrough-0.34.30.jar;C:\Users\RICO\.m2\repository\com\vladsch\flexmark\flexmark-ext-gfm-tables\0.34.30\flexmark-ext-gfm-tables-0.34.30.jar;C:\Users\RICO\.m2\repository\com\vladsch\flexmark\flexmark-ext-gfm-tasklist\0.34.30\flexmark-ext-gfm-tasklist-0.34.30.jar;C:\Users\RICO\.m2\repository\com\vladsch\flexmark\flexmark-ext-gfm-users\0.34.30\flexmark-ext-gfm-users-0.34.30.jar;C:\Users\RICO\.m2\repository\com\vladsch\flexmark\flexmark-ext-gitlab\0.34.30\flexmark-ext-gitlab-0.34.30.jar;C:\Users\RICO\.m2\repository\com\vladsch\flexmark\flexmark-ext-jekyll-front-matter\0.34.30\flexmark-ext-jekyll-front-matter-0.34.30.jar;C:\Users\RICO\.m2\repository\com\vladsch\flexmark\flexmark-ext-jekyll-tag\0.34.30\flexmark-ext-jekyll-tag-0.34.30.jar;C:\Users\RICO\.m2\repository\com\vladsch\flexmark\flexmark-ext-media-tags\0.34.30\flexmark-ext-media-tags-0.34.30.jar;C:\Users\RICO\.m2\repository\com\vladsch\flexmark\flexmark-test-util\0.34.30\flexmark-test-util-0.34.30.jar;C:\Users\RICO\.m2\repository\com\vladsch\flexmark\flexmark-ext-ins\0.34.30\flexmark-ext-ins-0.34.30.jar;C:\Users\RICO\.m2\repository\com\vladsch\flexmark\flexmark-ext-xwiki-macros\0.34.30\flexmark-ext-xwiki-macros-0.34.30.jar;C:\Users\RICO\.m2\repository\com\vladsch\flexmark\flexmark-ext-superscript\0.34.30\flexmark-ext-superscript-0.34.30.jar;C:\Users\RICO\.m2\repository\com\vladsch\flexmark\flexmark-ext-tables\0.34.30\flexmark-ext-tables-0.34.30.jar;C:\Users\RICO\.m2\repository\com\vladsch\flexmark\flexmark-ext-toc\0.34.30\flexmark-ext-toc-0.34.30.jar;C:\Users\RICO\.m2\repository\com\vladsch\flexmark\flexmark-ext-typographic\0.34.30\flexmark-ext-typographic-0.34.30.jar;C:\Users\RICO\.m2\repository\com\vladsch\flexmark\flexmark-ext-wikilink\0.34.30\flexmark-ext-wikilink-0.34.30.jar;C:\Users\RICO\.m2\repository\com\vladsch\flexmark\flexmark-ext-yaml-front-matter\0.34.30\flexmark-ext-yaml-front-matter-0.34.30.jar;C:\Users\RICO\.m2\repository\com\vladsch\flexmark\flexmark-ext-youtube-embedded\0.34.30\flexmark-ext-youtube-embedded-0.34.30.jar;C:\Users\RICO\.m2\repository\com\vladsch\flexmark\flexmark-formatter\0.34.30\flexmark-formatter-0.34.30.jar;C:\Users\RICO\.m2\repository\com\vladsch\flexmark\flexmark-html-parser\0.34.30\flexmark-html-parser-0.34.30.jar;C:\Users\RICO\.m2\repository\com\vladsch\flexmark\flexmark-jira-converter\0.34.30\flexmark-jira-converter-0.34.30.jar;C:\Users\RICO\.m2\repository\com\vladsch\flexmark\flexmark-pdf-converter\0.34.30\flexmark-pdf-converter-0.34.30.jar;C:\Users\RICO\.m2\repository\com\openhtmltopdf\openhtmltopdf-core\0.0.1-RC13\openhtmltopdf-core-0.0.1-RC13.jar;C:\Users\RICO\.m2\repository\com\openhtmltopdf\openhtmltopdf-pdfbox\0.0.1-RC13\openhtmltopdf-pdfbox-0.0.1-RC13.jar;C:\Users\RICO\.m2\repository\org\apache\pdfbox\pdfbox\2.0.8\pdfbox-2.0.8.jar;C:\Users\RICO\.m2\repository\org\apache\pdfbox\fontbox\2.0.8\fontbox-2.0.8.jar;C:\Users\RICO\.m2\repository\commons-logging\commons-logging\1.2\commons-logging-1.2.jar;C:\Users\RICO\.m2\repository\org\apache\pdfbox\xmpbox\2.0.8\xmpbox-2.0.8.jar;C:\Users\RICO\.m2\repository\de\rototor\pdfbox\graphics2d\0.12\graphics2d-0.12.jar;C:\Users\RICO\.m2\repository\com\openhtmltopdf\openhtmltopdf-rtl-support\0.0.1-RC13\openhtmltopdf-rtl-support-0.0.1-RC13.jar;C:\Users\RICO\.m2\repository\com\ibm\icu\icu4j\59.1\icu4j-59.1.jar;C:\Users\RICO\.m2\repository\com\openhtmltopdf\openhtmltopdf-jsoup-dom-converter\0.0.1-RC13\openhtmltopdf-jsoup-dom-converter-0.0.1-RC13.jar;C:\Users\RICO\.m2\repository\com\vladsch\flexmark\flexmark-profile-pegdown\0.34.30\flexmark-profile-pegdown-0.34.30.jar;C:\Users\RICO\.m2\repository\com\vladsch\flexmark\flexmark-util\0.34.30\flexmark-util-0.34.30.jar;C:\Users\RICO\.m2\repository\com\vladsch\flexmark\flexmark-youtrack-converter\0.34.30\flexmark-youtrack-converter-0.34.30.jar;C:\Users\RICO\.m2\repository\es\nitaur\markdown\txtmark\0.16\txtmark-0.16.jar;C:\Users\RICO\.m2\repository\net\serenity-bdd\serenity-report-resources\3.2.1\serenity-report-resources-3.2.1.jar;C:\Users\RICO\.m2\repository\com\google\code\gson\gson\2.9.0\gson-2.9.0.jar;C:\Users\RICO\.m2\repository\com\fasterxml\jackson\core\jackson-core\2.13.2\jackson-core-2.13.2.jar;C:\Users\RICO\.m2\repository\com\fasterxml\jackson\core\jackson-databind\2.13.2\jackson-databind-2.13.2.jar;C:\Users\RICO\.m2\repository\com\fasterxml\jackson\core\jackson-annotations\2.13.2\jackson-annotations-2.13.2.jar;C:\Users\RICO\.m2\repository\commons-codec\commons-codec\1.15\commons-codec-1.15.jar;C:\Users\RICO\.m2\repository\commons-io\commons-io\2.11.0\commons-io-2.11.0.jar;C:\Users\RICO\.m2\repository\org\seleniumhq\selenium\selenium-java\4.1.2\selenium-java-4.1.2.jar;C:\Users\RICO\.m2\repository\org\seleniumhq\selenium\selenium-devtools-v85\4.1.2\selenium-devtools-v85-4.1.2.jar;C:\Users\RICO\.m2\repository\org\seleniumhq\selenium\selenium-devtools-v95\4.1.2\selenium-devtools-v95-4.1.2.jar;C:\Users\RICO\.m2\repository\org\seleniumhq\selenium\selenium-devtools-v96\4.1.2\selenium-devtools-v96-4.1.2.jar;C:\Users\RICO\.m2\repository\org\seleniumhq\selenium\selenium-devtools-v97\4.1.2\selenium-devtools-v97-4.1.2.jar;C:\Users\RICO\.m2\repository\org\seleniumhq\selenium\selenium-firefox-xpi-driver\4.1.2\selenium-firefox-xpi-driver-4.1.2.jar;C:\Users\RICO\.m2\repository\org\seleniumhq\selenium\selenium-opera-driver\4.1.2\selenium-opera-driver-4.1.2.jar;C:\Users\RICO\.m2\repository\org\seleniumhq\selenium\selenium-remote-driver\4.1.2\selenium-remote-driver-4.1.2.jar;C:\Users\RICO\.m2\repository\com\beust\jcommander\1.82\jcommander-1.82.jar;C:\Users\RICO\.m2\repository\io\netty\netty-buffer\4.1.73.Final\netty-buffer-4.1.73.Final.jar;C:\Users\RICO\.m2\repository\io\netty\netty-codec-http\4.1.73.Final\netty-codec-http-4.1.73.Final.jar;C:\Users\RICO\.m2\repository\io\netty\netty-codec\4.1.73.Final\netty-codec-4.1.73.Final.jar;C:\Users\RICO\.m2\repository\io\netty\netty-handler\4.1.73.Final\netty-handler-4.1.73.Final.jar;C:\Users\RICO\.m2\repository\io\netty\netty-tcnative-classes\2.0.46.Final\netty-tcnative-classes-2.0.46.Final.jar;C:\Users\RICO\.m2\repository\io\netty\netty-common\4.1.73.Final\netty-common-4.1.73.Final.jar;C:\Users\RICO\.m2\repository\io\netty\netty-transport-classes-epoll\4.1.73.Final\netty-transport-classes-epoll-4.1.73.Final.jar;C:\Users\RICO\.m2\repository\io\netty\netty-transport-classes-kqueue\4.1.73.Final\netty-transport-classes-kqueue-4.1.73.Final.jar;C:\Users\RICO\.m2\repository\io\netty\netty-transport-native-epoll\4.1.73.Final\netty-transport-native-epoll-4.1.73.Final.jar;C:\Users\RICO\.m2\repository\io\netty\netty-transport-native-kqueue\4.1.73.Final\netty-transport-native-kqueue-4.1.73.Final.jar;C:\Users\RICO\.m2\repository\io\netty\netty-transport-native-unix-common\4.1.73.Final\netty-transport-native-unix-common-4.1.73.Final.jar;C:\Users\RICO\.m2\repository\io\netty\netty-transport\4.1.73.Final\netty-transport-4.1.73.Final.jar;C:\Users\RICO\.m2\repository\io\netty\netty-resolver\4.1.73.Final\netty-resolver-4.1.73.Final.jar;C:\Users\RICO\.m2\repository\io\opentelemetry\opentelemetry-api\1.10.1\opentelemetry-api-1.10.1.jar;C:\Users\RICO\.m2\repository\io\opentelemetry\opentelemetry-context\1.10.1\opentelemetry-context-1.10.1.jar;C:\Users\RICO\.m2\repository\io\opentelemetry\opentelemetry-exporter-logging\1.10.1\opentelemetry-exporter-logging-1.10.1.jar;C:\Users\RICO\.m2\repository\io\opentelemetry\opentelemetry-sdk-metrics\1.10.1-alpha\opentelemetry-sdk-metrics-1.10.1-alpha.jar;C:\Users\RICO\.m2\repository\io\opentelemetry\opentelemetry-sdk-logs\1.10.1-alpha\opentelemetry-sdk-logs-1.10.1-alpha.jar;C:\Users\RICO\.m2\repository\io\opentelemetry\opentelemetry-sdk-common\1.10.1\opentelemetry-sdk-common-1.10.1.jar;C:\Users\RICO\.m2\repository\io\opentelemetry\opentelemetry-sdk-extension-autoconfigure-spi\1.10.1\opentelemetry-sdk-extension-autoconfigure-spi-1.10.1.jar;C:\Users\RICO\.m2\repository\io\opentelemetry\opentelemetry-sdk-extension-autoconfigure\1.10.1-alpha\opentelemetry-sdk-extension-autoconfigure-1.10.1-alpha.jar;C:\Users\RICO\.m2\repository\io\opentelemetry\opentelemetry-sdk-trace\1.10.1\opentelemetry-sdk-trace-1.10.1.jar;C:\Users\RICO\.m2\repository\io\opentelemetry\opentelemetry-sdk\1.10.1\opentelemetry-sdk-1.10.1.jar;C:\Users\RICO\.m2\repository\io\opentelemetry\opentelemetry-semconv\1.10.1-alpha\opentelemetry-semconv-1.10.1-alpha.jar;C:\Users\RICO\.m2\repository\io\ous\jtoml\2.0.0\jtoml-2.0.0.jar;C:\Users\RICO\.m2\repository\org\apache\commons\commons-exec\1.3\commons-exec-1.3.jar;C:\Users\RICO\.m2\repository\org\asynchttpclient\async-http-client\2.12.3\async-http-client-2.12.3.jar;C:\Users\RICO\.m2\repository\org\asynchttpclient\async-http-client-netty-utils\2.12.3\async-http-client-netty-utils-2.12.3.jar;C:\Users\RICO\.m2\repository\io\netty\netty-codec-socks\4.1.60.Final\netty-codec-socks-4.1.60.Final.jar;C:\Users\RICO\.m2\repository\io\netty\netty-handler-proxy\4.1.60.Final\netty-handler-proxy-4.1.60.Final.jar;C:\Users\RICO\.m2\repository\io\netty\netty-transport-native-epoll\4.1.60.Final\netty-transport-native-epoll-4.1.60.Final-linux-x86_64.jar;C:\Users\RICO\.m2\repository\io\netty\netty-transport-native-kqueue\4.1.60.Final\netty-transport-native-kqueue-4.1.60.Final-osx-x86_64.jar;C:\Users\RICO\.m2\repository\org\reactivestreams\reactive-streams\1.0.3\reactive-streams-1.0.3.jar;C:\Users\RICO\.m2\repository\com\typesafe\netty\netty-reactive-streams\2.0.4\netty-reactive-streams-2.0.4.jar;C:\Users\RICO\.m2\repository\org\seleniumhq\selenium\selenium-http\4.1.2\selenium-http-4.1.2.jar;C:\Users\RICO\.m2\repository\net\jodah\failsafe\2.4.4\failsafe-2.4.4.jar;C:\Users\RICO\.m2\repository\org\seleniumhq\selenium\selenium-safari-driver\4.1.2\selenium-safari-driver-4.1.2.jar;C:\Users\RICO\.m2\repository\org\seleniumhq\selenium\selenium-api\4.1.2\selenium-api-4.1.2.jar;C:\Users\RICO\.m2\repository\org\seleniumhq\selenium\selenium-support\4.1.2\selenium-support-4.1.2.jar;C:\Users\RICO\.m2\repository\com\google\auto\service\auto-service-annotations\1.0.1\auto-service-annotations-1.0.1.jar;C:\Users\RICO\.m2\repository\com\google\auto\service\auto-service\1.0.1\auto-service-1.0.1.jar;C:\Users\RICO\.m2\repository\com\google\auto\auto-common\1.2\auto-common-1.2.jar;C:\Users\RICO\.m2\repository\org\seleniumhq\selenium\selenium-json\4.1.2\selenium-json-4.1.2.jar;C:\Users\RICO\.m2\repository\org\seleniumhq\selenium\selenium-chrome-driver\4.1.2\selenium-chrome-driver-4.1.2.jar;C:\Users\RICO\.m2\repository\org\seleniumhq\selenium\selenium-chromium-driver\4.1.2\selenium-chromium-driver-4.1.2.jar;C:\Users\RICO\.m2\repository\org\seleniumhq\selenium\selenium-firefox-driver\4.1.2\selenium-firefox-driver-4.1.2.jar;C:\Users\RICO\.m2\repository\org\seleniumhq\selenium\selenium-edge-driver\4.1.2\selenium-edge-driver-4.1.2.jar;C:\Users\RICO\.m2\repository\org\seleniumhq\selenium\selenium-ie-driver\4.1.2\selenium-ie-driver-4.1.2.jar;C:\Users\RICO\.m2\repository\org\projectlombok\lombok\1.18.20\lombok-1.18.20.jar;C:\Users\RICO\.m2\repository\io\appium\java-client\8.0.0\java-client-8.0.0.jar;C:\Users\RICO\.m2\repository\commons-validator\commons-validator\1.7\commons-validator-1.7.jar;C:\Users\RICO\.m2\repository\commons-digester\commons-digester\2.1\commons-digester-2.1.jar;C:\Users\RICO\.m2\repository\org\aspectj\aspectjweaver\1.9.8\aspectjweaver-1.9.8.jar;C:\Users\RICO\.m2\repository\org\codehaus\groovy\groovy\3.0.10\groovy-3.0.10.jar;C:\Users\RICO\.m2\repository\net\sf\opencsv\opencsv\2.0\opencsv-2.0.jar;C:\Users\RICO\.m2\repository\commons-beanutils\commons-beanutils\1.9.4\commons-beanutils-1.9.4.jar;C:\Users\RICO\.m2\repository\org\apache\commons\commons-lang3\3.12.0\commons-lang3-3.12.0.jar;C:\Users\RICO\.m2\repository\commons-collections\commons-collections\3.2.2\commons-collections-3.2.2.jar;C:\Users\RICO\.m2\repository\org\fluentlenium\fluentlenium-core\0.10.2\fluentlenium-core-0.10.2.jar;C:\Users\RICO\.m2\repository\io\github\bonigarcia\webdrivermanager\5.1.0\webdrivermanager-5.1.0.jar;C:\Users\RICO\.m2\repository\com\github\docker-java\docker-java\3.2.13\docker-java-3.2.13.jar;C:\Users\RICO\.m2\repository\com\github\docker-java\docker-java-core\3.2.13\docker-java-core-3.2.13.jar;C:\Users\RICO\.m2\repository\com\github\docker-java\docker-java-api\3.2.13\docker-java-api-3.2.13.jar;C:\Users\RICO\.m2\repository\org\apache\commons\commons-compress\1.21\commons-compress-1.21.jar;C:\Users\RICO\.m2\repository\org\bouncycastle\bcpkix-jdk15on\1.64\bcpkix-jdk15on-1.64.jar;C:\Users\RICO\.m2\repository\org\bouncycastle\bcprov-jdk15on\1.64\bcprov-jdk15on-1.64.jar;C:\Users\RICO\.m2\repository\org\slf4j\jcl-over-slf4j\1.7.30\jcl-over-slf4j-1.7.30.jar;C:\Users\RICO\.m2\repository\com\github\docker-java\docker-java-transport-httpclient5\3.2.13\docker-java-transport-httpclient5-3.2.13.jar;C:\Users\RICO\.m2\repository\com\github\docker-java\docker-java-transport\3.2.13\docker-java-transport-3.2.13.jar;C:\Users\RICO\.m2\repository\org\apache\httpcomponents\client5\httpclient5\5.0.3\httpclient5-5.0.3.jar;C:\Users\RICO\.m2\repository\org\apache\httpcomponents\core5\httpcore5\5.0.2\httpcore5-5.0.2.jar;C:\Users\RICO\.m2\repository\net\java\dev\jna\jna\5.8.0\jna-5.8.0.jar;C:\Users\RICO\.m2\repository\org\brotli\dec\0.1.2\dec-0.1.2.jar;C:\Users\RICO\.m2\repository\com\jhlabs\filters\2.0.235\filters-2.0.235.jar;C:\Users\RICO\.m2\repository\com\paulhammant\ngwebdriver\1.1.6\ngwebdriver-1.1.6.jar;C:\Users\RICO\.m2\repository\joda-time\joda-time\2.8.2\joda-time-2.8.2.jar;C:\Users\RICO\.m2\repository\org\hamcrest\hamcrest\2.2\hamcrest-2.2.jar;C:\Users\RICO\.m2\repository\com\google\jimfs\jimfs\1.2\jimfs-1.2.jar;C:\Users\RICO\.m2\repository\org\mockito\mockito-core\3.3.3\mockito-core-3.3.3.jar;C:\Users\RICO\.m2\repository\javax\xml\bind\jaxb-api\2.3.1\jaxb-api-2.3.1.jar;C:\Users\RICO\.m2\repository\javax\activation\javax.activation-api\1.2.0\javax.activation-api-1.2.0.jar;C:\Users\RICO\.m2\repository\com\sun\xml\bind\jaxb-core\2.3.0.1\jaxb-core-2.3.0.1.jar;C:\Users\RICO\.m2\repository\com\sun\xml\bind\jaxb-impl\2.3.3\jaxb-impl-2.3.3.jar;C:\Users\RICO\.m2\repository\jakarta\xml\bind\jakarta.xml.bind-api\2.3.3\jakarta.xml.bind-api-2.3.3.jar;C:\Users\RICO\.m2\repository\com\sun\activation\jakarta.activation\1.2.2\jakarta.activation-1.2.2.jar;C:\Users\RICO\.m2\repository\javax\activation\activation\1.1.1\activation-1.1.1.jar;C:\Users\RICO\.m2\repository\net\serenity-bdd\serenity-cucumber\3.2.1\serenity-cucumber-3.2.1.jar;C:\Users\RICO\.m2\repository\io\cucumber\cucumber-core\7.2.3\cucumber-core-7.2.3.jar;C:\Users\RICO\.m2\repository\io\cucumber\cucumber-gherkin\7.2.3\cucumber-gherkin-7.2.3.jar;C:\Users\RICO\.m2\repository\io\cucumber\cucumber-gherkin-messages\7.2.3\cucumber-gherkin-messages-7.2.3.jar;C:\Users\RICO\.m2\repository\io\cucumber\messages\17.1.1\messages-17.1.1.jar;C:\Users\RICO\.m2\repository\io\cucumber\tag-expressions\4.1.0\tag-expressions-4.1.0.jar;C:\Users\RICO\.m2\repository\io\cucumber\cucumber-expressions\15.0.1\cucumber-expressions-15.0.1.jar;C:\Users\RICO\.m2\repository\io\cucumber\datatable\7.2.3\datatable-7.2.3.jar;C:\Users\RICO\.m2\repository\io\cucumber\cucumber-plugin\7.2.3\cucumber-plugin-7.2.3.jar;C:\Users\RICO\.m2\repository\io\cucumber\docstring\7.2.3\docstring-7.2.3.jar;C:\Users\RICO\.m2\repository\io\cucumber\html-formatter\17.0.0\html-formatter-17.0.0.jar;C:\Users\RICO\.m2\repository\io\cucumber\ci-environment\8.1.0\ci-environment-8.1.0.jar;C:\Users\RICO\.m2\repository\io\cucumber\cucumber-junit\7.2.3\cucumber-junit-7.2.3.jar;C:\Users\RICO\.m2\repository\org\apache\commons\commons-csv\1.5\commons-csv-1.5.jar;C:\Users\RICO\.m2\repository\net\serenity-bdd\serenity-screenplay\3.2.1\serenity-screenplay-3.2.1.jar;C:\Users\RICO\.m2\repository\net\serenity-bdd\serenity-screenplay-webdriver\3.2.1\serenity-screenplay-webdriver-3.2.1.jar;C:\Users\RICO\.m2\repository\net\serenity-bdd\serenity-ensure\3.2.1\serenity-ensure-3.2.1.jar;C:\Users\RICO\.m2\repository\net\serenity-bdd\serenity-junit\3.2.1\serenity-junit-3.2.1.jar;C:\Users\RICO\.m2\repository\org\jetbrains\kotlin\kotlin-stdlib\1.6.0\kotlin-stdlib-1.6.0.jar;C:\Users\RICO\.m2\repository\org\jetbrains\annotations\13.0\annotations-13.0.jar;C:\Users\RICO\.m2\repository\org\jetbrains\kotlin\kotlin-stdlib-common\1.6.0\kotlin-stdlib-common-1.6.0.jar;C:\Users\RICO\.m2\repository\org\junit\platform\junit-platform-launcher\1.8.2\junit-platform-launcher-1.8.2.jar;C:\Users\RICO\.m2\repository\org\junit\platform\junit-platform-engine\1.8.2\junit-platform-engine-1.8.2.jar;C:\Users\RICO\.m2\repository\org\opentest4j\opentest4j\1.2.0\opentest4j-1.2.0.jar;C:\Users\RICO\.m2\repository\org\junit\platform\junit-platform-commons\1.8.2\junit-platform-commons-1.8.2.jar;C:\Users\RICO\.m2\repository\org\apiguardian\apiguardian-api\1.1.2\apiguardian-api-1.1.2.jar;C:\Users\RICO\.m2\repository\org\junit\jupiter\junit-jupiter-engine\5.8.2\junit-jupiter-engine-5.8.2.jar;C:\Users\RICO\.m2\repository\org\junit\jupiter\junit-jupiter-api\5.8.2\junit-jupiter-api-5.8.2.jar;C:\Users\RICO\.m2\repository\org\junit\vintage\junit-vintage-engine\5.8.2\junit-vintage-engine-5.8.2.jar;C:\Users\RICO\.m2\repository\junit\junit\4.13.2\junit-4.13.2.jar;C:\Users\RICO\.m2\repository\org\hamcrest\hamcrest-core\1.3\hamcrest-core-1.3.jar;C:\Users\RICO\.m2\repository\ch\qos\logback\logback-classic\1.2.11\logback-classic-1.2.11.jar;C:\Users\RICO\.m2\repository\ch\qos\logback\logback-core\1.2.11\logback-core-1.2.11.jar;C:\Users\RICO\.m2\repository\org\slf4j\slf4j-api\1.7.32\slf4j-api-1.7.32.jar;C:\Users\RICO\.m2\repository\org\assertj\assertj-core\3.22.0\assertj-core-3.22.0.jar;"/>
    <property name="sun.cpu.endian" value="little"/>
    <property name="user.home" value="C:\Users\RICO"/>
    <property name="user.language" value="en"/>
    <property name="java.specification.vendor" value="Oracle Corporation"/>
    <property name="java.version.date" value="2019-01-15"/>
    <property name="java.home" value="C:\Program Files\Java\jdk-11.0.2"/>
    <property name="file.separator" value="\"/>
    <property name="basedir" value="C:\Users\RICO\IdeaProjects\20-uitesting-serenity"/>
    <property name="java.vm.compressedOopsMode" value="Zero based"/>
    <property name="line.separator" value="&#10;"/>
    <property name="java.specification.name" value="Java Platform API Specification"/>
    <property name="java.vm.specification.vendor" value="Oracle Corporation"/>
    <property name="java.awt.graphicsenv" value="sun.awt.Win32GraphicsEnvironment"/>
    <property name="surefire.real.class.path" value="C:\Users\RICO\AppData\Local\Temp\surefire10762179723020144874\surefirebooter3248891428673109067.jar"/>
    <property name="user.script" value=""/>
    <property name="java.protocol.handler.pkgs" value="com.google.common"/>
    <property name="sun.management.compiler" value="HotSpot 64-Bit Tiered Compilers"/>
    <property name="java.runtime.version" value="11.0.2+9"/>
    <property name="user.name" value="Riko Sahetapi"/>
    <property name="path.separator" value=";"/>
    <property name="os.version" value="10.0"/>
    <property name="java.runtime.name" value="OpenJDK Runtime Environment"/>
    <property name="file.encoding" value="Cp1252"/>
    <property name="webdriver.base.url" value=""/>
    <property name="java.vm.name" value="OpenJDK 64-Bit Server VM"/>
    <property name="java.vendor.version" value="18.9"/>
    <property name="localRepository" value="C:\Users\RICO\.m2\repository"/>
    <property name="java.vendor.url.bug" value="http://bugreport.java.com/bugreport/"/>
    <property name="java.io.tmpdir" value="C:\Users\RICO\AppData\Local\Temp\"/>
    <property name="java.version" value="11.0.2"/>
    <property name="user.dir" value="C:\Users\RICO\IdeaProjects\20-uitesting-serenity"/>
    <property name="os.arch" value="amd64"/>
    <property name="java.vm.specification.name" value="Java Virtual Machine Specification"/>
    <property name="java.awt.printerjob" value="sun.awt.windows.WPrinterJob"/>
    <property name="sun.os.patch.level" value=""/>
    <property name="java.library.path" value="C:\Program Files\Java\jdk-11.0.2\bin;C:\WINDOWS\Sun\Java\bin;C:\WINDOWS\system32;C:\WINDOWS;C:\Program Files\Common Files\Oracle\Java\javapath;E:\oracle\product\10.2.0\db_1\bin;C:\Program Files\AdoptOpenJDK\jdk-11.0.11.9-hotspot\bin;C:\oracle\product\10.2.0\db_1\bin;C:\Program Files (x86)\Intel\iCLS Client\;C:\Program Files\Intel\iCLS Client\;C:\Windows\system32;C:\Windows;C:\Windows\System32\Wbem;C:\Windows\System32\WindowsPowerShell\v1.0\;C:\Program Files (x86)\Intel\Intel(R) Management Engine Components\DAL;C:\Program Files\Intel\Intel(R) Management Engine Components\DAL;C:\Program Files (x86)\Intel\Intel(R) Management Engine Components\IPT;C:\Program Files\Intel\Intel(R) Management Engine Components\IPT;C:\Program Files (x86)\NVIDIA Corporation\PhysX\Common;C:\WINDOWS\system32;C:\WINDOWS;C:\WINDOWS\System32\Wbem;C:\WINDOWS\System32\WindowsPowerShell\v1.0\;C:\WINDOWS\System32\OpenSSH\;C:\Go\bin;C:\ProgramData\chocolatey\bin;C:\Program Files\Java\jdk-15.0.1\bin;C:\xampp\php;C:\ProgramData\ComposerSetup\bin;C:\Program Files\nodejs\;C:\Program Files\Git\cmd;%M2_HOME%\bin;C:\Program Files\apache-maven-3.8.5\bin;C:\Users\RICO\AppData\Local\Programs\Python\Python310\Scripts\;C:\Users\RICO\AppData\Local\Programs\Python\Python310\;C:\Users\RICO\AppData\Local\Microsoft\WindowsApps;C:\Users\RICO\AppData\Local\Programs\Microsoft VS Code\bin;C:\Users\RICO\go\bin;C:\Users\RICO\AppData\Roaming\Composer\vendor\bin;C:\Users\RICO\AppData\Roaming\npm;C:\Program Files\apache-maven-3.8.5\bin;%M2_HOME%\bin;;."/>
    <property name="java.vendor" value="Oracle Corporation"/>
    <property name="java.vm.info" value="mixed mode"/>
    <property name="java.vm.version" value="11.0.2+9"/>
    <property name="sun.io.unicode.encoding" value="UnicodeLittle"/>
    <property name="java.class.version" value="55.0"/>
  </properties>
  <testcase name="As a user, i want go to the login page, and have be able to success login" classname="Login" time="69.58">
    <error type="org.openqa.selenium.ElementClickInterceptedException"><![CDATA[org.openqa.selenium.ElementClickInterceptedException: 
element click intercepted: Element <button id="login" type="button" class="btn btn-primary">...</button> is not clickable at point (585, 483). Other element would receive the click: <div>...</div>
  (Session info: chrome=99.0.4844.84)
Build info: version: '4.1.2', revision: '9a5a329c5a'
System info: host: 'RIKOSAHETAPI', ip: '192.168.0.10', os.name: 'Windows 10', os.arch: 'amd64', os.version: '10.0', java.version: '11.0.2'
Driver info: org.openqa.selenium.chrome.ChromeDriver
Command: [e0942b18ce45948004ac6a1b12921628, clickElement {id=614cf787-912c-4632-8068-51466d698ab8}]
Capabilities {acceptInsecureCerts: false, browserName: chrome, browserVersion: 99.0.4844.84, chrome: {chromedriverVersion: 99.0.4844.51 (d537ec02474b5..., userDataDir: C:\Users\RICO\AppData\Local...}, goog:chromeOptions: {debuggerAddress: localhost:51717}, javascriptEnabled: true, networkConnectionEnabled: false, pageLoadStrategy: normal, platform: WINDOWS, platformName: WINDOWS, proxy: Proxy(), se:cdp: ws://localhost:51717/devtoo..., se:cdpVersion: 99.0.4844.84, setWindowRect: true, strictFileInteractability: false, timeouts: {implicit: 0, pageLoad: 300000, script: 30000}, unhandledPromptBehavior: dismiss and notify, webauthn:extension:credBlob: true, webauthn:extension:largeBlob: true, webauthn:virtualAuthenticators: true}
Element: [[ChromeDriver: chrome on WINDOWS (e0942b18ce45948004ac6a1b12921628)] -> css selector: #login]
Session ID: e0942b18ce45948004ac6a1b12921628
]]></error>
    <system-out><![CDATA[19:13:24.426 [main] INFO io.cucumber.core.plugin.SerenityReporter - Running feature from file:///C:/Users/RICO/IdeaProjects/20-uitesting-serenity/src/test/resources/features/login.feature
19:13:24.893 [main] INFO  - 

-------------------------------------------------------------------------------------
     _______. _______ .______       _______ .__   __.  __  .___________.____    ____ 
    /       ||   ____||   _  \     |   ____||  \ |  | |  | |           |\   \  /   / 
   |   (----`|  |__   |  |_)  |    |  |__   |   \|  | |  | `---|  |----` \   \/   /  
    \   \    |   __|  |      /     |   __|  |  . `  | |  |     |  |       \_    _/   
.----)   |   |  |____ |  |\  \----.|  |____ |  |\   | |  |     |  |         |  |     
|_______/    |_______|| _| `._____||_______||__| \__| |__|     |__|         |__|    
                                                                                     
 News and tutorials at http://www.serenity-bdd.info                                  
 Documentation at https://wakaleo.gitbooks.io/the-serenity-book/content/             
 Join the Serenity Community on Gitter: https://gitter.im/serenity-bdd/serenity-core 
 Serenity BDD Support and Training at http://serenity-bdd.info/#/trainingandsupport  
-------------------------------------------------------------------------------------

19:13:24.924 [main] DEBUG net.thucydides.core.steps.StepEventBus - Test suite started for story net.thucydides.core.model.Story@f388ff28
19:13:24.938 [main] INFO  - Test Suite Started: Login
19:13:24.975 [main] INFO io.cucumber.core.plugin.SerenityReporter - Running feature from file:///C:/Users/RICO/IdeaProjects/20-uitesting-serenity/src/test/resources/features/login.feature
19:13:24.982 [main] DEBUG net.thucydides.core.steps.StepEventBus - Test suite started for story net.thucydides.core.model.Story@f388ff28
19:13:24.983 [main] INFO  - Test Suite Started: Login

Scenario: As a user, i want go to the login page, and have be able to success login &amp#27;[90m# src/test/resources/features/login.feature:9&amp#27;[0m
19:13:25.281 [main] INFO io.cucumber.core.plugin.SerenityReporter - Running feature from file:///C:/Users/RICO/IdeaProjects/20-uitesting-serenity/src/test/resources/features/login.feature
19:13:25.504 [main] INFO  - 
  _____   ___   ___   _____     ___   _____     _     ___   _____   ___   ___  
 |_   _| | __| / __| |_   _|   / __| |_   _|   /_\   | _ \ |_   _| | __| |   \ 
   | |   | _|  \__ \   | |     \__ \   | |    / _ \  |   /   | |   | _|  | |) |
   |_|   |___| |___/   |_|     |___/   |_|   /_/ \_\ |_|_\   |_|   |___| |___/ 

As a user, i want go to the login page, and have be able to success login(login;as-a-user--i-want-go-to-the-login-page--and-have-be-able-to-success-login)
--------------------------------------------------------------------------------
19:13:31.014 [main] DEBUG net.thucydides.core.steps.StepInterceptor - STARTING STEP: GoLoginStep.onHomePage - openPageHome
19:13:31.183 [main] INFO net.serenitybdd.core.webdriver.driverproviders.ChromeDriverProvider - Using automatically driver download
19:13:33.099 [main] DEBUG io.github.bonigarcia.wdm.cache.ResolutionCache - Resolution chrome=99 in cache (valid until 19:33:51 30/03/2022 ICT)
19:13:33.120 [main] DEBUG io.github.bonigarcia.wdm.cache.ResolutionCache - Resolution chrome99=99.0.4844.51 in cache (valid until 21:58:25 30/03/2022 ICT)
19:13:33.127 [main] INFO io.github.bonigarcia.wdm.WebDriverManager - Using chromedriver 99.0.4844.51 (resolved driver for Chrome 99)
19:13:33.173 [main] DEBUG io.github.bonigarcia.wdm.WebDriverManager - Driver chromedriver 99.0.4844.51 found in cache
19:13:33.174 [main] INFO io.github.bonigarcia.wdm.WebDriverManager - Exporting webdriver.chrome.driver as C:\Users\RICO\.cache\selenium\chromedriver\win32\99.0.4844.51\chromedriver.exe
19:13:35.090 [main] DEBUG net.thucydides.core.reflection.ClassFinder - Could not load class .CucumberTestSuite
19:13:35.091 [main] DEBUG net.thucydides.core.reflection.ClassFinder - Could not load class .pages.BookStorePage
19:13:35.091 [main] DEBUG net.thucydides.core.reflection.ClassFinder - Could not load class .pages.HomePage
19:13:35.091 [main] DEBUG net.thucydides.core.reflection.ClassFinder - Could not load class .pages.LoginPage
19:13:35.091 [main] DEBUG net.thucydides.core.reflection.ClassFinder - Could not load class .pages.ProfilePage
19:13:35.091 [main] DEBUG net.thucydides.core.reflection.ClassFinder - Could not load class .starter.stepdefinition.GoLoginStep
19:13:35.093 [main] DEBUG net.thucydides.core.reflection.ClassFinder - Could not load class META-INF.versions.9.com.sun.istack.logging.StackHelper
19:13:35.094 [main] DEBUG net.thucydides.core.reflection.ClassFinder - Could not load class META-INF.versions.9.com.sun.xml.bind.v2.runtime.reflect.opt.AccessorInjector
19:13:35.095 [main] DEBUG net.thucydides.core.reflection.ClassFinder - Could not load class META-INF.versions.9.com.sun.xml.bind.v2.runtime.reflect.opt.Injector
19:13:35.096 [main] DEBUG net.thucydides.core.reflection.ClassFinder - Could not load class META-INF.versions.9.com.sun.xml.bind.v2.runtime.reflect.opt.OptimizedAccessorFactory
19:13:35.097 [main] DEBUG net.thucydides.core.reflection.ClassFinder - Could not load class META-INF.versions.9.com.sun.xml.bind.v2.runtime.reflect.opt.OptimizedTransducedAccessorFactory
19:13:35.097 [main] DEBUG net.thucydides.core.reflection.ClassFinder - Could not load class META-INF.versions.9.io.opentelemetry.sdk.internal.CurrentJavaVersionSpecific
19:13:35.098 [main] DEBUG net.thucydides.core.reflection.ClassFinder - Could not load class META-INF.versions.9.io.opentelemetry.sdk.internal.Java9VersionSpecific
19:13:35.099 [main] DEBUG net.thucydides.core.reflection.ClassFinder - Could not load class META-INF.versions.9.javax.xml.bind.ModuleUtil
19:13:35.100 [main] DEBUG net.thucydides.core.reflection.ClassFinder - Could not load class META-INF.versions.9.module-info
19:13:35.101 [main] DEBUG net.thucydides.core.reflection.ClassFinder - Could not load class META-INF.versions.9.org.junit.platform.commons.util.ModuleUtils
19:13:35.818 [main] DEBUG net.thucydides.core.reflection.ClassFinder - Could not load class com.google.gson.internal.
19:13:36.243 [main] DEBUG net.thucydides.core.reflection.ClassFinder - Could not load class com.sun.xml.bind.v2.runtime.output.FastInfosetStreamWriterOutput
19:13:37.423 [main] DEBUG net.thucydides.core.reflection.ClassFinder - Could not load class module-info
19:13:46.595 [main] DEBUG io.netty.util.internal.logging.InternalLoggerFactory - Using SLF4J as the default logging framework
19:13:46.601 [main] DEBUG io.netty.util.ResourceLeakDetector - -Dio.netty.leakDetection.level: simple
19:13:46.601 [main] DEBUG io.netty.util.ResourceLeakDetector - -Dio.netty.leakDetection.targetRecords: 4
19:13:46.608 [main] DEBUG io.netty.util.ResourceLeakDetectorFactory - Loaded default ResourceLeakDetector: io.netty.util.ResourceLeakDetector@12329d37
19:13:46.645 [main] DEBUG io.netty.util.internal.PlatformDependent0 - -Dio.netty.noUnsafe: false
19:13:46.646 [main] DEBUG io.netty.util.internal.PlatformDependent0 - Java version: 11
19:13:46.648 [main] DEBUG io.netty.util.internal.PlatformDependent0 - sun.misc.Unsafe.theUnsafe: available
19:13:46.650 [main] DEBUG io.netty.util.internal.PlatformDependent0 - sun.misc.Unsafe.copyMemory: available
19:13:46.652 [main] DEBUG io.netty.util.internal.PlatformDependent0 - java.nio.Buffer.address: available
19:13:46.654 [main] DEBUG io.netty.util.internal.PlatformDependent0 - direct buffer constructor: unavailable: Reflective setAccessible(true) disabled
19:13:46.656 [main] DEBUG io.netty.util.internal.PlatformDependent0 - java.nio.Bits.unaligned: available, true
19:13:46.658 [main] DEBUG io.netty.util.internal.PlatformDependent0 - jdk.internal.misc.Unsafe.allocateUninitializedArray(int): unavailable: class io.netty.util.internal.PlatformDependent0$6 cannot access class jdk.internal.misc.Unsafe (in module java.base) because module java.base does not export jdk.internal.misc to unnamed module @3deb2326
19:13:46.661 [main] DEBUG io.netty.util.internal.PlatformDependent0 - java.nio.DirectByteBuffer.<init>(long, int): unavailable
19:13:46.661 [main] DEBUG io.netty.util.internal.PlatformDependent - sun.misc.Unsafe: available
19:13:46.664 [main] DEBUG io.netty.util.internal.PlatformDependent - maxDirectMemory: 3191865344 bytes (maybe)
19:13:46.664 [main] DEBUG io.netty.util.internal.PlatformDependent - -Dio.netty.tmpdir: C:\Users\RICO\AppData\Local\Temp (java.io.tmpdir)
19:13:46.664 [main] DEBUG io.netty.util.internal.PlatformDependent - -Dio.netty.bitMode: 64 (sun.arch.data.model)
19:13:46.665 [main] DEBUG io.netty.util.internal.PlatformDependent - Platform: Windows
19:13:46.666 [main] DEBUG io.netty.util.internal.PlatformDependent - -Dio.netty.maxDirectMemory: -1 bytes
19:13:46.666 [main] DEBUG io.netty.util.internal.PlatformDependent - -Dio.netty.uninitializedArrayAllocationThreshold: -1
19:13:46.668 [main] DEBUG io.netty.util.internal.CleanerJava9 - java.nio.ByteBuffer.cleaner(): available
19:13:46.668 [main] DEBUG io.netty.util.internal.PlatformDependent - -Dio.netty.noPreferDirect: false
19:13:46.683 [main] DEBUG io.netty.util.internal.PlatformDependent - org.jctools-core.MpscChunkedArrayQueue: available
19:13:46.723 [main] DEBUG io.netty.util.internal.InternalThreadLocalMap - -Dio.netty.threadLocalMap.stringBuilder.initialSize: 1024
19:13:46.724 [main] DEBUG io.netty.util.internal.InternalThreadLocalMap - -Dio.netty.threadLocalMap.stringBuilder.maxSize: 4096
19:13:46.781 [main] DEBUG io.netty.handler.ssl.JdkSslContext - Default protocols (JDK): [TLSv1.3, TLSv1.2, TLSv1.1, TLSv1] 
19:13:46.781 [main] DEBUG io.netty.handler.ssl.JdkSslContext - Default cipher suites (JDK): [TLS_ECDHE_ECDSA_WITH_AES_256_GCM_SHA384, TLS_ECDHE_ECDSA_WITH_AES_128_GCM_SHA256, TLS_ECDHE_RSA_WITH_AES_128_GCM_SHA256, TLS_ECDHE_RSA_WITH_AES_256_GCM_SHA384, TLS_ECDHE_RSA_WITH_AES_128_CBC_SHA, TLS_ECDHE_RSA_WITH_AES_256_CBC_SHA, TLS_RSA_WITH_AES_128_GCM_SHA256, TLS_RSA_WITH_AES_128_CBC_SHA, TLS_RSA_WITH_AES_256_CBC_SHA, TLS_AES_128_GCM_SHA256, TLS_AES_256_GCM_SHA384]
19:13:46.830 [main] DEBUG io.netty.channel.MultithreadEventLoopGroup - -Dio.netty.eventLoopThreads: 16
19:13:46.848 [main] DEBUG io.netty.channel.nio.NioEventLoop - -Dio.netty.noKeySetOptimization: false
19:13:46.848 [main] DEBUG io.netty.channel.nio.NioEventLoop - -Dio.netty.selectorAutoRebuildThreshold: 512
19:13:46.935 [main] DEBUG io.netty.buffer.PooledByteBufAllocator - -Dio.netty.allocator.numHeapArenas: 16
19:13:46.935 [main] DEBUG io.netty.buffer.PooledByteBufAllocator - -Dio.netty.allocator.numDirectArenas: 16
19:13:46.935 [main] DEBUG io.netty.buffer.PooledByteBufAllocator - -Dio.netty.allocator.pageSize: 8192
19:13:46.935 [main] DEBUG io.netty.buffer.PooledByteBufAllocator - -Dio.netty.allocator.maxOrder: 11
19:13:46.935 [main] DEBUG io.netty.buffer.PooledByteBufAllocator - -Dio.netty.allocator.chunkSize: 16777216
19:13:46.935 [main] DEBUG io.netty.buffer.PooledByteBufAllocator - -Dio.netty.allocator.smallCacheSize: 256
19:13:46.935 [main] DEBUG io.netty.buffer.PooledByteBufAllocator - -Dio.netty.allocator.normalCacheSize: 64
19:13:46.935 [main] DEBUG io.netty.buffer.PooledByteBufAllocator - -Dio.netty.allocator.maxCachedBufferCapacity: 32768
19:13:46.935 [main] DEBUG io.netty.buffer.PooledByteBufAllocator - -Dio.netty.allocator.cacheTrimInterval: 8192
19:13:46.936 [main] DEBUG io.netty.buffer.PooledByteBufAllocator - -Dio.netty.allocator.cacheTrimIntervalMillis: 0
19:13:46.936 [main] DEBUG io.netty.buffer.PooledByteBufAllocator - -Dio.netty.allocator.useCacheForAllThreads: true
19:13:46.936 [main] DEBUG io.netty.buffer.PooledByteBufAllocator - -Dio.netty.allocator.maxCachedByteBuffersPerChunk: 1023
19:13:46.961 [main] DEBUG io.netty.buffer.ByteBufUtil - -Dio.netty.allocator.type: pooled
19:13:46.961 [main] DEBUG io.netty.buffer.ByteBufUtil - -Dio.netty.threadLocalDirectBufferSize: 0
19:13:46.961 [main] DEBUG io.netty.buffer.ByteBufUtil - -Dio.netty.maxThreadLocalCharBufferSize: 16384
19:13:47.382 [main] DEBUG net.serenitybdd.core.webdriver.driverproviders.ProvideNewDriver - Instantiating driver
19:13:47.382 [main] DEBUG net.serenitybdd.core.webdriver.driverproviders.ProvideNewDriver - Driver capabilities: Capabilities {acceptInsecureCerts: false, base.url: https://demoqa.com, browserName: chrome, chrome.driver: src/test/resources/webdrive..., driver: chrome, goog:chromeOptions: {args: [], extensions: []}}
19:13:48.286 [Forwarding newSession on session null to remote] DEBUG io.netty.channel.DefaultChannelId - -Dio.netty.processId: 14568 (auto-detected)
19:13:48.290 [Forwarding newSession on session null to remote] DEBUG io.netty.util.NetUtil - -Djava.net.preferIPv4Stack: false
19:13:48.290 [Forwarding newSession on session null to remote] DEBUG io.netty.util.NetUtil - -Djava.net.preferIPv6Addresses: false
19:13:48.643 [Forwarding newSession on session null to remote] DEBUG io.netty.util.NetUtilInitializations - Loopback interface: lo (Software Loopback Interface 1, 127.0.0.1)
19:13:48.645 [Forwarding newSession on session null to remote] DEBUG io.netty.util.NetUtil - Failed to get SOMAXCONN from sysctl and file \proc\sys\net\core\somaxconn. Default: 200
19:13:48.999 [Forwarding newSession on session null to remote] DEBUG io.netty.channel.DefaultChannelId - -Dio.netty.machineId: 80:c5:f2:ff:fe:bd:a7:5f (auto-detected)
19:13:49.141 [AsyncHttpClient-1-2] DEBUG io.netty.buffer.AbstractByteBuf - -Dio.netty.buffer.checkAccessible: true
19:13:49.142 [AsyncHttpClient-1-2] DEBUG io.netty.buffer.AbstractByteBuf - -Dio.netty.buffer.checkBounds: true
19:13:49.142 [AsyncHttpClient-1-2] DEBUG io.netty.util.ResourceLeakDetectorFactory - Loaded default ResourceLeakDetector: io.netty.util.ResourceLeakDetector@5468df4f
19:13:49.165 [AsyncHttpClient-1-2] DEBUG org.asynchttpclient.netty.channel.NettyConnectListener - Using new Channel '[id: 0x5c6caa85, L:/127.0.0.1:51715 - R:localhost/127.0.0.1:58065]' for 'POST' to '/session'
19:13:49.206 [AsyncHttpClient-1-2] DEBUG io.netty.util.Recycler - -Dio.netty.recycler.maxCapacityPerThread: 4096
19:13:49.206 [AsyncHttpClient-1-2] DEBUG io.netty.util.Recycler - -Dio.netty.recycler.ratio: 8
19:13:49.206 [AsyncHttpClient-1-2] DEBUG io.netty.util.Recycler - -Dio.netty.recycler.chunkSize: 32
19:13:49.206 [AsyncHttpClient-1-2] DEBUG io.netty.util.Recycler - -Dio.netty.recycler.blocking: false
19:14:03.950 [AsyncHttpClient-1-2] DEBUG io.netty.handler.codec.compression.Brotli - brotli4j not in the classpath; Brotli support will be unavailable.
19:14:03.950 [AsyncHttpClient-1-2] DEBUG org.asynchttpclient.netty.handler.HttpHandler - 

Request DefaultHttpRequest(decodeResult: success, version: HTTP/1.1)
POST /session HTTP/1.1
User-Agent: selenium/4.1.2 (java windows)
Content-Length: 599
Content-Type: application/json; charset=utf-8
host: localhost:58065
accept: */*

Response DefaultHttpResponse(decodeResult: success, version: HTTP/1.1)
HTTP/1.1 200 OK
Content-Type: application/json; charset=utf-8
cache-control: no-cache
content-length: 786

19:14:04.498 [AsyncHttpClient-1-2] DEBUG org.asynchttpclient.netty.channel.ChannelManager - Adding key: http://localhost:58065 for channel [id: 0x5c6caa85, L:/127.0.0.1:51715 - R:localhost/127.0.0.1:58065]
19:14:05.496 [AsyncHttpClient-1-1] DEBUG org.asynchttpclient.netty.channel.DefaultChannelPool - Entry count for : http://localhost:58065 : 1
19:14:06.798 [AsyncHttpClient-1-1] DEBUG org.asynchttpclient.netty.channel.DefaultChannelPool - Entry count for : http://localhost:58065 : 1
19:14:06.863 [AsyncHttpClient-1-3] DEBUG org.asynchttpclient.netty.channel.NettyConnectListener - Using new Channel '[id: 0x006523ab, L:/127.0.0.1:51740 - R:localhost/127.0.0.1:51717]' for 'GET' to '/json/version'
19:14:06.867 [AsyncHttpClient-1-3] DEBUG org.asynchttpclient.netty.handler.HttpHandler - 

Request DefaultFullHttpRequest(decodeResult: success, version: HTTP/1.1, content: EmptyByteBufBE)
GET /json/version HTTP/1.1
User-Agent: selenium/4.1.2 (java windows)
host: localhost:51717
accept: */*

Response DefaultHttpResponse(decodeResult: success, version: HTTP/1.1)
HTTP/1.1 200 OK
Content-Type: application/json; charset=UTF-8
content-length: 424

19:14:06.867 [AsyncHttpClient-1-3] DEBUG org.asynchttpclient.netty.channel.ChannelManager - Adding key: http://localhost:51717 for channel [id: 0x006523ab, L:/127.0.0.1:51740 - R:localhost/127.0.0.1:51717]
19:14:06.953 [main] DEBUG io.netty.util.internal.ThreadLocalRandom - -Dio.netty.initialSeedUniquifier: 0xbff37fc73a192b26
19:14:06.958 [AsyncHttpClient-1-4] DEBUG org.asynchttpclient.netty.channel.NettyConnectListener - Using new Channel '[id: 0x9e661497, L:/127.0.0.1:51741 - R:localhost/127.0.0.1:51717]' for 'GET' to '/devtools/browser/740ddd7d-b60e-4803-afee-cf05253b209c'
19:14:06.962 [AsyncHttpClient-1-4] DEBUG org.asynchttpclient.netty.handler.WebSocketHandler - 

Request DefaultFullHttpRequest(decodeResult: success, version: HTTP/1.1, content: EmptyByteBufBE)
GET /devtools/browser/740ddd7d-b60e-4803-afee-cf05253b209c HTTP/1.1
upgrade: websocket
connection: upgrade
sec-websocket-key: IvxbJ4SWGNtoe2VBPdwVaA==
sec-websocket-version: 13
origin: http://localhost:51717
host: localhost:51717
accept: */*
user-agent: AHC/2.1

Response DefaultHttpResponse(decodeResult: success, version: HTTP/1.1)
HTTP/1.1 101 WebSocket Protocol Handshake
Upgrade: WebSocket
Connection: Upgrade
Sec-WebSocket-Accept: Y/3LspNkvabyB2/UY+FVGZbaZaM=

19:14:07.891 [AsyncHttpClient-1-1] DEBUG org.asynchttpclient.netty.channel.DefaultChannelPool - Entry count for : http://localhost:58065 : 1
19:14:07.891 [AsyncHttpClient-1-1] DEBUG org.asynchttpclient.netty.channel.DefaultChannelPool - Entry count for : http://localhost:51717 : 1
19:14:08.106 [main] DEBUG net.thucydides.core.reflection.ClassFinder - Could not load class .CucumberTestSuite
19:14:08.107 [main] DEBUG net.thucydides.core.reflection.ClassFinder - Could not load class .pages.BookStorePage
19:14:08.107 [main] DEBUG net.thucydides.core.reflection.ClassFinder - Could not load class .pages.HomePage
19:14:08.107 [main] DEBUG net.thucydides.core.reflection.ClassFinder - Could not load class .pages.LoginPage
19:14:08.107 [main] DEBUG net.thucydides.core.reflection.ClassFinder - Could not load class .pages.ProfilePage
19:14:08.107 [main] DEBUG net.thucydides.core.reflection.ClassFinder - Could not load class .starter.stepdefinition.GoLoginStep
19:14:08.108 [main] DEBUG net.thucydides.core.reflection.ClassFinder - Could not load class META-INF.versions.9.com.sun.istack.logging.StackHelper
19:14:08.109 [main] DEBUG net.thucydides.core.reflection.ClassFinder - Could not load class META-INF.versions.9.com.sun.xml.bind.v2.runtime.reflect.opt.AccessorInjector
19:14:08.109 [main] DEBUG net.thucydides.core.reflection.ClassFinder - Could not load class META-INF.versions.9.com.sun.xml.bind.v2.runtime.reflect.opt.Injector
19:14:08.110 [main] DEBUG net.thucydides.core.reflection.ClassFinder - Could not load class META-INF.versions.9.com.sun.xml.bind.v2.runtime.reflect.opt.OptimizedAccessorFactory
19:14:08.110 [main] DEBUG net.thucydides.core.reflection.ClassFinder - Could not load class META-INF.versions.9.com.sun.xml.bind.v2.runtime.reflect.opt.OptimizedTransducedAccessorFactory
19:14:08.111 [main] DEBUG net.thucydides.core.reflection.ClassFinder - Could not load class META-INF.versions.9.io.opentelemetry.sdk.internal.CurrentJavaVersionSpecific
19:14:08.111 [main] DEBUG net.thucydides.core.reflection.ClassFinder - Could not load class META-INF.versions.9.io.opentelemetry.sdk.internal.Java9VersionSpecific
19:14:08.112 [main] DEBUG net.thucydides.core.reflection.ClassFinder - Could not load class META-INF.versions.9.javax.xml.bind.ModuleUtil
19:14:08.112 [main] DEBUG net.thucydides.core.reflection.ClassFinder - Could not load class META-INF.versions.9.module-info
19:14:08.113 [main] DEBUG net.thucydides.core.reflection.ClassFinder - Could not load class META-INF.versions.9.org.junit.platform.commons.util.ModuleUtils
19:14:08.116 [main] DEBUG net.thucydides.core.reflection.ClassFinder - Could not load class com.google.gson.internal.
19:14:08.117 [main] DEBUG net.thucydides.core.reflection.ClassFinder - Could not load class com.sun.xml.bind.v2.runtime.output.FastInfosetStreamWriterOutput
19:14:08.121 [main] DEBUG net.thucydides.core.reflection.ClassFinder - Could not load class module-info
19:14:08.159 [Forwarding get on session e0942b18ce45948004ac6a1b12921628 to remote] DEBUG org.asynchttpclient.netty.request.NettyRequestSender - Using pooled Channel '[id: 0x5c6caa85, L:/127.0.0.1:51715 - R:localhost/127.0.0.1:58065]' for 'POST' to 'http://localhost:58065/session/e0942b18ce45948004ac6a1b12921628/url'
19:14:08.159 [Forwarding get on session e0942b18ce45948004ac6a1b12921628 to remote] DEBUG org.asynchttpclient.netty.request.NettyRequestSender - Using open Channel [id: 0x5c6caa85, L:/127.0.0.1:51715 - R:localhost/127.0.0.1:58065] for POST '/session/e0942b18ce45948004ac6a1b12921628/url'
19:14:08.993 [AsyncHttpClient-1-1] DEBUG org.asynchttpclient.netty.channel.DefaultChannelPool - Entry count for : http://localhost:51717 : 1
19:14:10.097 [AsyncHttpClient-1-1] DEBUG org.asynchttpclient.netty.channel.DefaultChannelPool - Entry count for : http://localhost:51717 : 1
19:14:11.192 [AsyncHttpClient-1-1] DEBUG org.asynchttpclient.netty.channel.DefaultChannelPool - Entry count for : http://localhost:51717 : 1
19:14:12.291 [AsyncHttpClient-1-1] DEBUG org.asynchttpclient.netty.channel.DefaultChannelPool - Entry count for : http://localhost:51717 : 1
19:14:13.391 [AsyncHttpClient-1-1] DEBUG org.asynchttpclient.netty.channel.DefaultChannelPool - Entry count for : http://localhost:51717 : 1
19:14:14.491 [AsyncHttpClient-1-1] DEBUG org.asynchttpclient.netty.channel.DefaultChannelPool - Entry count for : http://localhost:51717 : 1
19:14:15.594 [AsyncHttpClient-1-1] DEBUG org.asynchttpclient.netty.channel.DefaultChannelPool - Entry count for : http://localhost:51717 : 1
19:14:16.705 [AsyncHttpClient-1-1] DEBUG org.asynchttpclient.netty.channel.DefaultChannelPool - Entry count for : http://localhost:51717 : 1
19:14:17.801 [AsyncHttpClient-1-1] DEBUG org.asynchttpclient.netty.channel.DefaultChannelPool - Entry count for : http://localhost:51717 : 1
19:14:18.896 [AsyncHttpClient-1-1] DEBUG org.asynchttpclient.netty.channel.DefaultChannelPool - Entry count for : http://localhost:51717 : 1
19:14:19.993 [AsyncHttpClient-1-1] DEBUG org.asynchttpclient.netty.channel.DefaultChannelPool - Entry count for : http://localhost:51717 : 1
19:14:21.105 [AsyncHttpClient-1-1] DEBUG org.asynchttpclient.netty.channel.DefaultChannelPool - Entry count for : http://localhost:51717 : 1
19:14:22.193 [AsyncHttpClient-1-1] DEBUG org.asynchttpclient.netty.channel.DefaultChannelPool - Entry count for : http://localhost:51717 : 1
19:14:23.297 [AsyncHttpClient-1-1] DEBUG org.asynchttpclient.netty.channel.DefaultChannelPool - Entry count for : http://localhost:51717 : 1
19:14:24.328 [AsyncHttpClient-1-2] DEBUG org.asynchttpclient.netty.handler.HttpHandler - 

Request DefaultHttpRequest(decodeResult: success, version: HTTP/1.1)
POST /session/e0942b18ce45948004ac6a1b12921628/url HTTP/1.1
User-Agent: selenium/4.1.2 (java windows)
Content-Length: 43
Content-Type: application/json; charset=utf-8
host: localhost:58065
accept: */*

Response DefaultHttpResponse(decodeResult: success, version: HTTP/1.1)
HTTP/1.1 200 OK
Content-Type: application/json; charset=utf-8
cache-control: no-cache
content-length: 14

19:14:24.328 [AsyncHttpClient-1-2] DEBUG org.asynchttpclient.netty.channel.ChannelManager - Adding key: http://localhost:58065 for channel [id: 0x5c6caa85, L:/127.0.0.1:51715 - R:localhost/127.0.0.1:58065]
19:14:24.339 [Forwarding setTimeout on session e0942b18ce45948004ac6a1b12921628 to remote] DEBUG org.asynchttpclient.netty.request.NettyRequestSender - Using pooled Channel '[id: 0x5c6caa85, L:/127.0.0.1:51715 - R:localhost/127.0.0.1:58065]' for 'POST' to 'http://localhost:58065/session/e0942b18ce45948004ac6a1b12921628/timeouts'
19:14:24.339 [Forwarding setTimeout on session e0942b18ce45948004ac6a1b12921628 to remote] DEBUG org.asynchttpclient.netty.request.NettyRequestSender - Using open Channel [id: 0x5c6caa85, L:/127.0.0.1:51715 - R:localhost/127.0.0.1:58065] for POST '/session/e0942b18ce45948004ac6a1b12921628/timeouts'
19:14:24.347 [AsyncHttpClient-1-2] DEBUG org.asynchttpclient.netty.handler.HttpHandler - 

Request DefaultHttpRequest(decodeResult: success, version: HTTP/1.1)
POST /session/e0942b18ce45948004ac6a1b12921628/timeouts HTTP/1.1
User-Agent: selenium/4.1.2 (java windows)
Content-Length: 22
Content-Type: application/json; charset=utf-8
host: localhost:58065
accept: */*

Response DefaultHttpResponse(decodeResult: success, version: HTTP/1.1)
HTTP/1.1 200 OK
Content-Type: application/json; charset=utf-8
cache-control: no-cache
content-length: 14

19:14:24.348 [AsyncHttpClient-1-2] DEBUG org.asynchttpclient.netty.channel.ChannelManager - Adding key: http://localhost:58065 for channel [id: 0x5c6caa85, L:/127.0.0.1:51715 - R:localhost/127.0.0.1:58065]
19:14:24.426 [AsyncHttpClient-1-1] DEBUG org.asynchttpclient.netty.channel.DefaultChannelPool - Entry count for : http://localhost:58065 : 1
19:14:24.426 [AsyncHttpClient-1-1] DEBUG org.asynchttpclient.netty.channel.DefaultChannelPool - Entry count for : http://localhost:51717 : 1
19:14:24.426 [Forwarding getCurrentUrl on session e0942b18ce45948004ac6a1b12921628 to remote] DEBUG org.asynchttpclient.netty.request.NettyRequestSender - Using pooled Channel '[id: 0x5c6caa85, L:/127.0.0.1:51715 - R:localhost/127.0.0.1:58065]' for 'GET' to 'http://localhost:58065/session/e0942b18ce45948004ac6a1b12921628/url'
19:14:24.426 [Forwarding getCurrentUrl on session e0942b18ce45948004ac6a1b12921628 to remote] DEBUG org.asynchttpclient.netty.request.NettyRequestSender - Using open Channel [id: 0x5c6caa85, L:/127.0.0.1:51715 - R:localhost/127.0.0.1:58065] for GET '/session/e0942b18ce45948004ac6a1b12921628/url'
19:14:24.583 [AsyncHttpClient-1-2] DEBUG org.asynchttpclient.netty.handler.HttpHandler - 

Request DefaultFullHttpRequest(decodeResult: success, version: HTTP/1.1, content: EmptyByteBufBE)
GET /session/e0942b18ce45948004ac6a1b12921628/url HTTP/1.1
User-Agent: selenium/4.1.2 (java windows)
Cache-Control: no-cache
Content-Type: application/json; charset=utf-8
host: localhost:58065
accept: */*

Response DefaultHttpResponse(decodeResult: success, version: HTTP/1.1)
HTTP/1.1 200 OK
Content-Type: application/json; charset=utf-8
cache-control: no-cache
content-length: 31

19:14:24.584 [AsyncHttpClient-1-2] DEBUG org.asynchttpclient.netty.channel.ChannelManager - Adding key: http://localhost:58065 for channel [id: 0x5c6caa85, L:/127.0.0.1:51715 - R:localhost/127.0.0.1:58065]
19:14:24.613 [Forwarding getCurrentUrl on session e0942b18ce45948004ac6a1b12921628 to remote] DEBUG org.asynchttpclient.netty.request.NettyRequestSender - Using pooled Channel '[id: 0x5c6caa85, L:/127.0.0.1:51715 - R:localhost/127.0.0.1:58065]' for 'GET' to 'http://localhost:58065/session/e0942b18ce45948004ac6a1b12921628/url'
19:14:24.614 [Forwarding getCurrentUrl on session e0942b18ce45948004ac6a1b12921628 to remote] DEBUG org.asynchttpclient.netty.request.NettyRequestSender - Using open Channel [id: 0x5c6caa85, L:/127.0.0.1:51715 - R:localhost/127.0.0.1:58065] for GET '/session/e0942b18ce45948004ac6a1b12921628/url'
19:14:24.665 [AsyncHttpClient-1-2] DEBUG org.asynchttpclient.netty.handler.HttpHandler - 

Request DefaultFullHttpRequest(decodeResult: success, version: HTTP/1.1, content: EmptyByteBufBE)
GET /session/e0942b18ce45948004ac6a1b12921628/url HTTP/1.1
User-Agent: selenium/4.1.2 (java windows)
Cache-Control: no-cache
Content-Type: application/json; charset=utf-8
host: localhost:58065
accept: */*

Response DefaultHttpResponse(decodeResult: success, version: HTTP/1.1)
HTTP/1.1 200 OK
Content-Type: application/json; charset=utf-8
cache-control: no-cache
content-length: 31

19:14:24.666 [AsyncHttpClient-1-2] DEBUG org.asynchttpclient.netty.channel.ChannelManager - Adding key: http://localhost:58065 for channel [id: 0x5c6caa85, L:/127.0.0.1:51715 - R:localhost/127.0.0.1:58065]
19:14:24.745 [main] DEBUG net.serenitybdd.core.photography.Darkroom - Opening darkroom
19:14:24.749 [Forwarding screenshot on session e0942b18ce45948004ac6a1b12921628 to remote] DEBUG org.asynchttpclient.netty.request.NettyRequestSender - Using pooled Channel '[id: 0x5c6caa85, L:/127.0.0.1:51715 - R:localhost/127.0.0.1:58065]' for 'GET' to 'http://localhost:58065/session/e0942b18ce45948004ac6a1b12921628/screenshot'
19:14:24.749 [Forwarding screenshot on session e0942b18ce45948004ac6a1b12921628 to remote] DEBUG org.asynchttpclient.netty.request.NettyRequestSender - Using open Channel [id: 0x5c6caa85, L:/127.0.0.1:51715 - R:localhost/127.0.0.1:58065] for GET '/session/e0942b18ce45948004ac6a1b12921628/screenshot'
19:14:24.752 [Darkroom Processing Line] DEBUG net.serenitybdd.core.photography.DarkroomProcessingLine - Darkroom processing line starting up
19:14:25.478 [AsyncHttpClient-1-2] DEBUG org.asynchttpclient.netty.handler.HttpHandler - 

Request DefaultFullHttpRequest(decodeResult: success, version: HTTP/1.1, content: EmptyByteBufBE)
GET /session/e0942b18ce45948004ac6a1b12921628/screenshot HTTP/1.1
User-Agent: selenium/4.1.2 (java windows)
Cache-Control: no-cache
Content-Type: application/json; charset=utf-8
host: localhost:58065
accept: */*

Response DefaultHttpResponse(decodeResult: success, version: HTTP/1.1)
HTTP/1.1 200 OK
Content-Type: application/json; charset=utf-8
cache-control: no-cache
content-length: 134348

19:14:25.485 [AsyncHttpClient-1-2] DEBUG org.asynchttpclient.netty.channel.ChannelManager - Adding key: http://localhost:58065 for channel [id: 0x5c6caa85, L:/127.0.0.1:51715 - R:localhost/127.0.0.1:58065]
19:14:25.500 [AsyncHttpClient-1-1] DEBUG org.asynchttpclient.netty.channel.DefaultChannelPool - Entry count for : http://localhost:58065 : 1
19:14:25.501 [AsyncHttpClient-1-1] DEBUG org.asynchttpclient.netty.channel.DefaultChannelPool - Entry count for : http://localhost:51717 : 1
19:14:25.954 [main] DEBUG net.serenitybdd.core.photography.Darkroom - Send negative for processing for target\site\serenity\b0ec30c3c913928bf625574d4f19d1dafc5aa14bbd85902f410928dc1921ba12.png
19:14:25.955 [Darkroom Processing Line] DEBUG net.serenitybdd.core.photography.DarkroomProcessingLine - Processing screenshot image in /var/screenshots/screenshot-3497813307310836294
19:14:25.956 [Darkroom Processing Line] DEBUG net.serenitybdd.core.photography.DarkroomProcessingLine - Saving screenshot to target\site\serenity\b0ec30c3c913928bf625574d4f19d1dafc5aa14bbd85902f410928dc1921ba12.png
19:14:25.973 [main] DEBUG net.thucydides.core.steps.StepInterceptor - STEP DONE: openPageHome
  &amp#27;[32mGiven &amp#27;[0m&amp#27;[32mI am on Home page&amp#27;[0m                                                           &amp#27;[90m# starter.stepdefinition.GoLoginStep.onHomePage()&amp#27;[0m
19:14:26.041 [Forwarding screenshot on session e0942b18ce45948004ac6a1b12921628 to remote] DEBUG org.asynchttpclient.netty.request.NettyRequestSender - Using pooled Channel '[id: 0x5c6caa85, L:/127.0.0.1:51715 - R:localhost/127.0.0.1:58065]' for 'GET' to 'http://localhost:58065/session/e0942b18ce45948004ac6a1b12921628/screenshot'
19:14:26.041 [Forwarding screenshot on session e0942b18ce45948004ac6a1b12921628 to remote] DEBUG org.asynchttpclient.netty.request.NettyRequestSender - Using open Channel [id: 0x5c6caa85, L:/127.0.0.1:51715 - R:localhost/127.0.0.1:58065] for GET '/session/e0942b18ce45948004ac6a1b12921628/screenshot'
19:14:26.272 [AsyncHttpClient-1-2] DEBUG org.asynchttpclient.netty.handler.HttpHandler - 

Request DefaultFullHttpRequest(decodeResult: success, version: HTTP/1.1, content: EmptyByteBufBE)
GET /session/e0942b18ce45948004ac6a1b12921628/screenshot HTTP/1.1
User-Agent: selenium/4.1.2 (java windows)
Cache-Control: no-cache
Content-Type: application/json; charset=utf-8
host: localhost:58065
accept: */*

Response DefaultHttpResponse(decodeResult: success, version: HTTP/1.1)
HTTP/1.1 200 OK
Content-Type: application/json; charset=utf-8
cache-control: no-cache
content-length: 165060

19:14:26.276 [AsyncHttpClient-1-2] DEBUG org.asynchttpclient.netty.channel.ChannelManager - Adding key: http://localhost:58065 for channel [id: 0x5c6caa85, L:/127.0.0.1:51715 - R:localhost/127.0.0.1:58065]
19:14:26.286 [main] DEBUG net.serenitybdd.core.photography.Darkroom - Send negative for processing for target\site\serenity\9d6a2bc55c304c8b8077d050e41bbd0b96a07f5da1afa1b659e61f18ad855537.png
19:14:26.287 [Darkroom Processing Line] DEBUG net.serenitybdd.core.photography.DarkroomProcessingLine - Processing screenshot image in /var/screenshots/screenshot-2889253022878469662
19:14:26.287 [Darkroom Processing Line] DEBUG net.serenitybdd.core.photography.DarkroomProcessingLine - Saving screenshot to target\site\serenity\9d6a2bc55c304c8b8077d050e41bbd0b96a07f5da1afa1b659e61f18ad855537.png
19:14:26.312 [main] DEBUG net.thucydides.core.steps.StepInterceptor - STARTING STEP: GoLoginStep.clickBookStoreApplication - clickBookStoreApplication
19:14:26.357 [Forwarding findElement on session e0942b18ce45948004ac6a1b12921628 to remote] DEBUG org.asynchttpclient.netty.request.NettyRequestSender - Using pooled Channel '[id: 0x5c6caa85, L:/127.0.0.1:51715 - R:localhost/127.0.0.1:58065]' for 'POST' to 'http://localhost:58065/session/e0942b18ce45948004ac6a1b12921628/element'
19:14:26.358 [Forwarding findElement on session e0942b18ce45948004ac6a1b12921628 to remote] DEBUG org.asynchttpclient.netty.request.NettyRequestSender - Using open Channel [id: 0x5c6caa85, L:/127.0.0.1:51715 - R:localhost/127.0.0.1:58065] for POST '/session/e0942b18ce45948004ac6a1b12921628/element'
19:14:26.429 [AsyncHttpClient-1-2] DEBUG org.asynchttpclient.netty.handler.HttpHandler - 

Request DefaultHttpRequest(decodeResult: success, version: HTTP/1.1)
POST /session/e0942b18ce45948004ac6a1b12921628/element HTTP/1.1
User-Agent: selenium/4.1.2 (java windows)
Content-Length: 101
Content-Type: application/json; charset=utf-8
host: localhost:58065
accept: */*

Response DefaultHttpResponse(decodeResult: success, version: HTTP/1.1)
HTTP/1.1 200 OK
Content-Type: application/json; charset=utf-8
cache-control: no-cache
content-length: 88

19:14:26.430 [AsyncHttpClient-1-2] DEBUG org.asynchttpclient.netty.channel.ChannelManager - Adding key: http://localhost:58065 for channel [id: 0x5c6caa85, L:/127.0.0.1:51715 - R:localhost/127.0.0.1:58065]
19:14:26.438 [Forwarding getElementTagName on session e0942b18ce45948004ac6a1b12921628 to remote] DEBUG org.asynchttpclient.netty.request.NettyRequestSender - Using pooled Channel '[id: 0x5c6caa85, L:/127.0.0.1:51715 - R:localhost/127.0.0.1:58065]' for 'GET' to 'http://localhost:58065/session/e0942b18ce45948004ac6a1b12921628/element/6f0889d5-03f7-42e1-9661-752f733b6b86/name'
19:14:26.438 [Forwarding getElementTagName on session e0942b18ce45948004ac6a1b12921628 to remote] DEBUG org.asynchttpclient.netty.request.NettyRequestSender - Using open Channel [id: 0x5c6caa85, L:/127.0.0.1:51715 - R:localhost/127.0.0.1:58065] for GET '/session/e0942b18ce45948004ac6a1b12921628/element/6f0889d5-03f7-42e1-9661-752f733b6b86/name'
19:14:26.448 [AsyncHttpClient-1-2] DEBUG org.asynchttpclient.netty.handler.HttpHandler - 

Request DefaultFullHttpRequest(decodeResult: success, version: HTTP/1.1, content: EmptyByteBufBE)
GET /session/e0942b18ce45948004ac6a1b12921628/element/6f0889d5-03f7-42e1-9661-752f733b6b86/name HTTP/1.1
User-Agent: selenium/4.1.2 (java windows)
Cache-Control: no-cache
Content-Type: application/json; charset=utf-8
host: localhost:58065
accept: */*

Response DefaultHttpResponse(decodeResult: success, version: HTTP/1.1)
HTTP/1.1 200 OK
Content-Type: application/json; charset=utf-8
cache-control: no-cache
content-length: 15

19:14:26.449 [AsyncHttpClient-1-2] DEBUG org.asynchttpclient.netty.channel.ChannelManager - Adding key: http://localhost:58065 for channel [id: 0x5c6caa85, L:/127.0.0.1:51715 - R:localhost/127.0.0.1:58065]
19:14:26.452 [Forwarding getElementTagName on session e0942b18ce45948004ac6a1b12921628 to remote] DEBUG org.asynchttpclient.netty.request.NettyRequestSender - Using pooled Channel '[id: 0x5c6caa85, L:/127.0.0.1:51715 - R:localhost/127.0.0.1:58065]' for 'GET' to 'http://localhost:58065/session/e0942b18ce45948004ac6a1b12921628/element/6f0889d5-03f7-42e1-9661-752f733b6b86/name'
19:14:26.452 [Forwarding getElementTagName on session e0942b18ce45948004ac6a1b12921628 to remote] DEBUG org.asynchttpclient.netty.request.NettyRequestSender - Using open Channel [id: 0x5c6caa85, L:/127.0.0.1:51715 - R:localhost/127.0.0.1:58065] for GET '/session/e0942b18ce45948004ac6a1b12921628/element/6f0889d5-03f7-42e1-9661-752f733b6b86/name'
19:14:26.460 [AsyncHttpClient-1-2] DEBUG org.asynchttpclient.netty.handler.HttpHandler - 

Request DefaultFullHttpRequest(decodeResult: success, version: HTTP/1.1, content: EmptyByteBufBE)
GET /session/e0942b18ce45948004ac6a1b12921628/element/6f0889d5-03f7-42e1-9661-752f733b6b86/name HTTP/1.1
User-Agent: selenium/4.1.2 (java windows)
Cache-Control: no-cache
Content-Type: application/json; charset=utf-8
host: localhost:58065
accept: */*

Response DefaultHttpResponse(decodeResult: success, version: HTTP/1.1)
HTTP/1.1 200 OK
Content-Type: application/json; charset=utf-8
cache-control: no-cache
content-length: 15

19:14:26.460 [AsyncHttpClient-1-2] DEBUG org.asynchttpclient.netty.channel.ChannelManager - Adding key: http://localhost:58065 for channel [id: 0x5c6caa85, L:/127.0.0.1:51715 - R:localhost/127.0.0.1:58065]
19:14:26.465 [Forwarding findElement on session e0942b18ce45948004ac6a1b12921628 to remote] DEBUG org.asynchttpclient.netty.request.NettyRequestSender - Using pooled Channel '[id: 0x5c6caa85, L:/127.0.0.1:51715 - R:localhost/127.0.0.1:58065]' for 'POST' to 'http://localhost:58065/session/e0942b18ce45948004ac6a1b12921628/element'
19:14:26.465 [Forwarding findElement on session e0942b18ce45948004ac6a1b12921628 to remote] DEBUG org.asynchttpclient.netty.request.NettyRequestSender - Using open Channel [id: 0x5c6caa85, L:/127.0.0.1:51715 - R:localhost/127.0.0.1:58065] for POST '/session/e0942b18ce45948004ac6a1b12921628/element'
19:14:26.476 [AsyncHttpClient-1-2] DEBUG org.asynchttpclient.netty.handler.HttpHandler - 

Request DefaultHttpRequest(decodeResult: success, version: HTTP/1.1)
POST /session/e0942b18ce45948004ac6a1b12921628/element HTTP/1.1
User-Agent: selenium/4.1.2 (java windows)
Content-Length: 101
Content-Type: application/json; charset=utf-8
host: localhost:58065
accept: */*

Response DefaultHttpResponse(decodeResult: success, version: HTTP/1.1)
HTTP/1.1 200 OK
Content-Type: application/json; charset=utf-8
cache-control: no-cache
content-length: 88

19:14:26.477 [AsyncHttpClient-1-2] DEBUG org.asynchttpclient.netty.channel.ChannelManager - Adding key: http://localhost:58065 for channel [id: 0x5c6caa85, L:/127.0.0.1:51715 - R:localhost/127.0.0.1:58065]
19:14:26.479 [Forwarding clickElement on session e0942b18ce45948004ac6a1b12921628 to remote] DEBUG org.asynchttpclient.netty.request.NettyRequestSender - Using pooled Channel '[id: 0x5c6caa85, L:/127.0.0.1:51715 - R:localhost/127.0.0.1:58065]' for 'POST' to 'http://localhost:58065/session/e0942b18ce45948004ac6a1b12921628/element/6f0889d5-03f7-42e1-9661-752f733b6b86/click'
19:14:26.480 [Forwarding clickElement on session e0942b18ce45948004ac6a1b12921628 to remote] DEBUG org.asynchttpclient.netty.request.NettyRequestSender - Using open Channel [id: 0x5c6caa85, L:/127.0.0.1:51715 - R:localhost/127.0.0.1:58065] for POST '/session/e0942b18ce45948004ac6a1b12921628/element/6f0889d5-03f7-42e1-9661-752f733b6b86/click'
19:14:26.596 [AsyncHttpClient-1-1] DEBUG org.asynchttpclient.netty.channel.DefaultChannelPool - Entry count for : http://localhost:51717 : 1
19:14:26.724 [AsyncHttpClient-1-2] DEBUG org.asynchttpclient.netty.handler.HttpHandler - 

Request DefaultHttpRequest(decodeResult: success, version: HTTP/1.1)
POST /session/e0942b18ce45948004ac6a1b12921628/element/6f0889d5-03f7-42e1-9661-752f733b6b86/click HTTP/1.1
User-Agent: selenium/4.1.2 (java windows)
Content-Length: 50
Content-Type: application/json; charset=utf-8
host: localhost:58065
accept: */*

Response DefaultHttpResponse(decodeResult: success, version: HTTP/1.1)
HTTP/1.1 200 OK
Content-Type: application/json; charset=utf-8
cache-control: no-cache
content-length: 14

19:14:26.725 [AsyncHttpClient-1-2] DEBUG org.asynchttpclient.netty.channel.ChannelManager - Adding key: http://localhost:58065 for channel [id: 0x5c6caa85, L:/127.0.0.1:51715 - R:localhost/127.0.0.1:58065]
19:14:26.751 [Forwarding screenshot on session e0942b18ce45948004ac6a1b12921628 to remote] DEBUG org.asynchttpclient.netty.request.NettyRequestSender - Using pooled Channel '[id: 0x5c6caa85, L:/127.0.0.1:51715 - R:localhost/127.0.0.1:58065]' for 'GET' to 'http://localhost:58065/session/e0942b18ce45948004ac6a1b12921628/screenshot'
19:14:26.751 [Forwarding screenshot on session e0942b18ce45948004ac6a1b12921628 to remote] DEBUG org.asynchttpclient.netty.request.NettyRequestSender - Using open Channel [id: 0x5c6caa85, L:/127.0.0.1:51715 - R:localhost/127.0.0.1:58065] for GET '/session/e0942b18ce45948004ac6a1b12921628/screenshot'
19:14:27.144 [AsyncHttpClient-1-2] DEBUG org.asynchttpclient.netty.handler.HttpHandler - 

Request DefaultFullHttpRequest(decodeResult: success, version: HTTP/1.1, content: EmptyByteBufBE)
GET /session/e0942b18ce45948004ac6a1b12921628/screenshot HTTP/1.1
User-Agent: selenium/4.1.2 (java windows)
Cache-Control: no-cache
Content-Type: application/json; charset=utf-8
host: localhost:58065
accept: */*

Response DefaultHttpResponse(decodeResult: success, version: HTTP/1.1)
HTTP/1.1 200 OK
Content-Type: application/json; charset=utf-8
cache-control: no-cache
content-length: 166756

19:14:27.147 [AsyncHttpClient-1-2] DEBUG org.asynchttpclient.netty.channel.ChannelManager - Adding key: http://localhost:58065 for channel [id: 0x5c6caa85, L:/127.0.0.1:51715 - R:localhost/127.0.0.1:58065]
19:14:27.167 [main] DEBUG net.serenitybdd.core.photography.Darkroom - Send negative for processing for target\site\serenity\2701d471f0ee85f89ef8f3f6823f2f1d6355cee3af61888ba7a0cf6de9904026.png
19:14:27.168 [main] DEBUG net.thucydides.core.steps.StepInterceptor - STEP DONE: clickBookStoreApplication
19:14:27.168 [Darkroom Processing Line] DEBUG net.serenitybdd.core.photography.DarkroomProcessingLine - Processing screenshot image in /var/screenshots/screenshot-3709252022151856909
19:14:27.168 [Darkroom Processing Line] DEBUG net.serenitybdd.core.photography.DarkroomProcessingLine - Saving screenshot to target\site\serenity\2701d471f0ee85f89ef8f3f6823f2f1d6355cee3af61888ba7a0cf6de9904026.png
19:14:27.187 [main] DEBUG net.thucydides.core.steps.StepInterceptor - STARTING STEP: GoLoginStep.clickBookStoreApplication - validateOnBooksPage
19:14:27.193 [Forwarding findElement on session e0942b18ce45948004ac6a1b12921628 to remote] DEBUG org.asynchttpclient.netty.request.NettyRequestSender - Using pooled Channel '[id: 0x5c6caa85, L:/127.0.0.1:51715 - R:localhost/127.0.0.1:58065]' for 'POST' to 'http://localhost:58065/session/e0942b18ce45948004ac6a1b12921628/element'
19:14:27.193 [Forwarding findElement on session e0942b18ce45948004ac6a1b12921628 to remote] DEBUG org.asynchttpclient.netty.request.NettyRequestSender - Using open Channel [id: 0x5c6caa85, L:/127.0.0.1:51715 - R:localhost/127.0.0.1:58065] for POST '/session/e0942b18ce45948004ac6a1b12921628/element'
19:14:27.198 [AsyncHttpClient-1-2] DEBUG org.asynchttpclient.netty.handler.HttpHandler - 

Request DefaultHttpRequest(decodeResult: success, version: HTTP/1.1)
POST /session/e0942b18ce45948004ac6a1b12921628/element HTTP/1.1
User-Agent: selenium/4.1.2 (java windows)
Content-Length: 48
Content-Type: application/json; charset=utf-8
host: localhost:58065
accept: */*

Response DefaultHttpResponse(decodeResult: success, version: HTTP/1.1)
HTTP/1.1 400 Bad Request
Content-Type: application/json; charset=utf-8
cache-control: no-cache
content-length: 959

19:14:27.198 [AsyncHttpClient-1-2] DEBUG org.asynchttpclient.netty.channel.ChannelManager - Adding key: http://localhost:58065 for channel [id: 0x5c6caa85, L:/127.0.0.1:51715 - R:localhost/127.0.0.1:58065]
19:14:27.226 [Forwarding findElement on session e0942b18ce45948004ac6a1b12921628 to remote] DEBUG org.asynchttpclient.netty.request.NettyRequestSender - Using pooled Channel '[id: 0x5c6caa85, L:/127.0.0.1:51715 - R:localhost/127.0.0.1:58065]' for 'POST' to 'http://localhost:58065/session/e0942b18ce45948004ac6a1b12921628/element'
19:14:27.227 [Forwarding findElement on session e0942b18ce45948004ac6a1b12921628 to remote] DEBUG org.asynchttpclient.netty.request.NettyRequestSender - Using open Channel [id: 0x5c6caa85, L:/127.0.0.1:51715 - R:localhost/127.0.0.1:58065] for POST '/session/e0942b18ce45948004ac6a1b12921628/element'
19:14:27.247 [AsyncHttpClient-1-2] DEBUG org.asynchttpclient.netty.handler.HttpHandler - 

Request DefaultHttpRequest(decodeResult: success, version: HTTP/1.1)
POST /session/e0942b18ce45948004ac6a1b12921628/element HTTP/1.1
User-Agent: selenium/4.1.2 (java windows)
Content-Length: 58
Content-Type: application/json; charset=utf-8
host: localhost:58065
accept: */*

Response DefaultHttpResponse(decodeResult: success, version: HTTP/1.1)
HTTP/1.1 200 OK
Content-Type: application/json; charset=utf-8
cache-control: no-cache
content-length: 88

19:14:27.248 [AsyncHttpClient-1-2] DEBUG org.asynchttpclient.netty.channel.ChannelManager - Adding key: http://localhost:58065 for channel [id: 0x5c6caa85, L:/127.0.0.1:51715 - R:localhost/127.0.0.1:58065]
19:14:27.268 [Forwarding isElementDisplayed on session e0942b18ce45948004ac6a1b12921628 to remote] DEBUG org.asynchttpclient.netty.request.NettyRequestSender - Using pooled Channel '[id: 0x5c6caa85, L:/127.0.0.1:51715 - R:localhost/127.0.0.1:58065]' for 'POST' to 'http://localhost:58065/session/e0942b18ce45948004ac6a1b12921628/execute/sync'
19:14:27.269 [Forwarding isElementDisplayed on session e0942b18ce45948004ac6a1b12921628 to remote] DEBUG org.asynchttpclient.netty.request.NettyRequestSender - Using open Channel [id: 0x5c6caa85, L:/127.0.0.1:51715 - R:localhost/127.0.0.1:58065] for POST '/session/e0942b18ce45948004ac6a1b12921628/execute/sync'
19:14:27.584 [AsyncHttpClient-1-2] DEBUG org.asynchttpclient.netty.handler.HttpHandler - 

Request DefaultHttpRequest(decodeResult: success, version: HTTP/1.1)
POST /session/e0942b18ce45948004ac6a1b12921628/execute/sync HTTP/1.1
User-Agent: selenium/4.1.2 (java windows)
Content-Length: 48780
Content-Type: application/json; charset=utf-8
host: localhost:58065
accept: */*

Response DefaultHttpResponse(decodeResult: success, version: HTTP/1.1)
HTTP/1.1 200 OK
Content-Type: application/json; charset=utf-8
cache-control: no-cache
content-length: 14

19:14:27.585 [AsyncHttpClient-1-2] DEBUG org.asynchttpclient.netty.channel.ChannelManager - Adding key: http://localhost:58065 for channel [id: 0x5c6caa85, L:/127.0.0.1:51715 - R:localhost/127.0.0.1:58065]
19:14:27.603 [Forwarding screenshot on session e0942b18ce45948004ac6a1b12921628 to remote] DEBUG org.asynchttpclient.netty.request.NettyRequestSender - Using pooled Channel '[id: 0x5c6caa85, L:/127.0.0.1:51715 - R:localhost/127.0.0.1:58065]' for 'GET' to 'http://localhost:58065/session/e0942b18ce45948004ac6a1b12921628/screenshot'
19:14:27.603 [Forwarding screenshot on session e0942b18ce45948004ac6a1b12921628 to remote] DEBUG org.asynchttpclient.netty.request.NettyRequestSender - Using open Channel [id: 0x5c6caa85, L:/127.0.0.1:51715 - R:localhost/127.0.0.1:58065] for GET '/session/e0942b18ce45948004ac6a1b12921628/screenshot'
19:14:27.693 [AsyncHttpClient-1-1] DEBUG org.asynchttpclient.netty.channel.DefaultChannelPool - Entry count for : http://localhost:51717 : 1
19:14:27.918 [AsyncHttpClient-1-2] DEBUG org.asynchttpclient.netty.handler.HttpHandler - 

Request DefaultFullHttpRequest(decodeResult: success, version: HTTP/1.1, content: EmptyByteBufBE)
GET /session/e0942b18ce45948004ac6a1b12921628/screenshot HTTP/1.1
User-Agent: selenium/4.1.2 (java windows)
Cache-Control: no-cache
Content-Type: application/json; charset=utf-8
host: localhost:58065
accept: */*

Response DefaultHttpResponse(decodeResult: success, version: HTTP/1.1)
HTTP/1.1 200 OK
Content-Type: application/json; charset=utf-8
cache-control: no-cache
content-length: 220584

19:14:27.924 [AsyncHttpClient-1-2] DEBUG org.asynchttpclient.netty.channel.ChannelManager - Adding key: http://localhost:58065 for channel [id: 0x5c6caa85, L:/127.0.0.1:51715 - R:localhost/127.0.0.1:58065]
19:14:27.938 [main] DEBUG net.serenitybdd.core.photography.Darkroom - Send negative for processing for target\site\serenity\9896236cdf14e0cf5b9f23d7e9aa559ff476bea8231492ccfc3e586fe3058a8e.png
19:14:27.939 [main] DEBUG net.thucydides.core.steps.StepInterceptor - STEP DONE: validateOnBooksPage
19:14:27.939 [Darkroom Processing Line] DEBUG net.serenitybdd.core.photography.DarkroomProcessingLine - Processing screenshot image in /var/screenshots/screenshot-18399051400546320279
  &amp#27;[32mWhen &amp#27;[0m&amp#27;[32mI click Book Store Application&amp#27;[0m                                               &amp#27;[90m# starter.stepdefinition.GoLoginStep.clickBookStoreApplication()&amp#27;[0m
19:14:27.939 [Darkroom Processing Line] DEBUG net.serenitybdd.core.photography.DarkroomProcessingLine - Saving screenshot to target\site\serenity\9896236cdf14e0cf5b9f23d7e9aa559ff476bea8231492ccfc3e586fe3058a8e.png
19:14:27.977 [main] DEBUG net.thucydides.core.steps.StepInterceptor - STARTING STEP: GoLoginStep.clickLoginButtonForGoToTheLoginPage - clickLoginButton
19:14:27.989 [Forwarding findElement on session e0942b18ce45948004ac6a1b12921628 to remote] DEBUG org.asynchttpclient.netty.request.NettyRequestSender - Using pooled Channel '[id: 0x5c6caa85, L:/127.0.0.1:51715 - R:localhost/127.0.0.1:58065]' for 'POST' to 'http://localhost:58065/session/e0942b18ce45948004ac6a1b12921628/element'
19:14:27.989 [Forwarding findElement on session e0942b18ce45948004ac6a1b12921628 to remote] DEBUG org.asynchttpclient.netty.request.NettyRequestSender - Using open Channel [id: 0x5c6caa85, L:/127.0.0.1:51715 - R:localhost/127.0.0.1:58065] for POST '/session/e0942b18ce45948004ac6a1b12921628/element'
19:14:28.016 [AsyncHttpClient-1-2] DEBUG org.asynchttpclient.netty.handler.HttpHandler - 

Request DefaultHttpRequest(decodeResult: success, version: HTTP/1.1)
POST /session/e0942b18ce45948004ac6a1b12921628/element HTTP/1.1
User-Agent: selenium/4.1.2 (java windows)
Content-Length: 50
Content-Type: application/json; charset=utf-8
host: localhost:58065
accept: */*

Response DefaultHttpResponse(decodeResult: success, version: HTTP/1.1)
HTTP/1.1 200 OK
Content-Type: application/json; charset=utf-8
cache-control: no-cache
content-length: 88

19:14:28.017 [AsyncHttpClient-1-2] DEBUG org.asynchttpclient.netty.channel.ChannelManager - Adding key: http://localhost:58065 for channel [id: 0x5c6caa85, L:/127.0.0.1:51715 - R:localhost/127.0.0.1:58065]
19:14:28.021 [Forwarding getElementTagName on session e0942b18ce45948004ac6a1b12921628 to remote] DEBUG org.asynchttpclient.netty.request.NettyRequestSender - Using pooled Channel '[id: 0x5c6caa85, L:/127.0.0.1:51715 - R:localhost/127.0.0.1:58065]' for 'GET' to 'http://localhost:58065/session/e0942b18ce45948004ac6a1b12921628/element/3e87e4c6-3e17-4bcb-a8bb-485d26353b61/name'
19:14:28.021 [Forwarding getElementTagName on session e0942b18ce45948004ac6a1b12921628 to remote] DEBUG org.asynchttpclient.netty.request.NettyRequestSender - Using open Channel [id: 0x5c6caa85, L:/127.0.0.1:51715 - R:localhost/127.0.0.1:58065] for GET '/session/e0942b18ce45948004ac6a1b12921628/element/3e87e4c6-3e17-4bcb-a8bb-485d26353b61/name'
19:14:28.028 [AsyncHttpClient-1-2] DEBUG org.asynchttpclient.netty.handler.HttpHandler - 

Request DefaultFullHttpRequest(decodeResult: success, version: HTTP/1.1, content: EmptyByteBufBE)
GET /session/e0942b18ce45948004ac6a1b12921628/element/3e87e4c6-3e17-4bcb-a8bb-485d26353b61/name HTTP/1.1
User-Agent: selenium/4.1.2 (java windows)
Cache-Control: no-cache
Content-Type: application/json; charset=utf-8
host: localhost:58065
accept: */*

Response DefaultHttpResponse(decodeResult: success, version: HTTP/1.1)
HTTP/1.1 200 OK
Content-Type: application/json; charset=utf-8
cache-control: no-cache
content-length: 18

19:14:28.029 [AsyncHttpClient-1-2] DEBUG org.asynchttpclient.netty.channel.ChannelManager - Adding key: http://localhost:58065 for channel [id: 0x5c6caa85, L:/127.0.0.1:51715 - R:localhost/127.0.0.1:58065]
19:14:28.032 [Forwarding getElementTagName on session e0942b18ce45948004ac6a1b12921628 to remote] DEBUG org.asynchttpclient.netty.request.NettyRequestSender - Using pooled Channel '[id: 0x5c6caa85, L:/127.0.0.1:51715 - R:localhost/127.0.0.1:58065]' for 'GET' to 'http://localhost:58065/session/e0942b18ce45948004ac6a1b12921628/element/3e87e4c6-3e17-4bcb-a8bb-485d26353b61/name'
19:14:28.032 [Forwarding getElementTagName on session e0942b18ce45948004ac6a1b12921628 to remote] DEBUG org.asynchttpclient.netty.request.NettyRequestSender - Using open Channel [id: 0x5c6caa85, L:/127.0.0.1:51715 - R:localhost/127.0.0.1:58065] for GET '/session/e0942b18ce45948004ac6a1b12921628/element/3e87e4c6-3e17-4bcb-a8bb-485d26353b61/name'
19:14:28.040 [AsyncHttpClient-1-2] DEBUG org.asynchttpclient.netty.handler.HttpHandler - 

Request DefaultFullHttpRequest(decodeResult: success, version: HTTP/1.1, content: EmptyByteBufBE)
GET /session/e0942b18ce45948004ac6a1b12921628/element/3e87e4c6-3e17-4bcb-a8bb-485d26353b61/name HTTP/1.1
User-Agent: selenium/4.1.2 (java windows)
Cache-Control: no-cache
Content-Type: application/json; charset=utf-8
host: localhost:58065
accept: */*

Response DefaultHttpResponse(decodeResult: success, version: HTTP/1.1)
HTTP/1.1 200 OK
Content-Type: application/json; charset=utf-8
cache-control: no-cache
content-length: 18

19:14:28.041 [AsyncHttpClient-1-2] DEBUG org.asynchttpclient.netty.channel.ChannelManager - Adding key: http://localhost:58065 for channel [id: 0x5c6caa85, L:/127.0.0.1:51715 - R:localhost/127.0.0.1:58065]
19:14:28.053 [Forwarding isElementEnabled on session e0942b18ce45948004ac6a1b12921628 to remote] DEBUG org.asynchttpclient.netty.request.NettyRequestSender - Using pooled Channel '[id: 0x5c6caa85, L:/127.0.0.1:51715 - R:localhost/127.0.0.1:58065]' for 'GET' to 'http://localhost:58065/session/e0942b18ce45948004ac6a1b12921628/element/3e87e4c6-3e17-4bcb-a8bb-485d26353b61/enabled'
19:14:28.053 [Forwarding isElementEnabled on session e0942b18ce45948004ac6a1b12921628 to remote] DEBUG org.asynchttpclient.netty.request.NettyRequestSender - Using open Channel [id: 0x5c6caa85, L:/127.0.0.1:51715 - R:localhost/127.0.0.1:58065] for GET '/session/e0942b18ce45948004ac6a1b12921628/element/3e87e4c6-3e17-4bcb-a8bb-485d26353b61/enabled'
19:14:28.070 [AsyncHttpClient-1-2] DEBUG org.asynchttpclient.netty.handler.HttpHandler - 

Request DefaultFullHttpRequest(decodeResult: success, version: HTTP/1.1, content: EmptyByteBufBE)
GET /session/e0942b18ce45948004ac6a1b12921628/element/3e87e4c6-3e17-4bcb-a8bb-485d26353b61/enabled HTTP/1.1
User-Agent: selenium/4.1.2 (java windows)
Cache-Control: no-cache
Content-Type: application/json; charset=utf-8
host: localhost:58065
accept: */*

Response DefaultHttpResponse(decodeResult: success, version: HTTP/1.1)
HTTP/1.1 200 OK
Content-Type: application/json; charset=utf-8
cache-control: no-cache
content-length: 14

19:14:28.071 [AsyncHttpClient-1-2] DEBUG org.asynchttpclient.netty.channel.ChannelManager - Adding key: http://localhost:58065 for channel [id: 0x5c6caa85, L:/127.0.0.1:51715 - R:localhost/127.0.0.1:58065]
19:14:28.074 [Forwarding isElementEnabled on session e0942b18ce45948004ac6a1b12921628 to remote] DEBUG org.asynchttpclient.netty.request.NettyRequestSender - Using pooled Channel '[id: 0x5c6caa85, L:/127.0.0.1:51715 - R:localhost/127.0.0.1:58065]' for 'GET' to 'http://localhost:58065/session/e0942b18ce45948004ac6a1b12921628/element/3e87e4c6-3e17-4bcb-a8bb-485d26353b61/enabled'
19:14:28.074 [Forwarding isElementEnabled on session e0942b18ce45948004ac6a1b12921628 to remote] DEBUG org.asynchttpclient.netty.request.NettyRequestSender - Using open Channel [id: 0x5c6caa85, L:/127.0.0.1:51715 - R:localhost/127.0.0.1:58065] for GET '/session/e0942b18ce45948004ac6a1b12921628/element/3e87e4c6-3e17-4bcb-a8bb-485d26353b61/enabled'
19:14:28.084 [AsyncHttpClient-1-2] DEBUG org.asynchttpclient.netty.handler.HttpHandler - 

Request DefaultFullHttpRequest(decodeResult: success, version: HTTP/1.1, content: EmptyByteBufBE)
GET /session/e0942b18ce45948004ac6a1b12921628/element/3e87e4c6-3e17-4bcb-a8bb-485d26353b61/enabled HTTP/1.1
User-Agent: selenium/4.1.2 (java windows)
Cache-Control: no-cache
Content-Type: application/json; charset=utf-8
host: localhost:58065
accept: */*

Response DefaultHttpResponse(decodeResult: success, version: HTTP/1.1)
HTTP/1.1 200 OK
Content-Type: application/json; charset=utf-8
cache-control: no-cache
content-length: 14

19:14:28.084 [AsyncHttpClient-1-2] DEBUG org.asynchttpclient.netty.channel.ChannelManager - Adding key: http://localhost:58065 for channel [id: 0x5c6caa85, L:/127.0.0.1:51715 - R:localhost/127.0.0.1:58065]
19:14:28.089 [Forwarding findElement on session e0942b18ce45948004ac6a1b12921628 to remote] DEBUG org.asynchttpclient.netty.request.NettyRequestSender - Using pooled Channel '[id: 0x5c6caa85, L:/127.0.0.1:51715 - R:localhost/127.0.0.1:58065]' for 'POST' to 'http://localhost:58065/session/e0942b18ce45948004ac6a1b12921628/element'
19:14:28.090 [Forwarding findElement on session e0942b18ce45948004ac6a1b12921628 to remote] DEBUG org.asynchttpclient.netty.request.NettyRequestSender - Using open Channel [id: 0x5c6caa85, L:/127.0.0.1:51715 - R:localhost/127.0.0.1:58065] for POST '/session/e0942b18ce45948004ac6a1b12921628/element'
19:14:28.102 [AsyncHttpClient-1-2] DEBUG org.asynchttpclient.netty.handler.HttpHandler - 

Request DefaultHttpRequest(decodeResult: success, version: HTTP/1.1)
POST /session/e0942b18ce45948004ac6a1b12921628/element HTTP/1.1
User-Agent: selenium/4.1.2 (java windows)
Content-Length: 50
Content-Type: application/json; charset=utf-8
host: localhost:58065
accept: */*

Response DefaultHttpResponse(decodeResult: success, version: HTTP/1.1)
HTTP/1.1 200 OK
Content-Type: application/json; charset=utf-8
cache-control: no-cache
content-length: 88

19:14:28.103 [AsyncHttpClient-1-2] DEBUG org.asynchttpclient.netty.channel.ChannelManager - Adding key: http://localhost:58065 for channel [id: 0x5c6caa85, L:/127.0.0.1:51715 - R:localhost/127.0.0.1:58065]
19:14:28.106 [Forwarding clickElement on session e0942b18ce45948004ac6a1b12921628 to remote] DEBUG org.asynchttpclient.netty.request.NettyRequestSender - Using pooled Channel '[id: 0x5c6caa85, L:/127.0.0.1:51715 - R:localhost/127.0.0.1:58065]' for 'POST' to 'http://localhost:58065/session/e0942b18ce45948004ac6a1b12921628/element/3e87e4c6-3e17-4bcb-a8bb-485d26353b61/click'
19:14:28.107 [Forwarding clickElement on session e0942b18ce45948004ac6a1b12921628 to remote] DEBUG org.asynchttpclient.netty.request.NettyRequestSender - Using open Channel [id: 0x5c6caa85, L:/127.0.0.1:51715 - R:localhost/127.0.0.1:58065] for POST '/session/e0942b18ce45948004ac6a1b12921628/element/3e87e4c6-3e17-4bcb-a8bb-485d26353b61/click'
19:14:28.202 [AsyncHttpClient-1-2] DEBUG org.asynchttpclient.netty.handler.HttpHandler - 

Request DefaultHttpRequest(decodeResult: success, version: HTTP/1.1)
POST /session/e0942b18ce45948004ac6a1b12921628/element/3e87e4c6-3e17-4bcb-a8bb-485d26353b61/click HTTP/1.1
User-Agent: selenium/4.1.2 (java windows)
Content-Length: 50
Content-Type: application/json; charset=utf-8
host: localhost:58065
accept: */*

Response DefaultHttpResponse(decodeResult: success, version: HTTP/1.1)
HTTP/1.1 200 OK
Content-Type: application/json; charset=utf-8
cache-control: no-cache
content-length: 14

19:14:28.202 [AsyncHttpClient-1-2] DEBUG org.asynchttpclient.netty.channel.ChannelManager - Adding key: http://localhost:58065 for channel [id: 0x5c6caa85, L:/127.0.0.1:51715 - R:localhost/127.0.0.1:58065]
19:14:28.220 [Forwarding screenshot on session e0942b18ce45948004ac6a1b12921628 to remote] DEBUG org.asynchttpclient.netty.request.NettyRequestSender - Using pooled Channel '[id: 0x5c6caa85, L:/127.0.0.1:51715 - R:localhost/127.0.0.1:58065]' for 'GET' to 'http://localhost:58065/session/e0942b18ce45948004ac6a1b12921628/screenshot'
19:14:28.220 [Forwarding screenshot on session e0942b18ce45948004ac6a1b12921628 to remote] DEBUG org.asynchttpclient.netty.request.NettyRequestSender - Using open Channel [id: 0x5c6caa85, L:/127.0.0.1:51715 - R:localhost/127.0.0.1:58065] for GET '/session/e0942b18ce45948004ac6a1b12921628/screenshot'
19:14:28.454 [AsyncHttpClient-1-2] DEBUG org.asynchttpclient.netty.handler.HttpHandler - 

Request DefaultFullHttpRequest(decodeResult: success, version: HTTP/1.1, content: EmptyByteBufBE)
GET /session/e0942b18ce45948004ac6a1b12921628/screenshot HTTP/1.1
User-Agent: selenium/4.1.2 (java windows)
Cache-Control: no-cache
Content-Type: application/json; charset=utf-8
host: localhost:58065
accept: */*

Response DefaultHttpResponse(decodeResult: success, version: HTTP/1.1)
HTTP/1.1 200 OK
Content-Type: application/json; charset=utf-8
cache-control: no-cache
content-length: 193328

19:14:28.458 [AsyncHttpClient-1-2] DEBUG org.asynchttpclient.netty.channel.ChannelManager - Adding key: http://localhost:58065 for channel [id: 0x5c6caa85, L:/127.0.0.1:51715 - R:localhost/127.0.0.1:58065]
19:14:28.474 [main] DEBUG net.serenitybdd.core.photography.Darkroom - Send negative for processing for target\site\serenity\529d5fe84adbef204529ac55460a4133d970c649f4dc0d54ae0ac1e422d82748.png
19:14:28.475 [main] DEBUG net.thucydides.core.steps.StepInterceptor - STEP DONE: clickLoginButton
19:14:28.475 [Darkroom Processing Line] DEBUG net.serenitybdd.core.photography.DarkroomProcessingLine - Processing screenshot image in /var/screenshots/screenshot-1991136564718508409
19:14:28.475 [Darkroom Processing Line] DEBUG net.serenitybdd.core.photography.DarkroomProcessingLine - Saving screenshot to target\site\serenity\529d5fe84adbef204529ac55460a4133d970c649f4dc0d54ae0ac1e422d82748.png
  &amp#27;[32mAnd &amp#27;[0m&amp#27;[32mI click login button for go to the login page&amp#27;[0m                                 &amp#27;[90m# starter.stepdefinition.GoLoginStep.clickLoginButtonForGoToTheLoginPage()&amp#27;[0m
19:14:28.528 [Forwarding screenshot on session e0942b18ce45948004ac6a1b12921628 to remote] DEBUG org.asynchttpclient.netty.request.NettyRequestSender - Using pooled Channel '[id: 0x5c6caa85, L:/127.0.0.1:51715 - R:localhost/127.0.0.1:58065]' for 'GET' to 'http://localhost:58065/session/e0942b18ce45948004ac6a1b12921628/screenshot'
19:14:28.529 [Forwarding screenshot on session e0942b18ce45948004ac6a1b12921628 to remote] DEBUG org.asynchttpclient.netty.request.NettyRequestSender - Using open Channel [id: 0x5c6caa85, L:/127.0.0.1:51715 - R:localhost/127.0.0.1:58065] for GET '/session/e0942b18ce45948004ac6a1b12921628/screenshot'
19:14:28.773 [AsyncHttpClient-1-2] DEBUG org.asynchttpclient.netty.handler.HttpHandler - 

Request DefaultFullHttpRequest(decodeResult: success, version: HTTP/1.1, content: EmptyByteBufBE)
GET /session/e0942b18ce45948004ac6a1b12921628/screenshot HTTP/1.1
User-Agent: selenium/4.1.2 (java windows)
Cache-Control: no-cache
Content-Type: application/json; charset=utf-8
host: localhost:58065
accept: */*

Response DefaultHttpResponse(decodeResult: success, version: HTTP/1.1)
HTTP/1.1 200 OK
Content-Type: application/json; charset=utf-8
cache-control: no-cache
content-length: 193684

19:14:28.776 [AsyncHttpClient-1-2] DEBUG org.asynchttpclient.netty.channel.ChannelManager - Adding key: http://localhost:58065 for channel [id: 0x5c6caa85, L:/127.0.0.1:51715 - R:localhost/127.0.0.1:58065]
19:14:28.789 [main] DEBUG net.serenitybdd.core.photography.Darkroom - Send negative for processing for target\site\serenity\3df7cfc87d82ad414f48c83c31922d6964653171d281f0749398e3be6e8cf005.png
19:14:28.790 [Darkroom Processing Line] DEBUG net.serenitybdd.core.photography.DarkroomProcessingLine - Processing screenshot image in /var/screenshots/screenshot-18402205888012420744
19:14:28.790 [Darkroom Processing Line] DEBUG net.serenitybdd.core.photography.DarkroomProcessingLine - Saving screenshot to target\site\serenity\3df7cfc87d82ad414f48c83c31922d6964653171d281f0749398e3be6e8cf005.png
19:14:28.790 [main] DEBUG net.thucydides.core.steps.StepInterceptor - STARTING STEP: GoLoginStep.onLoginPage - validateOnLoginPage
19:14:28.792 [AsyncHttpClient-1-1] DEBUG org.asynchttpclient.netty.channel.DefaultChannelPool - Entry count for : http://localhost:58065 : 1
19:14:28.793 [AsyncHttpClient-1-1] DEBUG org.asynchttpclient.netty.channel.DefaultChannelPool - Entry count for : http://localhost:51717 : 1
19:14:28.800 [Forwarding findElement on session e0942b18ce45948004ac6a1b12921628 to remote] DEBUG org.asynchttpclient.netty.request.NettyRequestSender - Using pooled Channel '[id: 0x5c6caa85, L:/127.0.0.1:51715 - R:localhost/127.0.0.1:58065]' for 'POST' to 'http://localhost:58065/session/e0942b18ce45948004ac6a1b12921628/element'
19:14:28.800 [Forwarding findElement on session e0942b18ce45948004ac6a1b12921628 to remote] DEBUG org.asynchttpclient.netty.request.NettyRequestSender - Using open Channel [id: 0x5c6caa85, L:/127.0.0.1:51715 - R:localhost/127.0.0.1:58065] for POST '/session/e0942b18ce45948004ac6a1b12921628/element'
19:14:28.818 [AsyncHttpClient-1-2] DEBUG org.asynchttpclient.netty.handler.HttpHandler - 

Request DefaultHttpRequest(decodeResult: success, version: HTTP/1.1)
POST /session/e0942b18ce45948004ac6a1b12921628/element HTTP/1.1
User-Agent: selenium/4.1.2 (java windows)
Content-Length: 50
Content-Type: application/json; charset=utf-8
host: localhost:58065
accept: */*

Response DefaultHttpResponse(decodeResult: success, version: HTTP/1.1)
HTTP/1.1 200 OK
Content-Type: application/json; charset=utf-8
cache-control: no-cache
content-length: 88

19:14:28.818 [AsyncHttpClient-1-2] DEBUG org.asynchttpclient.netty.channel.ChannelManager - Adding key: http://localhost:58065 for channel [id: 0x5c6caa85, L:/127.0.0.1:51715 - R:localhost/127.0.0.1:58065]
19:14:28.831 [Forwarding isElementDisplayed on session e0942b18ce45948004ac6a1b12921628 to remote] DEBUG org.asynchttpclient.netty.request.NettyRequestSender - Using pooled Channel '[id: 0x5c6caa85, L:/127.0.0.1:51715 - R:localhost/127.0.0.1:58065]' for 'POST' to 'http://localhost:58065/session/e0942b18ce45948004ac6a1b12921628/execute/sync'
19:14:28.831 [Forwarding isElementDisplayed on session e0942b18ce45948004ac6a1b12921628 to remote] DEBUG org.asynchttpclient.netty.request.NettyRequestSender - Using open Channel [id: 0x5c6caa85, L:/127.0.0.1:51715 - R:localhost/127.0.0.1:58065] for POST '/session/e0942b18ce45948004ac6a1b12921628/execute/sync'
19:14:28.865 [AsyncHttpClient-1-2] DEBUG org.asynchttpclient.netty.handler.HttpHandler - 

Request DefaultHttpRequest(decodeResult: success, version: HTTP/1.1)
POST /session/e0942b18ce45948004ac6a1b12921628/execute/sync HTTP/1.1
User-Agent: selenium/4.1.2 (java windows)
Content-Length: 48780
Content-Type: application/json; charset=utf-8
host: localhost:58065
accept: */*

Response DefaultHttpResponse(decodeResult: success, version: HTTP/1.1)
HTTP/1.1 200 OK
Content-Type: application/json; charset=utf-8
cache-control: no-cache
content-length: 14

19:14:28.866 [AsyncHttpClient-1-2] DEBUG org.asynchttpclient.netty.channel.ChannelManager - Adding key: http://localhost:58065 for channel [id: 0x5c6caa85, L:/127.0.0.1:51715 - R:localhost/127.0.0.1:58065]
19:14:28.885 [Forwarding screenshot on session e0942b18ce45948004ac6a1b12921628 to remote] DEBUG org.asynchttpclient.netty.request.NettyRequestSender - Using pooled Channel '[id: 0x5c6caa85, L:/127.0.0.1:51715 - R:localhost/127.0.0.1:58065]' for 'GET' to 'http://localhost:58065/session/e0942b18ce45948004ac6a1b12921628/screenshot'
19:14:28.885 [Forwarding screenshot on session e0942b18ce45948004ac6a1b12921628 to remote] DEBUG org.asynchttpclient.netty.request.NettyRequestSender - Using open Channel [id: 0x5c6caa85, L:/127.0.0.1:51715 - R:localhost/127.0.0.1:58065] for GET '/session/e0942b18ce45948004ac6a1b12921628/screenshot'
19:14:29.136 [AsyncHttpClient-1-2] DEBUG org.asynchttpclient.netty.handler.HttpHandler - 

Request DefaultFullHttpRequest(decodeResult: success, version: HTTP/1.1, content: EmptyByteBufBE)
GET /session/e0942b18ce45948004ac6a1b12921628/screenshot HTTP/1.1
User-Agent: selenium/4.1.2 (java windows)
Cache-Control: no-cache
Content-Type: application/json; charset=utf-8
host: localhost:58065
accept: */*

Response DefaultHttpResponse(decodeResult: success, version: HTTP/1.1)
HTTP/1.1 200 OK
Content-Type: application/json; charset=utf-8
cache-control: no-cache
content-length: 214216

19:14:29.138 [AsyncHttpClient-1-2] DEBUG org.asynchttpclient.netty.channel.ChannelManager - Adding key: http://localhost:58065 for channel [id: 0x5c6caa85, L:/127.0.0.1:51715 - R:localhost/127.0.0.1:58065]
19:14:29.150 [main] DEBUG net.serenitybdd.core.photography.Darkroom - Send negative for processing for target\site\serenity\4d461b254a5d49be6ef4906f8d4e5dc1ffe69b7eabb98954d3a99acb7b38dad4.png
19:14:29.151 [main] DEBUG net.thucydides.core.steps.StepInterceptor - STEP DONE: validateOnLoginPage
  &amp#27;[32mAnd &amp#27;[0m&amp#27;[32mI am on login page&amp#27;[0m                                                            &amp#27;[90m# starter.stepdefinition.GoLoginStep.onLoginPage()&amp#27;[0m
19:14:29.151 [Darkroom Processing Line] DEBUG net.serenitybdd.core.photography.DarkroomProcessingLine - Processing screenshot image in /var/screenshots/screenshot-4589402700503797173
19:14:29.151 [Darkroom Processing Line] DEBUG net.serenitybdd.core.photography.DarkroomProcessingLine - Saving screenshot to target\site\serenity\4d461b254a5d49be6ef4906f8d4e5dc1ffe69b7eabb98954d3a99acb7b38dad4.png
19:14:29.201 [Forwarding screenshot on session e0942b18ce45948004ac6a1b12921628 to remote] DEBUG org.asynchttpclient.netty.request.NettyRequestSender - Using pooled Channel '[id: 0x5c6caa85, L:/127.0.0.1:51715 - R:localhost/127.0.0.1:58065]' for 'GET' to 'http://localhost:58065/session/e0942b18ce45948004ac6a1b12921628/screenshot'
19:14:29.201 [Forwarding screenshot on session e0942b18ce45948004ac6a1b12921628 to remote] DEBUG org.asynchttpclient.netty.request.NettyRequestSender - Using open Channel [id: 0x5c6caa85, L:/127.0.0.1:51715 - R:localhost/127.0.0.1:58065] for GET '/session/e0942b18ce45948004ac6a1b12921628/screenshot'
19:14:29.498 [AsyncHttpClient-1-2] DEBUG org.asynchttpclient.netty.handler.HttpHandler - 

Request DefaultFullHttpRequest(decodeResult: success, version: HTTP/1.1, content: EmptyByteBufBE)
GET /session/e0942b18ce45948004ac6a1b12921628/screenshot HTTP/1.1
User-Agent: selenium/4.1.2 (java windows)
Cache-Control: no-cache
Content-Type: application/json; charset=utf-8
host: localhost:58065
accept: */*

Response DefaultHttpResponse(decodeResult: success, version: HTTP/1.1)
HTTP/1.1 200 OK
Content-Type: application/json; charset=utf-8
cache-control: no-cache
content-length: 214216

19:14:29.502 [AsyncHttpClient-1-2] DEBUG org.asynchttpclient.netty.channel.ChannelManager - Adding key: http://localhost:58065 for channel [id: 0x5c6caa85, L:/127.0.0.1:51715 - R:localhost/127.0.0.1:58065]
19:14:29.532 [main] DEBUG net.serenitybdd.core.photography.Darkroom - Send negative for processing for target\site\serenity\4d461b254a5d49be6ef4906f8d4e5dc1ffe69b7eabb98954d3a99acb7b38dad4.png
19:14:29.534 [main] DEBUG net.thucydides.core.steps.StepInterceptor - STARTING STEP: GoLoginStep.iInputUsernameAndPassword - inputUserName
19:14:29.545 [Forwarding findElement on session e0942b18ce45948004ac6a1b12921628 to remote] DEBUG org.asynchttpclient.netty.request.NettyRequestSender - Using pooled Channel '[id: 0x5c6caa85, L:/127.0.0.1:51715 - R:localhost/127.0.0.1:58065]' for 'POST' to 'http://localhost:58065/session/e0942b18ce45948004ac6a1b12921628/element'
19:14:29.546 [Forwarding findElement on session e0942b18ce45948004ac6a1b12921628 to remote] DEBUG org.asynchttpclient.netty.request.NettyRequestSender - Using open Channel [id: 0x5c6caa85, L:/127.0.0.1:51715 - R:localhost/127.0.0.1:58065] for POST '/session/e0942b18ce45948004ac6a1b12921628/element'
19:14:29.600 [AsyncHttpClient-1-2] DEBUG org.asynchttpclient.netty.handler.HttpHandler - 

Request DefaultHttpRequest(decodeResult: success, version: HTTP/1.1)
POST /session/e0942b18ce45948004ac6a1b12921628/element HTTP/1.1
User-Agent: selenium/4.1.2 (java windows)
Content-Length: 53
Content-Type: application/json; charset=utf-8
host: localhost:58065
accept: */*

Response DefaultHttpResponse(decodeResult: success, version: HTTP/1.1)
HTTP/1.1 200 OK
Content-Type: application/json; charset=utf-8
cache-control: no-cache
content-length: 88

19:14:29.601 [AsyncHttpClient-1-2] DEBUG org.asynchttpclient.netty.channel.ChannelManager - Adding key: http://localhost:58065 for channel [id: 0x5c6caa85, L:/127.0.0.1:51715 - R:localhost/127.0.0.1:58065]
19:14:29.608 [Forwarding clearElement on session e0942b18ce45948004ac6a1b12921628 to remote] DEBUG org.asynchttpclient.netty.request.NettyRequestSender - Using pooled Channel '[id: 0x5c6caa85, L:/127.0.0.1:51715 - R:localhost/127.0.0.1:58065]' for 'POST' to 'http://localhost:58065/session/e0942b18ce45948004ac6a1b12921628/element/d49f8f4a-5928-4f66-9117-5846c9ef9acd/clear'
19:14:29.608 [Forwarding clearElement on session e0942b18ce45948004ac6a1b12921628 to remote] DEBUG org.asynchttpclient.netty.request.NettyRequestSender - Using open Channel [id: 0x5c6caa85, L:/127.0.0.1:51715 - R:localhost/127.0.0.1:58065] for POST '/session/e0942b18ce45948004ac6a1b12921628/element/d49f8f4a-5928-4f66-9117-5846c9ef9acd/clear'
19:14:29.728 [AsyncHttpClient-1-2] DEBUG org.asynchttpclient.netty.handler.HttpHandler - 

Request DefaultHttpRequest(decodeResult: success, version: HTTP/1.1)
POST /session/e0942b18ce45948004ac6a1b12921628/element/d49f8f4a-5928-4f66-9117-5846c9ef9acd/clear HTTP/1.1
User-Agent: selenium/4.1.2 (java windows)
Content-Length: 50
Content-Type: application/json; charset=utf-8
host: localhost:58065
accept: */*

Response DefaultHttpResponse(decodeResult: success, version: HTTP/1.1)
HTTP/1.1 200 OK
Content-Type: application/json; charset=utf-8
cache-control: no-cache
content-length: 14

19:14:29.729 [AsyncHttpClient-1-2] DEBUG org.asynchttpclient.netty.channel.ChannelManager - Adding key: http://localhost:58065 for channel [id: 0x5c6caa85, L:/127.0.0.1:51715 - R:localhost/127.0.0.1:58065]
19:14:29.743 [Forwarding sendKeysToElement on session e0942b18ce45948004ac6a1b12921628 to remote] DEBUG org.asynchttpclient.netty.request.NettyRequestSender - Using pooled Channel '[id: 0x5c6caa85, L:/127.0.0.1:51715 - R:localhost/127.0.0.1:58065]' for 'POST' to 'http://localhost:58065/session/e0942b18ce45948004ac6a1b12921628/element/d49f8f4a-5928-4f66-9117-5846c9ef9acd/value'
19:14:29.744 [Forwarding sendKeysToElement on session e0942b18ce45948004ac6a1b12921628 to remote] DEBUG org.asynchttpclient.netty.request.NettyRequestSender - Using open Channel [id: 0x5c6caa85, L:/127.0.0.1:51715 - R:localhost/127.0.0.1:58065] for POST '/session/e0942b18ce45948004ac6a1b12921628/element/d49f8f4a-5928-4f66-9117-5846c9ef9acd/value'
19:14:29.892 [AsyncHttpClient-1-1] DEBUG org.asynchttpclient.netty.channel.DefaultChannelPool - Entry count for : http://localhost:51717 : 1
19:14:30.089 [AsyncHttpClient-1-2] DEBUG org.asynchttpclient.netty.handler.HttpHandler - 

Request DefaultHttpRequest(decodeResult: success, version: HTTP/1.1)
POST /session/e0942b18ce45948004ac6a1b12921628/element/d49f8f4a-5928-4f66-9117-5846c9ef9acd/value HTTP/1.1
User-Agent: selenium/4.1.2 (java windows)
Content-Length: 131
Content-Type: application/json; charset=utf-8
host: localhost:58065
accept: */*

Response DefaultHttpResponse(decodeResult: success, version: HTTP/1.1)
HTTP/1.1 200 OK
Content-Type: application/json; charset=utf-8
cache-control: no-cache
content-length: 14

19:14:30.089 [AsyncHttpClient-1-2] DEBUG org.asynchttpclient.netty.channel.ChannelManager - Adding key: http://localhost:58065 for channel [id: 0x5c6caa85, L:/127.0.0.1:51715 - R:localhost/127.0.0.1:58065]
19:14:30.110 [Forwarding screenshot on session e0942b18ce45948004ac6a1b12921628 to remote] DEBUG org.asynchttpclient.netty.request.NettyRequestSender - Using pooled Channel '[id: 0x5c6caa85, L:/127.0.0.1:51715 - R:localhost/127.0.0.1:58065]' for 'GET' to 'http://localhost:58065/session/e0942b18ce45948004ac6a1b12921628/screenshot'
19:14:30.111 [Forwarding screenshot on session e0942b18ce45948004ac6a1b12921628 to remote] DEBUG org.asynchttpclient.netty.request.NettyRequestSender - Using open Channel [id: 0x5c6caa85, L:/127.0.0.1:51715 - R:localhost/127.0.0.1:58065] for GET '/session/e0942b18ce45948004ac6a1b12921628/screenshot'
19:14:30.374 [AsyncHttpClient-1-2] DEBUG org.asynchttpclient.netty.handler.HttpHandler - 

Request DefaultFullHttpRequest(decodeResult: success, version: HTTP/1.1, content: EmptyByteBufBE)
GET /session/e0942b18ce45948004ac6a1b12921628/screenshot HTTP/1.1
User-Agent: selenium/4.1.2 (java windows)
Cache-Control: no-cache
Content-Type: application/json; charset=utf-8
host: localhost:58065
accept: */*

Response DefaultHttpResponse(decodeResult: success, version: HTTP/1.1)
HTTP/1.1 200 OK
Content-Type: application/json; charset=utf-8
cache-control: no-cache
content-length: 213912

19:14:30.377 [AsyncHttpClient-1-2] DEBUG org.asynchttpclient.netty.channel.ChannelManager - Adding key: http://localhost:58065 for channel [id: 0x5c6caa85, L:/127.0.0.1:51715 - R:localhost/127.0.0.1:58065]
19:14:30.391 [main] DEBUG net.serenitybdd.core.photography.Darkroom - Send negative for processing for target\site\serenity\63e29fc34eac3d129491944719d73b2924d71de4251546d8ad2ec1c2da6486b1.png
19:14:30.392 [main] DEBUG net.thucydides.core.steps.StepInterceptor - STEP DONE: inputUserName
19:14:30.392 [Darkroom Processing Line] DEBUG net.serenitybdd.core.photography.DarkroomProcessingLine - Processing screenshot image in /var/screenshots/screenshot-17977075741339696955
19:14:30.392 [Darkroom Processing Line] DEBUG net.serenitybdd.core.photography.DarkroomProcessingLine - Saving screenshot to target\site\serenity\63e29fc34eac3d129491944719d73b2924d71de4251546d8ad2ec1c2da6486b1.png
19:14:30.410 [main] DEBUG net.thucydides.core.steps.StepInterceptor - STARTING STEP: GoLoginStep.iInputUsernameAndPassword - inputPassword
19:14:30.418 [Forwarding findElement on session e0942b18ce45948004ac6a1b12921628 to remote] DEBUG org.asynchttpclient.netty.request.NettyRequestSender - Using pooled Channel '[id: 0x5c6caa85, L:/127.0.0.1:51715 - R:localhost/127.0.0.1:58065]' for 'POST' to 'http://localhost:58065/session/e0942b18ce45948004ac6a1b12921628/element'
19:14:30.419 [Forwarding findElement on session e0942b18ce45948004ac6a1b12921628 to remote] DEBUG org.asynchttpclient.netty.request.NettyRequestSender - Using open Channel [id: 0x5c6caa85, L:/127.0.0.1:51715 - R:localhost/127.0.0.1:58065] for POST '/session/e0942b18ce45948004ac6a1b12921628/element'
19:14:30.443 [AsyncHttpClient-1-2] DEBUG org.asynchttpclient.netty.handler.HttpHandler - 

Request DefaultHttpRequest(decodeResult: success, version: HTTP/1.1)
POST /session/e0942b18ce45948004ac6a1b12921628/element HTTP/1.1
User-Agent: selenium/4.1.2 (java windows)
Content-Length: 53
Content-Type: application/json; charset=utf-8
host: localhost:58065
accept: */*

Response DefaultHttpResponse(decodeResult: success, version: HTTP/1.1)
HTTP/1.1 200 OK
Content-Type: application/json; charset=utf-8
cache-control: no-cache
content-length: 88

19:14:30.443 [AsyncHttpClient-1-2] DEBUG org.asynchttpclient.netty.channel.ChannelManager - Adding key: http://localhost:58065 for channel [id: 0x5c6caa85, L:/127.0.0.1:51715 - R:localhost/127.0.0.1:58065]
19:14:30.447 [Forwarding clearElement on session e0942b18ce45948004ac6a1b12921628 to remote] DEBUG org.asynchttpclient.netty.request.NettyRequestSender - Using pooled Channel '[id: 0x5c6caa85, L:/127.0.0.1:51715 - R:localhost/127.0.0.1:58065]' for 'POST' to 'http://localhost:58065/session/e0942b18ce45948004ac6a1b12921628/element/2b50f713-cd8f-4383-a840-8605b1cc8298/clear'
19:14:30.447 [Forwarding clearElement on session e0942b18ce45948004ac6a1b12921628 to remote] DEBUG org.asynchttpclient.netty.request.NettyRequestSender - Using open Channel [id: 0x5c6caa85, L:/127.0.0.1:51715 - R:localhost/127.0.0.1:58065] for POST '/session/e0942b18ce45948004ac6a1b12921628/element/2b50f713-cd8f-4383-a840-8605b1cc8298/clear'
19:14:30.528 [AsyncHttpClient-1-2] DEBUG org.asynchttpclient.netty.handler.HttpHandler - 

Request DefaultHttpRequest(decodeResult: success, version: HTTP/1.1)
POST /session/e0942b18ce45948004ac6a1b12921628/element/2b50f713-cd8f-4383-a840-8605b1cc8298/clear HTTP/1.1
User-Agent: selenium/4.1.2 (java windows)
Content-Length: 50
Content-Type: application/json; charset=utf-8
host: localhost:58065
accept: */*

Response DefaultHttpResponse(decodeResult: success, version: HTTP/1.1)
HTTP/1.1 200 OK
Content-Type: application/json; charset=utf-8
cache-control: no-cache
content-length: 14

19:14:30.529 [AsyncHttpClient-1-2] DEBUG org.asynchttpclient.netty.channel.ChannelManager - Adding key: http://localhost:58065 for channel [id: 0x5c6caa85, L:/127.0.0.1:51715 - R:localhost/127.0.0.1:58065]
19:14:30.535 [Forwarding sendKeysToElement on session e0942b18ce45948004ac6a1b12921628 to remote] DEBUG org.asynchttpclient.netty.request.NettyRequestSender - Using pooled Channel '[id: 0x5c6caa85, L:/127.0.0.1:51715 - R:localhost/127.0.0.1:58065]' for 'POST' to 'http://localhost:58065/session/e0942b18ce45948004ac6a1b12921628/element/2b50f713-cd8f-4383-a840-8605b1cc8298/value'
19:14:30.535 [Forwarding sendKeysToElement on session e0942b18ce45948004ac6a1b12921628 to remote] DEBUG org.asynchttpclient.netty.request.NettyRequestSender - Using open Channel [id: 0x5c6caa85, L:/127.0.0.1:51715 - R:localhost/127.0.0.1:58065] for POST '/session/e0942b18ce45948004ac6a1b12921628/element/2b50f713-cd8f-4383-a840-8605b1cc8298/value'
19:14:30.660 [AsyncHttpClient-1-2] DEBUG org.asynchttpclient.netty.handler.HttpHandler - 

Request DefaultHttpRequest(decodeResult: success, version: HTTP/1.1)
POST /session/e0942b18ce45948004ac6a1b12921628/element/2b50f713-cd8f-4383-a840-8605b1cc8298/value HTTP/1.1
User-Agent: selenium/4.1.2 (java windows)
Content-Length: 161
Content-Type: application/json; charset=utf-8
host: localhost:58065
accept: */*

Response DefaultHttpResponse(decodeResult: success, version: HTTP/1.1)
HTTP/1.1 200 OK
Content-Type: application/json; charset=utf-8
cache-control: no-cache
content-length: 14

19:14:30.661 [AsyncHttpClient-1-2] DEBUG org.asynchttpclient.netty.channel.ChannelManager - Adding key: http://localhost:58065 for channel [id: 0x5c6caa85, L:/127.0.0.1:51715 - R:localhost/127.0.0.1:58065]
19:14:30.677 [Forwarding screenshot on session e0942b18ce45948004ac6a1b12921628 to remote] DEBUG org.asynchttpclient.netty.request.NettyRequestSender - Using pooled Channel '[id: 0x5c6caa85, L:/127.0.0.1:51715 - R:localhost/127.0.0.1:58065]' for 'GET' to 'http://localhost:58065/session/e0942b18ce45948004ac6a1b12921628/screenshot'
19:14:30.678 [Forwarding screenshot on session e0942b18ce45948004ac6a1b12921628 to remote] DEBUG org.asynchttpclient.netty.request.NettyRequestSender - Using open Channel [id: 0x5c6caa85, L:/127.0.0.1:51715 - R:localhost/127.0.0.1:58065] for GET '/session/e0942b18ce45948004ac6a1b12921628/screenshot'
19:14:30.866 [AsyncHttpClient-1-2] DEBUG org.asynchttpclient.netty.handler.HttpHandler - 

Request DefaultFullHttpRequest(decodeResult: success, version: HTTP/1.1, content: EmptyByteBufBE)
GET /session/e0942b18ce45948004ac6a1b12921628/screenshot HTTP/1.1
User-Agent: selenium/4.1.2 (java windows)
Cache-Control: no-cache
Content-Type: application/json; charset=utf-8
host: localhost:58065
accept: */*

Response DefaultHttpResponse(decodeResult: success, version: HTTP/1.1)
HTTP/1.1 200 OK
Content-Type: application/json; charset=utf-8
cache-control: no-cache
content-length: 212608

19:14:30.868 [AsyncHttpClient-1-2] DEBUG org.asynchttpclient.netty.channel.ChannelManager - Adding key: http://localhost:58065 for channel [id: 0x5c6caa85, L:/127.0.0.1:51715 - R:localhost/127.0.0.1:58065]
19:14:30.880 [main] DEBUG net.serenitybdd.core.photography.Darkroom - Send negative for processing for target\site\serenity\566153ba314ccc5c9f7fdcc1e06f98d86e6a53353ed069851b4beb737ec307e0.png
19:14:30.880 [main] DEBUG net.thucydides.core.steps.StepInterceptor - STEP DONE: inputPassword
  &amp#27;[32mAnd &amp#27;[0m&amp#27;[32mI input username &amp#27;[0m&amp#27;[32m&amp#27;[1m"<username>"&amp#27;[0m&amp#27;[32m and password &amp#27;[0m&amp#27;[32m&amp#27;[1m"<password>"&amp#27;[0m                       &amp#27;[90m# starter.stepdefinition.GoLoginStep.iInputUsernameAndPassword(java.lang.String,java.lang.String)&amp#27;[0m
19:14:30.880 [Darkroom Processing Line] DEBUG net.serenitybdd.core.photography.DarkroomProcessingLine - Processing screenshot image in /var/screenshots/screenshot-2440159118322225530
19:14:30.880 [Darkroom Processing Line] DEBUG net.serenitybdd.core.photography.DarkroomProcessingLine - Saving screenshot to target\site\serenity\566153ba314ccc5c9f7fdcc1e06f98d86e6a53353ed069851b4beb737ec307e0.png
19:14:30.916 [main] DEBUG net.thucydides.core.steps.StepInterceptor - STARTING STEP: GoLoginStep.clickLoginButton - clickLoginButton
19:14:30.924 [Forwarding findElement on session e0942b18ce45948004ac6a1b12921628 to remote] DEBUG org.asynchttpclient.netty.request.NettyRequestSender - Using pooled Channel '[id: 0x5c6caa85, L:/127.0.0.1:51715 - R:localhost/127.0.0.1:58065]' for 'POST' to 'http://localhost:58065/session/e0942b18ce45948004ac6a1b12921628/element'
19:14:30.924 [Forwarding findElement on session e0942b18ce45948004ac6a1b12921628 to remote] DEBUG org.asynchttpclient.netty.request.NettyRequestSender - Using open Channel [id: 0x5c6caa85, L:/127.0.0.1:51715 - R:localhost/127.0.0.1:58065] for POST '/session/e0942b18ce45948004ac6a1b12921628/element'
19:14:30.937 [AsyncHttpClient-1-2] DEBUG org.asynchttpclient.netty.handler.HttpHandler - 

Request DefaultHttpRequest(decodeResult: success, version: HTTP/1.1)
POST /session/e0942b18ce45948004ac6a1b12921628/element HTTP/1.1
User-Agent: selenium/4.1.2 (java windows)
Content-Length: 50
Content-Type: application/json; charset=utf-8
host: localhost:58065
accept: */*

Response DefaultHttpResponse(decodeResult: success, version: HTTP/1.1)
HTTP/1.1 200 OK
Content-Type: application/json; charset=utf-8
cache-control: no-cache
content-length: 88

19:14:30.938 [AsyncHttpClient-1-2] DEBUG org.asynchttpclient.netty.channel.ChannelManager - Adding key: http://localhost:58065 for channel [id: 0x5c6caa85, L:/127.0.0.1:51715 - R:localhost/127.0.0.1:58065]
19:14:30.941 [Forwarding getElementTagName on session e0942b18ce45948004ac6a1b12921628 to remote] DEBUG org.asynchttpclient.netty.request.NettyRequestSender - Using pooled Channel '[id: 0x5c6caa85, L:/127.0.0.1:51715 - R:localhost/127.0.0.1:58065]' for 'GET' to 'http://localhost:58065/session/e0942b18ce45948004ac6a1b12921628/element/614cf787-912c-4632-8068-51466d698ab8/name'
19:14:30.941 [Forwarding getElementTagName on session e0942b18ce45948004ac6a1b12921628 to remote] DEBUG org.asynchttpclient.netty.request.NettyRequestSender - Using open Channel [id: 0x5c6caa85, L:/127.0.0.1:51715 - R:localhost/127.0.0.1:58065] for GET '/session/e0942b18ce45948004ac6a1b12921628/element/614cf787-912c-4632-8068-51466d698ab8/name'
19:14:30.949 [AsyncHttpClient-1-2] DEBUG org.asynchttpclient.netty.handler.HttpHandler - 

Request DefaultFullHttpRequest(decodeResult: success, version: HTTP/1.1, content: EmptyByteBufBE)
GET /session/e0942b18ce45948004ac6a1b12921628/element/614cf787-912c-4632-8068-51466d698ab8/name HTTP/1.1
User-Agent: selenium/4.1.2 (java windows)
Cache-Control: no-cache
Content-Type: application/json; charset=utf-8
host: localhost:58065
accept: */*

Response DefaultHttpResponse(decodeResult: success, version: HTTP/1.1)
HTTP/1.1 200 OK
Content-Type: application/json; charset=utf-8
cache-control: no-cache
content-length: 18

19:14:30.950 [AsyncHttpClient-1-2] DEBUG org.asynchttpclient.netty.channel.ChannelManager - Adding key: http://localhost:58065 for channel [id: 0x5c6caa85, L:/127.0.0.1:51715 - R:localhost/127.0.0.1:58065]
19:14:30.953 [Forwarding getElementTagName on session e0942b18ce45948004ac6a1b12921628 to remote] DEBUG org.asynchttpclient.netty.request.NettyRequestSender - Using pooled Channel '[id: 0x5c6caa85, L:/127.0.0.1:51715 - R:localhost/127.0.0.1:58065]' for 'GET' to 'http://localhost:58065/session/e0942b18ce45948004ac6a1b12921628/element/614cf787-912c-4632-8068-51466d698ab8/name'
19:14:30.954 [Forwarding getElementTagName on session e0942b18ce45948004ac6a1b12921628 to remote] DEBUG org.asynchttpclient.netty.request.NettyRequestSender - Using open Channel [id: 0x5c6caa85, L:/127.0.0.1:51715 - R:localhost/127.0.0.1:58065] for GET '/session/e0942b18ce45948004ac6a1b12921628/element/614cf787-912c-4632-8068-51466d698ab8/name'
19:14:30.960 [AsyncHttpClient-1-2] DEBUG org.asynchttpclient.netty.handler.HttpHandler - 

Request DefaultFullHttpRequest(decodeResult: success, version: HTTP/1.1, content: EmptyByteBufBE)
GET /session/e0942b18ce45948004ac6a1b12921628/element/614cf787-912c-4632-8068-51466d698ab8/name HTTP/1.1
User-Agent: selenium/4.1.2 (java windows)
Cache-Control: no-cache
Content-Type: application/json; charset=utf-8
host: localhost:58065
accept: */*

Response DefaultHttpResponse(decodeResult: success, version: HTTP/1.1)
HTTP/1.1 200 OK
Content-Type: application/json; charset=utf-8
cache-control: no-cache
content-length: 18

19:14:30.961 [AsyncHttpClient-1-2] DEBUG org.asynchttpclient.netty.channel.ChannelManager - Adding key: http://localhost:58065 for channel [id: 0x5c6caa85, L:/127.0.0.1:51715 - R:localhost/127.0.0.1:58065]
19:14:30.966 [Forwarding isElementEnabled on session e0942b18ce45948004ac6a1b12921628 to remote] DEBUG org.asynchttpclient.netty.request.NettyRequestSender - Using pooled Channel '[id: 0x5c6caa85, L:/127.0.0.1:51715 - R:localhost/127.0.0.1:58065]' for 'GET' to 'http://localhost:58065/session/e0942b18ce45948004ac6a1b12921628/element/614cf787-912c-4632-8068-51466d698ab8/enabled'
19:14:30.966 [Forwarding isElementEnabled on session e0942b18ce45948004ac6a1b12921628 to remote] DEBUG org.asynchttpclient.netty.request.NettyRequestSender - Using open Channel [id: 0x5c6caa85, L:/127.0.0.1:51715 - R:localhost/127.0.0.1:58065] for GET '/session/e0942b18ce45948004ac6a1b12921628/element/614cf787-912c-4632-8068-51466d698ab8/enabled'
19:14:30.981 [AsyncHttpClient-1-2] DEBUG org.asynchttpclient.netty.handler.HttpHandler - 

Request DefaultFullHttpRequest(decodeResult: success, version: HTTP/1.1, content: EmptyByteBufBE)
GET /session/e0942b18ce45948004ac6a1b12921628/element/614cf787-912c-4632-8068-51466d698ab8/enabled HTTP/1.1
User-Agent: selenium/4.1.2 (java windows)
Cache-Control: no-cache
Content-Type: application/json; charset=utf-8
host: localhost:58065
accept: */*

Response DefaultHttpResponse(decodeResult: success, version: HTTP/1.1)
HTTP/1.1 200 OK
Content-Type: application/json; charset=utf-8
cache-control: no-cache
content-length: 14

19:14:30.981 [AsyncHttpClient-1-2] DEBUG org.asynchttpclient.netty.channel.ChannelManager - Adding key: http://localhost:58065 for channel [id: 0x5c6caa85, L:/127.0.0.1:51715 - R:localhost/127.0.0.1:58065]
19:14:30.984 [Forwarding isElementEnabled on session e0942b18ce45948004ac6a1b12921628 to remote] DEBUG org.asynchttpclient.netty.request.NettyRequestSender - Using pooled Channel '[id: 0x5c6caa85, L:/127.0.0.1:51715 - R:localhost/127.0.0.1:58065]' for 'GET' to 'http://localhost:58065/session/e0942b18ce45948004ac6a1b12921628/element/614cf787-912c-4632-8068-51466d698ab8/enabled'
19:14:30.985 [Forwarding isElementEnabled on session e0942b18ce45948004ac6a1b12921628 to remote] DEBUG org.asynchttpclient.netty.request.NettyRequestSender - Using open Channel [id: 0x5c6caa85, L:/127.0.0.1:51715 - R:localhost/127.0.0.1:58065] for GET '/session/e0942b18ce45948004ac6a1b12921628/element/614cf787-912c-4632-8068-51466d698ab8/enabled'
19:14:30.992 [AsyncHttpClient-1-1] DEBUG org.asynchttpclient.netty.channel.DefaultChannelPool - Entry count for : http://localhost:51717 : 1
19:14:30.994 [AsyncHttpClient-1-2] DEBUG org.asynchttpclient.netty.handler.HttpHandler - 

Request DefaultFullHttpRequest(decodeResult: success, version: HTTP/1.1, content: EmptyByteBufBE)
GET /session/e0942b18ce45948004ac6a1b12921628/element/614cf787-912c-4632-8068-51466d698ab8/enabled HTTP/1.1
User-Agent: selenium/4.1.2 (java windows)
Cache-Control: no-cache
Content-Type: application/json; charset=utf-8
host: localhost:58065
accept: */*

Response DefaultHttpResponse(decodeResult: success, version: HTTP/1.1)
HTTP/1.1 200 OK
Content-Type: application/json; charset=utf-8
cache-control: no-cache
content-length: 14

19:14:30.995 [AsyncHttpClient-1-2] DEBUG org.asynchttpclient.netty.channel.ChannelManager - Adding key: http://localhost:58065 for channel [id: 0x5c6caa85, L:/127.0.0.1:51715 - R:localhost/127.0.0.1:58065]
19:14:30.999 [Forwarding findElement on session e0942b18ce45948004ac6a1b12921628 to remote] DEBUG org.asynchttpclient.netty.request.NettyRequestSender - Using pooled Channel '[id: 0x5c6caa85, L:/127.0.0.1:51715 - R:localhost/127.0.0.1:58065]' for 'POST' to 'http://localhost:58065/session/e0942b18ce45948004ac6a1b12921628/element'
19:14:30.999 [Forwarding findElement on session e0942b18ce45948004ac6a1b12921628 to remote] DEBUG org.asynchttpclient.netty.request.NettyRequestSender - Using open Channel [id: 0x5c6caa85, L:/127.0.0.1:51715 - R:localhost/127.0.0.1:58065] for POST '/session/e0942b18ce45948004ac6a1b12921628/element'
19:14:31.012 [AsyncHttpClient-1-2] DEBUG org.asynchttpclient.netty.handler.HttpHandler - 

Request DefaultHttpRequest(decodeResult: success, version: HTTP/1.1)
POST /session/e0942b18ce45948004ac6a1b12921628/element HTTP/1.1
User-Agent: selenium/4.1.2 (java windows)
Content-Length: 50
Content-Type: application/json; charset=utf-8
host: localhost:58065
accept: */*

Response DefaultHttpResponse(decodeResult: success, version: HTTP/1.1)
HTTP/1.1 200 OK
Content-Type: application/json; charset=utf-8
cache-control: no-cache
content-length: 88

19:14:31.013 [AsyncHttpClient-1-2] DEBUG org.asynchttpclient.netty.channel.ChannelManager - Adding key: http://localhost:58065 for channel [id: 0x5c6caa85, L:/127.0.0.1:51715 - R:localhost/127.0.0.1:58065]
19:14:31.015 [Forwarding clickElement on session e0942b18ce45948004ac6a1b12921628 to remote] DEBUG org.asynchttpclient.netty.request.NettyRequestSender - Using pooled Channel '[id: 0x5c6caa85, L:/127.0.0.1:51715 - R:localhost/127.0.0.1:58065]' for 'POST' to 'http://localhost:58065/session/e0942b18ce45948004ac6a1b12921628/element/614cf787-912c-4632-8068-51466d698ab8/click'
19:14:31.015 [Forwarding clickElement on session e0942b18ce45948004ac6a1b12921628 to remote] DEBUG org.asynchttpclient.netty.request.NettyRequestSender - Using open Channel [id: 0x5c6caa85, L:/127.0.0.1:51715 - R:localhost/127.0.0.1:58065] for POST '/session/e0942b18ce45948004ac6a1b12921628/element/614cf787-912c-4632-8068-51466d698ab8/click'
19:14:32.091 [AsyncHttpClient-1-1] DEBUG org.asynchttpclient.netty.channel.DefaultChannelPool - Entry count for : http://localhost:51717 : 1
19:14:32.125 [AsyncHttpClient-1-2] DEBUG org.asynchttpclient.netty.handler.HttpHandler - 

Request DefaultHttpRequest(decodeResult: success, version: HTTP/1.1)
POST /session/e0942b18ce45948004ac6a1b12921628/element/614cf787-912c-4632-8068-51466d698ab8/click HTTP/1.1
User-Agent: selenium/4.1.2 (java windows)
Content-Length: 50
Content-Type: application/json; charset=utf-8
host: localhost:58065
accept: */*

Response DefaultHttpResponse(decodeResult: success, version: HTTP/1.1)
HTTP/1.1 400 Bad Request
Content-Type: application/json; charset=utf-8
cache-control: no-cache
content-length: 1289

19:14:32.125 [AsyncHttpClient-1-2] DEBUG org.asynchttpclient.netty.channel.ChannelManager - Adding key: http://localhost:58065 for channel [id: 0x5c6caa85, L:/127.0.0.1:51715 - R:localhost/127.0.0.1:58065]
19:14:32.166 [Forwarding screenshot on session e0942b18ce45948004ac6a1b12921628 to remote] DEBUG org.asynchttpclient.netty.request.NettyRequestSender - Using pooled Channel '[id: 0x5c6caa85, L:/127.0.0.1:51715 - R:localhost/127.0.0.1:58065]' for 'GET' to 'http://localhost:58065/session/e0942b18ce45948004ac6a1b12921628/screenshot'
19:14:32.166 [Forwarding screenshot on session e0942b18ce45948004ac6a1b12921628 to remote] DEBUG org.asynchttpclient.netty.request.NettyRequestSender - Using open Channel [id: 0x5c6caa85, L:/127.0.0.1:51715 - R:localhost/127.0.0.1:58065] for GET '/session/e0942b18ce45948004ac6a1b12921628/screenshot'
19:14:32.386 [AsyncHttpClient-1-2] DEBUG org.asynchttpclient.netty.handler.HttpHandler - 

Request DefaultFullHttpRequest(decodeResult: success, version: HTTP/1.1, content: EmptyByteBufBE)
GET /session/e0942b18ce45948004ac6a1b12921628/screenshot HTTP/1.1
User-Agent: selenium/4.1.2 (java windows)
Cache-Control: no-cache
Content-Type: application/json; charset=utf-8
host: localhost:58065
accept: */*

Response DefaultHttpResponse(decodeResult: success, version: HTTP/1.1)
HTTP/1.1 200 OK
Content-Type: application/json; charset=utf-8
cache-control: no-cache
content-length: 212608

19:14:32.389 [AsyncHttpClient-1-2] DEBUG org.asynchttpclient.netty.channel.ChannelManager - Adding key: http://localhost:58065 for channel [id: 0x5c6caa85, L:/127.0.0.1:51715 - R:localhost/127.0.0.1:58065]
19:14:32.400 [main] DEBUG net.serenitybdd.core.photography.Darkroom - Send negative for processing for target\site\serenity\566153ba314ccc5c9f7fdcc1e06f98d86e6a53353ed069851b4beb737ec307e0.png
19:14:32.405 [Forwarding getPageSource on session e0942b18ce45948004ac6a1b12921628 to remote] DEBUG org.asynchttpclient.netty.request.NettyRequestSender - Using pooled Channel '[id: 0x5c6caa85, L:/127.0.0.1:51715 - R:localhost/127.0.0.1:58065]' for 'POST' to 'http://localhost:58065/session/e0942b18ce45948004ac6a1b12921628/execute/sync'
19:14:32.406 [Forwarding getPageSource on session e0942b18ce45948004ac6a1b12921628 to remote] DEBUG org.asynchttpclient.netty.request.NettyRequestSender - Using open Channel [id: 0x5c6caa85, L:/127.0.0.1:51715 - R:localhost/127.0.0.1:58065] for POST '/session/e0942b18ce45948004ac6a1b12921628/execute/sync'
19:14:32.422 [AsyncHttpClient-1-2] DEBUG org.asynchttpclient.netty.handler.HttpHandler - 

Request DefaultHttpRequest(decodeResult: success, version: HTTP/1.1)
POST /session/e0942b18ce45948004ac6a1b12921628/execute/sync HTTP/1.1
User-Agent: selenium/4.1.2 (java windows)
Content-Length: 176
Content-Type: application/json; charset=utf-8
host: localhost:58065
accept: */*

Response DefaultHttpResponse(decodeResult: success, version: HTTP/1.1)
HTTP/1.1 200 OK
Content-Type: application/json; charset=utf-8
cache-control: no-cache
content-length: 47173

19:14:32.422 [AsyncHttpClient-1-2] DEBUG org.asynchttpclient.netty.channel.ChannelManager - Adding key: http://localhost:58065 for channel [id: 0x5c6caa85, L:/127.0.0.1:51715 - R:localhost/127.0.0.1:58065]
19:14:32.884 [Forwarding getCurrentUrl on session e0942b18ce45948004ac6a1b12921628 to remote] DEBUG org.asynchttpclient.netty.request.NettyRequestSender - Using pooled Channel '[id: 0x5c6caa85, L:/127.0.0.1:51715 - R:localhost/127.0.0.1:58065]' for 'GET' to 'http://localhost:58065/session/e0942b18ce45948004ac6a1b12921628/url'
19:14:32.884 [Forwarding getCurrentUrl on session e0942b18ce45948004ac6a1b12921628 to remote] DEBUG org.asynchttpclient.netty.request.NettyRequestSender - Using open Channel [id: 0x5c6caa85, L:/127.0.0.1:51715 - R:localhost/127.0.0.1:58065] for GET '/session/e0942b18ce45948004ac6a1b12921628/url'
19:14:32.895 [AsyncHttpClient-1-2] DEBUG org.asynchttpclient.netty.handler.HttpHandler - 

Request DefaultFullHttpRequest(decodeResult: success, version: HTTP/1.1, content: EmptyByteBufBE)
GET /session/e0942b18ce45948004ac6a1b12921628/url HTTP/1.1
User-Agent: selenium/4.1.2 (java windows)
Cache-Control: no-cache
Content-Type: application/json; charset=utf-8
host: localhost:58065
accept: */*

Response DefaultHttpResponse(decodeResult: success, version: HTTP/1.1)
HTTP/1.1 200 OK
Content-Type: application/json; charset=utf-8
cache-control: no-cache
content-length: 36

19:14:32.896 [AsyncHttpClient-1-2] DEBUG org.asynchttpclient.netty.channel.ChannelManager - Adding key: http://localhost:58065 for channel [id: 0x5c6caa85, L:/127.0.0.1:51715 - R:localhost/127.0.0.1:58065]
  &amp#27;[31mAnd &amp#27;[0m&amp#27;[31mI click login button&amp#27;[0m                                                          &amp#27;[90m# starter.stepdefinition.GoLoginStep.clickLoginButton()&amp#27;[0m
      &amp#27;[31morg.openqa.selenium.ElementClickInterceptedException: element click intercepted: Element <button id="login" type="button" class="btn btn-primary">...</button> is not clickable at point (585, 483). Other element would receive the click: <div>...</div>
  (Session info: chrome=99.0.4844.84)
Build info: version: '4.1.2', revision: '9a5a329c5a'
System info: host: 'RIKOSAHETAPI', ip: '192.168.0.10', os.name: 'Windows 10', os.arch: 'amd64', os.version: '10.0', java.version: '11.0.2'
Driver info: org.openqa.selenium.chrome.ChromeDriver
Command: [e0942b18ce45948004ac6a1b12921628, clickElement {id=614cf787-912c-4632-8068-51466d698ab8}]
Capabilities {acceptInsecureCerts: false, browserName: chrome, browserVersion: 99.0.4844.84, chrome: {chromedriverVersion: 99.0.4844.51 (d537ec02474b5..., userDataDir: C:\Users\RICO\AppData\Local...}, goog:chromeOptions: {debuggerAddress: localhost:51717}, javascriptEnabled: true, networkConnectionEnabled: false, pageLoadStrategy: normal, platform: WINDOWS, platformName: WINDOWS, proxy: Proxy(), se:cdp: ws://localhost:51717/devtoo..., se:cdpVersion: 99.0.4844.84, setWindowRect: true, strictFileInteractability: false, timeouts: {implicit: 0, pageLoad: 300000, script: 30000}, unhandledPromptBehavior: dismiss and notify, webauthn:extension:credBlob: true, webauthn:extension:largeBlob: true, webauthn:virtualAuthenticators: true}
Element: [[ChromeDriver: chrome on WINDOWS (e0942b18ce45948004ac6a1b12921628)] -> css selector: #login]
Session ID: e0942b18ce45948004ac6a1b12921628
	at java.base/jdk.internal.reflect.NativeConstructorAccessorImpl.newInstance0(Native Method)
	at java.base/jdk.internal.reflect.NativeConstructorAccessorImpl.newInstance(NativeConstructorAccessorImpl.java:62)
	at java.base/jdk.internal.reflect.DelegatingConstructorAccessorImpl.newInstance(DelegatingConstructorAccessorImpl.java:45)
	at java.base/java.lang.reflect.Constructor.newInstance(Constructor.java:490)
	at org.openqa.selenium.remote.codec.w3c.W3CHttpResponseCodec.createException(W3CHttpResponseCodec.java:200)
	at org.openqa.selenium.remote.codec.w3c.W3CHttpResponseCodec.decode(W3CHttpResponseCodec.java:133)
	at org.openqa.selenium.remote.codec.w3c.W3CHttpResponseCodec.decode(W3CHttpResponseCodec.java:53)
	at org.openqa.selenium.remote.HttpCommandExecutor.execute(HttpCommandExecutor.java:184)
	at org.openqa.selenium.remote.service.DriverCommandExecutor.invokeExecute(DriverCommandExecutor.java:167)
	at org.openqa.selenium.remote.service.DriverCommandExecutor.execute(DriverCommandExecutor.java:142)
	at org.openqa.selenium.remote.RemoteWebDriver.execute(RemoteWebDriver.java:558)
	at org.openqa.selenium.remote.RemoteWebElement.execute(RemoteWebElement.java:251)
	at org.openqa.selenium.remote.RemoteWebElement.click(RemoteWebElement.java:77)
	at net.serenitybdd.core.pages.WebElementFacadeImpl.click(WebElementFacadeImpl.java:1192)
	at net.serenitybdd.core.pages.WebElementFacadeImpl.click(WebElementFacadeImpl.java:1201)
	at pages.LoginPage.clickLoginButton(LoginPage.java:38)
	at pages.LoginPage$ByteBuddy$dGR0EXNV.clickLoginButton$accessor$CUTqzIrT(Unknown Source)
	at java.base/jdk.internal.reflect.NativeMethodAccessorImpl.invoke0(Native Method)
	at java.base/jdk.internal.reflect.NativeMethodAccessorImpl.invoke(NativeMethodAccessorImpl.java:62)
	at java.base/jdk.internal.reflect.DelegatingMethodAccessorImpl.invoke(DelegatingMethodAccessorImpl.java:43)
	at java.base/java.lang.reflect.Method.invoke(Method.java:566)
	at net.thucydides.core.steps.StepInterceptor.invokeMethod(StepInterceptor.java:503)
	at net.thucydides.core.steps.StepInterceptor.executeTestStepMethod(StepInterceptor.java:483)
	at net.thucydides.core.steps.StepInterceptor.runTestStep(StepInterceptor.java:457)
	at net.thucydides.core.steps.StepInterceptor.runOrSkipMethod(StepInterceptor.java:209)
	at net.thucydides.core.steps.StepInterceptor.testStepResult(StepInterceptor.java:196)
	at net.thucydides.core.steps.StepInterceptor.intercept(StepInterceptor.java:84)
	at net.thucydides.core.steps.ProxyConfiguration$InterceptorDispatcher.intercept(ProxyConfiguration.java:51)
	at pages.LoginPage$ByteBuddy$dGR0EXNV.clickLoginButton(Unknown Source)
	at starter.stepdefinition.GoLoginStep.clickLoginButton(GoLoginStep.java:57)
	at âœ½.I click login button(file:///C:/Users/RICO/IdeaProjects/20-uitesting-serenity/src/test/resources/features/login.feature:11)
&amp#27;[0m
  &amp#27;[36mThen &amp#27;[0m&amp#27;[36mI am on profile page&amp#27;[0m                                                         &amp#27;[90m# starter.stepdefinition.GoLoginStep.onProfilePage()&amp#27;[0m
19:14:33.006 [main] ERROR  - 
  _____   ___   ___   _____     ___   ___   ___    ___    ___ 
 |_   _| | __| / __| |_   _|   | __| | _ \ | _ \  / _ \  | _ \
   | |   | _|  \__ \   | |     | _|  |   / |   / | (_) | |   /
   |_|   |___| |___/   |_|     |___| |_|_\ |_|_\  \___/  |_|_\

As a user, i want go to the login page, and have be able to success login
---------------------------------------------------------------
19:14:33.010 [main] DEBUG  - RELATED ISSUES: 
19:14:33.013 [main] ERROR  -     Test failed at step: Click login button
19:14:33.013 [main] ERROR  -     element click intercepted: Element <button id="login" type="button" class="btn btn-primary">...</button> is not clickable at point (585, 483). Other element would receive the click: <div>...</div>
19:14:33.197 [AsyncHttpClient-1-1] DEBUG org.asynchttpclient.netty.channel.DefaultChannelPool - Entry count for : http://localhost:58065 : 1
19:14:33.197 [AsyncHttpClient-1-1] DEBUG org.asynchttpclient.netty.channel.DefaultChannelPool - Entry count for : http://localhost:51717 : 1
19:14:33.323 [Driver Command Executor] DEBUG org.asynchttpclient.netty.request.NettyRequestSender - Using pooled Channel '[id: 0x5c6caa85, L:/127.0.0.1:51715 - R:localhost/127.0.0.1:58065]' for 'DELETE' to 'http://localhost:58065/session/e0942b18ce45948004ac6a1b12921628'
19:14:33.324 [Driver Command Executor] DEBUG org.asynchttpclient.netty.request.NettyRequestSender - Using open Channel [id: 0x5c6caa85, L:/127.0.0.1:51715 - R:localhost/127.0.0.1:58065] for DELETE '/session/e0942b18ce45948004ac6a1b12921628'
19:14:33.327 [AsyncHttpClient-1-4] DEBUG org.asynchttpclient.netty.handler.WebSocketHandler - Channel Closed: [id: 0x9e661497, L:/127.0.0.1:51741 ! R:localhost/127.0.0.1:51717] with attribute NettyResponseFuture{currentRetry=5,
	isDone=1,
	isCancelled=0,
	asyncHandler=org.asynchttpclient.ws.WebSocketUpgradeHandler@685c28f6,
	nettyRequest=org.asynchttpclient.netty.request.NettyRequest@47ada388,
	future=java.util.concurrent.CompletableFuture@2a51e8ec[Completed normally],
	uri=ws://localhost:51717/devtools/browser/740ddd7d-b60e-4803-afee-cf05253b209c,
	keepAlive=true,
	redirectCount=0,
	timeoutsHolder=null,
	inAuth=0,
	touch=1648642447042}
19:14:33.328 [AsyncHttpClient-1-4] DEBUG org.asynchttpclient.netty.channel.ChannelManager - Closing Channel [id: 0x9e661497, L:/127.0.0.1:51741 ! R:localhost/127.0.0.1:51717] 
19:14:33.438 [AsyncHttpClient-1-3] DEBUG org.asynchttpclient.netty.handler.HttpHandler - Unexpected I/O exception on channel [id: 0x006523ab, L:/127.0.0.1:51740 - R:localhost/127.0.0.1:51717]
java.io.IOException: An existing connection was forcibly closed by the remote host
	at java.base/sun.nio.ch.SocketDispatcher.read0(Native Method)
	at java.base/sun.nio.ch.SocketDispatcher.read(SocketDispatcher.java:43)
	at java.base/sun.nio.ch.IOUtil.readIntoNativeBuffer(IOUtil.java:276)
	at java.base/sun.nio.ch.IOUtil.read(IOUtil.java:233)
	at java.base/sun.nio.ch.IOUtil.read(IOUtil.java:223)
	at java.base/sun.nio.ch.SocketChannelImpl.read(SocketChannelImpl.java:358)
	at io.netty.buffer.PooledByteBuf.setBytes(PooledByteBuf.java:258)
	at io.netty.buffer.AbstractByteBuf.writeBytes(AbstractByteBuf.java:1132)
	at io.netty.channel.socket.nio.NioSocketChannel.doReadBytes(NioSocketChannel.java:350)
	at io.netty.channel.nio.AbstractNioByteChannel$NioByteUnsafe.read(AbstractNioByteChannel.java:151)
	at io.netty.channel.nio.NioEventLoop.processSelectedKey(NioEventLoop.java:722)
	at io.netty.channel.nio.NioEventLoop.processSelectedKeysOptimized(NioEventLoop.java:658)
	at io.netty.channel.nio.NioEventLoop.processSelectedKeys(NioEventLoop.java:584)
	at io.netty.channel.nio.NioEventLoop.run(NioEventLoop.java:496)
	at io.netty.util.concurrent.SingleThreadEventExecutor$4.run(SingleThreadEventExecutor.java:986)
	at io.netty.util.internal.ThreadExecutorMap$2.run(ThreadExecutorMap.java:74)
	at io.netty.util.concurrent.FastThreadLocalRunnable.run(FastThreadLocalRunnable.java:30)
	at java.base/java.lang.Thread.run(Thread.java:834)
19:14:33.439 [AsyncHttpClient-1-3] DEBUG org.asynchttpclient.netty.channel.ChannelManager - Closing Channel [id: 0x006523ab, L:/127.0.0.1:51740 - R:localhost/127.0.0.1:51717] 
19:14:33.455 [AsyncHttpClient-1-2] DEBUG org.asynchttpclient.netty.handler.HttpHandler - 

Request DefaultFullHttpRequest(decodeResult: success, version: HTTP/1.1, content: EmptyByteBufBE)
DELETE /session/e0942b18ce45948004ac6a1b12921628 HTTP/1.1
User-Agent: selenium/4.1.2 (java windows)
Content-Type: application/json; charset=utf-8
host: localhost:58065
accept: */*

Response DefaultHttpResponse(decodeResult: success, version: HTTP/1.1)
HTTP/1.1 200 OK
Content-Type: application/json; charset=utf-8
cache-control: no-cache
content-length: 14

19:14:33.456 [AsyncHttpClient-1-2] DEBUG org.asynchttpclient.netty.channel.ChannelManager - Adding key: http://localhost:58065 for channel [id: 0x5c6caa85, L:/127.0.0.1:51715 - R:localhost/127.0.0.1:58065]
19:14:33.480 [AsyncHttpClient-1-3] DEBUG org.asynchttpclient.netty.handler.HttpHandler - Channel Closed: [id: 0x006523ab, L:/127.0.0.1:51740 ! R:localhost/127.0.0.1:51717] with attribute DISCARD
19:14:34.291 [AsyncHttpClient-1-1] DEBUG org.asynchttpclient.netty.channel.DefaultChannelPool - Entry count for : http://localhost:58065 : 1
19:14:34.291 [AsyncHttpClient-1-1] DEBUG org.asynchttpclient.netty.channel.DefaultChannelPool - Entry count for : http://localhost:51717 : 1
19:14:34.291 [AsyncHttpClient-1-1] DEBUG org.asynchttpclient.netty.channel.DefaultChannelPool - Adding Candidate expired Channel [id: 0x006523ab, L:/127.0.0.1:51740 ! R:localhost/127.0.0.1:51717] isIdleTimeoutExpired=false isRemotelyClosed=true isTtlExpired=false
19:14:34.291 [AsyncHttpClient-1-1] DEBUG org.asynchttpclient.netty.channel.DefaultChannelPool - Closing Idle Channel [id: 0x006523ab, L:/127.0.0.1:51740 ! R:localhost/127.0.0.1:51717]
19:14:34.292 [AsyncHttpClient-1-1] DEBUG org.asynchttpclient.netty.channel.DefaultChannelPool - Closed 1 connections out of 2 in 1 ms
19:14:34.510 [AsyncHttpClient-1-2] DEBUG org.asynchttpclient.netty.handler.HttpHandler - Unexpected I/O exception on channel [id: 0x5c6caa85, L:/127.0.0.1:51715 - R:localhost/127.0.0.1:58065]
java.io.IOException: An existing connection was forcibly closed by the remote host
	at java.base/sun.nio.ch.SocketDispatcher.read0(Native Method)
	at java.base/sun.nio.ch.SocketDispatcher.read(SocketDispatcher.java:43)
	at java.base/sun.nio.ch.IOUtil.readIntoNativeBuffer(IOUtil.java:276)
	at java.base/sun.nio.ch.IOUtil.read(IOUtil.java:233)
	at java.base/sun.nio.ch.IOUtil.read(IOUtil.java:223)
	at java.base/sun.nio.ch.SocketChannelImpl.read(SocketChannelImpl.java:358)
	at io.netty.buffer.PooledByteBuf.setBytes(PooledByteBuf.java:258)
	at io.netty.buffer.AbstractByteBuf.writeBytes(AbstractByteBuf.java:1132)
	at io.netty.channel.socket.nio.NioSocketChannel.doReadBytes(NioSocketChannel.java:350)
	at io.netty.channel.nio.AbstractNioByteChannel$NioByteUnsafe.read(AbstractNioByteChannel.java:151)
	at io.netty.channel.nio.NioEventLoop.processSelectedKey(NioEventLoop.java:722)
	at io.netty.channel.nio.NioEventLoop.processSelectedKeysOptimized(NioEventLoop.java:658)
	at io.netty.channel.nio.NioEventLoop.processSelectedKeys(NioEventLoop.java:584)
	at io.netty.channel.nio.NioEventLoop.run(NioEventLoop.java:496)
	at io.netty.util.concurrent.SingleThreadEventExecutor$4.run(SingleThreadEventExecutor.java:986)
	at io.netty.util.internal.ThreadExecutorMap$2.run(ThreadExecutorMap.java:74)
	at io.netty.util.concurrent.FastThreadLocalRunnable.run(FastThreadLocalRunnable.java:30)
	at java.base/java.lang.Thread.run(Thread.java:834)
19:14:34.511 [AsyncHttpClient-1-2] DEBUG org.asynchttpclient.netty.channel.ChannelManager - Closing Channel [id: 0x5c6caa85, L:/127.0.0.1:51715 - R:localhost/127.0.0.1:58065] 
19:14:34.511 [AsyncHttpClient-1-2] DEBUG org.asynchttpclient.netty.handler.HttpHandler - Channel Closed: [id: 0x5c6caa85, L:/127.0.0.1:51715 ! R:localhost/127.0.0.1:58065] with attribute DISCARD
]]></system-out>
    <system-err><![CDATA[Starting ChromeDriver 99.0.4844.51 (d537ec02474b5afe23684e7963d538896c63ac77-refs/branch-heads/4844@{#875}) on port 58065
Only local connections are allowed.
Please see https://chromedriver.chromium.org/security-considerations for suggestions on keeping ChromeDriver safe.
ChromeDriver was started successfully.
Mar 30, 2022 7:14:06 PM org.openqa.selenium.remote.ProtocolHandshake createSession
INFO: Detected dialect: W3C
Mar 30, 2022 7:14:07 PM org.openqa.selenium.devtools.CdpVersionFinder findNearestMatch
WARNING: Unable to find an exact match for CDP version 99, so returning the closest version found: 97
Mar 30, 2022 7:14:07 PM org.openqa.selenium.devtools.CdpVersionFinder findNearestMatch
INFO: Found CDP implementation for version 99 of 97
]]></system-err>
  </testcase>
</testsuite>