<?xml version="1.0" encoding="UTF-8"?>
<testsuite xmlns:xsi="http://www.w3.org/2001/XMLSchema-instance" xsi:noNamespaceSchemaLocation="https://maven.apache.org/surefire/maven-failsafe-plugin/xsd/failsafe-test-report-3.0.xsd" version="3.0" name="CucumberTestSuite" time="40.991" tests="1" errors="0" skipped="0" failures="0">
  <properties>
    <property name="sun.desktop" value="windows"/>
    <property name="awt.toolkit" value="sun.awt.windows.WToolkit"/>
    <property name="java.specification.version" value="11"/>
    <property name="webdriver.chrome.driver" value="C:\Users\RICO\IdeaProjects\20-uitesting-serenity\src\test\resources\webdriver\chromedriver.exe"/>
    <property name="sun.cpu.isalist" value="amd64"/>
    <property name="sun.jnu.encoding" value="Cp1252"/>
    <property name="java.class.path" value="C:\Users\RICO\IdeaProjects\20-uitesting-serenity\target\test-classes;C:\Users\RICO\IdeaProjects\20-uitesting-serenity\target\20-uitesting-serenity-1.0-SNAPSHOT.jar;C:\Users\RICO\.m2\repository\net\serenity-bdd\serenity-core\3.2.1\serenity-core-3.2.1.jar;C:\Users\RICO\.m2\repository\net\serenity-bdd\serenity-model\3.2.1\serenity-model-3.2.1.jar;C:\Users\RICO\.m2\repository\org\apache\commons\commons-text\1.9\commons-text-1.9.jar;C:\Users\RICO\.m2\repository\commons-net\commons-net\3.8.0\commons-net-3.8.0.jar;C:\Users\RICO\.m2\repository\com\google\guava\guava\31.1-jre\guava-31.1-jre.jar;C:\Users\RICO\.m2\repository\com\google\guava\failureaccess\1.0.1\failureaccess-1.0.1.jar;C:\Users\RICO\.m2\repository\com\google\guava\listenablefuture\9999.0-empty-to-avoid-conflict-with-guava\listenablefuture-9999.0-empty-to-avoid-conflict-with-guava.jar;C:\Users\RICO\.m2\repository\com\google\code\findbugs\jsr305\3.0.2\jsr305-3.0.2.jar;C:\Users\RICO\.m2\repository\org\checkerframework\checker-qual\3.12.0\checker-qual-3.12.0.jar;C:\Users\RICO\.m2\repository\com\google\errorprone\error_prone_annotations\2.11.0\error_prone_annotations-2.11.0.jar;C:\Users\RICO\.m2\repository\com\google\j2objc\j2objc-annotations\1.3\j2objc-annotations-1.3.jar;C:\Users\RICO\.m2\repository\com\google\inject\guice\5.1.0\guice-5.1.0.jar;C:\Users\RICO\.m2\repository\javax\inject\javax.inject\1\javax.inject-1.jar;C:\Users\RICO\.m2\repository\aopalliance\aopalliance\1.0\aopalliance-1.0.jar;C:\Users\RICO\.m2\repository\org\jsoup\jsoup\1.14.3\jsoup-1.14.3.jar;C:\Users\RICO\.m2\repository\com\thoughtworks\xstream\xstream\1.4.19\xstream-1.4.19.jar;C:\Users\RICO\.m2\repository\io\github\x-stream\mxparser\1.2.2\mxparser-1.2.2.jar;C:\Users\RICO\.m2\repository\xmlpull\xmlpull\1.1.3.1\xmlpull-1.1.3.1.jar;C:\Users\RICO\.m2\repository\io\cucumber\cucumber-java\7.2.3\cucumber-java-7.2.3.jar;C:\Users\RICO\.m2\repository\com\typesafe\config\1.4.2\config-1.4.2.jar;C:\Users\RICO\.m2\repository\org\imgscalr\imgscalr-lib\4.2\imgscalr-lib-4.2.jar;C:\Users\RICO\.m2\repository\org\awaitility\awaitility\4.2.0\awaitility-4.2.0.jar;C:\Users\RICO\.m2\repository\org\freemarker\freemarker\2.3.31\freemarker-2.3.31.jar;C:\Users\RICO\.m2\repository\io\github\classgraph\classgraph\4.8.138\classgraph-4.8.138.jar;C:\Users\RICO\.m2\repository\net\sourceforge\jexcelapi\jxl\2.6.12\jxl-2.6.12.jar;C:\Users\RICO\.m2\repository\net\bytebuddy\byte-buddy\1.12.8\byte-buddy-1.12.8.jar;C:\Users\RICO\.m2\repository\net\bytebuddy\byte-buddy-agent\1.12.8\byte-buddy-agent-1.12.8.jar;C:\Users\RICO\.m2\repository\org\objenesis\objenesis\3.1\objenesis-3.1.jar;C:\Users\RICO\.m2\repository\net\serenity-bdd\serenity-reports\3.2.1\serenity-reports-3.2.1.jar;C:\Users\RICO\.m2\repository\net\serenity-bdd\serenity-stats\3.2.1\serenity-stats-3.2.1.jar;C:\Users\RICO\.m2\repository\net\serenity-bdd\serenity-reports-configuration\3.2.1\serenity-reports-configuration-3.2.1.jar;C:\Users\RICO\.m2\repository\com\vladsch\flexmark\flexmark-all\0.34.30\flexmark-all-0.34.30.jar;C:\Users\RICO\.m2\repository\com\vladsch\flexmark\flexmark\0.34.30\flexmark-0.34.30.jar;C:\Users\RICO\.m2\repository\com\vladsch\flexmark\flexmark-ext-abbreviation\0.34.30\flexmark-ext-abbreviation-0.34.30.jar;C:\Users\RICO\.m2\repository\com\vladsch\flexmark\flexmark-ext-admonition\0.34.30\flexmark-ext-admonition-0.34.30.jar;C:\Users\RICO\.m2\repository\com\vladsch\flexmark\flexmark-ext-anchorlink\0.34.30\flexmark-ext-anchorlink-0.34.30.jar;C:\Users\RICO\.m2\repository\com\vladsch\flexmark\flexmark-ext-aside\0.34.30\flexmark-ext-aside-0.34.30.jar;C:\Users\RICO\.m2\repository\com\vladsch\flexmark\flexmark-ext-attributes\0.34.30\flexmark-ext-attributes-0.34.30.jar;C:\Users\RICO\.m2\repository\com\vladsch\flexmark\flexmark-ext-autolink\0.34.30\flexmark-ext-autolink-0.34.30.jar;C:\Users\RICO\.m2\repository\org\nibor\autolink\autolink\0.6.0\autolink-0.6.0.jar;C:\Users\RICO\.m2\repository\com\vladsch\flexmark\flexmark-ext-definition\0.34.30\flexmark-ext-definition-0.34.30.jar;C:\Users\RICO\.m2\repository\com\vladsch\flexmark\flexmark-ext-emoji\0.34.30\flexmark-ext-emoji-0.34.30.jar;C:\Users\RICO\.m2\repository\com\vladsch\flexmark\flexmark-ext-enumerated-reference\0.34.30\flexmark-ext-enumerated-reference-0.34.30.jar;C:\Users\RICO\.m2\repository\com\vladsch\flexmark\flexmark-ext-escaped-character\0.34.30\flexmark-ext-escaped-character-0.34.30.jar;C:\Users\RICO\.m2\repository\com\vladsch\flexmark\flexmark-ext-footnotes\0.34.30\flexmark-ext-footnotes-0.34.30.jar;C:\Users\RICO\.m2\repository\com\vladsch\flexmark\flexmark-ext-gfm-issues\0.34.30\flexmark-ext-gfm-issues-0.34.30.jar;C:\Users\RICO\.m2\repository\com\vladsch\flexmark\flexmark-ext-gfm-strikethrough\0.34.30\flexmark-ext-gfm-strikethrough-0.34.30.jar;C:\Users\RICO\.m2\repository\com\vladsch\flexmark\flexmark-ext-gfm-tables\0.34.30\flexmark-ext-gfm-tables-0.34.30.jar;C:\Users\RICO\.m2\repository\com\vladsch\flexmark\flexmark-ext-gfm-tasklist\0.34.30\flexmark-ext-gfm-tasklist-0.34.30.jar;C:\Users\RICO\.m2\repository\com\vladsch\flexmark\flexmark-ext-gfm-users\0.34.30\flexmark-ext-gfm-users-0.34.30.jar;C:\Users\RICO\.m2\repository\com\vladsch\flexmark\flexmark-ext-gitlab\0.34.30\flexmark-ext-gitlab-0.34.30.jar;C:\Users\RICO\.m2\repository\com\vladsch\flexmark\flexmark-ext-jekyll-front-matter\0.34.30\flexmark-ext-jekyll-front-matter-0.34.30.jar;C:\Users\RICO\.m2\repository\com\vladsch\flexmark\flexmark-ext-jekyll-tag\0.34.30\flexmark-ext-jekyll-tag-0.34.30.jar;C:\Users\RICO\.m2\repository\com\vladsch\flexmark\flexmark-ext-media-tags\0.34.30\flexmark-ext-media-tags-0.34.30.jar;C:\Users\RICO\.m2\repository\com\vladsch\flexmark\flexmark-test-util\0.34.30\flexmark-test-util-0.34.30.jar;C:\Users\RICO\.m2\repository\com\vladsch\flexmark\flexmark-ext-ins\0.34.30\flexmark-ext-ins-0.34.30.jar;C:\Users\RICO\.m2\repository\com\vladsch\flexmark\flexmark-ext-xwiki-macros\0.34.30\flexmark-ext-xwiki-macros-0.34.30.jar;C:\Users\RICO\.m2\repository\com\vladsch\flexmark\flexmark-ext-superscript\0.34.30\flexmark-ext-superscript-0.34.30.jar;C:\Users\RICO\.m2\repository\com\vladsch\flexmark\flexmark-ext-tables\0.34.30\flexmark-ext-tables-0.34.30.jar;C:\Users\RICO\.m2\repository\com\vladsch\flexmark\flexmark-ext-toc\0.34.30\flexmark-ext-toc-0.34.30.jar;C:\Users\RICO\.m2\repository\com\vladsch\flexmark\flexmark-ext-typographic\0.34.30\flexmark-ext-typographic-0.34.30.jar;C:\Users\RICO\.m2\repository\com\vladsch\flexmark\flexmark-ext-wikilink\0.34.30\flexmark-ext-wikilink-0.34.30.jar;C:\Users\RICO\.m2\repository\com\vladsch\flexmark\flexmark-ext-yaml-front-matter\0.34.30\flexmark-ext-yaml-front-matter-0.34.30.jar;C:\Users\RICO\.m2\repository\com\vladsch\flexmark\flexmark-ext-youtube-embedded\0.34.30\flexmark-ext-youtube-embedded-0.34.30.jar;C:\Users\RICO\.m2\repository\com\vladsch\flexmark\flexmark-formatter\0.34.30\flexmark-formatter-0.34.30.jar;C:\Users\RICO\.m2\repository\com\vladsch\flexmark\flexmark-html-parser\0.34.30\flexmark-html-parser-0.34.30.jar;C:\Users\RICO\.m2\repository\com\vladsch\flexmark\flexmark-jira-converter\0.34.30\flexmark-jira-converter-0.34.30.jar;C:\Users\RICO\.m2\repository\com\vladsch\flexmark\flexmark-pdf-converter\0.34.30\flexmark-pdf-converter-0.34.30.jar;C:\Users\RICO\.m2\repository\com\openhtmltopdf\openhtmltopdf-core\0.0.1-RC13\openhtmltopdf-core-0.0.1-RC13.jar;C:\Users\RICO\.m2\repository\com\openhtmltopdf\openhtmltopdf-pdfbox\0.0.1-RC13\openhtmltopdf-pdfbox-0.0.1-RC13.jar;C:\Users\RICO\.m2\repository\org\apache\pdfbox\pdfbox\2.0.8\pdfbox-2.0.8.jar;C:\Users\RICO\.m2\repository\org\apache\pdfbox\fontbox\2.0.8\fontbox-2.0.8.jar;C:\Users\RICO\.m2\repository\commons-logging\commons-logging\1.2\commons-logging-1.2.jar;C:\Users\RICO\.m2\repository\org\apache\pdfbox\xmpbox\2.0.8\xmpbox-2.0.8.jar;C:\Users\RICO\.m2\repository\de\rototor\pdfbox\graphics2d\0.12\graphics2d-0.12.jar;C:\Users\RICO\.m2\repository\com\openhtmltopdf\openhtmltopdf-rtl-support\0.0.1-RC13\openhtmltopdf-rtl-support-0.0.1-RC13.jar;C:\Users\RICO\.m2\repository\com\ibm\icu\icu4j\59.1\icu4j-59.1.jar;C:\Users\RICO\.m2\repository\com\openhtmltopdf\openhtmltopdf-jsoup-dom-converter\0.0.1-RC13\openhtmltopdf-jsoup-dom-converter-0.0.1-RC13.jar;C:\Users\RICO\.m2\repository\com\vladsch\flexmark\flexmark-profile-pegdown\0.34.30\flexmark-profile-pegdown-0.34.30.jar;C:\Users\RICO\.m2\repository\com\vladsch\flexmark\flexmark-util\0.34.30\flexmark-util-0.34.30.jar;C:\Users\RICO\.m2\repository\com\vladsch\flexmark\flexmark-youtrack-converter\0.34.30\flexmark-youtrack-converter-0.34.30.jar;C:\Users\RICO\.m2\repository\es\nitaur\markdown\txtmark\0.16\txtmark-0.16.jar;C:\Users\RICO\.m2\repository\net\serenity-bdd\serenity-report-resources\3.2.1\serenity-report-resources-3.2.1.jar;C:\Users\RICO\.m2\repository\com\google\code\gson\gson\2.9.0\gson-2.9.0.jar;C:\Users\RICO\.m2\repository\com\fasterxml\jackson\core\jackson-core\2.13.2\jackson-core-2.13.2.jar;C:\Users\RICO\.m2\repository\com\fasterxml\jackson\core\jackson-databind\2.13.2\jackson-databind-2.13.2.jar;C:\Users\RICO\.m2\repository\com\fasterxml\jackson\core\jackson-annotations\2.13.2\jackson-annotations-2.13.2.jar;C:\Users\RICO\.m2\repository\commons-codec\commons-codec\1.15\commons-codec-1.15.jar;C:\Users\RICO\.m2\repository\commons-io\commons-io\2.11.0\commons-io-2.11.0.jar;C:\Users\RICO\.m2\repository\org\seleniumhq\selenium\selenium-java\4.1.2\selenium-java-4.1.2.jar;C:\Users\RICO\.m2\repository\org\seleniumhq\selenium\selenium-devtools-v85\4.1.2\selenium-devtools-v85-4.1.2.jar;C:\Users\RICO\.m2\repository\org\seleniumhq\selenium\selenium-devtools-v95\4.1.2\selenium-devtools-v95-4.1.2.jar;C:\Users\RICO\.m2\repository\org\seleniumhq\selenium\selenium-devtools-v96\4.1.2\selenium-devtools-v96-4.1.2.jar;C:\Users\RICO\.m2\repository\org\seleniumhq\selenium\selenium-devtools-v97\4.1.2\selenium-devtools-v97-4.1.2.jar;C:\Users\RICO\.m2\repository\org\seleniumhq\selenium\selenium-firefox-xpi-driver\4.1.2\selenium-firefox-xpi-driver-4.1.2.jar;C:\Users\RICO\.m2\repository\org\seleniumhq\selenium\selenium-opera-driver\4.1.2\selenium-opera-driver-4.1.2.jar;C:\Users\RICO\.m2\repository\org\seleniumhq\selenium\selenium-remote-driver\4.1.2\selenium-remote-driver-4.1.2.jar;C:\Users\RICO\.m2\repository\com\beust\jcommander\1.82\jcommander-1.82.jar;C:\Users\RICO\.m2\repository\io\netty\netty-buffer\4.1.73.Final\netty-buffer-4.1.73.Final.jar;C:\Users\RICO\.m2\repository\io\netty\netty-codec-http\4.1.73.Final\netty-codec-http-4.1.73.Final.jar;C:\Users\RICO\.m2\repository\io\netty\netty-codec\4.1.73.Final\netty-codec-4.1.73.Final.jar;C:\Users\RICO\.m2\repository\io\netty\netty-handler\4.1.73.Final\netty-handler-4.1.73.Final.jar;C:\Users\RICO\.m2\repository\io\netty\netty-tcnative-classes\2.0.46.Final\netty-tcnative-classes-2.0.46.Final.jar;C:\Users\RICO\.m2\repository\io\netty\netty-common\4.1.73.Final\netty-common-4.1.73.Final.jar;C:\Users\RICO\.m2\repository\io\netty\netty-transport-classes-epoll\4.1.73.Final\netty-transport-classes-epoll-4.1.73.Final.jar;C:\Users\RICO\.m2\repository\io\netty\netty-transport-classes-kqueue\4.1.73.Final\netty-transport-classes-kqueue-4.1.73.Final.jar;C:\Users\RICO\.m2\repository\io\netty\netty-transport-native-epoll\4.1.73.Final\netty-transport-native-epoll-4.1.73.Final.jar;C:\Users\RICO\.m2\repository\io\netty\netty-transport-native-kqueue\4.1.73.Final\netty-transport-native-kqueue-4.1.73.Final.jar;C:\Users\RICO\.m2\repository\io\netty\netty-transport-native-unix-common\4.1.73.Final\netty-transport-native-unix-common-4.1.73.Final.jar;C:\Users\RICO\.m2\repository\io\netty\netty-transport\4.1.73.Final\netty-transport-4.1.73.Final.jar;C:\Users\RICO\.m2\repository\io\netty\netty-resolver\4.1.73.Final\netty-resolver-4.1.73.Final.jar;C:\Users\RICO\.m2\repository\io\opentelemetry\opentelemetry-api\1.10.1\opentelemetry-api-1.10.1.jar;C:\Users\RICO\.m2\repository\io\opentelemetry\opentelemetry-context\1.10.1\opentelemetry-context-1.10.1.jar;C:\Users\RICO\.m2\repository\io\opentelemetry\opentelemetry-exporter-logging\1.10.1\opentelemetry-exporter-logging-1.10.1.jar;C:\Users\RICO\.m2\repository\io\opentelemetry\opentelemetry-sdk-metrics\1.10.1-alpha\opentelemetry-sdk-metrics-1.10.1-alpha.jar;C:\Users\RICO\.m2\repository\io\opentelemetry\opentelemetry-sdk-logs\1.10.1-alpha\opentelemetry-sdk-logs-1.10.1-alpha.jar;C:\Users\RICO\.m2\repository\io\opentelemetry\opentelemetry-sdk-common\1.10.1\opentelemetry-sdk-common-1.10.1.jar;C:\Users\RICO\.m2\repository\io\opentelemetry\opentelemetry-sdk-extension-autoconfigure-spi\1.10.1\opentelemetry-sdk-extension-autoconfigure-spi-1.10.1.jar;C:\Users\RICO\.m2\repository\io\opentelemetry\opentelemetry-sdk-extension-autoconfigure\1.10.1-alpha\opentelemetry-sdk-extension-autoconfigure-1.10.1-alpha.jar;C:\Users\RICO\.m2\repository\io\opentelemetry\opentelemetry-sdk-trace\1.10.1\opentelemetry-sdk-trace-1.10.1.jar;C:\Users\RICO\.m2\repository\io\opentelemetry\opentelemetry-sdk\1.10.1\opentelemetry-sdk-1.10.1.jar;C:\Users\RICO\.m2\repository\io\opentelemetry\opentelemetry-semconv\1.10.1-alpha\opentelemetry-semconv-1.10.1-alpha.jar;C:\Users\RICO\.m2\repository\io\ous\jtoml\2.0.0\jtoml-2.0.0.jar;C:\Users\RICO\.m2\repository\org\apache\commons\commons-exec\1.3\commons-exec-1.3.jar;C:\Users\RICO\.m2\repository\org\asynchttpclient\async-http-client\2.12.3\async-http-client-2.12.3.jar;C:\Users\RICO\.m2\repository\org\asynchttpclient\async-http-client-netty-utils\2.12.3\async-http-client-netty-utils-2.12.3.jar;C:\Users\RICO\.m2\repository\io\netty\netty-codec-socks\4.1.60.Final\netty-codec-socks-4.1.60.Final.jar;C:\Users\RICO\.m2\repository\io\netty\netty-handler-proxy\4.1.60.Final\netty-handler-proxy-4.1.60.Final.jar;C:\Users\RICO\.m2\repository\io\netty\netty-transport-native-epoll\4.1.60.Final\netty-transport-native-epoll-4.1.60.Final-linux-x86_64.jar;C:\Users\RICO\.m2\repository\io\netty\netty-transport-native-kqueue\4.1.60.Final\netty-transport-native-kqueue-4.1.60.Final-osx-x86_64.jar;C:\Users\RICO\.m2\repository\org\reactivestreams\reactive-streams\1.0.3\reactive-streams-1.0.3.jar;C:\Users\RICO\.m2\repository\com\typesafe\netty\netty-reactive-streams\2.0.4\netty-reactive-streams-2.0.4.jar;C:\Users\RICO\.m2\repository\org\seleniumhq\selenium\selenium-http\4.1.2\selenium-http-4.1.2.jar;C:\Users\RICO\.m2\repository\net\jodah\failsafe\2.4.4\failsafe-2.4.4.jar;C:\Users\RICO\.m2\repository\org\seleniumhq\selenium\selenium-safari-driver\4.1.2\selenium-safari-driver-4.1.2.jar;C:\Users\RICO\.m2\repository\org\seleniumhq\selenium\selenium-api\4.1.2\selenium-api-4.1.2.jar;C:\Users\RICO\.m2\repository\org\seleniumhq\selenium\selenium-support\4.1.2\selenium-support-4.1.2.jar;C:\Users\RICO\.m2\repository\com\google\auto\service\auto-service-annotations\1.0.1\auto-service-annotations-1.0.1.jar;C:\Users\RICO\.m2\repository\com\google\auto\service\auto-service\1.0.1\auto-service-1.0.1.jar;C:\Users\RICO\.m2\repository\com\google\auto\auto-common\1.2\auto-common-1.2.jar;C:\Users\RICO\.m2\repository\org\seleniumhq\selenium\selenium-json\4.1.2\selenium-json-4.1.2.jar;C:\Users\RICO\.m2\repository\org\seleniumhq\selenium\selenium-chrome-driver\4.1.2\selenium-chrome-driver-4.1.2.jar;C:\Users\RICO\.m2\repository\org\seleniumhq\selenium\selenium-chromium-driver\4.1.2\selenium-chromium-driver-4.1.2.jar;C:\Users\RICO\.m2\repository\org\seleniumhq\selenium\selenium-firefox-driver\4.1.2\selenium-firefox-driver-4.1.2.jar;C:\Users\RICO\.m2\repository\org\seleniumhq\selenium\selenium-edge-driver\4.1.2\selenium-edge-driver-4.1.2.jar;C:\Users\RICO\.m2\repository\org\seleniumhq\selenium\selenium-ie-driver\4.1.2\selenium-ie-driver-4.1.2.jar;C:\Users\RICO\.m2\repository\org\projectlombok\lombok\1.18.20\lombok-1.18.20.jar;C:\Users\RICO\.m2\repository\io\appium\java-client\8.0.0\java-client-8.0.0.jar;C:\Users\RICO\.m2\repository\commons-validator\commons-validator\1.7\commons-validator-1.7.jar;C:\Users\RICO\.m2\repository\commons-digester\commons-digester\2.1\commons-digester-2.1.jar;C:\Users\RICO\.m2\repository\org\aspectj\aspectjweaver\1.9.8\aspectjweaver-1.9.8.jar;C:\Users\RICO\.m2\repository\org\codehaus\groovy\groovy\3.0.10\groovy-3.0.10.jar;C:\Users\RICO\.m2\repository\net\sf\opencsv\opencsv\2.0\opencsv-2.0.jar;C:\Users\RICO\.m2\repository\commons-beanutils\commons-beanutils\1.9.4\commons-beanutils-1.9.4.jar;C:\Users\RICO\.m2\repository\org\apache\commons\commons-lang3\3.12.0\commons-lang3-3.12.0.jar;C:\Users\RICO\.m2\repository\commons-collections\commons-collections\3.2.2\commons-collections-3.2.2.jar;C:\Users\RICO\.m2\repository\org\fluentlenium\fluentlenium-core\0.10.2\fluentlenium-core-0.10.2.jar;C:\Users\RICO\.m2\repository\io\github\bonigarcia\webdrivermanager\5.1.0\webdrivermanager-5.1.0.jar;C:\Users\RICO\.m2\repository\com\github\docker-java\docker-java\3.2.13\docker-java-3.2.13.jar;C:\Users\RICO\.m2\repository\com\github\docker-java\docker-java-core\3.2.13\docker-java-core-3.2.13.jar;C:\Users\RICO\.m2\repository\com\github\docker-java\docker-java-api\3.2.13\docker-java-api-3.2.13.jar;C:\Users\RICO\.m2\repository\org\apache\commons\commons-compress\1.21\commons-compress-1.21.jar;C:\Users\RICO\.m2\repository\org\bouncycastle\bcpkix-jdk15on\1.64\bcpkix-jdk15on-1.64.jar;C:\Users\RICO\.m2\repository\org\bouncycastle\bcprov-jdk15on\1.64\bcprov-jdk15on-1.64.jar;C:\Users\RICO\.m2\repository\org\slf4j\jcl-over-slf4j\1.7.30\jcl-over-slf4j-1.7.30.jar;C:\Users\RICO\.m2\repository\com\github\docker-java\docker-java-transport-httpclient5\3.2.13\docker-java-transport-httpclient5-3.2.13.jar;C:\Users\RICO\.m2\repository\com\github\docker-java\docker-java-transport\3.2.13\docker-java-transport-3.2.13.jar;C:\Users\RICO\.m2\repository\org\apache\httpcomponents\client5\httpclient5\5.0.3\httpclient5-5.0.3.jar;C:\Users\RICO\.m2\repository\org\apache\httpcomponents\core5\httpcore5\5.0.2\httpcore5-5.0.2.jar;C:\Users\RICO\.m2\repository\net\java\dev\jna\jna\5.8.0\jna-5.8.0.jar;C:\Users\RICO\.m2\repository\org\brotli\dec\0.1.2\dec-0.1.2.jar;C:\Users\RICO\.m2\repository\com\jhlabs\filters\2.0.235\filters-2.0.235.jar;C:\Users\RICO\.m2\repository\com\paulhammant\ngwebdriver\1.1.6\ngwebdriver-1.1.6.jar;C:\Users\RICO\.m2\repository\joda-time\joda-time\2.8.2\joda-time-2.8.2.jar;C:\Users\RICO\.m2\repository\org\hamcrest\hamcrest\2.2\hamcrest-2.2.jar;C:\Users\RICO\.m2\repository\com\google\jimfs\jimfs\1.2\jimfs-1.2.jar;C:\Users\RICO\.m2\repository\org\mockito\mockito-core\3.3.3\mockito-core-3.3.3.jar;C:\Users\RICO\.m2\repository\javax\xml\bind\jaxb-api\2.3.1\jaxb-api-2.3.1.jar;C:\Users\RICO\.m2\repository\javax\activation\javax.activation-api\1.2.0\javax.activation-api-1.2.0.jar;C:\Users\RICO\.m2\repository\com\sun\xml\bind\jaxb-core\2.3.0.1\jaxb-core-2.3.0.1.jar;C:\Users\RICO\.m2\repository\com\sun\xml\bind\jaxb-impl\2.3.3\jaxb-impl-2.3.3.jar;C:\Users\RICO\.m2\repository\jakarta\xml\bind\jakarta.xml.bind-api\2.3.3\jakarta.xml.bind-api-2.3.3.jar;C:\Users\RICO\.m2\repository\com\sun\activation\jakarta.activation\1.2.2\jakarta.activation-1.2.2.jar;C:\Users\RICO\.m2\repository\javax\activation\activation\1.1.1\activation-1.1.1.jar;C:\Users\RICO\.m2\repository\net\serenity-bdd\serenity-cucumber\3.2.1\serenity-cucumber-3.2.1.jar;C:\Users\RICO\.m2\repository\io\cucumber\cucumber-core\7.2.3\cucumber-core-7.2.3.jar;C:\Users\RICO\.m2\repository\io\cucumber\cucumber-gherkin\7.2.3\cucumber-gherkin-7.2.3.jar;C:\Users\RICO\.m2\repository\io\cucumber\cucumber-gherkin-messages\7.2.3\cucumber-gherkin-messages-7.2.3.jar;C:\Users\RICO\.m2\repository\io\cucumber\messages\17.1.1\messages-17.1.1.jar;C:\Users\RICO\.m2\repository\io\cucumber\tag-expressions\4.1.0\tag-expressions-4.1.0.jar;C:\Users\RICO\.m2\repository\io\cucumber\cucumber-expressions\15.0.1\cucumber-expressions-15.0.1.jar;C:\Users\RICO\.m2\repository\io\cucumber\datatable\7.2.3\datatable-7.2.3.jar;C:\Users\RICO\.m2\repository\io\cucumber\cucumber-plugin\7.2.3\cucumber-plugin-7.2.3.jar;C:\Users\RICO\.m2\repository\io\cucumber\docstring\7.2.3\docstring-7.2.3.jar;C:\Users\RICO\.m2\repository\io\cucumber\html-formatter\17.0.0\html-formatter-17.0.0.jar;C:\Users\RICO\.m2\repository\io\cucumber\ci-environment\8.1.0\ci-environment-8.1.0.jar;C:\Users\RICO\.m2\repository\io\cucumber\cucumber-junit\7.2.3\cucumber-junit-7.2.3.jar;C:\Users\RICO\.m2\repository\org\apache\commons\commons-csv\1.5\commons-csv-1.5.jar;C:\Users\RICO\.m2\repository\net\serenity-bdd\serenity-screenplay\3.2.1\serenity-screenplay-3.2.1.jar;C:\Users\RICO\.m2\repository\net\serenity-bdd\serenity-screenplay-webdriver\3.2.1\serenity-screenplay-webdriver-3.2.1.jar;C:\Users\RICO\.m2\repository\net\serenity-bdd\serenity-ensure\3.2.1\serenity-ensure-3.2.1.jar;C:\Users\RICO\.m2\repository\net\serenity-bdd\serenity-junit\3.2.1\serenity-junit-3.2.1.jar;C:\Users\RICO\.m2\repository\org\jetbrains\kotlin\kotlin-stdlib\1.6.0\kotlin-stdlib-1.6.0.jar;C:\Users\RICO\.m2\repository\org\jetbrains\annotations\13.0\annotations-13.0.jar;C:\Users\RICO\.m2\repository\org\jetbrains\kotlin\kotlin-stdlib-common\1.6.0\kotlin-stdlib-common-1.6.0.jar;C:\Users\RICO\.m2\repository\org\junit\platform\junit-platform-launcher\1.8.2\junit-platform-launcher-1.8.2.jar;C:\Users\RICO\.m2\repository\org\junit\platform\junit-platform-engine\1.8.2\junit-platform-engine-1.8.2.jar;C:\Users\RICO\.m2\repository\org\opentest4j\opentest4j\1.2.0\opentest4j-1.2.0.jar;C:\Users\RICO\.m2\repository\org\junit\platform\junit-platform-commons\1.8.2\junit-platform-commons-1.8.2.jar;C:\Users\RICO\.m2\repository\org\apiguardian\apiguardian-api\1.1.2\apiguardian-api-1.1.2.jar;C:\Users\RICO\.m2\repository\org\junit\jupiter\junit-jupiter-engine\5.8.2\junit-jupiter-engine-5.8.2.jar;C:\Users\RICO\.m2\repository\org\junit\jupiter\junit-jupiter-api\5.8.2\junit-jupiter-api-5.8.2.jar;C:\Users\RICO\.m2\repository\org\junit\vintage\junit-vintage-engine\5.8.2\junit-vintage-engine-5.8.2.jar;C:\Users\RICO\.m2\repository\junit\junit\4.13.2\junit-4.13.2.jar;C:\Users\RICO\.m2\repository\org\hamcrest\hamcrest-core\1.3\hamcrest-core-1.3.jar;C:\Users\RICO\.m2\repository\ch\qos\logback\logback-classic\1.2.11\logback-classic-1.2.11.jar;C:\Users\RICO\.m2\repository\ch\qos\logback\logback-core\1.2.11\logback-core-1.2.11.jar;C:\Users\RICO\.m2\repository\org\slf4j\slf4j-api\1.7.32\slf4j-api-1.7.32.jar;C:\Users\RICO\.m2\repository\org\assertj\assertj-core\3.22.0\assertj-core-3.22.0.jar;"/>
    <property name="java.vm.vendor" value="Oracle Corporation"/>
    <property name="sun.arch.data.model" value="64"/>
    <property name="user.variant" value=""/>
    <property name="java.vendor.url" value="http://java.oracle.com/"/>
    <property name="user.timezone" value="Asia/Bangkok"/>
    <property name="log4j2.formatMsgNoLookups" value="true"/>
    <property name="java.vm.specification.version" value="11"/>
    <property name="os.name" value="Windows 10"/>
    <property name="sun.java.launcher" value="SUN_STANDARD"/>
    <property name="user.country" value="US"/>
    <property name="sun.boot.library.path" value="C:\Program Files\Java\jdk-11.0.2\bin"/>
    <property name="sun.java.command" value="C:\Users\RICO\AppData\Local\Temp\surefire14431798475451970436\surefirebooter16917574591685823123.jar C:\Users\RICO\AppData\Local\Temp\surefire14431798475451970436 2022-04-01T19-03-21_067-jvmRun1 surefire863323115114508689tmp surefire_02130225059598614458tmp"/>
    <property name="jdk.debug" value="release"/>
    <property name="surefire.test.class.path" value="C:\Users\RICO\IdeaProjects\20-uitesting-serenity\target\test-classes;C:\Users\RICO\IdeaProjects\20-uitesting-serenity\target\20-uitesting-serenity-1.0-SNAPSHOT.jar;C:\Users\RICO\.m2\repository\net\serenity-bdd\serenity-core\3.2.1\serenity-core-3.2.1.jar;C:\Users\RICO\.m2\repository\net\serenity-bdd\serenity-model\3.2.1\serenity-model-3.2.1.jar;C:\Users\RICO\.m2\repository\org\apache\commons\commons-text\1.9\commons-text-1.9.jar;C:\Users\RICO\.m2\repository\commons-net\commons-net\3.8.0\commons-net-3.8.0.jar;C:\Users\RICO\.m2\repository\com\google\guava\guava\31.1-jre\guava-31.1-jre.jar;C:\Users\RICO\.m2\repository\com\google\guava\failureaccess\1.0.1\failureaccess-1.0.1.jar;C:\Users\RICO\.m2\repository\com\google\guava\listenablefuture\9999.0-empty-to-avoid-conflict-with-guava\listenablefuture-9999.0-empty-to-avoid-conflict-with-guava.jar;C:\Users\RICO\.m2\repository\com\google\code\findbugs\jsr305\3.0.2\jsr305-3.0.2.jar;C:\Users\RICO\.m2\repository\org\checkerframework\checker-qual\3.12.0\checker-qual-3.12.0.jar;C:\Users\RICO\.m2\repository\com\google\errorprone\error_prone_annotations\2.11.0\error_prone_annotations-2.11.0.jar;C:\Users\RICO\.m2\repository\com\google\j2objc\j2objc-annotations\1.3\j2objc-annotations-1.3.jar;C:\Users\RICO\.m2\repository\com\google\inject\guice\5.1.0\guice-5.1.0.jar;C:\Users\RICO\.m2\repository\javax\inject\javax.inject\1\javax.inject-1.jar;C:\Users\RICO\.m2\repository\aopalliance\aopalliance\1.0\aopalliance-1.0.jar;C:\Users\RICO\.m2\repository\org\jsoup\jsoup\1.14.3\jsoup-1.14.3.jar;C:\Users\RICO\.m2\repository\com\thoughtworks\xstream\xstream\1.4.19\xstream-1.4.19.jar;C:\Users\RICO\.m2\repository\io\github\x-stream\mxparser\1.2.2\mxparser-1.2.2.jar;C:\Users\RICO\.m2\repository\xmlpull\xmlpull\1.1.3.1\xmlpull-1.1.3.1.jar;C:\Users\RICO\.m2\repository\io\cucumber\cucumber-java\7.2.3\cucumber-java-7.2.3.jar;C:\Users\RICO\.m2\repository\com\typesafe\config\1.4.2\config-1.4.2.jar;C:\Users\RICO\.m2\repository\org\imgscalr\imgscalr-lib\4.2\imgscalr-lib-4.2.jar;C:\Users\RICO\.m2\repository\org\awaitility\awaitility\4.2.0\awaitility-4.2.0.jar;C:\Users\RICO\.m2\repository\org\freemarker\freemarker\2.3.31\freemarker-2.3.31.jar;C:\Users\RICO\.m2\repository\io\github\classgraph\classgraph\4.8.138\classgraph-4.8.138.jar;C:\Users\RICO\.m2\repository\net\sourceforge\jexcelapi\jxl\2.6.12\jxl-2.6.12.jar;C:\Users\RICO\.m2\repository\net\bytebuddy\byte-buddy\1.12.8\byte-buddy-1.12.8.jar;C:\Users\RICO\.m2\repository\net\bytebuddy\byte-buddy-agent\1.12.8\byte-buddy-agent-1.12.8.jar;C:\Users\RICO\.m2\repository\org\objenesis\objenesis\3.1\objenesis-3.1.jar;C:\Users\RICO\.m2\repository\net\serenity-bdd\serenity-reports\3.2.1\serenity-reports-3.2.1.jar;C:\Users\RICO\.m2\repository\net\serenity-bdd\serenity-stats\3.2.1\serenity-stats-3.2.1.jar;C:\Users\RICO\.m2\repository\net\serenity-bdd\serenity-reports-configuration\3.2.1\serenity-reports-configuration-3.2.1.jar;C:\Users\RICO\.m2\repository\com\vladsch\flexmark\flexmark-all\0.34.30\flexmark-all-0.34.30.jar;C:\Users\RICO\.m2\repository\com\vladsch\flexmark\flexmark\0.34.30\flexmark-0.34.30.jar;C:\Users\RICO\.m2\repository\com\vladsch\flexmark\flexmark-ext-abbreviation\0.34.30\flexmark-ext-abbreviation-0.34.30.jar;C:\Users\RICO\.m2\repository\com\vladsch\flexmark\flexmark-ext-admonition\0.34.30\flexmark-ext-admonition-0.34.30.jar;C:\Users\RICO\.m2\repository\com\vladsch\flexmark\flexmark-ext-anchorlink\0.34.30\flexmark-ext-anchorlink-0.34.30.jar;C:\Users\RICO\.m2\repository\com\vladsch\flexmark\flexmark-ext-aside\0.34.30\flexmark-ext-aside-0.34.30.jar;C:\Users\RICO\.m2\repository\com\vladsch\flexmark\flexmark-ext-attributes\0.34.30\flexmark-ext-attributes-0.34.30.jar;C:\Users\RICO\.m2\repository\com\vladsch\flexmark\flexmark-ext-autolink\0.34.30\flexmark-ext-autolink-0.34.30.jar;C:\Users\RICO\.m2\repository\org\nibor\autolink\autolink\0.6.0\autolink-0.6.0.jar;C:\Users\RICO\.m2\repository\com\vladsch\flexmark\flexmark-ext-definition\0.34.30\flexmark-ext-definition-0.34.30.jar;C:\Users\RICO\.m2\repository\com\vladsch\flexmark\flexmark-ext-emoji\0.34.30\flexmark-ext-emoji-0.34.30.jar;C:\Users\RICO\.m2\repository\com\vladsch\flexmark\flexmark-ext-enumerated-reference\0.34.30\flexmark-ext-enumerated-reference-0.34.30.jar;C:\Users\RICO\.m2\repository\com\vladsch\flexmark\flexmark-ext-escaped-character\0.34.30\flexmark-ext-escaped-character-0.34.30.jar;C:\Users\RICO\.m2\repository\com\vladsch\flexmark\flexmark-ext-footnotes\0.34.30\flexmark-ext-footnotes-0.34.30.jar;C:\Users\RICO\.m2\repository\com\vladsch\flexmark\flexmark-ext-gfm-issues\0.34.30\flexmark-ext-gfm-issues-0.34.30.jar;C:\Users\RICO\.m2\repository\com\vladsch\flexmark\flexmark-ext-gfm-strikethrough\0.34.30\flexmark-ext-gfm-strikethrough-0.34.30.jar;C:\Users\RICO\.m2\repository\com\vladsch\flexmark\flexmark-ext-gfm-tables\0.34.30\flexmark-ext-gfm-tables-0.34.30.jar;C:\Users\RICO\.m2\repository\com\vladsch\flexmark\flexmark-ext-gfm-tasklist\0.34.30\flexmark-ext-gfm-tasklist-0.34.30.jar;C:\Users\RICO\.m2\repository\com\vladsch\flexmark\flexmark-ext-gfm-users\0.34.30\flexmark-ext-gfm-users-0.34.30.jar;C:\Users\RICO\.m2\repository\com\vladsch\flexmark\flexmark-ext-gitlab\0.34.30\flexmark-ext-gitlab-0.34.30.jar;C:\Users\RICO\.m2\repository\com\vladsch\flexmark\flexmark-ext-jekyll-front-matter\0.34.30\flexmark-ext-jekyll-front-matter-0.34.30.jar;C:\Users\RICO\.m2\repository\com\vladsch\flexmark\flexmark-ext-jekyll-tag\0.34.30\flexmark-ext-jekyll-tag-0.34.30.jar;C:\Users\RICO\.m2\repository\com\vladsch\flexmark\flexmark-ext-media-tags\0.34.30\flexmark-ext-media-tags-0.34.30.jar;C:\Users\RICO\.m2\repository\com\vladsch\flexmark\flexmark-test-util\0.34.30\flexmark-test-util-0.34.30.jar;C:\Users\RICO\.m2\repository\com\vladsch\flexmark\flexmark-ext-ins\0.34.30\flexmark-ext-ins-0.34.30.jar;C:\Users\RICO\.m2\repository\com\vladsch\flexmark\flexmark-ext-xwiki-macros\0.34.30\flexmark-ext-xwiki-macros-0.34.30.jar;C:\Users\RICO\.m2\repository\com\vladsch\flexmark\flexmark-ext-superscript\0.34.30\flexmark-ext-superscript-0.34.30.jar;C:\Users\RICO\.m2\repository\com\vladsch\flexmark\flexmark-ext-tables\0.34.30\flexmark-ext-tables-0.34.30.jar;C:\Users\RICO\.m2\repository\com\vladsch\flexmark\flexmark-ext-toc\0.34.30\flexmark-ext-toc-0.34.30.jar;C:\Users\RICO\.m2\repository\com\vladsch\flexmark\flexmark-ext-typographic\0.34.30\flexmark-ext-typographic-0.34.30.jar;C:\Users\RICO\.m2\repository\com\vladsch\flexmark\flexmark-ext-wikilink\0.34.30\flexmark-ext-wikilink-0.34.30.jar;C:\Users\RICO\.m2\repository\com\vladsch\flexmark\flexmark-ext-yaml-front-matter\0.34.30\flexmark-ext-yaml-front-matter-0.34.30.jar;C:\Users\RICO\.m2\repository\com\vladsch\flexmark\flexmark-ext-youtube-embedded\0.34.30\flexmark-ext-youtube-embedded-0.34.30.jar;C:\Users\RICO\.m2\repository\com\vladsch\flexmark\flexmark-formatter\0.34.30\flexmark-formatter-0.34.30.jar;C:\Users\RICO\.m2\repository\com\vladsch\flexmark\flexmark-html-parser\0.34.30\flexmark-html-parser-0.34.30.jar;C:\Users\RICO\.m2\repository\com\vladsch\flexmark\flexmark-jira-converter\0.34.30\flexmark-jira-converter-0.34.30.jar;C:\Users\RICO\.m2\repository\com\vladsch\flexmark\flexmark-pdf-converter\0.34.30\flexmark-pdf-converter-0.34.30.jar;C:\Users\RICO\.m2\repository\com\openhtmltopdf\openhtmltopdf-core\0.0.1-RC13\openhtmltopdf-core-0.0.1-RC13.jar;C:\Users\RICO\.m2\repository\com\openhtmltopdf\openhtmltopdf-pdfbox\0.0.1-RC13\openhtmltopdf-pdfbox-0.0.1-RC13.jar;C:\Users\RICO\.m2\repository\org\apache\pdfbox\pdfbox\2.0.8\pdfbox-2.0.8.jar;C:\Users\RICO\.m2\repository\org\apache\pdfbox\fontbox\2.0.8\fontbox-2.0.8.jar;C:\Users\RICO\.m2\repository\commons-logging\commons-logging\1.2\commons-logging-1.2.jar;C:\Users\RICO\.m2\repository\org\apache\pdfbox\xmpbox\2.0.8\xmpbox-2.0.8.jar;C:\Users\RICO\.m2\repository\de\rototor\pdfbox\graphics2d\0.12\graphics2d-0.12.jar;C:\Users\RICO\.m2\repository\com\openhtmltopdf\openhtmltopdf-rtl-support\0.0.1-RC13\openhtmltopdf-rtl-support-0.0.1-RC13.jar;C:\Users\RICO\.m2\repository\com\ibm\icu\icu4j\59.1\icu4j-59.1.jar;C:\Users\RICO\.m2\repository\com\openhtmltopdf\openhtmltopdf-jsoup-dom-converter\0.0.1-RC13\openhtmltopdf-jsoup-dom-converter-0.0.1-RC13.jar;C:\Users\RICO\.m2\repository\com\vladsch\flexmark\flexmark-profile-pegdown\0.34.30\flexmark-profile-pegdown-0.34.30.jar;C:\Users\RICO\.m2\repository\com\vladsch\flexmark\flexmark-util\0.34.30\flexmark-util-0.34.30.jar;C:\Users\RICO\.m2\repository\com\vladsch\flexmark\flexmark-youtrack-converter\0.34.30\flexmark-youtrack-converter-0.34.30.jar;C:\Users\RICO\.m2\repository\es\nitaur\markdown\txtmark\0.16\txtmark-0.16.jar;C:\Users\RICO\.m2\repository\net\serenity-bdd\serenity-report-resources\3.2.1\serenity-report-resources-3.2.1.jar;C:\Users\RICO\.m2\repository\com\google\code\gson\gson\2.9.0\gson-2.9.0.jar;C:\Users\RICO\.m2\repository\com\fasterxml\jackson\core\jackson-core\2.13.2\jackson-core-2.13.2.jar;C:\Users\RICO\.m2\repository\com\fasterxml\jackson\core\jackson-databind\2.13.2\jackson-databind-2.13.2.jar;C:\Users\RICO\.m2\repository\com\fasterxml\jackson\core\jackson-annotations\2.13.2\jackson-annotations-2.13.2.jar;C:\Users\RICO\.m2\repository\commons-codec\commons-codec\1.15\commons-codec-1.15.jar;C:\Users\RICO\.m2\repository\commons-io\commons-io\2.11.0\commons-io-2.11.0.jar;C:\Users\RICO\.m2\repository\org\seleniumhq\selenium\selenium-java\4.1.2\selenium-java-4.1.2.jar;C:\Users\RICO\.m2\repository\org\seleniumhq\selenium\selenium-devtools-v85\4.1.2\selenium-devtools-v85-4.1.2.jar;C:\Users\RICO\.m2\repository\org\seleniumhq\selenium\selenium-devtools-v95\4.1.2\selenium-devtools-v95-4.1.2.jar;C:\Users\RICO\.m2\repository\org\seleniumhq\selenium\selenium-devtools-v96\4.1.2\selenium-devtools-v96-4.1.2.jar;C:\Users\RICO\.m2\repository\org\seleniumhq\selenium\selenium-devtools-v97\4.1.2\selenium-devtools-v97-4.1.2.jar;C:\Users\RICO\.m2\repository\org\seleniumhq\selenium\selenium-firefox-xpi-driver\4.1.2\selenium-firefox-xpi-driver-4.1.2.jar;C:\Users\RICO\.m2\repository\org\seleniumhq\selenium\selenium-opera-driver\4.1.2\selenium-opera-driver-4.1.2.jar;C:\Users\RICO\.m2\repository\org\seleniumhq\selenium\selenium-remote-driver\4.1.2\selenium-remote-driver-4.1.2.jar;C:\Users\RICO\.m2\repository\com\beust\jcommander\1.82\jcommander-1.82.jar;C:\Users\RICO\.m2\repository\io\netty\netty-buffer\4.1.73.Final\netty-buffer-4.1.73.Final.jar;C:\Users\RICO\.m2\repository\io\netty\netty-codec-http\4.1.73.Final\netty-codec-http-4.1.73.Final.jar;C:\Users\RICO\.m2\repository\io\netty\netty-codec\4.1.73.Final\netty-codec-4.1.73.Final.jar;C:\Users\RICO\.m2\repository\io\netty\netty-handler\4.1.73.Final\netty-handler-4.1.73.Final.jar;C:\Users\RICO\.m2\repository\io\netty\netty-tcnative-classes\2.0.46.Final\netty-tcnative-classes-2.0.46.Final.jar;C:\Users\RICO\.m2\repository\io\netty\netty-common\4.1.73.Final\netty-common-4.1.73.Final.jar;C:\Users\RICO\.m2\repository\io\netty\netty-transport-classes-epoll\4.1.73.Final\netty-transport-classes-epoll-4.1.73.Final.jar;C:\Users\RICO\.m2\repository\io\netty\netty-transport-classes-kqueue\4.1.73.Final\netty-transport-classes-kqueue-4.1.73.Final.jar;C:\Users\RICO\.m2\repository\io\netty\netty-transport-native-epoll\4.1.73.Final\netty-transport-native-epoll-4.1.73.Final.jar;C:\Users\RICO\.m2\repository\io\netty\netty-transport-native-kqueue\4.1.73.Final\netty-transport-native-kqueue-4.1.73.Final.jar;C:\Users\RICO\.m2\repository\io\netty\netty-transport-native-unix-common\4.1.73.Final\netty-transport-native-unix-common-4.1.73.Final.jar;C:\Users\RICO\.m2\repository\io\netty\netty-transport\4.1.73.Final\netty-transport-4.1.73.Final.jar;C:\Users\RICO\.m2\repository\io\netty\netty-resolver\4.1.73.Final\netty-resolver-4.1.73.Final.jar;C:\Users\RICO\.m2\repository\io\opentelemetry\opentelemetry-api\1.10.1\opentelemetry-api-1.10.1.jar;C:\Users\RICO\.m2\repository\io\opentelemetry\opentelemetry-context\1.10.1\opentelemetry-context-1.10.1.jar;C:\Users\RICO\.m2\repository\io\opentelemetry\opentelemetry-exporter-logging\1.10.1\opentelemetry-exporter-logging-1.10.1.jar;C:\Users\RICO\.m2\repository\io\opentelemetry\opentelemetry-sdk-metrics\1.10.1-alpha\opentelemetry-sdk-metrics-1.10.1-alpha.jar;C:\Users\RICO\.m2\repository\io\opentelemetry\opentelemetry-sdk-logs\1.10.1-alpha\opentelemetry-sdk-logs-1.10.1-alpha.jar;C:\Users\RICO\.m2\repository\io\opentelemetry\opentelemetry-sdk-common\1.10.1\opentelemetry-sdk-common-1.10.1.jar;C:\Users\RICO\.m2\repository\io\opentelemetry\opentelemetry-sdk-extension-autoconfigure-spi\1.10.1\opentelemetry-sdk-extension-autoconfigure-spi-1.10.1.jar;C:\Users\RICO\.m2\repository\io\opentelemetry\opentelemetry-sdk-extension-autoconfigure\1.10.1-alpha\opentelemetry-sdk-extension-autoconfigure-1.10.1-alpha.jar;C:\Users\RICO\.m2\repository\io\opentelemetry\opentelemetry-sdk-trace\1.10.1\opentelemetry-sdk-trace-1.10.1.jar;C:\Users\RICO\.m2\repository\io\opentelemetry\opentelemetry-sdk\1.10.1\opentelemetry-sdk-1.10.1.jar;C:\Users\RICO\.m2\repository\io\opentelemetry\opentelemetry-semconv\1.10.1-alpha\opentelemetry-semconv-1.10.1-alpha.jar;C:\Users\RICO\.m2\repository\io\ous\jtoml\2.0.0\jtoml-2.0.0.jar;C:\Users\RICO\.m2\repository\org\apache\commons\commons-exec\1.3\commons-exec-1.3.jar;C:\Users\RICO\.m2\repository\org\asynchttpclient\async-http-client\2.12.3\async-http-client-2.12.3.jar;C:\Users\RICO\.m2\repository\org\asynchttpclient\async-http-client-netty-utils\2.12.3\async-http-client-netty-utils-2.12.3.jar;C:\Users\RICO\.m2\repository\io\netty\netty-codec-socks\4.1.60.Final\netty-codec-socks-4.1.60.Final.jar;C:\Users\RICO\.m2\repository\io\netty\netty-handler-proxy\4.1.60.Final\netty-handler-proxy-4.1.60.Final.jar;C:\Users\RICO\.m2\repository\io\netty\netty-transport-native-epoll\4.1.60.Final\netty-transport-native-epoll-4.1.60.Final-linux-x86_64.jar;C:\Users\RICO\.m2\repository\io\netty\netty-transport-native-kqueue\4.1.60.Final\netty-transport-native-kqueue-4.1.60.Final-osx-x86_64.jar;C:\Users\RICO\.m2\repository\org\reactivestreams\reactive-streams\1.0.3\reactive-streams-1.0.3.jar;C:\Users\RICO\.m2\repository\com\typesafe\netty\netty-reactive-streams\2.0.4\netty-reactive-streams-2.0.4.jar;C:\Users\RICO\.m2\repository\org\seleniumhq\selenium\selenium-http\4.1.2\selenium-http-4.1.2.jar;C:\Users\RICO\.m2\repository\net\jodah\failsafe\2.4.4\failsafe-2.4.4.jar;C:\Users\RICO\.m2\repository\org\seleniumhq\selenium\selenium-safari-driver\4.1.2\selenium-safari-driver-4.1.2.jar;C:\Users\RICO\.m2\repository\org\seleniumhq\selenium\selenium-api\4.1.2\selenium-api-4.1.2.jar;C:\Users\RICO\.m2\repository\org\seleniumhq\selenium\selenium-support\4.1.2\selenium-support-4.1.2.jar;C:\Users\RICO\.m2\repository\com\google\auto\service\auto-service-annotations\1.0.1\auto-service-annotations-1.0.1.jar;C:\Users\RICO\.m2\repository\com\google\auto\service\auto-service\1.0.1\auto-service-1.0.1.jar;C:\Users\RICO\.m2\repository\com\google\auto\auto-common\1.2\auto-common-1.2.jar;C:\Users\RICO\.m2\repository\org\seleniumhq\selenium\selenium-json\4.1.2\selenium-json-4.1.2.jar;C:\Users\RICO\.m2\repository\org\seleniumhq\selenium\selenium-chrome-driver\4.1.2\selenium-chrome-driver-4.1.2.jar;C:\Users\RICO\.m2\repository\org\seleniumhq\selenium\selenium-chromium-driver\4.1.2\selenium-chromium-driver-4.1.2.jar;C:\Users\RICO\.m2\repository\org\seleniumhq\selenium\selenium-firefox-driver\4.1.2\selenium-firefox-driver-4.1.2.jar;C:\Users\RICO\.m2\repository\org\seleniumhq\selenium\selenium-edge-driver\4.1.2\selenium-edge-driver-4.1.2.jar;C:\Users\RICO\.m2\repository\org\seleniumhq\selenium\selenium-ie-driver\4.1.2\selenium-ie-driver-4.1.2.jar;C:\Users\RICO\.m2\repository\org\projectlombok\lombok\1.18.20\lombok-1.18.20.jar;C:\Users\RICO\.m2\repository\io\appium\java-client\8.0.0\java-client-8.0.0.jar;C:\Users\RICO\.m2\repository\commons-validator\commons-validator\1.7\commons-validator-1.7.jar;C:\Users\RICO\.m2\repository\commons-digester\commons-digester\2.1\commons-digester-2.1.jar;C:\Users\RICO\.m2\repository\org\aspectj\aspectjweaver\1.9.8\aspectjweaver-1.9.8.jar;C:\Users\RICO\.m2\repository\org\codehaus\groovy\groovy\3.0.10\groovy-3.0.10.jar;C:\Users\RICO\.m2\repository\net\sf\opencsv\opencsv\2.0\opencsv-2.0.jar;C:\Users\RICO\.m2\repository\commons-beanutils\commons-beanutils\1.9.4\commons-beanutils-1.9.4.jar;C:\Users\RICO\.m2\repository\org\apache\commons\commons-lang3\3.12.0\commons-lang3-3.12.0.jar;C:\Users\RICO\.m2\repository\commons-collections\commons-collections\3.2.2\commons-collections-3.2.2.jar;C:\Users\RICO\.m2\repository\org\fluentlenium\fluentlenium-core\0.10.2\fluentlenium-core-0.10.2.jar;C:\Users\RICO\.m2\repository\io\github\bonigarcia\webdrivermanager\5.1.0\webdrivermanager-5.1.0.jar;C:\Users\RICO\.m2\repository\com\github\docker-java\docker-java\3.2.13\docker-java-3.2.13.jar;C:\Users\RICO\.m2\repository\com\github\docker-java\docker-java-core\3.2.13\docker-java-core-3.2.13.jar;C:\Users\RICO\.m2\repository\com\github\docker-java\docker-java-api\3.2.13\docker-java-api-3.2.13.jar;C:\Users\RICO\.m2\repository\org\apache\commons\commons-compress\1.21\commons-compress-1.21.jar;C:\Users\RICO\.m2\repository\org\bouncycastle\bcpkix-jdk15on\1.64\bcpkix-jdk15on-1.64.jar;C:\Users\RICO\.m2\repository\org\bouncycastle\bcprov-jdk15on\1.64\bcprov-jdk15on-1.64.jar;C:\Users\RICO\.m2\repository\org\slf4j\jcl-over-slf4j\1.7.30\jcl-over-slf4j-1.7.30.jar;C:\Users\RICO\.m2\repository\com\github\docker-java\docker-java-transport-httpclient5\3.2.13\docker-java-transport-httpclient5-3.2.13.jar;C:\Users\RICO\.m2\repository\com\github\docker-java\docker-java-transport\3.2.13\docker-java-transport-3.2.13.jar;C:\Users\RICO\.m2\repository\org\apache\httpcomponents\client5\httpclient5\5.0.3\httpclient5-5.0.3.jar;C:\Users\RICO\.m2\repository\org\apache\httpcomponents\core5\httpcore5\5.0.2\httpcore5-5.0.2.jar;C:\Users\RICO\.m2\repository\net\java\dev\jna\jna\5.8.0\jna-5.8.0.jar;C:\Users\RICO\.m2\repository\org\brotli\dec\0.1.2\dec-0.1.2.jar;C:\Users\RICO\.m2\repository\com\jhlabs\filters\2.0.235\filters-2.0.235.jar;C:\Users\RICO\.m2\repository\com\paulhammant\ngwebdriver\1.1.6\ngwebdriver-1.1.6.jar;C:\Users\RICO\.m2\repository\joda-time\joda-time\2.8.2\joda-time-2.8.2.jar;C:\Users\RICO\.m2\repository\org\hamcrest\hamcrest\2.2\hamcrest-2.2.jar;C:\Users\RICO\.m2\repository\com\google\jimfs\jimfs\1.2\jimfs-1.2.jar;C:\Users\RICO\.m2\repository\org\mockito\mockito-core\3.3.3\mockito-core-3.3.3.jar;C:\Users\RICO\.m2\repository\javax\xml\bind\jaxb-api\2.3.1\jaxb-api-2.3.1.jar;C:\Users\RICO\.m2\repository\javax\activation\javax.activation-api\1.2.0\javax.activation-api-1.2.0.jar;C:\Users\RICO\.m2\repository\com\sun\xml\bind\jaxb-core\2.3.0.1\jaxb-core-2.3.0.1.jar;C:\Users\RICO\.m2\repository\com\sun\xml\bind\jaxb-impl\2.3.3\jaxb-impl-2.3.3.jar;C:\Users\RICO\.m2\repository\jakarta\xml\bind\jakarta.xml.bind-api\2.3.3\jakarta.xml.bind-api-2.3.3.jar;C:\Users\RICO\.m2\repository\com\sun\activation\jakarta.activation\1.2.2\jakarta.activation-1.2.2.jar;C:\Users\RICO\.m2\repository\javax\activation\activation\1.1.1\activation-1.1.1.jar;C:\Users\RICO\.m2\repository\net\serenity-bdd\serenity-cucumber\3.2.1\serenity-cucumber-3.2.1.jar;C:\Users\RICO\.m2\repository\io\cucumber\cucumber-core\7.2.3\cucumber-core-7.2.3.jar;C:\Users\RICO\.m2\repository\io\cucumber\cucumber-gherkin\7.2.3\cucumber-gherkin-7.2.3.jar;C:\Users\RICO\.m2\repository\io\cucumber\cucumber-gherkin-messages\7.2.3\cucumber-gherkin-messages-7.2.3.jar;C:\Users\RICO\.m2\repository\io\cucumber\messages\17.1.1\messages-17.1.1.jar;C:\Users\RICO\.m2\repository\io\cucumber\tag-expressions\4.1.0\tag-expressions-4.1.0.jar;C:\Users\RICO\.m2\repository\io\cucumber\cucumber-expressions\15.0.1\cucumber-expressions-15.0.1.jar;C:\Users\RICO\.m2\repository\io\cucumber\datatable\7.2.3\datatable-7.2.3.jar;C:\Users\RICO\.m2\repository\io\cucumber\cucumber-plugin\7.2.3\cucumber-plugin-7.2.3.jar;C:\Users\RICO\.m2\repository\io\cucumber\docstring\7.2.3\docstring-7.2.3.jar;C:\Users\RICO\.m2\repository\io\cucumber\html-formatter\17.0.0\html-formatter-17.0.0.jar;C:\Users\RICO\.m2\repository\io\cucumber\ci-environment\8.1.0\ci-environment-8.1.0.jar;C:\Users\RICO\.m2\repository\io\cucumber\cucumber-junit\7.2.3\cucumber-junit-7.2.3.jar;C:\Users\RICO\.m2\repository\org\apache\commons\commons-csv\1.5\commons-csv-1.5.jar;C:\Users\RICO\.m2\repository\net\serenity-bdd\serenity-screenplay\3.2.1\serenity-screenplay-3.2.1.jar;C:\Users\RICO\.m2\repository\net\serenity-bdd\serenity-screenplay-webdriver\3.2.1\serenity-screenplay-webdriver-3.2.1.jar;C:\Users\RICO\.m2\repository\net\serenity-bdd\serenity-ensure\3.2.1\serenity-ensure-3.2.1.jar;C:\Users\RICO\.m2\repository\net\serenity-bdd\serenity-junit\3.2.1\serenity-junit-3.2.1.jar;C:\Users\RICO\.m2\repository\org\jetbrains\kotlin\kotlin-stdlib\1.6.0\kotlin-stdlib-1.6.0.jar;C:\Users\RICO\.m2\repository\org\jetbrains\annotations\13.0\annotations-13.0.jar;C:\Users\RICO\.m2\repository\org\jetbrains\kotlin\kotlin-stdlib-common\1.6.0\kotlin-stdlib-common-1.6.0.jar;C:\Users\RICO\.m2\repository\org\junit\platform\junit-platform-launcher\1.8.2\junit-platform-launcher-1.8.2.jar;C:\Users\RICO\.m2\repository\org\junit\platform\junit-platform-engine\1.8.2\junit-platform-engine-1.8.2.jar;C:\Users\RICO\.m2\repository\org\opentest4j\opentest4j\1.2.0\opentest4j-1.2.0.jar;C:\Users\RICO\.m2\repository\org\junit\platform\junit-platform-commons\1.8.2\junit-platform-commons-1.8.2.jar;C:\Users\RICO\.m2\repository\org\apiguardian\apiguardian-api\1.1.2\apiguardian-api-1.1.2.jar;C:\Users\RICO\.m2\repository\org\junit\jupiter\junit-jupiter-engine\5.8.2\junit-jupiter-engine-5.8.2.jar;C:\Users\RICO\.m2\repository\org\junit\jupiter\junit-jupiter-api\5.8.2\junit-jupiter-api-5.8.2.jar;C:\Users\RICO\.m2\repository\org\junit\vintage\junit-vintage-engine\5.8.2\junit-vintage-engine-5.8.2.jar;C:\Users\RICO\.m2\repository\junit\junit\4.13.2\junit-4.13.2.jar;C:\Users\RICO\.m2\repository\org\hamcrest\hamcrest-core\1.3\hamcrest-core-1.3.jar;C:\Users\RICO\.m2\repository\ch\qos\logback\logback-classic\1.2.11\logback-classic-1.2.11.jar;C:\Users\RICO\.m2\repository\ch\qos\logback\logback-core\1.2.11\logback-core-1.2.11.jar;C:\Users\RICO\.m2\repository\org\slf4j\slf4j-api\1.7.32\slf4j-api-1.7.32.jar;C:\Users\RICO\.m2\repository\org\assertj\assertj-core\3.22.0\assertj-core-3.22.0.jar;"/>
    <property name="sun.cpu.endian" value="little"/>
    <property name="user.home" value="C:\Users\RICO"/>
    <property name="user.language" value="en"/>
    <property name="java.specification.vendor" value="Oracle Corporation"/>
    <property name="java.version.date" value="2019-01-15"/>
    <property name="java.home" value="C:\Program Files\Java\jdk-11.0.2"/>
    <property name="file.separator" value="\"/>
    <property name="basedir" value="C:\Users\RICO\IdeaProjects\20-uitesting-serenity"/>
    <property name="java.vm.compressedOopsMode" value="Zero based"/>
    <property name="line.separator" value="&#10;"/>
    <property name="java.specification.name" value="Java Platform API Specification"/>
    <property name="java.vm.specification.vendor" value="Oracle Corporation"/>
    <property name="java.awt.graphicsenv" value="sun.awt.Win32GraphicsEnvironment"/>
    <property name="surefire.real.class.path" value="C:\Users\RICO\AppData\Local\Temp\surefire14431798475451970436\surefirebooter16917574591685823123.jar"/>
    <property name="user.script" value=""/>
    <property name="java.protocol.handler.pkgs" value="com.google.common"/>
    <property name="sun.management.compiler" value="HotSpot 64-Bit Tiered Compilers"/>
    <property name="java.runtime.version" value="11.0.2+9"/>
    <property name="user.name" value="Riko Sahetapi"/>
    <property name="path.separator" value=";"/>
    <property name="os.version" value="10.0"/>
    <property name="java.runtime.name" value="OpenJDK Runtime Environment"/>
    <property name="file.encoding" value="Cp1252"/>
    <property name="webdriver.base.url" value=""/>
    <property name="java.vm.name" value="OpenJDK 64-Bit Server VM"/>
    <property name="java.vendor.version" value="18.9"/>
    <property name="localRepository" value="C:\Users\RICO\.m2\repository"/>
    <property name="java.vendor.url.bug" value="http://bugreport.java.com/bugreport/"/>
    <property name="java.io.tmpdir" value="C:\Users\RICO\AppData\Local\Temp\"/>
    <property name="java.version" value="11.0.2"/>
    <property name="user.dir" value="C:\Users\RICO\IdeaProjects\20-uitesting-serenity"/>
    <property name="os.arch" value="amd64"/>
    <property name="java.vm.specification.name" value="Java Virtual Machine Specification"/>
    <property name="java.awt.printerjob" value="sun.awt.windows.WPrinterJob"/>
    <property name="sun.os.patch.level" value=""/>
    <property name="java.library.path" value="C:\Program Files\Java\jdk-11.0.2\bin;C:\WINDOWS\Sun\Java\bin;C:\WINDOWS\system32;C:\WINDOWS;C:\Program Files\Common Files\Oracle\Java\javapath;E:\oracle\product\10.2.0\db_1\bin;C:\Program Files\AdoptOpenJDK\jdk-11.0.11.9-hotspot\bin;C:\oracle\product\10.2.0\db_1\bin;C:\Program Files (x86)\Intel\iCLS Client\;C:\Program Files\Intel\iCLS Client\;C:\Windows\system32;C:\Windows;C:\Windows\System32\Wbem;C:\Windows\System32\WindowsPowerShell\v1.0\;C:\Program Files (x86)\Intel\Intel(R) Management Engine Components\DAL;C:\Program Files\Intel\Intel(R) Management Engine Components\DAL;C:\Program Files (x86)\Intel\Intel(R) Management Engine Components\IPT;C:\Program Files\Intel\Intel(R) Management Engine Components\IPT;C:\Program Files (x86)\NVIDIA Corporation\PhysX\Common;C:\WINDOWS\system32;C:\WINDOWS;C:\WINDOWS\System32\Wbem;C:\WINDOWS\System32\WindowsPowerShell\v1.0\;C:\WINDOWS\System32\OpenSSH\;C:\Go\bin;C:\ProgramData\chocolatey\bin;C:\Program Files\Java\jdk-15.0.1\bin;C:\xampp\php;C:\ProgramData\ComposerSetup\bin;C:\Program Files\nodejs\;C:\Program Files\Git\cmd;%M2_HOME%\bin;C:\Program Files\apache-maven-3.8.5\bin;C:\Users\RICO\AppData\Local\Programs\Python\Python310\Scripts\;C:\Users\RICO\AppData\Local\Programs\Python\Python310\;C:\Users\RICO\AppData\Local\Microsoft\WindowsApps;C:\Users\RICO\AppData\Local\Programs\Microsoft VS Code\bin;C:\Users\RICO\go\bin;C:\Users\RICO\AppData\Roaming\Composer\vendor\bin;C:\Users\RICO\AppData\Roaming\npm;C:\Program Files\apache-maven-3.8.5\bin;%M2_HOME%\bin;;."/>
    <property name="java.vendor" value="Oracle Corporation"/>
    <property name="java.vm.info" value="mixed mode"/>
    <property name="java.vm.version" value="11.0.2+9"/>
    <property name="sun.io.unicode.encoding" value="UnicodeLittle"/>
    <property name="java.class.version" value="55.0"/>
  </properties>
  <testcase name="As a user, i want go to the login page, and have be able to success login" classname="Login" time="33.09">
    <system-out><![CDATA[19:03:26.027 [main] INFO io.cucumber.core.plugin.SerenityReporter - Running feature from file:///C:/Users/RICO/IdeaProjects/20-uitesting-serenity/src/test/resources/features/login.feature
19:03:26.223 [main] INFO  - 

-------------------------------------------------------------------------------------
     _______. _______ .______       _______ .__   __.  __  .___________.____    ____ 
    /       ||   ____||   _  \     |   ____||  \ |  | |  | |           |\   \  /   / 
   |   (----`|  |__   |  |_)  |    |  |__   |   \|  | |  | `---|  |----` \   \/   /  
    \   \    |   __|  |      /     |   __|  |  . `  | |  |     |  |       \_    _/   
.----)   |   |  |____ |  |\  \----.|  |____ |  |\   | |  |     |  |         |  |     
|_______/    |_______|| _| `._____||_______||__| \__| |__|     |__|         |__|    
                                                                                     
 News and tutorials at http://www.serenity-bdd.info                                  
 Documentation at https://wakaleo.gitbooks.io/the-serenity-book/content/             
 Join the Serenity Community on Gitter: https://gitter.im/serenity-bdd/serenity-core 
 Serenity BDD Support and Training at http://serenity-bdd.info/#/trainingandsupport  
-------------------------------------------------------------------------------------

19:03:26.239 [main] DEBUG net.thucydides.core.steps.StepEventBus - Test suite started for story net.thucydides.core.model.Story@f388ff28
19:03:26.239 [main] INFO  - Test Suite Started: Login
19:03:26.254 [main] INFO io.cucumber.core.plugin.SerenityReporter - Running feature from file:///C:/Users/RICO/IdeaProjects/20-uitesting-serenity/src/test/resources/features/login.feature
19:03:26.270 [main] DEBUG net.thucydides.core.steps.StepEventBus - Test suite started for story net.thucydides.core.model.Story@f388ff28
19:03:26.270 [main] INFO  - Test Suite Started: Login

Scenario: As a user, i want go to the login page, and have be able to success login &amp#27;[90m# src/test/resources/features/login.feature:9&amp#27;[0m
19:03:26.379 [main] INFO io.cucumber.core.plugin.SerenityReporter - Running feature from file:///C:/Users/RICO/IdeaProjects/20-uitesting-serenity/src/test/resources/features/login.feature
19:03:26.489 [main] INFO  - 
  _____   ___   ___   _____     ___   _____     _     ___   _____   ___   ___  
 |_   _| | __| / __| |_   _|   / __| |_   _|   /_\   | _ \ |_   _| | __| |   \ 
   | |   | _|  \__ \   | |     \__ \   | |    / _ \  |   /   | |   | _|  | |) |
   |_|   |___| |___/   |_|     |___/   |_|   /_/ \_\ |_|_\   |_|   |___| |___/ 

As a user, i want go to the login page, and have be able to success login(login;as-a-user--i-want-go-to-the-login-page--and-have-be-able-to-success-login)
--------------------------------------------------------------------------------
19:03:27.849 [main] DEBUG net.thucydides.core.steps.StepInterceptor - STARTING STEP: LoginStep.onHomePage - openPageHome
19:03:27.927 [main] INFO net.serenitybdd.core.webdriver.driverproviders.ChromeDriverProvider - Using automatically driver download
19:03:28.864 [main] DEBUG io.github.bonigarcia.wdm.cache.ResolutionCache - Resolution chrome=99 in cache (valid until 19:43:27 01/04/2022 ICT)
19:03:28.864 [main] DEBUG io.github.bonigarcia.wdm.cache.ResolutionCache - Resolution chrome99=99.0.4844.51 in cache (valid until 18:43:27 02/04/2022 ICT)
19:03:28.864 [main] INFO io.github.bonigarcia.wdm.WebDriverManager - Using chromedriver 99.0.4844.51 (resolved driver for Chrome 99)
19:03:28.895 [main] DEBUG io.github.bonigarcia.wdm.WebDriverManager - Driver chromedriver 99.0.4844.51 found in cache
19:03:28.895 [main] INFO io.github.bonigarcia.wdm.WebDriverManager - Exporting webdriver.chrome.driver as C:\Users\RICO\.cache\selenium\chromedriver\win32\99.0.4844.51\chromedriver.exe
19:03:29.958 [main] DEBUG net.thucydides.core.reflection.ClassFinder - Could not load class .CucumberTestSuite
19:03:29.958 [main] DEBUG net.thucydides.core.reflection.ClassFinder - Could not load class .pages.BookStorePage
19:03:29.958 [main] DEBUG net.thucydides.core.reflection.ClassFinder - Could not load class .pages.HomePage
19:03:29.958 [main] DEBUG net.thucydides.core.reflection.ClassFinder - Could not load class .pages.LoginPage
19:03:29.958 [main] DEBUG net.thucydides.core.reflection.ClassFinder - Could not load class .pages.ProfilePage
19:03:29.958 [main] DEBUG net.thucydides.core.reflection.ClassFinder - Could not load class .starter.stepdefinition.LoginStep
19:03:29.958 [main] DEBUG net.thucydides.core.reflection.ClassFinder - Could not load class META-INF.versions.9.com.sun.istack.logging.StackHelper
19:03:29.958 [main] DEBUG net.thucydides.core.reflection.ClassFinder - Could not load class META-INF.versions.9.com.sun.xml.bind.v2.runtime.reflect.opt.AccessorInjector
19:03:29.958 [main] DEBUG net.thucydides.core.reflection.ClassFinder - Could not load class META-INF.versions.9.com.sun.xml.bind.v2.runtime.reflect.opt.Injector
19:03:29.958 [main] DEBUG net.thucydides.core.reflection.ClassFinder - Could not load class META-INF.versions.9.com.sun.xml.bind.v2.runtime.reflect.opt.OptimizedAccessorFactory
19:03:29.958 [main] DEBUG net.thucydides.core.reflection.ClassFinder - Could not load class META-INF.versions.9.com.sun.xml.bind.v2.runtime.reflect.opt.OptimizedTransducedAccessorFactory
19:03:29.958 [main] DEBUG net.thucydides.core.reflection.ClassFinder - Could not load class META-INF.versions.9.io.opentelemetry.sdk.internal.CurrentJavaVersionSpecific
19:03:29.958 [main] DEBUG net.thucydides.core.reflection.ClassFinder - Could not load class META-INF.versions.9.io.opentelemetry.sdk.internal.Java9VersionSpecific
19:03:29.958 [main] DEBUG net.thucydides.core.reflection.ClassFinder - Could not load class META-INF.versions.9.javax.xml.bind.ModuleUtil
19:03:29.958 [main] DEBUG net.thucydides.core.reflection.ClassFinder - Could not load class META-INF.versions.9.module-info
19:03:29.958 [main] DEBUG net.thucydides.core.reflection.ClassFinder - Could not load class META-INF.versions.9.org.junit.platform.commons.util.ModuleUtils
19:03:30.349 [main] DEBUG net.thucydides.core.reflection.ClassFinder - Could not load class com.google.gson.internal.
19:03:30.674 [main] DEBUG net.thucydides.core.reflection.ClassFinder - Could not load class com.sun.xml.bind.v2.runtime.output.FastInfosetStreamWriterOutput
19:03:31.549 [main] DEBUG net.thucydides.core.reflection.ClassFinder - Could not load class module-info
19:03:36.202 [main] DEBUG io.netty.util.internal.logging.InternalLoggerFactory - Using SLF4J as the default logging framework
19:03:36.202 [main] DEBUG io.netty.util.ResourceLeakDetector - -Dio.netty.leakDetection.level: simple
19:03:36.202 [main] DEBUG io.netty.util.ResourceLeakDetector - -Dio.netty.leakDetection.targetRecords: 4
19:03:36.202 [main] DEBUG io.netty.util.ResourceLeakDetectorFactory - Loaded default ResourceLeakDetector: io.netty.util.ResourceLeakDetector@5f851718
19:03:36.233 [main] DEBUG io.netty.util.internal.PlatformDependent0 - -Dio.netty.noUnsafe: false
19:03:36.233 [main] DEBUG io.netty.util.internal.PlatformDependent0 - Java version: 11
19:03:36.233 [main] DEBUG io.netty.util.internal.PlatformDependent0 - sun.misc.Unsafe.theUnsafe: available
19:03:36.233 [main] DEBUG io.netty.util.internal.PlatformDependent0 - sun.misc.Unsafe.copyMemory: available
19:03:36.233 [main] DEBUG io.netty.util.internal.PlatformDependent0 - java.nio.Buffer.address: available
19:03:36.233 [main] DEBUG io.netty.util.internal.PlatformDependent0 - direct buffer constructor: unavailable: Reflective setAccessible(true) disabled
19:03:36.233 [main] DEBUG io.netty.util.internal.PlatformDependent0 - java.nio.Bits.unaligned: available, true
19:03:36.233 [main] DEBUG io.netty.util.internal.PlatformDependent0 - jdk.internal.misc.Unsafe.allocateUninitializedArray(int): unavailable: class io.netty.util.internal.PlatformDependent0$6 cannot access class jdk.internal.misc.Unsafe (in module java.base) because module java.base does not export jdk.internal.misc to unnamed module @4263b080
19:03:36.233 [main] DEBUG io.netty.util.internal.PlatformDependent0 - java.nio.DirectByteBuffer.<init>(long, int): unavailable
19:03:36.233 [main] DEBUG io.netty.util.internal.PlatformDependent - sun.misc.Unsafe: available
19:03:36.233 [main] DEBUG io.netty.util.internal.PlatformDependent - maxDirectMemory: 3191865344 bytes (maybe)
19:03:36.233 [main] DEBUG io.netty.util.internal.PlatformDependent - -Dio.netty.tmpdir: C:\Users\RICO\AppData\Local\Temp (java.io.tmpdir)
19:03:36.233 [main] DEBUG io.netty.util.internal.PlatformDependent - -Dio.netty.bitMode: 64 (sun.arch.data.model)
19:03:36.233 [main] DEBUG io.netty.util.internal.PlatformDependent - Platform: Windows
19:03:36.233 [main] DEBUG io.netty.util.internal.PlatformDependent - -Dio.netty.maxDirectMemory: -1 bytes
19:03:36.233 [main] DEBUG io.netty.util.internal.PlatformDependent - -Dio.netty.uninitializedArrayAllocationThreshold: -1
19:03:36.233 [main] DEBUG io.netty.util.internal.CleanerJava9 - java.nio.ByteBuffer.cleaner(): available
19:03:36.233 [main] DEBUG io.netty.util.internal.PlatformDependent - -Dio.netty.noPreferDirect: false
19:03:36.249 [main] DEBUG io.netty.util.internal.PlatformDependent - org.jctools-core.MpscChunkedArrayQueue: available
19:03:36.280 [main] DEBUG io.netty.util.internal.InternalThreadLocalMap - -Dio.netty.threadLocalMap.stringBuilder.initialSize: 1024
19:03:36.280 [main] DEBUG io.netty.util.internal.InternalThreadLocalMap - -Dio.netty.threadLocalMap.stringBuilder.maxSize: 4096
19:03:36.311 [main] DEBUG io.netty.handler.ssl.JdkSslContext - Default protocols (JDK): [TLSv1.3, TLSv1.2, TLSv1.1, TLSv1] 
19:03:36.311 [main] DEBUG io.netty.handler.ssl.JdkSslContext - Default cipher suites (JDK): [TLS_ECDHE_ECDSA_WITH_AES_256_GCM_SHA384, TLS_ECDHE_ECDSA_WITH_AES_128_GCM_SHA256, TLS_ECDHE_RSA_WITH_AES_128_GCM_SHA256, TLS_ECDHE_RSA_WITH_AES_256_GCM_SHA384, TLS_ECDHE_RSA_WITH_AES_128_CBC_SHA, TLS_ECDHE_RSA_WITH_AES_256_CBC_SHA, TLS_RSA_WITH_AES_128_GCM_SHA256, TLS_RSA_WITH_AES_128_CBC_SHA, TLS_RSA_WITH_AES_256_CBC_SHA, TLS_AES_128_GCM_SHA256, TLS_AES_256_GCM_SHA384]
19:03:36.343 [main] DEBUG io.netty.channel.MultithreadEventLoopGroup - -Dio.netty.eventLoopThreads: 16
19:03:36.343 [main] DEBUG io.netty.channel.nio.NioEventLoop - -Dio.netty.noKeySetOptimization: false
19:03:36.343 [main] DEBUG io.netty.channel.nio.NioEventLoop - -Dio.netty.selectorAutoRebuildThreshold: 512
19:03:36.391 [main] DEBUG io.netty.buffer.PooledByteBufAllocator - -Dio.netty.allocator.numHeapArenas: 16
19:03:36.391 [main] DEBUG io.netty.buffer.PooledByteBufAllocator - -Dio.netty.allocator.numDirectArenas: 16
19:03:36.391 [main] DEBUG io.netty.buffer.PooledByteBufAllocator - -Dio.netty.allocator.pageSize: 8192
19:03:36.391 [main] DEBUG io.netty.buffer.PooledByteBufAllocator - -Dio.netty.allocator.maxOrder: 11
19:03:36.391 [main] DEBUG io.netty.buffer.PooledByteBufAllocator - -Dio.netty.allocator.chunkSize: 16777216
19:03:36.391 [main] DEBUG io.netty.buffer.PooledByteBufAllocator - -Dio.netty.allocator.smallCacheSize: 256
19:03:36.391 [main] DEBUG io.netty.buffer.PooledByteBufAllocator - -Dio.netty.allocator.normalCacheSize: 64
19:03:36.391 [main] DEBUG io.netty.buffer.PooledByteBufAllocator - -Dio.netty.allocator.maxCachedBufferCapacity: 32768
19:03:36.391 [main] DEBUG io.netty.buffer.PooledByteBufAllocator - -Dio.netty.allocator.cacheTrimInterval: 8192
19:03:36.391 [main] DEBUG io.netty.buffer.PooledByteBufAllocator - -Dio.netty.allocator.cacheTrimIntervalMillis: 0
19:03:36.391 [main] DEBUG io.netty.buffer.PooledByteBufAllocator - -Dio.netty.allocator.useCacheForAllThreads: true
19:03:36.391 [main] DEBUG io.netty.buffer.PooledByteBufAllocator - -Dio.netty.allocator.maxCachedByteBuffersPerChunk: 1023
19:03:36.406 [main] DEBUG io.netty.buffer.ByteBufUtil - -Dio.netty.allocator.type: pooled
19:03:36.406 [main] DEBUG io.netty.buffer.ByteBufUtil - -Dio.netty.threadLocalDirectBufferSize: 0
19:03:36.406 [main] DEBUG io.netty.buffer.ByteBufUtil - -Dio.netty.maxThreadLocalCharBufferSize: 16384
19:03:36.658 [main] DEBUG net.serenitybdd.core.webdriver.driverproviders.ProvideNewDriver - Instantiating driver
19:03:36.658 [main] DEBUG net.serenitybdd.core.webdriver.driverproviders.ProvideNewDriver - Driver capabilities: Capabilities {acceptInsecureCerts: false, base.url: https://demoqa.com, browserName: chrome, chrome.driver: src/test/resources/webdrive..., driver: chrome, goog:chromeOptions: {args: [], extensions: []}}
19:03:37.379 [Forwarding newSession on session null to remote] DEBUG io.netty.channel.DefaultChannelId - -Dio.netty.processId: 11188 (auto-detected)
19:03:37.379 [Forwarding newSession on session null to remote] DEBUG io.netty.util.NetUtil - -Djava.net.preferIPv4Stack: false
19:03:37.379 [Forwarding newSession on session null to remote] DEBUG io.netty.util.NetUtil - -Djava.net.preferIPv6Addresses: false
19:03:37.538 [Forwarding newSession on session null to remote] DEBUG io.netty.util.NetUtilInitializations - Loopback interface: lo (Software Loopback Interface 1, 127.0.0.1)
19:03:37.538 [Forwarding newSession on session null to remote] DEBUG io.netty.util.NetUtil - Failed to get SOMAXCONN from sysctl and file \proc\sys\net\core\somaxconn. Default: 200
19:03:37.710 [Forwarding newSession on session null to remote] DEBUG io.netty.channel.DefaultChannelId - -Dio.netty.machineId: 80:c5:f2:ff:fe:bd:a7:5f (auto-detected)
19:03:37.788 [AsyncHttpClient-1-2] DEBUG io.netty.buffer.AbstractByteBuf - -Dio.netty.buffer.checkAccessible: true
19:03:37.804 [AsyncHttpClient-1-2] DEBUG io.netty.buffer.AbstractByteBuf - -Dio.netty.buffer.checkBounds: true
19:03:37.804 [AsyncHttpClient-1-2] DEBUG io.netty.util.ResourceLeakDetectorFactory - Loaded default ResourceLeakDetector: io.netty.util.ResourceLeakDetector@3231b600
19:03:37.819 [AsyncHttpClient-1-2] DEBUG org.asynchttpclient.netty.channel.NettyConnectListener - Using new Channel '[id: 0x6c4697b6, L:/127.0.0.1:64421 - R:localhost/127.0.0.1:51741]' for 'POST' to '/session'
19:03:37.835 [AsyncHttpClient-1-2] DEBUG io.netty.util.Recycler - -Dio.netty.recycler.maxCapacityPerThread: 4096
19:03:37.835 [AsyncHttpClient-1-2] DEBUG io.netty.util.Recycler - -Dio.netty.recycler.ratio: 8
19:03:37.835 [AsyncHttpClient-1-2] DEBUG io.netty.util.Recycler - -Dio.netty.recycler.chunkSize: 32
19:03:37.835 [AsyncHttpClient-1-2] DEBUG io.netty.util.Recycler - -Dio.netty.recycler.blocking: false
19:03:38.595 [AsyncHttpClient-1-2] DEBUG io.netty.handler.codec.compression.Brotli - brotli4j not in the classpath; Brotli support will be unavailable.
19:03:38.595 [AsyncHttpClient-1-2] DEBUG org.asynchttpclient.netty.handler.HttpHandler - 

Request DefaultHttpRequest(decodeResult: success, version: HTTP/1.1)
POST /session HTTP/1.1
User-Agent: selenium/4.1.2 (java windows)
Content-Length: 599
Content-Type: application/json; charset=utf-8
host: localhost:51741
accept: */*

Response DefaultHttpResponse(decodeResult: success, version: HTTP/1.1)
HTTP/1.1 200 OK
Content-Type: application/json; charset=utf-8
cache-control: no-cache
content-length: 786

19:03:38.610 [AsyncHttpClient-1-2] DEBUG org.asynchttpclient.netty.channel.ChannelManager - Adding key: http://localhost:51741 for channel [id: 0x6c4697b6, L:/127.0.0.1:64421 - R:localhost/127.0.0.1:51741]
19:03:38.846 [AsyncHttpClient-1-3] DEBUG org.asynchttpclient.netty.channel.NettyConnectListener - Using new Channel '[id: 0x9d784523, L:/127.0.0.1:64428 - R:localhost/127.0.0.1:64422]' for 'GET' to '/json/version'
19:03:38.857 [AsyncHttpClient-1-3] DEBUG org.asynchttpclient.netty.handler.HttpHandler - 

Request DefaultFullHttpRequest(decodeResult: success, version: HTTP/1.1, content: EmptyByteBufBE)
GET /json/version HTTP/1.1
User-Agent: selenium/4.1.2 (java windows)
host: localhost:64422
accept: */*

Response DefaultHttpResponse(decodeResult: success, version: HTTP/1.1)
HTTP/1.1 200 OK
Content-Type: application/json; charset=UTF-8
content-length: 424

19:03:38.858 [AsyncHttpClient-1-3] DEBUG org.asynchttpclient.netty.channel.ChannelManager - Adding key: http://localhost:64422 for channel [id: 0x9d784523, L:/127.0.0.1:64428 - R:localhost/127.0.0.1:64422]
19:03:38.874 [main] DEBUG io.netty.util.internal.ThreadLocalRandom - -Dio.netty.initialSeedUniquifier: 0x441a7a57d4d0fd13
19:03:38.898 [AsyncHttpClient-1-4] DEBUG org.asynchttpclient.netty.channel.NettyConnectListener - Using new Channel '[id: 0x560b7f4e, L:/127.0.0.1:64429 - R:localhost/127.0.0.1:64422]' for 'GET' to '/devtools/browser/218f48c8-388a-4925-817f-eb10fd6717b5'
19:03:38.909 [AsyncHttpClient-1-4] DEBUG org.asynchttpclient.netty.handler.WebSocketHandler - 

Request DefaultFullHttpRequest(decodeResult: success, version: HTTP/1.1, content: EmptyByteBufBE)
GET /devtools/browser/218f48c8-388a-4925-817f-eb10fd6717b5 HTTP/1.1
upgrade: websocket
connection: upgrade
sec-websocket-key: X7Ty09ygbd4L6iU1DHbaCA==
sec-websocket-version: 13
origin: http://localhost:64422
host: localhost:64422
accept: */*
user-agent: AHC/2.1

Response DefaultHttpResponse(decodeResult: success, version: HTTP/1.1)
HTTP/1.1 101 WebSocket Protocol Handshake
Upgrade: WebSocket
Connection: Upgrade
Sec-WebSocket-Accept: 0Ik8X55buIG46Wu8/uLZSg722Lg=

19:03:39.563 [AsyncHttpClient-1-1] DEBUG org.asynchttpclient.netty.channel.DefaultChannelPool - Entry count for : http://localhost:64422 : 1
19:03:39.564 [AsyncHttpClient-1-1] DEBUG org.asynchttpclient.netty.channel.DefaultChannelPool - Entry count for : http://localhost:51741 : 1
19:03:40.663 [AsyncHttpClient-1-1] DEBUG org.asynchttpclient.netty.channel.DefaultChannelPool - Entry count for : http://localhost:64422 : 1
19:03:40.663 [main] DEBUG net.thucydides.core.reflection.ClassFinder - Could not load class .CucumberTestSuite
19:03:40.663 [AsyncHttpClient-1-1] DEBUG org.asynchttpclient.netty.channel.DefaultChannelPool - Entry count for : http://localhost:51741 : 1
19:03:40.663 [main] DEBUG net.thucydides.core.reflection.ClassFinder - Could not load class .pages.BookStorePage
19:03:40.663 [main] DEBUG net.thucydides.core.reflection.ClassFinder - Could not load class .pages.HomePage
19:03:40.663 [main] DEBUG net.thucydides.core.reflection.ClassFinder - Could not load class .pages.LoginPage
19:03:40.663 [main] DEBUG net.thucydides.core.reflection.ClassFinder - Could not load class .pages.ProfilePage
19:03:40.663 [main] DEBUG net.thucydides.core.reflection.ClassFinder - Could not load class .starter.stepdefinition.LoginStep
19:03:40.663 [main] DEBUG net.thucydides.core.reflection.ClassFinder - Could not load class META-INF.versions.9.com.sun.istack.logging.StackHelper
19:03:40.663 [main] DEBUG net.thucydides.core.reflection.ClassFinder - Could not load class META-INF.versions.9.com.sun.xml.bind.v2.runtime.reflect.opt.AccessorInjector
19:03:40.663 [main] DEBUG net.thucydides.core.reflection.ClassFinder - Could not load class META-INF.versions.9.com.sun.xml.bind.v2.runtime.reflect.opt.Injector
19:03:40.663 [main] DEBUG net.thucydides.core.reflection.ClassFinder - Could not load class META-INF.versions.9.com.sun.xml.bind.v2.runtime.reflect.opt.OptimizedAccessorFactory
19:03:40.663 [main] DEBUG net.thucydides.core.reflection.ClassFinder - Could not load class META-INF.versions.9.com.sun.xml.bind.v2.runtime.reflect.opt.OptimizedTransducedAccessorFactory
19:03:40.663 [main] DEBUG net.thucydides.core.reflection.ClassFinder - Could not load class META-INF.versions.9.io.opentelemetry.sdk.internal.CurrentJavaVersionSpecific
19:03:40.663 [main] DEBUG net.thucydides.core.reflection.ClassFinder - Could not load class META-INF.versions.9.io.opentelemetry.sdk.internal.Java9VersionSpecific
19:03:40.663 [main] DEBUG net.thucydides.core.reflection.ClassFinder - Could not load class META-INF.versions.9.javax.xml.bind.ModuleUtil
19:03:40.663 [main] DEBUG net.thucydides.core.reflection.ClassFinder - Could not load class META-INF.versions.9.module-info
19:03:40.663 [main] DEBUG net.thucydides.core.reflection.ClassFinder - Could not load class META-INF.versions.9.org.junit.platform.commons.util.ModuleUtils
19:03:40.663 [main] DEBUG net.thucydides.core.reflection.ClassFinder - Could not load class com.google.gson.internal.
19:03:40.663 [main] DEBUG net.thucydides.core.reflection.ClassFinder - Could not load class com.sun.xml.bind.v2.runtime.output.FastInfosetStreamWriterOutput
19:03:40.663 [main] DEBUG net.thucydides.core.reflection.ClassFinder - Could not load class module-info
19:03:40.694 [Forwarding get on session 81e8f07af89f612b1e68f8f42fbf4103 to remote] DEBUG org.asynchttpclient.netty.request.NettyRequestSender - Using pooled Channel '[id: 0x6c4697b6, L:/127.0.0.1:64421 - R:localhost/127.0.0.1:51741]' for 'POST' to 'http://localhost:51741/session/81e8f07af89f612b1e68f8f42fbf4103/url'
19:03:40.694 [Forwarding get on session 81e8f07af89f612b1e68f8f42fbf4103 to remote] DEBUG org.asynchttpclient.netty.request.NettyRequestSender - Using open Channel [id: 0x6c4697b6, L:/127.0.0.1:64421 - R:localhost/127.0.0.1:51741] for POST '/session/81e8f07af89f612b1e68f8f42fbf4103/url'
19:03:41.760 [AsyncHttpClient-1-1] DEBUG org.asynchttpclient.netty.channel.DefaultChannelPool - Entry count for : http://localhost:64422 : 1
19:03:42.865 [AsyncHttpClient-1-1] DEBUG org.asynchttpclient.netty.channel.DefaultChannelPool - Entry count for : http://localhost:64422 : 1
19:03:43.960 [AsyncHttpClient-1-1] DEBUG org.asynchttpclient.netty.channel.DefaultChannelPool - Entry count for : http://localhost:64422 : 1
19:03:45.059 [AsyncHttpClient-1-1] DEBUG org.asynchttpclient.netty.channel.DefaultChannelPool - Entry count for : http://localhost:64422 : 1
19:03:46.160 [AsyncHttpClient-1-1] DEBUG org.asynchttpclient.netty.channel.DefaultChannelPool - Entry count for : http://localhost:64422 : 1
19:03:47.266 [AsyncHttpClient-1-1] DEBUG org.asynchttpclient.netty.channel.DefaultChannelPool - Entry count for : http://localhost:64422 : 1
19:03:48.360 [AsyncHttpClient-1-1] DEBUG org.asynchttpclient.netty.channel.DefaultChannelPool - Entry count for : http://localhost:64422 : 1
19:03:49.468 [AsyncHttpClient-1-1] DEBUG org.asynchttpclient.netty.channel.DefaultChannelPool - Entry count for : http://localhost:64422 : 1
19:03:50.564 [AsyncHttpClient-1-1] DEBUG org.asynchttpclient.netty.channel.DefaultChannelPool - Entry count for : http://localhost:64422 : 1
19:03:51.660 [AsyncHttpClient-1-1] DEBUG org.asynchttpclient.netty.channel.DefaultChannelPool - Entry count for : http://localhost:64422 : 1
19:03:52.760 [AsyncHttpClient-1-1] DEBUG org.asynchttpclient.netty.channel.DefaultChannelPool - Entry count for : http://localhost:64422 : 1
19:03:53.860 [AsyncHttpClient-1-1] DEBUG org.asynchttpclient.netty.channel.DefaultChannelPool - Entry count for : http://localhost:64422 : 1
19:03:54.904 [AsyncHttpClient-1-2] DEBUG org.asynchttpclient.netty.handler.HttpHandler - 

Request DefaultHttpRequest(decodeResult: success, version: HTTP/1.1)
POST /session/81e8f07af89f612b1e68f8f42fbf4103/url HTTP/1.1
User-Agent: selenium/4.1.2 (java windows)
Content-Length: 43
Content-Type: application/json; charset=utf-8
host: localhost:51741
accept: */*

Response DefaultHttpResponse(decodeResult: success, version: HTTP/1.1)
HTTP/1.1 200 OK
Content-Type: application/json; charset=utf-8
cache-control: no-cache
content-length: 14

19:03:54.904 [AsyncHttpClient-1-2] DEBUG org.asynchttpclient.netty.channel.ChannelManager - Adding key: http://localhost:51741 for channel [id: 0x6c4697b6, L:/127.0.0.1:64421 - R:localhost/127.0.0.1:51741]
19:03:54.910 [Forwarding setTimeout on session 81e8f07af89f612b1e68f8f42fbf4103 to remote] DEBUG org.asynchttpclient.netty.request.NettyRequestSender - Using pooled Channel '[id: 0x6c4697b6, L:/127.0.0.1:64421 - R:localhost/127.0.0.1:51741]' for 'POST' to 'http://localhost:51741/session/81e8f07af89f612b1e68f8f42fbf4103/timeouts'
19:03:54.910 [Forwarding setTimeout on session 81e8f07af89f612b1e68f8f42fbf4103 to remote] DEBUG org.asynchttpclient.netty.request.NettyRequestSender - Using open Channel [id: 0x6c4697b6, L:/127.0.0.1:64421 - R:localhost/127.0.0.1:51741] for POST '/session/81e8f07af89f612b1e68f8f42fbf4103/timeouts'
19:03:54.912 [AsyncHttpClient-1-2] DEBUG org.asynchttpclient.netty.handler.HttpHandler - 

Request DefaultHttpRequest(decodeResult: success, version: HTTP/1.1)
POST /session/81e8f07af89f612b1e68f8f42fbf4103/timeouts HTTP/1.1
User-Agent: selenium/4.1.2 (java windows)
Content-Length: 22
Content-Type: application/json; charset=utf-8
host: localhost:51741
accept: */*

Response DefaultHttpResponse(decodeResult: success, version: HTTP/1.1)
HTTP/1.1 200 OK
Content-Type: application/json; charset=utf-8
cache-control: no-cache
content-length: 14

19:03:54.912 [AsyncHttpClient-1-2] DEBUG org.asynchttpclient.netty.channel.ChannelManager - Adding key: http://localhost:51741 for channel [id: 0x6c4697b6, L:/127.0.0.1:64421 - R:localhost/127.0.0.1:51741]
19:03:54.917 [Forwarding getCurrentUrl on session 81e8f07af89f612b1e68f8f42fbf4103 to remote] DEBUG org.asynchttpclient.netty.request.NettyRequestSender - Using pooled Channel '[id: 0x6c4697b6, L:/127.0.0.1:64421 - R:localhost/127.0.0.1:51741]' for 'GET' to 'http://localhost:51741/session/81e8f07af89f612b1e68f8f42fbf4103/url'
19:03:54.918 [Forwarding getCurrentUrl on session 81e8f07af89f612b1e68f8f42fbf4103 to remote] DEBUG org.asynchttpclient.netty.request.NettyRequestSender - Using open Channel [id: 0x6c4697b6, L:/127.0.0.1:64421 - R:localhost/127.0.0.1:51741] for GET '/session/81e8f07af89f612b1e68f8f42fbf4103/url'
19:03:54.923 [AsyncHttpClient-1-2] DEBUG org.asynchttpclient.netty.handler.HttpHandler - 

Request DefaultFullHttpRequest(decodeResult: success, version: HTTP/1.1, content: EmptyByteBufBE)
GET /session/81e8f07af89f612b1e68f8f42fbf4103/url HTTP/1.1
User-Agent: selenium/4.1.2 (java windows)
Cache-Control: no-cache
Content-Type: application/json; charset=utf-8
host: localhost:51741
accept: */*

Response DefaultHttpResponse(decodeResult: success, version: HTTP/1.1)
HTTP/1.1 200 OK
Content-Type: application/json; charset=utf-8
cache-control: no-cache
content-length: 31

19:03:54.923 [AsyncHttpClient-1-2] DEBUG org.asynchttpclient.netty.channel.ChannelManager - Adding key: http://localhost:51741 for channel [id: 0x6c4697b6, L:/127.0.0.1:64421 - R:localhost/127.0.0.1:51741]
19:03:54.928 [Forwarding getCurrentUrl on session 81e8f07af89f612b1e68f8f42fbf4103 to remote] DEBUG org.asynchttpclient.netty.request.NettyRequestSender - Using pooled Channel '[id: 0x6c4697b6, L:/127.0.0.1:64421 - R:localhost/127.0.0.1:51741]' for 'GET' to 'http://localhost:51741/session/81e8f07af89f612b1e68f8f42fbf4103/url'
19:03:54.928 [Forwarding getCurrentUrl on session 81e8f07af89f612b1e68f8f42fbf4103 to remote] DEBUG org.asynchttpclient.netty.request.NettyRequestSender - Using open Channel [id: 0x6c4697b6, L:/127.0.0.1:64421 - R:localhost/127.0.0.1:51741] for GET '/session/81e8f07af89f612b1e68f8f42fbf4103/url'
19:03:54.932 [AsyncHttpClient-1-2] DEBUG org.asynchttpclient.netty.handler.HttpHandler - 

Request DefaultFullHttpRequest(decodeResult: success, version: HTTP/1.1, content: EmptyByteBufBE)
GET /session/81e8f07af89f612b1e68f8f42fbf4103/url HTTP/1.1
User-Agent: selenium/4.1.2 (java windows)
Cache-Control: no-cache
Content-Type: application/json; charset=utf-8
host: localhost:51741
accept: */*

Response DefaultHttpResponse(decodeResult: success, version: HTTP/1.1)
HTTP/1.1 200 OK
Content-Type: application/json; charset=utf-8
cache-control: no-cache
content-length: 31

19:03:54.932 [AsyncHttpClient-1-2] DEBUG org.asynchttpclient.netty.channel.ChannelManager - Adding key: http://localhost:51741 for channel [id: 0x6c4697b6, L:/127.0.0.1:64421 - R:localhost/127.0.0.1:51741]
19:03:54.951 [main] DEBUG net.serenitybdd.core.photography.Darkroom - Opening darkroom
19:03:54.951 [Darkroom Processing Line] DEBUG net.serenitybdd.core.photography.DarkroomProcessingLine - Darkroom processing line starting up
19:03:54.951 [Forwarding screenshot on session 81e8f07af89f612b1e68f8f42fbf4103 to remote] DEBUG org.asynchttpclient.netty.request.NettyRequestSender - Using pooled Channel '[id: 0x6c4697b6, L:/127.0.0.1:64421 - R:localhost/127.0.0.1:51741]' for 'GET' to 'http://localhost:51741/session/81e8f07af89f612b1e68f8f42fbf4103/screenshot'
19:03:54.952 [Forwarding screenshot on session 81e8f07af89f612b1e68f8f42fbf4103 to remote] DEBUG org.asynchttpclient.netty.request.NettyRequestSender - Using open Channel [id: 0x6c4697b6, L:/127.0.0.1:64421 - R:localhost/127.0.0.1:51741] for GET '/session/81e8f07af89f612b1e68f8f42fbf4103/screenshot'
19:03:54.960 [AsyncHttpClient-1-1] DEBUG org.asynchttpclient.netty.channel.DefaultChannelPool - Entry count for : http://localhost:64422 : 1
19:03:55.094 [AsyncHttpClient-1-2] DEBUG org.asynchttpclient.netty.handler.HttpHandler - 

Request DefaultFullHttpRequest(decodeResult: success, version: HTTP/1.1, content: EmptyByteBufBE)
GET /session/81e8f07af89f612b1e68f8f42fbf4103/screenshot HTTP/1.1
User-Agent: selenium/4.1.2 (java windows)
Cache-Control: no-cache
Content-Type: application/json; charset=utf-8
host: localhost:51741
accept: */*

Response DefaultHttpResponse(decodeResult: success, version: HTTP/1.1)
HTTP/1.1 200 OK
Content-Type: application/json; charset=utf-8
cache-control: no-cache
content-length: 110520

19:03:55.094 [AsyncHttpClient-1-2] DEBUG org.asynchttpclient.netty.channel.ChannelManager - Adding key: http://localhost:51741 for channel [id: 0x6c4697b6, L:/127.0.0.1:64421 - R:localhost/127.0.0.1:51741]
19:03:55.156 [main] DEBUG net.serenitybdd.core.photography.Darkroom - Send negative for processing for target\site\serenity\3423d602183ba323f74d944139068d47cf96af13ff473b02851554e5f815d1ff.png
19:03:55.156 [Darkroom Processing Line] DEBUG net.serenitybdd.core.photography.DarkroomProcessingLine - Processing screenshot image in /var/screenshots/screenshot-15681025252576777689
19:03:55.156 [Darkroom Processing Line] DEBUG net.serenitybdd.core.photography.DarkroomProcessingLine - Saving screenshot to target\site\serenity\3423d602183ba323f74d944139068d47cf96af13ff473b02851554e5f815d1ff.png
19:03:55.156 [main] DEBUG net.thucydides.core.steps.StepInterceptor - STEP DONE: openPageHome
  &amp#27;[32mGiven &amp#27;[0m&amp#27;[32mI am on Home page&amp#27;[0m                                                           &amp#27;[90m# starter.stepdefinition.LoginStep.onHomePage()&amp#27;[0m
19:03:55.187 [main] DEBUG net.thucydides.core.steps.StepInterceptor - STARTING STEP: LoginStep.clickBookStoreApplication - clickBookStoreApplication
19:03:55.187 [Forwarding findElement on session 81e8f07af89f612b1e68f8f42fbf4103 to remote] DEBUG org.asynchttpclient.netty.request.NettyRequestSender - Using pooled Channel '[id: 0x6c4697b6, L:/127.0.0.1:64421 - R:localhost/127.0.0.1:51741]' for 'POST' to 'http://localhost:51741/session/81e8f07af89f612b1e68f8f42fbf4103/element'
19:03:55.187 [Forwarding findElement on session 81e8f07af89f612b1e68f8f42fbf4103 to remote] DEBUG org.asynchttpclient.netty.request.NettyRequestSender - Using open Channel [id: 0x6c4697b6, L:/127.0.0.1:64421 - R:localhost/127.0.0.1:51741] for POST '/session/81e8f07af89f612b1e68f8f42fbf4103/element'
19:03:55.203 [AsyncHttpClient-1-2] DEBUG org.asynchttpclient.netty.handler.HttpHandler - 

Request DefaultHttpRequest(decodeResult: success, version: HTTP/1.1)
POST /session/81e8f07af89f612b1e68f8f42fbf4103/element HTTP/1.1
User-Agent: selenium/4.1.2 (java windows)
Content-Length: 101
Content-Type: application/json; charset=utf-8
host: localhost:51741
accept: */*

Response DefaultHttpResponse(decodeResult: success, version: HTTP/1.1)
HTTP/1.1 200 OK
Content-Type: application/json; charset=utf-8
cache-control: no-cache
content-length: 88

19:03:55.203 [AsyncHttpClient-1-2] DEBUG org.asynchttpclient.netty.channel.ChannelManager - Adding key: http://localhost:51741 for channel [id: 0x6c4697b6, L:/127.0.0.1:64421 - R:localhost/127.0.0.1:51741]
19:03:55.203 [Forwarding getElementTagName on session 81e8f07af89f612b1e68f8f42fbf4103 to remote] DEBUG org.asynchttpclient.netty.request.NettyRequestSender - Using pooled Channel '[id: 0x6c4697b6, L:/127.0.0.1:64421 - R:localhost/127.0.0.1:51741]' for 'GET' to 'http://localhost:51741/session/81e8f07af89f612b1e68f8f42fbf4103/element/65ab01bd-0314-43ce-a71a-7d03c6f1aa62/name'
19:03:55.203 [Forwarding getElementTagName on session 81e8f07af89f612b1e68f8f42fbf4103 to remote] DEBUG org.asynchttpclient.netty.request.NettyRequestSender - Using open Channel [id: 0x6c4697b6, L:/127.0.0.1:64421 - R:localhost/127.0.0.1:51741] for GET '/session/81e8f07af89f612b1e68f8f42fbf4103/element/65ab01bd-0314-43ce-a71a-7d03c6f1aa62/name'
19:03:55.203 [AsyncHttpClient-1-2] DEBUG org.asynchttpclient.netty.handler.HttpHandler - 

Request DefaultFullHttpRequest(decodeResult: success, version: HTTP/1.1, content: EmptyByteBufBE)
GET /session/81e8f07af89f612b1e68f8f42fbf4103/element/65ab01bd-0314-43ce-a71a-7d03c6f1aa62/name HTTP/1.1
User-Agent: selenium/4.1.2 (java windows)
Cache-Control: no-cache
Content-Type: application/json; charset=utf-8
host: localhost:51741
accept: */*

Response DefaultHttpResponse(decodeResult: success, version: HTTP/1.1)
HTTP/1.1 200 OK
Content-Type: application/json; charset=utf-8
cache-control: no-cache
content-length: 15

19:03:55.203 [AsyncHttpClient-1-2] DEBUG org.asynchttpclient.netty.channel.ChannelManager - Adding key: http://localhost:51741 for channel [id: 0x6c4697b6, L:/127.0.0.1:64421 - R:localhost/127.0.0.1:51741]
19:03:55.203 [Forwarding getElementTagName on session 81e8f07af89f612b1e68f8f42fbf4103 to remote] DEBUG org.asynchttpclient.netty.request.NettyRequestSender - Using pooled Channel '[id: 0x6c4697b6, L:/127.0.0.1:64421 - R:localhost/127.0.0.1:51741]' for 'GET' to 'http://localhost:51741/session/81e8f07af89f612b1e68f8f42fbf4103/element/65ab01bd-0314-43ce-a71a-7d03c6f1aa62/name'
19:03:55.203 [Forwarding getElementTagName on session 81e8f07af89f612b1e68f8f42fbf4103 to remote] DEBUG org.asynchttpclient.netty.request.NettyRequestSender - Using open Channel [id: 0x6c4697b6, L:/127.0.0.1:64421 - R:localhost/127.0.0.1:51741] for GET '/session/81e8f07af89f612b1e68f8f42fbf4103/element/65ab01bd-0314-43ce-a71a-7d03c6f1aa62/name'
19:03:55.219 [AsyncHttpClient-1-2] DEBUG org.asynchttpclient.netty.handler.HttpHandler - 

Request DefaultFullHttpRequest(decodeResult: success, version: HTTP/1.1, content: EmptyByteBufBE)
GET /session/81e8f07af89f612b1e68f8f42fbf4103/element/65ab01bd-0314-43ce-a71a-7d03c6f1aa62/name HTTP/1.1
User-Agent: selenium/4.1.2 (java windows)
Cache-Control: no-cache
Content-Type: application/json; charset=utf-8
host: localhost:51741
accept: */*

Response DefaultHttpResponse(decodeResult: success, version: HTTP/1.1)
HTTP/1.1 200 OK
Content-Type: application/json; charset=utf-8
cache-control: no-cache
content-length: 15

19:03:55.219 [AsyncHttpClient-1-2] DEBUG org.asynchttpclient.netty.channel.ChannelManager - Adding key: http://localhost:51741 for channel [id: 0x6c4697b6, L:/127.0.0.1:64421 - R:localhost/127.0.0.1:51741]
19:03:55.219 [Forwarding findElement on session 81e8f07af89f612b1e68f8f42fbf4103 to remote] DEBUG org.asynchttpclient.netty.request.NettyRequestSender - Using pooled Channel '[id: 0x6c4697b6, L:/127.0.0.1:64421 - R:localhost/127.0.0.1:51741]' for 'POST' to 'http://localhost:51741/session/81e8f07af89f612b1e68f8f42fbf4103/element'
19:03:55.219 [Forwarding findElement on session 81e8f07af89f612b1e68f8f42fbf4103 to remote] DEBUG org.asynchttpclient.netty.request.NettyRequestSender - Using open Channel [id: 0x6c4697b6, L:/127.0.0.1:64421 - R:localhost/127.0.0.1:51741] for POST '/session/81e8f07af89f612b1e68f8f42fbf4103/element'
19:03:55.219 [AsyncHttpClient-1-2] DEBUG org.asynchttpclient.netty.handler.HttpHandler - 

Request DefaultHttpRequest(decodeResult: success, version: HTTP/1.1)
POST /session/81e8f07af89f612b1e68f8f42fbf4103/element HTTP/1.1
User-Agent: selenium/4.1.2 (java windows)
Content-Length: 101
Content-Type: application/json; charset=utf-8
host: localhost:51741
accept: */*

Response DefaultHttpResponse(decodeResult: success, version: HTTP/1.1)
HTTP/1.1 200 OK
Content-Type: application/json; charset=utf-8
cache-control: no-cache
content-length: 88

19:03:55.219 [AsyncHttpClient-1-2] DEBUG org.asynchttpclient.netty.channel.ChannelManager - Adding key: http://localhost:51741 for channel [id: 0x6c4697b6, L:/127.0.0.1:64421 - R:localhost/127.0.0.1:51741]
19:03:55.219 [Forwarding clickElement on session 81e8f07af89f612b1e68f8f42fbf4103 to remote] DEBUG org.asynchttpclient.netty.request.NettyRequestSender - Using pooled Channel '[id: 0x6c4697b6, L:/127.0.0.1:64421 - R:localhost/127.0.0.1:51741]' for 'POST' to 'http://localhost:51741/session/81e8f07af89f612b1e68f8f42fbf4103/element/65ab01bd-0314-43ce-a71a-7d03c6f1aa62/click'
19:03:55.219 [Forwarding clickElement on session 81e8f07af89f612b1e68f8f42fbf4103 to remote] DEBUG org.asynchttpclient.netty.request.NettyRequestSender - Using open Channel [id: 0x6c4697b6, L:/127.0.0.1:64421 - R:localhost/127.0.0.1:51741] for POST '/session/81e8f07af89f612b1e68f8f42fbf4103/element/65ab01bd-0314-43ce-a71a-7d03c6f1aa62/click'
19:03:55.290 [AsyncHttpClient-1-2] DEBUG org.asynchttpclient.netty.handler.HttpHandler - 

Request DefaultHttpRequest(decodeResult: success, version: HTTP/1.1)
POST /session/81e8f07af89f612b1e68f8f42fbf4103/element/65ab01bd-0314-43ce-a71a-7d03c6f1aa62/click HTTP/1.1
User-Agent: selenium/4.1.2 (java windows)
Content-Length: 50
Content-Type: application/json; charset=utf-8
host: localhost:51741
accept: */*

Response DefaultHttpResponse(decodeResult: success, version: HTTP/1.1)
HTTP/1.1 200 OK
Content-Type: application/json; charset=utf-8
cache-control: no-cache
content-length: 14

19:03:55.290 [AsyncHttpClient-1-2] DEBUG org.asynchttpclient.netty.channel.ChannelManager - Adding key: http://localhost:51741 for channel [id: 0x6c4697b6, L:/127.0.0.1:64421 - R:localhost/127.0.0.1:51741]
19:03:55.297 [Forwarding screenshot on session 81e8f07af89f612b1e68f8f42fbf4103 to remote] DEBUG org.asynchttpclient.netty.request.NettyRequestSender - Using pooled Channel '[id: 0x6c4697b6, L:/127.0.0.1:64421 - R:localhost/127.0.0.1:51741]' for 'GET' to 'http://localhost:51741/session/81e8f07af89f612b1e68f8f42fbf4103/screenshot'
19:03:55.297 [Forwarding screenshot on session 81e8f07af89f612b1e68f8f42fbf4103 to remote] DEBUG org.asynchttpclient.netty.request.NettyRequestSender - Using open Channel [id: 0x6c4697b6, L:/127.0.0.1:64421 - R:localhost/127.0.0.1:51741] for GET '/session/81e8f07af89f612b1e68f8f42fbf4103/screenshot'
19:03:55.460 [AsyncHttpClient-1-2] DEBUG org.asynchttpclient.netty.handler.HttpHandler - 

Request DefaultFullHttpRequest(decodeResult: success, version: HTTP/1.1, content: EmptyByteBufBE)
GET /session/81e8f07af89f612b1e68f8f42fbf4103/screenshot HTTP/1.1
User-Agent: selenium/4.1.2 (java windows)
Cache-Control: no-cache
Content-Type: application/json; charset=utf-8
host: localhost:51741
accept: */*

Response DefaultHttpResponse(decodeResult: success, version: HTTP/1.1)
HTTP/1.1 200 OK
Content-Type: application/json; charset=utf-8
cache-control: no-cache
content-length: 93428

19:03:55.460 [AsyncHttpClient-1-2] DEBUG org.asynchttpclient.netty.channel.ChannelManager - Adding key: http://localhost:51741 for channel [id: 0x6c4697b6, L:/127.0.0.1:64421 - R:localhost/127.0.0.1:51741]
19:03:55.460 [main] DEBUG net.serenitybdd.core.photography.Darkroom - Send negative for processing for target\site\serenity\91cf7f33987d9bbe72d1eaa45d966eba7f7fd1a519269161349c9c0c623de52c.png
19:03:55.460 [main] DEBUG net.thucydides.core.steps.StepInterceptor - STEP DONE: clickBookStoreApplication
19:03:55.460 [Darkroom Processing Line] DEBUG net.serenitybdd.core.photography.DarkroomProcessingLine - Processing screenshot image in /var/screenshots/screenshot-10946839805613824697
19:03:55.460 [Darkroom Processing Line] DEBUG net.serenitybdd.core.photography.DarkroomProcessingLine - Saving screenshot to target\site\serenity\91cf7f33987d9bbe72d1eaa45d966eba7f7fd1a519269161349c9c0c623de52c.png
19:03:55.475 [main] DEBUG net.thucydides.core.steps.StepInterceptor - STARTING STEP: LoginStep.clickBookStoreApplication - validateOnBooksPage
19:03:55.475 [Forwarding findElement on session 81e8f07af89f612b1e68f8f42fbf4103 to remote] DEBUG org.asynchttpclient.netty.request.NettyRequestSender - Using pooled Channel '[id: 0x6c4697b6, L:/127.0.0.1:64421 - R:localhost/127.0.0.1:51741]' for 'POST' to 'http://localhost:51741/session/81e8f07af89f612b1e68f8f42fbf4103/element'
19:03:55.475 [Forwarding findElement on session 81e8f07af89f612b1e68f8f42fbf4103 to remote] DEBUG org.asynchttpclient.netty.request.NettyRequestSender - Using open Channel [id: 0x6c4697b6, L:/127.0.0.1:64421 - R:localhost/127.0.0.1:51741] for POST '/session/81e8f07af89f612b1e68f8f42fbf4103/element'
19:03:55.475 [AsyncHttpClient-1-2] DEBUG org.asynchttpclient.netty.handler.HttpHandler - 

Request DefaultHttpRequest(decodeResult: success, version: HTTP/1.1)
POST /session/81e8f07af89f612b1e68f8f42fbf4103/element HTTP/1.1
User-Agent: selenium/4.1.2 (java windows)
Content-Length: 48
Content-Type: application/json; charset=utf-8
host: localhost:51741
accept: */*

Response DefaultHttpResponse(decodeResult: success, version: HTTP/1.1)
HTTP/1.1 400 Bad Request
Content-Type: application/json; charset=utf-8
cache-control: no-cache
content-length: 959

19:03:55.475 [AsyncHttpClient-1-2] DEBUG org.asynchttpclient.netty.channel.ChannelManager - Adding key: http://localhost:51741 for channel [id: 0x6c4697b6, L:/127.0.0.1:64421 - R:localhost/127.0.0.1:51741]
19:03:55.475 [Forwarding findElement on session 81e8f07af89f612b1e68f8f42fbf4103 to remote] DEBUG org.asynchttpclient.netty.request.NettyRequestSender - Using pooled Channel '[id: 0x6c4697b6, L:/127.0.0.1:64421 - R:localhost/127.0.0.1:51741]' for 'POST' to 'http://localhost:51741/session/81e8f07af89f612b1e68f8f42fbf4103/element'
19:03:55.475 [Forwarding findElement on session 81e8f07af89f612b1e68f8f42fbf4103 to remote] DEBUG org.asynchttpclient.netty.request.NettyRequestSender - Using open Channel [id: 0x6c4697b6, L:/127.0.0.1:64421 - R:localhost/127.0.0.1:51741] for POST '/session/81e8f07af89f612b1e68f8f42fbf4103/element'
19:03:55.544 [AsyncHttpClient-1-2] DEBUG org.asynchttpclient.netty.handler.HttpHandler - 

Request DefaultHttpRequest(decodeResult: success, version: HTTP/1.1)
POST /session/81e8f07af89f612b1e68f8f42fbf4103/element HTTP/1.1
User-Agent: selenium/4.1.2 (java windows)
Content-Length: 58
Content-Type: application/json; charset=utf-8
host: localhost:51741
accept: */*

Response DefaultHttpResponse(decodeResult: success, version: HTTP/1.1)
HTTP/1.1 200 OK
Content-Type: application/json; charset=utf-8
cache-control: no-cache
content-length: 88

19:03:55.544 [AsyncHttpClient-1-2] DEBUG org.asynchttpclient.netty.channel.ChannelManager - Adding key: http://localhost:51741 for channel [id: 0x6c4697b6, L:/127.0.0.1:64421 - R:localhost/127.0.0.1:51741]
19:03:55.554 [Forwarding isElementDisplayed on session 81e8f07af89f612b1e68f8f42fbf4103 to remote] DEBUG org.asynchttpclient.netty.request.NettyRequestSender - Using pooled Channel '[id: 0x6c4697b6, L:/127.0.0.1:64421 - R:localhost/127.0.0.1:51741]' for 'POST' to 'http://localhost:51741/session/81e8f07af89f612b1e68f8f42fbf4103/execute/sync'
19:03:55.555 [Forwarding isElementDisplayed on session 81e8f07af89f612b1e68f8f42fbf4103 to remote] DEBUG org.asynchttpclient.netty.request.NettyRequestSender - Using open Channel [id: 0x6c4697b6, L:/127.0.0.1:64421 - R:localhost/127.0.0.1:51741] for POST '/session/81e8f07af89f612b1e68f8f42fbf4103/execute/sync'
19:03:55.575 [AsyncHttpClient-1-2] DEBUG org.asynchttpclient.netty.handler.HttpHandler - 

Request DefaultHttpRequest(decodeResult: success, version: HTTP/1.1)
POST /session/81e8f07af89f612b1e68f8f42fbf4103/execute/sync HTTP/1.1
User-Agent: selenium/4.1.2 (java windows)
Content-Length: 48780
Content-Type: application/json; charset=utf-8
host: localhost:51741
accept: */*

Response DefaultHttpResponse(decodeResult: success, version: HTTP/1.1)
HTTP/1.1 200 OK
Content-Type: application/json; charset=utf-8
cache-control: no-cache
content-length: 14

19:03:55.576 [AsyncHttpClient-1-2] DEBUG org.asynchttpclient.netty.channel.ChannelManager - Adding key: http://localhost:51741 for channel [id: 0x6c4697b6, L:/127.0.0.1:64421 - R:localhost/127.0.0.1:51741]
19:03:55.585 [Forwarding screenshot on session 81e8f07af89f612b1e68f8f42fbf4103 to remote] DEBUG org.asynchttpclient.netty.request.NettyRequestSender - Using pooled Channel '[id: 0x6c4697b6, L:/127.0.0.1:64421 - R:localhost/127.0.0.1:51741]' for 'GET' to 'http://localhost:51741/session/81e8f07af89f612b1e68f8f42fbf4103/screenshot'
19:03:55.586 [Forwarding screenshot on session 81e8f07af89f612b1e68f8f42fbf4103 to remote] DEBUG org.asynchttpclient.netty.request.NettyRequestSender - Using open Channel [id: 0x6c4697b6, L:/127.0.0.1:64421 - R:localhost/127.0.0.1:51741] for GET '/session/81e8f07af89f612b1e68f8f42fbf4103/screenshot'
19:03:55.704 [AsyncHttpClient-1-2] DEBUG org.asynchttpclient.netty.handler.HttpHandler - 

Request DefaultFullHttpRequest(decodeResult: success, version: HTTP/1.1, content: EmptyByteBufBE)
GET /session/81e8f07af89f612b1e68f8f42fbf4103/screenshot HTTP/1.1
User-Agent: selenium/4.1.2 (java windows)
Cache-Control: no-cache
Content-Type: application/json; charset=utf-8
host: localhost:51741
accept: */*

Response DefaultHttpResponse(decodeResult: success, version: HTTP/1.1)
HTTP/1.1 200 OK
Content-Type: application/json; charset=utf-8
cache-control: no-cache
content-length: 107688

19:03:55.705 [AsyncHttpClient-1-2] DEBUG org.asynchttpclient.netty.channel.ChannelManager - Adding key: http://localhost:51741 for channel [id: 0x6c4697b6, L:/127.0.0.1:64421 - R:localhost/127.0.0.1:51741]
19:03:55.717 [main] DEBUG net.serenitybdd.core.photography.Darkroom - Send negative for processing for target\site\serenity\dd87374f904dbe360e1d8a44a99f730ea0864f2817b86999394c58306b3f2fa1.png
19:03:55.717 [main] DEBUG net.thucydides.core.steps.StepInterceptor - STEP DONE: validateOnBooksPage
  &amp#27;[32mWhen &amp#27;[0m&amp#27;[32mI click Book Store Application&amp#27;[0m                                               &amp#27;[90m# starter.stepdefinition.LoginStep.clickBookStoreApplication()&amp#27;[0m
19:03:55.717 [Darkroom Processing Line] DEBUG net.serenitybdd.core.photography.DarkroomProcessingLine - Processing screenshot image in /var/screenshots/screenshot-11398525348909465461
19:03:55.717 [Darkroom Processing Line] DEBUG net.serenitybdd.core.photography.DarkroomProcessingLine - Saving screenshot to target\site\serenity\dd87374f904dbe360e1d8a44a99f730ea0864f2817b86999394c58306b3f2fa1.png
19:03:55.739 [main] DEBUG net.thucydides.core.steps.StepInterceptor - STARTING STEP: LoginStep.clickLoginButtonForGoToTheLoginPage - clickLoginButtonMasuk
19:03:55.746 [Forwarding findElement on session 81e8f07af89f612b1e68f8f42fbf4103 to remote] DEBUG org.asynchttpclient.netty.request.NettyRequestSender - Using pooled Channel '[id: 0x6c4697b6, L:/127.0.0.1:64421 - R:localhost/127.0.0.1:51741]' for 'POST' to 'http://localhost:51741/session/81e8f07af89f612b1e68f8f42fbf4103/element'
19:03:55.746 [Forwarding findElement on session 81e8f07af89f612b1e68f8f42fbf4103 to remote] DEBUG org.asynchttpclient.netty.request.NettyRequestSender - Using open Channel [id: 0x6c4697b6, L:/127.0.0.1:64421 - R:localhost/127.0.0.1:51741] for POST '/session/81e8f07af89f612b1e68f8f42fbf4103/element'
19:03:55.758 [AsyncHttpClient-1-2] DEBUG org.asynchttpclient.netty.handler.HttpHandler - 

Request DefaultHttpRequest(decodeResult: success, version: HTTP/1.1)
POST /session/81e8f07af89f612b1e68f8f42fbf4103/element HTTP/1.1
User-Agent: selenium/4.1.2 (java windows)
Content-Length: 50
Content-Type: application/json; charset=utf-8
host: localhost:51741
accept: */*

Response DefaultHttpResponse(decodeResult: success, version: HTTP/1.1)
HTTP/1.1 200 OK
Content-Type: application/json; charset=utf-8
cache-control: no-cache
content-length: 88

19:03:55.759 [AsyncHttpClient-1-2] DEBUG org.asynchttpclient.netty.channel.ChannelManager - Adding key: http://localhost:51741 for channel [id: 0x6c4697b6, L:/127.0.0.1:64421 - R:localhost/127.0.0.1:51741]
19:03:55.762 [Forwarding getElementTagName on session 81e8f07af89f612b1e68f8f42fbf4103 to remote] DEBUG org.asynchttpclient.netty.request.NettyRequestSender - Using pooled Channel '[id: 0x6c4697b6, L:/127.0.0.1:64421 - R:localhost/127.0.0.1:51741]' for 'GET' to 'http://localhost:51741/session/81e8f07af89f612b1e68f8f42fbf4103/element/a94f2483-9ee9-4fad-a057-76c156034d36/name'
19:03:55.762 [Forwarding getElementTagName on session 81e8f07af89f612b1e68f8f42fbf4103 to remote] DEBUG org.asynchttpclient.netty.request.NettyRequestSender - Using open Channel [id: 0x6c4697b6, L:/127.0.0.1:64421 - R:localhost/127.0.0.1:51741] for GET '/session/81e8f07af89f612b1e68f8f42fbf4103/element/a94f2483-9ee9-4fad-a057-76c156034d36/name'
19:03:55.768 [AsyncHttpClient-1-2] DEBUG org.asynchttpclient.netty.handler.HttpHandler - 

Request DefaultFullHttpRequest(decodeResult: success, version: HTTP/1.1, content: EmptyByteBufBE)
GET /session/81e8f07af89f612b1e68f8f42fbf4103/element/a94f2483-9ee9-4fad-a057-76c156034d36/name HTTP/1.1
User-Agent: selenium/4.1.2 (java windows)
Cache-Control: no-cache
Content-Type: application/json; charset=utf-8
host: localhost:51741
accept: */*

Response DefaultHttpResponse(decodeResult: success, version: HTTP/1.1)
HTTP/1.1 200 OK
Content-Type: application/json; charset=utf-8
cache-control: no-cache
content-length: 18

19:03:55.768 [AsyncHttpClient-1-2] DEBUG org.asynchttpclient.netty.channel.ChannelManager - Adding key: http://localhost:51741 for channel [id: 0x6c4697b6, L:/127.0.0.1:64421 - R:localhost/127.0.0.1:51741]
19:03:55.771 [Forwarding getElementTagName on session 81e8f07af89f612b1e68f8f42fbf4103 to remote] DEBUG org.asynchttpclient.netty.request.NettyRequestSender - Using pooled Channel '[id: 0x6c4697b6, L:/127.0.0.1:64421 - R:localhost/127.0.0.1:51741]' for 'GET' to 'http://localhost:51741/session/81e8f07af89f612b1e68f8f42fbf4103/element/a94f2483-9ee9-4fad-a057-76c156034d36/name'
19:03:55.771 [Forwarding getElementTagName on session 81e8f07af89f612b1e68f8f42fbf4103 to remote] DEBUG org.asynchttpclient.netty.request.NettyRequestSender - Using open Channel [id: 0x6c4697b6, L:/127.0.0.1:64421 - R:localhost/127.0.0.1:51741] for GET '/session/81e8f07af89f612b1e68f8f42fbf4103/element/a94f2483-9ee9-4fad-a057-76c156034d36/name'
19:03:55.776 [AsyncHttpClient-1-2] DEBUG org.asynchttpclient.netty.handler.HttpHandler - 

Request DefaultFullHttpRequest(decodeResult: success, version: HTTP/1.1, content: EmptyByteBufBE)
GET /session/81e8f07af89f612b1e68f8f42fbf4103/element/a94f2483-9ee9-4fad-a057-76c156034d36/name HTTP/1.1
User-Agent: selenium/4.1.2 (java windows)
Cache-Control: no-cache
Content-Type: application/json; charset=utf-8
host: localhost:51741
accept: */*

Response DefaultHttpResponse(decodeResult: success, version: HTTP/1.1)
HTTP/1.1 200 OK
Content-Type: application/json; charset=utf-8
cache-control: no-cache
content-length: 18

19:03:55.777 [AsyncHttpClient-1-2] DEBUG org.asynchttpclient.netty.channel.ChannelManager - Adding key: http://localhost:51741 for channel [id: 0x6c4697b6, L:/127.0.0.1:64421 - R:localhost/127.0.0.1:51741]
19:03:55.784 [Forwarding isElementEnabled on session 81e8f07af89f612b1e68f8f42fbf4103 to remote] DEBUG org.asynchttpclient.netty.request.NettyRequestSender - Using pooled Channel '[id: 0x6c4697b6, L:/127.0.0.1:64421 - R:localhost/127.0.0.1:51741]' for 'GET' to 'http://localhost:51741/session/81e8f07af89f612b1e68f8f42fbf4103/element/a94f2483-9ee9-4fad-a057-76c156034d36/enabled'
19:03:55.784 [Forwarding isElementEnabled on session 81e8f07af89f612b1e68f8f42fbf4103 to remote] DEBUG org.asynchttpclient.netty.request.NettyRequestSender - Using open Channel [id: 0x6c4697b6, L:/127.0.0.1:64421 - R:localhost/127.0.0.1:51741] for GET '/session/81e8f07af89f612b1e68f8f42fbf4103/element/a94f2483-9ee9-4fad-a057-76c156034d36/enabled'
19:03:55.793 [AsyncHttpClient-1-2] DEBUG org.asynchttpclient.netty.handler.HttpHandler - 

Request DefaultFullHttpRequest(decodeResult: success, version: HTTP/1.1, content: EmptyByteBufBE)
GET /session/81e8f07af89f612b1e68f8f42fbf4103/element/a94f2483-9ee9-4fad-a057-76c156034d36/enabled HTTP/1.1
User-Agent: selenium/4.1.2 (java windows)
Cache-Control: no-cache
Content-Type: application/json; charset=utf-8
host: localhost:51741
accept: */*

Response DefaultHttpResponse(decodeResult: success, version: HTTP/1.1)
HTTP/1.1 200 OK
Content-Type: application/json; charset=utf-8
cache-control: no-cache
content-length: 14

19:03:55.793 [AsyncHttpClient-1-2] DEBUG org.asynchttpclient.netty.channel.ChannelManager - Adding key: http://localhost:51741 for channel [id: 0x6c4697b6, L:/127.0.0.1:64421 - R:localhost/127.0.0.1:51741]
19:03:55.795 [Forwarding isElementEnabled on session 81e8f07af89f612b1e68f8f42fbf4103 to remote] DEBUG org.asynchttpclient.netty.request.NettyRequestSender - Using pooled Channel '[id: 0x6c4697b6, L:/127.0.0.1:64421 - R:localhost/127.0.0.1:51741]' for 'GET' to 'http://localhost:51741/session/81e8f07af89f612b1e68f8f42fbf4103/element/a94f2483-9ee9-4fad-a057-76c156034d36/enabled'
19:03:55.795 [Forwarding isElementEnabled on session 81e8f07af89f612b1e68f8f42fbf4103 to remote] DEBUG org.asynchttpclient.netty.request.NettyRequestSender - Using open Channel [id: 0x6c4697b6, L:/127.0.0.1:64421 - R:localhost/127.0.0.1:51741] for GET '/session/81e8f07af89f612b1e68f8f42fbf4103/element/a94f2483-9ee9-4fad-a057-76c156034d36/enabled'
19:03:55.802 [AsyncHttpClient-1-2] DEBUG org.asynchttpclient.netty.handler.HttpHandler - 

Request DefaultFullHttpRequest(decodeResult: success, version: HTTP/1.1, content: EmptyByteBufBE)
GET /session/81e8f07af89f612b1e68f8f42fbf4103/element/a94f2483-9ee9-4fad-a057-76c156034d36/enabled HTTP/1.1
User-Agent: selenium/4.1.2 (java windows)
Cache-Control: no-cache
Content-Type: application/json; charset=utf-8
host: localhost:51741
accept: */*

Response DefaultHttpResponse(decodeResult: success, version: HTTP/1.1)
HTTP/1.1 200 OK
Content-Type: application/json; charset=utf-8
cache-control: no-cache
content-length: 14

19:03:55.802 [AsyncHttpClient-1-2] DEBUG org.asynchttpclient.netty.channel.ChannelManager - Adding key: http://localhost:51741 for channel [id: 0x6c4697b6, L:/127.0.0.1:64421 - R:localhost/127.0.0.1:51741]
19:03:55.805 [Forwarding findElement on session 81e8f07af89f612b1e68f8f42fbf4103 to remote] DEBUG org.asynchttpclient.netty.request.NettyRequestSender - Using pooled Channel '[id: 0x6c4697b6, L:/127.0.0.1:64421 - R:localhost/127.0.0.1:51741]' for 'POST' to 'http://localhost:51741/session/81e8f07af89f612b1e68f8f42fbf4103/element'
19:03:55.805 [Forwarding findElement on session 81e8f07af89f612b1e68f8f42fbf4103 to remote] DEBUG org.asynchttpclient.netty.request.NettyRequestSender - Using open Channel [id: 0x6c4697b6, L:/127.0.0.1:64421 - R:localhost/127.0.0.1:51741] for POST '/session/81e8f07af89f612b1e68f8f42fbf4103/element'
19:03:55.813 [AsyncHttpClient-1-2] DEBUG org.asynchttpclient.netty.handler.HttpHandler - 

Request DefaultHttpRequest(decodeResult: success, version: HTTP/1.1)
POST /session/81e8f07af89f612b1e68f8f42fbf4103/element HTTP/1.1
User-Agent: selenium/4.1.2 (java windows)
Content-Length: 50
Content-Type: application/json; charset=utf-8
host: localhost:51741
accept: */*

Response DefaultHttpResponse(decodeResult: success, version: HTTP/1.1)
HTTP/1.1 200 OK
Content-Type: application/json; charset=utf-8
cache-control: no-cache
content-length: 88

19:03:55.813 [AsyncHttpClient-1-2] DEBUG org.asynchttpclient.netty.channel.ChannelManager - Adding key: http://localhost:51741 for channel [id: 0x6c4697b6, L:/127.0.0.1:64421 - R:localhost/127.0.0.1:51741]
19:03:55.814 [Forwarding clickElement on session 81e8f07af89f612b1e68f8f42fbf4103 to remote] DEBUG org.asynchttpclient.netty.request.NettyRequestSender - Using pooled Channel '[id: 0x6c4697b6, L:/127.0.0.1:64421 - R:localhost/127.0.0.1:51741]' for 'POST' to 'http://localhost:51741/session/81e8f07af89f612b1e68f8f42fbf4103/element/a94f2483-9ee9-4fad-a057-76c156034d36/click'
19:03:55.814 [Forwarding clickElement on session 81e8f07af89f612b1e68f8f42fbf4103 to remote] DEBUG org.asynchttpclient.netty.request.NettyRequestSender - Using open Channel [id: 0x6c4697b6, L:/127.0.0.1:64421 - R:localhost/127.0.0.1:51741] for POST '/session/81e8f07af89f612b1e68f8f42fbf4103/element/a94f2483-9ee9-4fad-a057-76c156034d36/click'
19:03:55.863 [AsyncHttpClient-1-2] DEBUG org.asynchttpclient.netty.handler.HttpHandler - 

Request DefaultHttpRequest(decodeResult: success, version: HTTP/1.1)
POST /session/81e8f07af89f612b1e68f8f42fbf4103/element/a94f2483-9ee9-4fad-a057-76c156034d36/click HTTP/1.1
User-Agent: selenium/4.1.2 (java windows)
Content-Length: 50
Content-Type: application/json; charset=utf-8
host: localhost:51741
accept: */*

Response DefaultHttpResponse(decodeResult: success, version: HTTP/1.1)
HTTP/1.1 200 OK
Content-Type: application/json; charset=utf-8
cache-control: no-cache
content-length: 14

19:03:55.863 [AsyncHttpClient-1-2] DEBUG org.asynchttpclient.netty.channel.ChannelManager - Adding key: http://localhost:51741 for channel [id: 0x6c4697b6, L:/127.0.0.1:64421 - R:localhost/127.0.0.1:51741]
19:03:55.871 [Forwarding screenshot on session 81e8f07af89f612b1e68f8f42fbf4103 to remote] DEBUG org.asynchttpclient.netty.request.NettyRequestSender - Using pooled Channel '[id: 0x6c4697b6, L:/127.0.0.1:64421 - R:localhost/127.0.0.1:51741]' for 'GET' to 'http://localhost:51741/session/81e8f07af89f612b1e68f8f42fbf4103/screenshot'
19:03:55.871 [Forwarding screenshot on session 81e8f07af89f612b1e68f8f42fbf4103 to remote] DEBUG org.asynchttpclient.netty.request.NettyRequestSender - Using open Channel [id: 0x6c4697b6, L:/127.0.0.1:64421 - R:localhost/127.0.0.1:51741] for GET '/session/81e8f07af89f612b1e68f8f42fbf4103/screenshot'
19:03:55.992 [AsyncHttpClient-1-2] DEBUG org.asynchttpclient.netty.handler.HttpHandler - 

Request DefaultFullHttpRequest(decodeResult: success, version: HTTP/1.1, content: EmptyByteBufBE)
GET /session/81e8f07af89f612b1e68f8f42fbf4103/screenshot HTTP/1.1
User-Agent: selenium/4.1.2 (java windows)
Cache-Control: no-cache
Content-Type: application/json; charset=utf-8
host: localhost:51741
accept: */*

Response DefaultHttpResponse(decodeResult: success, version: HTTP/1.1)
HTTP/1.1 200 OK
Content-Type: application/json; charset=utf-8
cache-control: no-cache
content-length: 119944

19:03:55.992 [AsyncHttpClient-1-2] DEBUG org.asynchttpclient.netty.channel.ChannelManager - Adding key: http://localhost:51741 for channel [id: 0x6c4697b6, L:/127.0.0.1:64421 - R:localhost/127.0.0.1:51741]
19:03:56.007 [main] DEBUG net.serenitybdd.core.photography.Darkroom - Send negative for processing for target\site\serenity\831951312b318551d2b5c3570ed8161cb9136a14588940306fa6aecad91b145d.png
19:03:56.007 [main] DEBUG net.thucydides.core.steps.StepInterceptor - STEP DONE: clickLoginButtonMasuk
  &amp#27;[32mAnd &amp#27;[0m&amp#27;[32mI click login button for go to the login page&amp#27;[0m                                 &amp#27;[90m# starter.stepdefinition.LoginStep.clickLoginButtonForGoToTheLoginPage()&amp#27;[0m
19:03:56.007 [Darkroom Processing Line] DEBUG net.serenitybdd.core.photography.DarkroomProcessingLine - Processing screenshot image in /var/screenshots/screenshot-8003394231219080943
19:03:56.007 [Darkroom Processing Line] DEBUG net.serenitybdd.core.photography.DarkroomProcessingLine - Saving screenshot to target\site\serenity\831951312b318551d2b5c3570ed8161cb9136a14588940306fa6aecad91b145d.png
19:03:56.023 [main] DEBUG net.thucydides.core.steps.StepInterceptor - STARTING STEP: LoginStep.onLoginPage - validateOnLoginPage
19:03:56.023 [Forwarding findElement on session 81e8f07af89f612b1e68f8f42fbf4103 to remote] DEBUG org.asynchttpclient.netty.request.NettyRequestSender - Using pooled Channel '[id: 0x6c4697b6, L:/127.0.0.1:64421 - R:localhost/127.0.0.1:51741]' for 'POST' to 'http://localhost:51741/session/81e8f07af89f612b1e68f8f42fbf4103/element'
19:03:56.023 [Forwarding findElement on session 81e8f07af89f612b1e68f8f42fbf4103 to remote] DEBUG org.asynchttpclient.netty.request.NettyRequestSender - Using open Channel [id: 0x6c4697b6, L:/127.0.0.1:64421 - R:localhost/127.0.0.1:51741] for POST '/session/81e8f07af89f612b1e68f8f42fbf4103/element'
19:03:56.023 [AsyncHttpClient-1-2] DEBUG org.asynchttpclient.netty.handler.HttpHandler - 

Request DefaultHttpRequest(decodeResult: success, version: HTTP/1.1)
POST /session/81e8f07af89f612b1e68f8f42fbf4103/element HTTP/1.1
User-Agent: selenium/4.1.2 (java windows)
Content-Length: 50
Content-Type: application/json; charset=utf-8
host: localhost:51741
accept: */*

Response DefaultHttpResponse(decodeResult: success, version: HTTP/1.1)
HTTP/1.1 200 OK
Content-Type: application/json; charset=utf-8
cache-control: no-cache
content-length: 88

19:03:56.039 [AsyncHttpClient-1-2] DEBUG org.asynchttpclient.netty.channel.ChannelManager - Adding key: http://localhost:51741 for channel [id: 0x6c4697b6, L:/127.0.0.1:64421 - R:localhost/127.0.0.1:51741]
19:03:56.039 [Forwarding isElementDisplayed on session 81e8f07af89f612b1e68f8f42fbf4103 to remote] DEBUG org.asynchttpclient.netty.request.NettyRequestSender - Using pooled Channel '[id: 0x6c4697b6, L:/127.0.0.1:64421 - R:localhost/127.0.0.1:51741]' for 'POST' to 'http://localhost:51741/session/81e8f07af89f612b1e68f8f42fbf4103/execute/sync'
19:03:56.039 [Forwarding isElementDisplayed on session 81e8f07af89f612b1e68f8f42fbf4103 to remote] DEBUG org.asynchttpclient.netty.request.NettyRequestSender - Using open Channel [id: 0x6c4697b6, L:/127.0.0.1:64421 - R:localhost/127.0.0.1:51741] for POST '/session/81e8f07af89f612b1e68f8f42fbf4103/execute/sync'
19:03:56.059 [AsyncHttpClient-1-2] DEBUG org.asynchttpclient.netty.handler.HttpHandler - 

Request DefaultHttpRequest(decodeResult: success, version: HTTP/1.1)
POST /session/81e8f07af89f612b1e68f8f42fbf4103/execute/sync HTTP/1.1
User-Agent: selenium/4.1.2 (java windows)
Content-Length: 48780
Content-Type: application/json; charset=utf-8
host: localhost:51741
accept: */*

Response DefaultHttpResponse(decodeResult: success, version: HTTP/1.1)
HTTP/1.1 200 OK
Content-Type: application/json; charset=utf-8
cache-control: no-cache
content-length: 14

19:03:56.059 [AsyncHttpClient-1-2] DEBUG org.asynchttpclient.netty.channel.ChannelManager - Adding key: http://localhost:51741 for channel [id: 0x6c4697b6, L:/127.0.0.1:64421 - R:localhost/127.0.0.1:51741]
19:03:56.060 [AsyncHttpClient-1-1] DEBUG org.asynchttpclient.netty.channel.DefaultChannelPool - Entry count for : http://localhost:64422 : 1
19:03:56.060 [AsyncHttpClient-1-1] DEBUG org.asynchttpclient.netty.channel.DefaultChannelPool - Entry count for : http://localhost:51741 : 1
19:03:56.060 [Forwarding screenshot on session 81e8f07af89f612b1e68f8f42fbf4103 to remote] DEBUG org.asynchttpclient.netty.request.NettyRequestSender - Using pooled Channel '[id: 0x6c4697b6, L:/127.0.0.1:64421 - R:localhost/127.0.0.1:51741]' for 'GET' to 'http://localhost:51741/session/81e8f07af89f612b1e68f8f42fbf4103/screenshot'
19:03:56.060 [Forwarding screenshot on session 81e8f07af89f612b1e68f8f42fbf4103 to remote] DEBUG org.asynchttpclient.netty.request.NettyRequestSender - Using open Channel [id: 0x6c4697b6, L:/127.0.0.1:64421 - R:localhost/127.0.0.1:51741] for GET '/session/81e8f07af89f612b1e68f8f42fbf4103/screenshot'
19:03:56.181 [AsyncHttpClient-1-2] DEBUG org.asynchttpclient.netty.handler.HttpHandler - 

Request DefaultFullHttpRequest(decodeResult: success, version: HTTP/1.1, content: EmptyByteBufBE)
GET /session/81e8f07af89f612b1e68f8f42fbf4103/screenshot HTTP/1.1
User-Agent: selenium/4.1.2 (java windows)
Cache-Control: no-cache
Content-Type: application/json; charset=utf-8
host: localhost:51741
accept: */*

Response DefaultHttpResponse(decodeResult: success, version: HTTP/1.1)
HTTP/1.1 200 OK
Content-Type: application/json; charset=utf-8
cache-control: no-cache
content-length: 119944

19:03:56.182 [AsyncHttpClient-1-2] DEBUG org.asynchttpclient.netty.channel.ChannelManager - Adding key: http://localhost:51741 for channel [id: 0x6c4697b6, L:/127.0.0.1:64421 - R:localhost/127.0.0.1:51741]
19:03:56.186 [main] DEBUG net.serenitybdd.core.photography.Darkroom - Send negative for processing for target\site\serenity\831951312b318551d2b5c3570ed8161cb9136a14588940306fa6aecad91b145d.png
19:03:56.186 [main] DEBUG net.thucydides.core.steps.StepInterceptor - STEP DONE: validateOnLoginPage
  &amp#27;[32mAnd &amp#27;[0m&amp#27;[32mI am on login page&amp#27;[0m                                                            &amp#27;[90m# starter.stepdefinition.LoginStep.onLoginPage()&amp#27;[0m
19:03:56.204 [main] DEBUG net.thucydides.core.steps.StepInterceptor - STARTING STEP: LoginStep.iInputUsernameAndPassword - inputUserName
19:03:56.208 [Forwarding findElement on session 81e8f07af89f612b1e68f8f42fbf4103 to remote] DEBUG org.asynchttpclient.netty.request.NettyRequestSender - Using pooled Channel '[id: 0x6c4697b6, L:/127.0.0.1:64421 - R:localhost/127.0.0.1:51741]' for 'POST' to 'http://localhost:51741/session/81e8f07af89f612b1e68f8f42fbf4103/element'
19:03:56.208 [Forwarding findElement on session 81e8f07af89f612b1e68f8f42fbf4103 to remote] DEBUG org.asynchttpclient.netty.request.NettyRequestSender - Using open Channel [id: 0x6c4697b6, L:/127.0.0.1:64421 - R:localhost/127.0.0.1:51741] for POST '/session/81e8f07af89f612b1e68f8f42fbf4103/element'
19:03:56.219 [AsyncHttpClient-1-2] DEBUG org.asynchttpclient.netty.handler.HttpHandler - 

Request DefaultHttpRequest(decodeResult: success, version: HTTP/1.1)
POST /session/81e8f07af89f612b1e68f8f42fbf4103/element HTTP/1.1
User-Agent: selenium/4.1.2 (java windows)
Content-Length: 53
Content-Type: application/json; charset=utf-8
host: localhost:51741
accept: */*

Response DefaultHttpResponse(decodeResult: success, version: HTTP/1.1)
HTTP/1.1 200 OK
Content-Type: application/json; charset=utf-8
cache-control: no-cache
content-length: 88

19:03:56.219 [AsyncHttpClient-1-2] DEBUG org.asynchttpclient.netty.channel.ChannelManager - Adding key: http://localhost:51741 for channel [id: 0x6c4697b6, L:/127.0.0.1:64421 - R:localhost/127.0.0.1:51741]
19:03:56.221 [Forwarding clearElement on session 81e8f07af89f612b1e68f8f42fbf4103 to remote] DEBUG org.asynchttpclient.netty.request.NettyRequestSender - Using pooled Channel '[id: 0x6c4697b6, L:/127.0.0.1:64421 - R:localhost/127.0.0.1:51741]' for 'POST' to 'http://localhost:51741/session/81e8f07af89f612b1e68f8f42fbf4103/element/6f597a40-199d-4012-9c97-d151b018727b/clear'
19:03:56.221 [Forwarding clearElement on session 81e8f07af89f612b1e68f8f42fbf4103 to remote] DEBUG org.asynchttpclient.netty.request.NettyRequestSender - Using open Channel [id: 0x6c4697b6, L:/127.0.0.1:64421 - R:localhost/127.0.0.1:51741] for POST '/session/81e8f07af89f612b1e68f8f42fbf4103/element/6f597a40-199d-4012-9c97-d151b018727b/clear'
19:03:56.274 [AsyncHttpClient-1-2] DEBUG org.asynchttpclient.netty.handler.HttpHandler - 

Request DefaultHttpRequest(decodeResult: success, version: HTTP/1.1)
POST /session/81e8f07af89f612b1e68f8f42fbf4103/element/6f597a40-199d-4012-9c97-d151b018727b/clear HTTP/1.1
User-Agent: selenium/4.1.2 (java windows)
Content-Length: 50
Content-Type: application/json; charset=utf-8
host: localhost:51741
accept: */*

Response DefaultHttpResponse(decodeResult: success, version: HTTP/1.1)
HTTP/1.1 200 OK
Content-Type: application/json; charset=utf-8
cache-control: no-cache
content-length: 14

19:03:56.274 [AsyncHttpClient-1-2] DEBUG org.asynchttpclient.netty.channel.ChannelManager - Adding key: http://localhost:51741 for channel [id: 0x6c4697b6, L:/127.0.0.1:64421 - R:localhost/127.0.0.1:51741]
19:03:56.278 [Forwarding sendKeysToElement on session 81e8f07af89f612b1e68f8f42fbf4103 to remote] DEBUG org.asynchttpclient.netty.request.NettyRequestSender - Using pooled Channel '[id: 0x6c4697b6, L:/127.0.0.1:64421 - R:localhost/127.0.0.1:51741]' for 'POST' to 'http://localhost:51741/session/81e8f07af89f612b1e68f8f42fbf4103/element/6f597a40-199d-4012-9c97-d151b018727b/value'
19:03:56.278 [Forwarding sendKeysToElement on session 81e8f07af89f612b1e68f8f42fbf4103 to remote] DEBUG org.asynchttpclient.netty.request.NettyRequestSender - Using open Channel [id: 0x6c4697b6, L:/127.0.0.1:64421 - R:localhost/127.0.0.1:51741] for POST '/session/81e8f07af89f612b1e68f8f42fbf4103/element/6f597a40-199d-4012-9c97-d151b018727b/value'
19:03:56.338 [AsyncHttpClient-1-2] DEBUG org.asynchttpclient.netty.handler.HttpHandler - 

Request DefaultHttpRequest(decodeResult: success, version: HTTP/1.1)
POST /session/81e8f07af89f612b1e68f8f42fbf4103/element/6f597a40-199d-4012-9c97-d151b018727b/value HTTP/1.1
User-Agent: selenium/4.1.2 (java windows)
Content-Length: 131
Content-Type: application/json; charset=utf-8
host: localhost:51741
accept: */*

Response DefaultHttpResponse(decodeResult: success, version: HTTP/1.1)
HTTP/1.1 200 OK
Content-Type: application/json; charset=utf-8
cache-control: no-cache
content-length: 14

19:03:56.339 [AsyncHttpClient-1-2] DEBUG org.asynchttpclient.netty.channel.ChannelManager - Adding key: http://localhost:51741 for channel [id: 0x6c4697b6, L:/127.0.0.1:64421 - R:localhost/127.0.0.1:51741]
19:03:56.349 [Forwarding screenshot on session 81e8f07af89f612b1e68f8f42fbf4103 to remote] DEBUG org.asynchttpclient.netty.request.NettyRequestSender - Using pooled Channel '[id: 0x6c4697b6, L:/127.0.0.1:64421 - R:localhost/127.0.0.1:51741]' for 'GET' to 'http://localhost:51741/session/81e8f07af89f612b1e68f8f42fbf4103/screenshot'
19:03:56.349 [Forwarding screenshot on session 81e8f07af89f612b1e68f8f42fbf4103 to remote] DEBUG org.asynchttpclient.netty.request.NettyRequestSender - Using open Channel [id: 0x6c4697b6, L:/127.0.0.1:64421 - R:localhost/127.0.0.1:51741] for GET '/session/81e8f07af89f612b1e68f8f42fbf4103/screenshot'
19:03:56.476 [AsyncHttpClient-1-2] DEBUG org.asynchttpclient.netty.handler.HttpHandler - 

Request DefaultFullHttpRequest(decodeResult: success, version: HTTP/1.1, content: EmptyByteBufBE)
GET /session/81e8f07af89f612b1e68f8f42fbf4103/screenshot HTTP/1.1
User-Agent: selenium/4.1.2 (java windows)
Cache-Control: no-cache
Content-Type: application/json; charset=utf-8
host: localhost:51741
accept: */*

Response DefaultHttpResponse(decodeResult: success, version: HTTP/1.1)
HTTP/1.1 200 OK
Content-Type: application/json; charset=utf-8
cache-control: no-cache
content-length: 119916

19:03:56.476 [AsyncHttpClient-1-2] DEBUG org.asynchttpclient.netty.channel.ChannelManager - Adding key: http://localhost:51741 for channel [id: 0x6c4697b6, L:/127.0.0.1:64421 - R:localhost/127.0.0.1:51741]
19:03:56.492 [main] DEBUG net.serenitybdd.core.photography.Darkroom - Send negative for processing for target\site\serenity\ab236c7fef13c79673b09f26d5c629dde897ee4d8a12808e2b8f50f09329706d.png
19:03:56.492 [main] DEBUG net.thucydides.core.steps.StepInterceptor - STEP DONE: inputUserName
19:03:56.492 [Darkroom Processing Line] DEBUG net.serenitybdd.core.photography.DarkroomProcessingLine - Processing screenshot image in /var/screenshots/screenshot-8075859070855770109
19:03:56.492 [Darkroom Processing Line] DEBUG net.serenitybdd.core.photography.DarkroomProcessingLine - Saving screenshot to target\site\serenity\ab236c7fef13c79673b09f26d5c629dde897ee4d8a12808e2b8f50f09329706d.png
19:03:56.492 [main] DEBUG net.thucydides.core.steps.StepInterceptor - STARTING STEP: LoginStep.iInputUsernameAndPassword - inputPassword
19:03:56.492 [Forwarding findElement on session 81e8f07af89f612b1e68f8f42fbf4103 to remote] DEBUG org.asynchttpclient.netty.request.NettyRequestSender - Using pooled Channel '[id: 0x6c4697b6, L:/127.0.0.1:64421 - R:localhost/127.0.0.1:51741]' for 'POST' to 'http://localhost:51741/session/81e8f07af89f612b1e68f8f42fbf4103/element'
19:03:56.492 [Forwarding findElement on session 81e8f07af89f612b1e68f8f42fbf4103 to remote] DEBUG org.asynchttpclient.netty.request.NettyRequestSender - Using open Channel [id: 0x6c4697b6, L:/127.0.0.1:64421 - R:localhost/127.0.0.1:51741] for POST '/session/81e8f07af89f612b1e68f8f42fbf4103/element'
19:03:56.507 [AsyncHttpClient-1-2] DEBUG org.asynchttpclient.netty.handler.HttpHandler - 

Request DefaultHttpRequest(decodeResult: success, version: HTTP/1.1)
POST /session/81e8f07af89f612b1e68f8f42fbf4103/element HTTP/1.1
User-Agent: selenium/4.1.2 (java windows)
Content-Length: 53
Content-Type: application/json; charset=utf-8
host: localhost:51741
accept: */*

Response DefaultHttpResponse(decodeResult: success, version: HTTP/1.1)
HTTP/1.1 200 OK
Content-Type: application/json; charset=utf-8
cache-control: no-cache
content-length: 88

19:03:56.507 [AsyncHttpClient-1-2] DEBUG org.asynchttpclient.netty.channel.ChannelManager - Adding key: http://localhost:51741 for channel [id: 0x6c4697b6, L:/127.0.0.1:64421 - R:localhost/127.0.0.1:51741]
19:03:56.507 [Forwarding clearElement on session 81e8f07af89f612b1e68f8f42fbf4103 to remote] DEBUG org.asynchttpclient.netty.request.NettyRequestSender - Using pooled Channel '[id: 0x6c4697b6, L:/127.0.0.1:64421 - R:localhost/127.0.0.1:51741]' for 'POST' to 'http://localhost:51741/session/81e8f07af89f612b1e68f8f42fbf4103/element/f51a852e-7704-4ffc-94e5-be8be938fff1/clear'
19:03:56.507 [Forwarding clearElement on session 81e8f07af89f612b1e68f8f42fbf4103 to remote] DEBUG org.asynchttpclient.netty.request.NettyRequestSender - Using open Channel [id: 0x6c4697b6, L:/127.0.0.1:64421 - R:localhost/127.0.0.1:51741] for POST '/session/81e8f07af89f612b1e68f8f42fbf4103/element/f51a852e-7704-4ffc-94e5-be8be938fff1/clear'
19:03:56.560 [AsyncHttpClient-1-2] DEBUG org.asynchttpclient.netty.handler.HttpHandler - 

Request DefaultHttpRequest(decodeResult: success, version: HTTP/1.1)
POST /session/81e8f07af89f612b1e68f8f42fbf4103/element/f51a852e-7704-4ffc-94e5-be8be938fff1/clear HTTP/1.1
User-Agent: selenium/4.1.2 (java windows)
Content-Length: 50
Content-Type: application/json; charset=utf-8
host: localhost:51741
accept: */*

Response DefaultHttpResponse(decodeResult: success, version: HTTP/1.1)
HTTP/1.1 200 OK
Content-Type: application/json; charset=utf-8
cache-control: no-cache
content-length: 14

19:03:56.560 [AsyncHttpClient-1-2] DEBUG org.asynchttpclient.netty.channel.ChannelManager - Adding key: http://localhost:51741 for channel [id: 0x6c4697b6, L:/127.0.0.1:64421 - R:localhost/127.0.0.1:51741]
19:03:56.560 [Forwarding sendKeysToElement on session 81e8f07af89f612b1e68f8f42fbf4103 to remote] DEBUG org.asynchttpclient.netty.request.NettyRequestSender - Using pooled Channel '[id: 0x6c4697b6, L:/127.0.0.1:64421 - R:localhost/127.0.0.1:51741]' for 'POST' to 'http://localhost:51741/session/81e8f07af89f612b1e68f8f42fbf4103/element/f51a852e-7704-4ffc-94e5-be8be938fff1/value'
19:03:56.560 [Forwarding sendKeysToElement on session 81e8f07af89f612b1e68f8f42fbf4103 to remote] DEBUG org.asynchttpclient.netty.request.NettyRequestSender - Using open Channel [id: 0x6c4697b6, L:/127.0.0.1:64421 - R:localhost/127.0.0.1:51741] for POST '/session/81e8f07af89f612b1e68f8f42fbf4103/element/f51a852e-7704-4ffc-94e5-be8be938fff1/value'
19:03:56.647 [AsyncHttpClient-1-2] DEBUG org.asynchttpclient.netty.handler.HttpHandler - 

Request DefaultHttpRequest(decodeResult: success, version: HTTP/1.1)
POST /session/81e8f07af89f612b1e68f8f42fbf4103/element/f51a852e-7704-4ffc-94e5-be8be938fff1/value HTTP/1.1
User-Agent: selenium/4.1.2 (java windows)
Content-Length: 171
Content-Type: application/json; charset=utf-8
host: localhost:51741
accept: */*

Response DefaultHttpResponse(decodeResult: success, version: HTTP/1.1)
HTTP/1.1 200 OK
Content-Type: application/json; charset=utf-8
cache-control: no-cache
content-length: 14

19:03:56.648 [AsyncHttpClient-1-2] DEBUG org.asynchttpclient.netty.channel.ChannelManager - Adding key: http://localhost:51741 for channel [id: 0x6c4697b6, L:/127.0.0.1:64421 - R:localhost/127.0.0.1:51741]
19:03:56.665 [Forwarding screenshot on session 81e8f07af89f612b1e68f8f42fbf4103 to remote] DEBUG org.asynchttpclient.netty.request.NettyRequestSender - Using pooled Channel '[id: 0x6c4697b6, L:/127.0.0.1:64421 - R:localhost/127.0.0.1:51741]' for 'GET' to 'http://localhost:51741/session/81e8f07af89f612b1e68f8f42fbf4103/screenshot'
19:03:56.665 [Forwarding screenshot on session 81e8f07af89f612b1e68f8f42fbf4103 to remote] DEBUG org.asynchttpclient.netty.request.NettyRequestSender - Using open Channel [id: 0x6c4697b6, L:/127.0.0.1:64421 - R:localhost/127.0.0.1:51741] for GET '/session/81e8f07af89f612b1e68f8f42fbf4103/screenshot'
19:03:56.857 [AsyncHttpClient-1-2] DEBUG org.asynchttpclient.netty.handler.HttpHandler - 

Request DefaultFullHttpRequest(decodeResult: success, version: HTTP/1.1, content: EmptyByteBufBE)
GET /session/81e8f07af89f612b1e68f8f42fbf4103/screenshot HTTP/1.1
User-Agent: selenium/4.1.2 (java windows)
Cache-Control: no-cache
Content-Type: application/json; charset=utf-8
host: localhost:51741
accept: */*

Response DefaultHttpResponse(decodeResult: success, version: HTTP/1.1)
HTTP/1.1 200 OK
Content-Type: application/json; charset=utf-8
cache-control: no-cache
content-length: 118764

19:03:56.859 [AsyncHttpClient-1-2] DEBUG org.asynchttpclient.netty.channel.ChannelManager - Adding key: http://localhost:51741 for channel [id: 0x6c4697b6, L:/127.0.0.1:64421 - R:localhost/127.0.0.1:51741]
19:03:56.865 [main] DEBUG net.serenitybdd.core.photography.Darkroom - Send negative for processing for target\site\serenity\d9d061351d72cabd34e69dc35ded207c4edcfee91d2ed9c7e35503ab4f624460.png
19:03:56.866 [main] DEBUG net.thucydides.core.steps.StepInterceptor - STEP DONE: inputPassword
  &amp#27;[32mAnd &amp#27;[0m&amp#27;[32mI input username &amp#27;[0m&amp#27;[32m&amp#27;[1m"<username>"&amp#27;[0m&amp#27;[32m and password &amp#27;[0m&amp#27;[32m&amp#27;[1m"<password>"&amp#27;[0m                       &amp#27;[90m# starter.stepdefinition.LoginStep.iInputUsernameAndPassword(java.lang.String,java.lang.String)&amp#27;[0m
19:03:56.866 [Darkroom Processing Line] DEBUG net.serenitybdd.core.photography.DarkroomProcessingLine - Processing screenshot image in /var/screenshots/screenshot-4685277721842640310
19:03:56.866 [Darkroom Processing Line] DEBUG net.serenitybdd.core.photography.DarkroomProcessingLine - Saving screenshot to target\site\serenity\d9d061351d72cabd34e69dc35ded207c4edcfee91d2ed9c7e35503ab4f624460.png
19:03:56.898 [main] DEBUG net.thucydides.core.steps.StepInterceptor - STARTING STEP: LoginStep.clickLoginButton - clickLoginButton
19:03:56.907 [Forwarding findElement on session 81e8f07af89f612b1e68f8f42fbf4103 to remote] DEBUG org.asynchttpclient.netty.request.NettyRequestSender - Using pooled Channel '[id: 0x6c4697b6, L:/127.0.0.1:64421 - R:localhost/127.0.0.1:51741]' for 'POST' to 'http://localhost:51741/session/81e8f07af89f612b1e68f8f42fbf4103/element'
19:03:56.907 [Forwarding findElement on session 81e8f07af89f612b1e68f8f42fbf4103 to remote] DEBUG org.asynchttpclient.netty.request.NettyRequestSender - Using open Channel [id: 0x6c4697b6, L:/127.0.0.1:64421 - R:localhost/127.0.0.1:51741] for POST '/session/81e8f07af89f612b1e68f8f42fbf4103/element'
19:03:56.919 [AsyncHttpClient-1-2] DEBUG org.asynchttpclient.netty.handler.HttpHandler - 

Request DefaultHttpRequest(decodeResult: success, version: HTTP/1.1)
POST /session/81e8f07af89f612b1e68f8f42fbf4103/element HTTP/1.1
User-Agent: selenium/4.1.2 (java windows)
Content-Length: 50
Content-Type: application/json; charset=utf-8
host: localhost:51741
accept: */*

Response DefaultHttpResponse(decodeResult: success, version: HTTP/1.1)
HTTP/1.1 200 OK
Content-Type: application/json; charset=utf-8
cache-control: no-cache
content-length: 88

19:03:56.920 [AsyncHttpClient-1-2] DEBUG org.asynchttpclient.netty.channel.ChannelManager - Adding key: http://localhost:51741 for channel [id: 0x6c4697b6, L:/127.0.0.1:64421 - R:localhost/127.0.0.1:51741]
19:03:56.923 [Forwarding getElementTagName on session 81e8f07af89f612b1e68f8f42fbf4103 to remote] DEBUG org.asynchttpclient.netty.request.NettyRequestSender - Using pooled Channel '[id: 0x6c4697b6, L:/127.0.0.1:64421 - R:localhost/127.0.0.1:51741]' for 'GET' to 'http://localhost:51741/session/81e8f07af89f612b1e68f8f42fbf4103/element/b6c799a2-e808-4d94-814d-982fda4a879a/name'
19:03:56.923 [Forwarding getElementTagName on session 81e8f07af89f612b1e68f8f42fbf4103 to remote] DEBUG org.asynchttpclient.netty.request.NettyRequestSender - Using open Channel [id: 0x6c4697b6, L:/127.0.0.1:64421 - R:localhost/127.0.0.1:51741] for GET '/session/81e8f07af89f612b1e68f8f42fbf4103/element/b6c799a2-e808-4d94-814d-982fda4a879a/name'
19:03:56.930 [AsyncHttpClient-1-2] DEBUG org.asynchttpclient.netty.handler.HttpHandler - 

Request DefaultFullHttpRequest(decodeResult: success, version: HTTP/1.1, content: EmptyByteBufBE)
GET /session/81e8f07af89f612b1e68f8f42fbf4103/element/b6c799a2-e808-4d94-814d-982fda4a879a/name HTTP/1.1
User-Agent: selenium/4.1.2 (java windows)
Cache-Control: no-cache
Content-Type: application/json; charset=utf-8
host: localhost:51741
accept: */*

Response DefaultHttpResponse(decodeResult: success, version: HTTP/1.1)
HTTP/1.1 200 OK
Content-Type: application/json; charset=utf-8
cache-control: no-cache
content-length: 18

19:03:56.931 [AsyncHttpClient-1-2] DEBUG org.asynchttpclient.netty.channel.ChannelManager - Adding key: http://localhost:51741 for channel [id: 0x6c4697b6, L:/127.0.0.1:64421 - R:localhost/127.0.0.1:51741]
19:03:56.933 [Forwarding getElementTagName on session 81e8f07af89f612b1e68f8f42fbf4103 to remote] DEBUG org.asynchttpclient.netty.request.NettyRequestSender - Using pooled Channel '[id: 0x6c4697b6, L:/127.0.0.1:64421 - R:localhost/127.0.0.1:51741]' for 'GET' to 'http://localhost:51741/session/81e8f07af89f612b1e68f8f42fbf4103/element/b6c799a2-e808-4d94-814d-982fda4a879a/name'
19:03:56.933 [Forwarding getElementTagName on session 81e8f07af89f612b1e68f8f42fbf4103 to remote] DEBUG org.asynchttpclient.netty.request.NettyRequestSender - Using open Channel [id: 0x6c4697b6, L:/127.0.0.1:64421 - R:localhost/127.0.0.1:51741] for GET '/session/81e8f07af89f612b1e68f8f42fbf4103/element/b6c799a2-e808-4d94-814d-982fda4a879a/name'
19:03:56.939 [AsyncHttpClient-1-2] DEBUG org.asynchttpclient.netty.handler.HttpHandler - 

Request DefaultFullHttpRequest(decodeResult: success, version: HTTP/1.1, content: EmptyByteBufBE)
GET /session/81e8f07af89f612b1e68f8f42fbf4103/element/b6c799a2-e808-4d94-814d-982fda4a879a/name HTTP/1.1
User-Agent: selenium/4.1.2 (java windows)
Cache-Control: no-cache
Content-Type: application/json; charset=utf-8
host: localhost:51741
accept: */*

Response DefaultHttpResponse(decodeResult: success, version: HTTP/1.1)
HTTP/1.1 200 OK
Content-Type: application/json; charset=utf-8
cache-control: no-cache
content-length: 18

19:03:56.940 [AsyncHttpClient-1-2] DEBUG org.asynchttpclient.netty.channel.ChannelManager - Adding key: http://localhost:51741 for channel [id: 0x6c4697b6, L:/127.0.0.1:64421 - R:localhost/127.0.0.1:51741]
19:03:56.945 [Forwarding isElementEnabled on session 81e8f07af89f612b1e68f8f42fbf4103 to remote] DEBUG org.asynchttpclient.netty.request.NettyRequestSender - Using pooled Channel '[id: 0x6c4697b6, L:/127.0.0.1:64421 - R:localhost/127.0.0.1:51741]' for 'GET' to 'http://localhost:51741/session/81e8f07af89f612b1e68f8f42fbf4103/element/b6c799a2-e808-4d94-814d-982fda4a879a/enabled'
19:03:56.945 [Forwarding isElementEnabled on session 81e8f07af89f612b1e68f8f42fbf4103 to remote] DEBUG org.asynchttpclient.netty.request.NettyRequestSender - Using open Channel [id: 0x6c4697b6, L:/127.0.0.1:64421 - R:localhost/127.0.0.1:51741] for GET '/session/81e8f07af89f612b1e68f8f42fbf4103/element/b6c799a2-e808-4d94-814d-982fda4a879a/enabled'
19:03:56.956 [AsyncHttpClient-1-2] DEBUG org.asynchttpclient.netty.handler.HttpHandler - 

Request DefaultFullHttpRequest(decodeResult: success, version: HTTP/1.1, content: EmptyByteBufBE)
GET /session/81e8f07af89f612b1e68f8f42fbf4103/element/b6c799a2-e808-4d94-814d-982fda4a879a/enabled HTTP/1.1
User-Agent: selenium/4.1.2 (java windows)
Cache-Control: no-cache
Content-Type: application/json; charset=utf-8
host: localhost:51741
accept: */*

Response DefaultHttpResponse(decodeResult: success, version: HTTP/1.1)
HTTP/1.1 200 OK
Content-Type: application/json; charset=utf-8
cache-control: no-cache
content-length: 14

19:03:56.956 [AsyncHttpClient-1-2] DEBUG org.asynchttpclient.netty.channel.ChannelManager - Adding key: http://localhost:51741 for channel [id: 0x6c4697b6, L:/127.0.0.1:64421 - R:localhost/127.0.0.1:51741]
19:03:56.959 [Forwarding isElementEnabled on session 81e8f07af89f612b1e68f8f42fbf4103 to remote] DEBUG org.asynchttpclient.netty.request.NettyRequestSender - Using pooled Channel '[id: 0x6c4697b6, L:/127.0.0.1:64421 - R:localhost/127.0.0.1:51741]' for 'GET' to 'http://localhost:51741/session/81e8f07af89f612b1e68f8f42fbf4103/element/b6c799a2-e808-4d94-814d-982fda4a879a/enabled'
19:03:56.959 [Forwarding isElementEnabled on session 81e8f07af89f612b1e68f8f42fbf4103 to remote] DEBUG org.asynchttpclient.netty.request.NettyRequestSender - Using open Channel [id: 0x6c4697b6, L:/127.0.0.1:64421 - R:localhost/127.0.0.1:51741] for GET '/session/81e8f07af89f612b1e68f8f42fbf4103/element/b6c799a2-e808-4d94-814d-982fda4a879a/enabled'
19:03:56.968 [AsyncHttpClient-1-2] DEBUG org.asynchttpclient.netty.handler.HttpHandler - 

Request DefaultFullHttpRequest(decodeResult: success, version: HTTP/1.1, content: EmptyByteBufBE)
GET /session/81e8f07af89f612b1e68f8f42fbf4103/element/b6c799a2-e808-4d94-814d-982fda4a879a/enabled HTTP/1.1
User-Agent: selenium/4.1.2 (java windows)
Cache-Control: no-cache
Content-Type: application/json; charset=utf-8
host: localhost:51741
accept: */*

Response DefaultHttpResponse(decodeResult: success, version: HTTP/1.1)
HTTP/1.1 200 OK
Content-Type: application/json; charset=utf-8
cache-control: no-cache
content-length: 14

19:03:56.968 [AsyncHttpClient-1-2] DEBUG org.asynchttpclient.netty.channel.ChannelManager - Adding key: http://localhost:51741 for channel [id: 0x6c4697b6, L:/127.0.0.1:64421 - R:localhost/127.0.0.1:51741]
19:03:56.973 [Forwarding findElement on session 81e8f07af89f612b1e68f8f42fbf4103 to remote] DEBUG org.asynchttpclient.netty.request.NettyRequestSender - Using pooled Channel '[id: 0x6c4697b6, L:/127.0.0.1:64421 - R:localhost/127.0.0.1:51741]' for 'POST' to 'http://localhost:51741/session/81e8f07af89f612b1e68f8f42fbf4103/element'
19:03:56.973 [Forwarding findElement on session 81e8f07af89f612b1e68f8f42fbf4103 to remote] DEBUG org.asynchttpclient.netty.request.NettyRequestSender - Using open Channel [id: 0x6c4697b6, L:/127.0.0.1:64421 - R:localhost/127.0.0.1:51741] for POST '/session/81e8f07af89f612b1e68f8f42fbf4103/element'
19:03:56.987 [AsyncHttpClient-1-2] DEBUG org.asynchttpclient.netty.handler.HttpHandler - 

Request DefaultHttpRequest(decodeResult: success, version: HTTP/1.1)
POST /session/81e8f07af89f612b1e68f8f42fbf4103/element HTTP/1.1
User-Agent: selenium/4.1.2 (java windows)
Content-Length: 50
Content-Type: application/json; charset=utf-8
host: localhost:51741
accept: */*

Response DefaultHttpResponse(decodeResult: success, version: HTTP/1.1)
HTTP/1.1 200 OK
Content-Type: application/json; charset=utf-8
cache-control: no-cache
content-length: 88

19:03:56.987 [AsyncHttpClient-1-2] DEBUG org.asynchttpclient.netty.channel.ChannelManager - Adding key: http://localhost:51741 for channel [id: 0x6c4697b6, L:/127.0.0.1:64421 - R:localhost/127.0.0.1:51741]
19:03:56.990 [Forwarding clickElement on session 81e8f07af89f612b1e68f8f42fbf4103 to remote] DEBUG org.asynchttpclient.netty.request.NettyRequestSender - Using pooled Channel '[id: 0x6c4697b6, L:/127.0.0.1:64421 - R:localhost/127.0.0.1:51741]' for 'POST' to 'http://localhost:51741/session/81e8f07af89f612b1e68f8f42fbf4103/element/b6c799a2-e808-4d94-814d-982fda4a879a/click'
19:03:56.990 [Forwarding clickElement on session 81e8f07af89f612b1e68f8f42fbf4103 to remote] DEBUG org.asynchttpclient.netty.request.NettyRequestSender - Using open Channel [id: 0x6c4697b6, L:/127.0.0.1:64421 - R:localhost/127.0.0.1:51741] for POST '/session/81e8f07af89f612b1e68f8f42fbf4103/element/b6c799a2-e808-4d94-814d-982fda4a879a/click'
19:03:57.061 [AsyncHttpClient-1-2] DEBUG org.asynchttpclient.netty.handler.HttpHandler - 

Request DefaultHttpRequest(decodeResult: success, version: HTTP/1.1)
POST /session/81e8f07af89f612b1e68f8f42fbf4103/element/b6c799a2-e808-4d94-814d-982fda4a879a/click HTTP/1.1
User-Agent: selenium/4.1.2 (java windows)
Content-Length: 50
Content-Type: application/json; charset=utf-8
host: localhost:51741
accept: */*

Response DefaultHttpResponse(decodeResult: success, version: HTTP/1.1)
HTTP/1.1 200 OK
Content-Type: application/json; charset=utf-8
cache-control: no-cache
content-length: 14

19:03:57.061 [AsyncHttpClient-1-2] DEBUG org.asynchttpclient.netty.channel.ChannelManager - Adding key: http://localhost:51741 for channel [id: 0x6c4697b6, L:/127.0.0.1:64421 - R:localhost/127.0.0.1:51741]
19:03:57.077 [Forwarding screenshot on session 81e8f07af89f612b1e68f8f42fbf4103 to remote] DEBUG org.asynchttpclient.netty.request.NettyRequestSender - Using pooled Channel '[id: 0x6c4697b6, L:/127.0.0.1:64421 - R:localhost/127.0.0.1:51741]' for 'GET' to 'http://localhost:51741/session/81e8f07af89f612b1e68f8f42fbf4103/screenshot'
19:03:57.077 [Forwarding screenshot on session 81e8f07af89f612b1e68f8f42fbf4103 to remote] DEBUG org.asynchttpclient.netty.request.NettyRequestSender - Using open Channel [id: 0x6c4697b6, L:/127.0.0.1:64421 - R:localhost/127.0.0.1:51741] for GET '/session/81e8f07af89f612b1e68f8f42fbf4103/screenshot'
19:03:57.161 [AsyncHttpClient-1-1] DEBUG org.asynchttpclient.netty.channel.DefaultChannelPool - Entry count for : http://localhost:64422 : 1
19:03:57.223 [AsyncHttpClient-1-2] DEBUG org.asynchttpclient.netty.handler.HttpHandler - 

Request DefaultFullHttpRequest(decodeResult: success, version: HTTP/1.1, content: EmptyByteBufBE)
GET /session/81e8f07af89f612b1e68f8f42fbf4103/screenshot HTTP/1.1
User-Agent: selenium/4.1.2 (java windows)
Cache-Control: no-cache
Content-Type: application/json; charset=utf-8
host: localhost:51741
accept: */*

Response DefaultHttpResponse(decodeResult: success, version: HTTP/1.1)
HTTP/1.1 200 OK
Content-Type: application/json; charset=utf-8
cache-control: no-cache
content-length: 126248

19:03:57.223 [AsyncHttpClient-1-2] DEBUG org.asynchttpclient.netty.channel.ChannelManager - Adding key: http://localhost:51741 for channel [id: 0x6c4697b6, L:/127.0.0.1:64421 - R:localhost/127.0.0.1:51741]
19:03:57.239 [main] DEBUG net.serenitybdd.core.photography.Darkroom - Send negative for processing for target\site\serenity\f7f5420d6a7a1649fe44dd1116fef509d8172282b2883aacbf66e2889e64fbd5.png
19:03:57.239 [main] DEBUG net.thucydides.core.steps.StepInterceptor - STEP DONE: clickLoginButton
  &amp#27;[32mAnd &amp#27;[0m&amp#27;[32mI click login button&amp#27;[0m                                                          &amp#27;[90m# starter.stepdefinition.LoginStep.clickLoginButton()&amp#27;[0m
19:03:57.239 [Darkroom Processing Line] DEBUG net.serenitybdd.core.photography.DarkroomProcessingLine - Processing screenshot image in /var/screenshots/screenshot-2527759205008786325
19:03:57.239 [Darkroom Processing Line] DEBUG net.serenitybdd.core.photography.DarkroomProcessingLine - Saving screenshot to target\site\serenity\f7f5420d6a7a1649fe44dd1116fef509d8172282b2883aacbf66e2889e64fbd5.png
19:03:57.293 [Forwarding screenshot on session 81e8f07af89f612b1e68f8f42fbf4103 to remote] DEBUG org.asynchttpclient.netty.request.NettyRequestSender - Using pooled Channel '[id: 0x6c4697b6, L:/127.0.0.1:64421 - R:localhost/127.0.0.1:51741]' for 'GET' to 'http://localhost:51741/session/81e8f07af89f612b1e68f8f42fbf4103/screenshot'
19:03:57.293 [Forwarding screenshot on session 81e8f07af89f612b1e68f8f42fbf4103 to remote] DEBUG org.asynchttpclient.netty.request.NettyRequestSender - Using open Channel [id: 0x6c4697b6, L:/127.0.0.1:64421 - R:localhost/127.0.0.1:51741] for GET '/session/81e8f07af89f612b1e68f8f42fbf4103/screenshot'
19:03:57.619 [AsyncHttpClient-1-2] DEBUG org.asynchttpclient.netty.handler.HttpHandler - 

Request DefaultFullHttpRequest(decodeResult: success, version: HTTP/1.1, content: EmptyByteBufBE)
GET /session/81e8f07af89f612b1e68f8f42fbf4103/screenshot HTTP/1.1
User-Agent: selenium/4.1.2 (java windows)
Cache-Control: no-cache
Content-Type: application/json; charset=utf-8
host: localhost:51741
accept: */*

Response DefaultHttpResponse(decodeResult: success, version: HTTP/1.1)
HTTP/1.1 200 OK
Content-Type: application/json; charset=utf-8
cache-control: no-cache
content-length: 126248

19:03:57.621 [AsyncHttpClient-1-2] DEBUG org.asynchttpclient.netty.channel.ChannelManager - Adding key: http://localhost:51741 for channel [id: 0x6c4697b6, L:/127.0.0.1:64421 - R:localhost/127.0.0.1:51741]
19:03:57.635 [main] DEBUG net.serenitybdd.core.photography.Darkroom - Send negative for processing for target\site\serenity\f7f5420d6a7a1649fe44dd1116fef509d8172282b2883aacbf66e2889e64fbd5.png
19:03:57.637 [main] DEBUG net.thucydides.core.steps.StepInterceptor - STARTING STEP: LoginStep.onProfilePage - validateOnProfilePage
19:03:57.650 [Forwarding findElement on session 81e8f07af89f612b1e68f8f42fbf4103 to remote] DEBUG org.asynchttpclient.netty.request.NettyRequestSender - Using pooled Channel '[id: 0x6c4697b6, L:/127.0.0.1:64421 - R:localhost/127.0.0.1:51741]' for 'POST' to 'http://localhost:51741/session/81e8f07af89f612b1e68f8f42fbf4103/element'
19:03:57.650 [Forwarding findElement on session 81e8f07af89f612b1e68f8f42fbf4103 to remote] DEBUG org.asynchttpclient.netty.request.NettyRequestSender - Using open Channel [id: 0x6c4697b6, L:/127.0.0.1:64421 - R:localhost/127.0.0.1:51741] for POST '/session/81e8f07af89f612b1e68f8f42fbf4103/element'
19:03:57.678 [AsyncHttpClient-1-2] DEBUG org.asynchttpclient.netty.handler.HttpHandler - 

Request DefaultHttpRequest(decodeResult: success, version: HTTP/1.1)
POST /session/81e8f07af89f612b1e68f8f42fbf4103/element HTTP/1.1
User-Agent: selenium/4.1.2 (java windows)
Content-Length: 107
Content-Type: application/json; charset=utf-8
host: localhost:51741
accept: */*

Response DefaultHttpResponse(decodeResult: success, version: HTTP/1.1)
HTTP/1.1 200 OK
Content-Type: application/json; charset=utf-8
cache-control: no-cache
content-length: 88

19:03:57.679 [AsyncHttpClient-1-2] DEBUG org.asynchttpclient.netty.channel.ChannelManager - Adding key: http://localhost:51741 for channel [id: 0x6c4697b6, L:/127.0.0.1:64421 - R:localhost/127.0.0.1:51741]
19:03:57.688 [Forwarding isElementDisplayed on session 81e8f07af89f612b1e68f8f42fbf4103 to remote] DEBUG org.asynchttpclient.netty.request.NettyRequestSender - Using pooled Channel '[id: 0x6c4697b6, L:/127.0.0.1:64421 - R:localhost/127.0.0.1:51741]' for 'POST' to 'http://localhost:51741/session/81e8f07af89f612b1e68f8f42fbf4103/execute/sync'
19:03:57.688 [Forwarding isElementDisplayed on session 81e8f07af89f612b1e68f8f42fbf4103 to remote] DEBUG org.asynchttpclient.netty.request.NettyRequestSender - Using open Channel [id: 0x6c4697b6, L:/127.0.0.1:64421 - R:localhost/127.0.0.1:51741] for POST '/session/81e8f07af89f612b1e68f8f42fbf4103/execute/sync'
19:03:57.707 [AsyncHttpClient-1-2] DEBUG org.asynchttpclient.netty.handler.HttpHandler - 

Request DefaultHttpRequest(decodeResult: success, version: HTTP/1.1)
POST /session/81e8f07af89f612b1e68f8f42fbf4103/execute/sync HTTP/1.1
User-Agent: selenium/4.1.2 (java windows)
Content-Length: 48780
Content-Type: application/json; charset=utf-8
host: localhost:51741
accept: */*

Response DefaultHttpResponse(decodeResult: success, version: HTTP/1.1)
HTTP/1.1 200 OK
Content-Type: application/json; charset=utf-8
cache-control: no-cache
content-length: 14

19:03:57.708 [AsyncHttpClient-1-2] DEBUG org.asynchttpclient.netty.channel.ChannelManager - Adding key: http://localhost:51741 for channel [id: 0x6c4697b6, L:/127.0.0.1:64421 - R:localhost/127.0.0.1:51741]
19:03:57.726 [Forwarding screenshot on session 81e8f07af89f612b1e68f8f42fbf4103 to remote] DEBUG org.asynchttpclient.netty.request.NettyRequestSender - Using pooled Channel '[id: 0x6c4697b6, L:/127.0.0.1:64421 - R:localhost/127.0.0.1:51741]' for 'GET' to 'http://localhost:51741/session/81e8f07af89f612b1e68f8f42fbf4103/screenshot'
19:03:57.727 [Forwarding screenshot on session 81e8f07af89f612b1e68f8f42fbf4103 to remote] DEBUG org.asynchttpclient.netty.request.NettyRequestSender - Using open Channel [id: 0x6c4697b6, L:/127.0.0.1:64421 - R:localhost/127.0.0.1:51741] for GET '/session/81e8f07af89f612b1e68f8f42fbf4103/screenshot'
19:03:58.125 [AsyncHttpClient-1-2] DEBUG org.asynchttpclient.netty.handler.HttpHandler - 

Request DefaultFullHttpRequest(decodeResult: success, version: HTTP/1.1, content: EmptyByteBufBE)
GET /session/81e8f07af89f612b1e68f8f42fbf4103/screenshot HTTP/1.1
User-Agent: selenium/4.1.2 (java windows)
Cache-Control: no-cache
Content-Type: application/json; charset=utf-8
host: localhost:51741
accept: */*

Response DefaultHttpResponse(decodeResult: success, version: HTTP/1.1)
HTTP/1.1 200 OK
Content-Type: application/json; charset=utf-8
cache-control: no-cache
content-length: 131068

19:03:58.128 [AsyncHttpClient-1-2] DEBUG org.asynchttpclient.netty.channel.ChannelManager - Adding key: http://localhost:51741 for channel [id: 0x6c4697b6, L:/127.0.0.1:64421 - R:localhost/127.0.0.1:51741]
19:03:58.139 [main] DEBUG net.serenitybdd.core.photography.Darkroom - Send negative for processing for target\site\serenity\93652a6f6a6b602764bd8498a9eec3f2bd499fd77464d976661ce0603aba3c99.png
19:03:58.140 [main] DEBUG net.thucydides.core.steps.StepInterceptor - STEP DONE: validateOnProfilePage
  &amp#27;[32mThen &amp#27;[0m&amp#27;[32mI am on profile page&amp#27;[0m                                                         &amp#27;[90m# starter.stepdefinition.LoginStep.onProfilePage()&amp#27;[0m
19:03:58.140 [Darkroom Processing Line] DEBUG net.serenitybdd.core.photography.DarkroomProcessingLine - Processing screenshot image in /var/screenshots/screenshot-16187277103385833385
19:03:58.140 [Darkroom Processing Line] DEBUG net.serenitybdd.core.photography.DarkroomProcessingLine - Saving screenshot to target\site\serenity\93652a6f6a6b602764bd8498a9eec3f2bd499fd77464d976661ce0603aba3c99.png
19:03:58.167 [main] INFO  - 
  _____   ___   ___   _____     ___     _     ___   ___   ___   ___  
 |_   _| | __| / __| |_   _|   | _ \   /_\   / __| / __| | __| |   \ 
   | |   | _|  \__ \   | |     |  _/  / _ \  \__ \ \__ \ | _|  | |) |
   |_|   |___| |___/   |_|     |_|   /_/ \_\ |___/ |___/ |___| |___/ 

As a user, i want go to the login page, and have be able to success login
----------------------------------------------------------------------
19:03:58.260 [AsyncHttpClient-1-1] DEBUG org.asynchttpclient.netty.channel.DefaultChannelPool - Entry count for : http://localhost:64422 : 1
19:03:58.260 [AsyncHttpClient-1-1] DEBUG org.asynchttpclient.netty.channel.DefaultChannelPool - Entry count for : http://localhost:51741 : 1
19:03:58.485 [Driver Command Executor] DEBUG org.asynchttpclient.netty.request.NettyRequestSender - Using pooled Channel '[id: 0x6c4697b6, L:/127.0.0.1:64421 - R:localhost/127.0.0.1:51741]' for 'DELETE' to 'http://localhost:51741/session/81e8f07af89f612b1e68f8f42fbf4103'
19:03:58.485 [Driver Command Executor] DEBUG org.asynchttpclient.netty.request.NettyRequestSender - Using open Channel [id: 0x6c4697b6, L:/127.0.0.1:64421 - R:localhost/127.0.0.1:51741] for DELETE '/session/81e8f07af89f612b1e68f8f42fbf4103'
19:03:58.485 [AsyncHttpClient-1-4] DEBUG org.asynchttpclient.netty.handler.WebSocketHandler - Channel Closed: [id: 0x560b7f4e, L:/127.0.0.1:64429 ! R:localhost/127.0.0.1:64422] with attribute NettyResponseFuture{currentRetry=5,
	isDone=1,
	isCancelled=0,
	asyncHandler=org.asynchttpclient.ws.WebSocketUpgradeHandler@629fb5c7,
	nettyRequest=org.asynchttpclient.netty.request.NettyRequest@69101f9f,
	future=java.util.concurrent.CompletableFuture@531b4621[Completed normally],
	uri=ws://localhost:64422/devtools/browser/218f48c8-388a-4925-817f-eb10fd6717b5,
	keepAlive=true,
	redirectCount=0,
	timeoutsHolder=null,
	inAuth=0,
	touch=1648814618955}
19:03:58.485 [AsyncHttpClient-1-4] DEBUG org.asynchttpclient.netty.channel.ChannelManager - Closing Channel [id: 0x560b7f4e, L:/127.0.0.1:64429 ! R:localhost/127.0.0.1:64422] 
19:03:58.625 [AsyncHttpClient-1-3] DEBUG org.asynchttpclient.netty.handler.HttpHandler - Unexpected I/O exception on channel [id: 0x9d784523, L:/127.0.0.1:64428 - R:localhost/127.0.0.1:64422]
java.io.IOException: An existing connection was forcibly closed by the remote host
	at java.base/sun.nio.ch.SocketDispatcher.read0(Native Method)
	at java.base/sun.nio.ch.SocketDispatcher.read(SocketDispatcher.java:43)
	at java.base/sun.nio.ch.IOUtil.readIntoNativeBuffer(IOUtil.java:276)
	at java.base/sun.nio.ch.IOUtil.read(IOUtil.java:233)
	at java.base/sun.nio.ch.IOUtil.read(IOUtil.java:223)
	at java.base/sun.nio.ch.SocketChannelImpl.read(SocketChannelImpl.java:358)
	at io.netty.buffer.PooledByteBuf.setBytes(PooledByteBuf.java:258)
	at io.netty.buffer.AbstractByteBuf.writeBytes(AbstractByteBuf.java:1132)
	at io.netty.channel.socket.nio.NioSocketChannel.doReadBytes(NioSocketChannel.java:350)
	at io.netty.channel.nio.AbstractNioByteChannel$NioByteUnsafe.read(AbstractNioByteChannel.java:151)
	at io.netty.channel.nio.NioEventLoop.processSelectedKey(NioEventLoop.java:722)
	at io.netty.channel.nio.NioEventLoop.processSelectedKeysOptimized(NioEventLoop.java:658)
	at io.netty.channel.nio.NioEventLoop.processSelectedKeys(NioEventLoop.java:584)
	at io.netty.channel.nio.NioEventLoop.run(NioEventLoop.java:496)
	at io.netty.util.concurrent.SingleThreadEventExecutor$4.run(SingleThreadEventExecutor.java:986)
	at io.netty.util.internal.ThreadExecutorMap$2.run(ThreadExecutorMap.java:74)
	at io.netty.util.concurrent.FastThreadLocalRunnable.run(FastThreadLocalRunnable.java:30)
	at java.base/java.lang.Thread.run(Thread.java:834)
19:03:58.625 [AsyncHttpClient-1-3] DEBUG org.asynchttpclient.netty.channel.ChannelManager - Closing Channel [id: 0x9d784523, L:/127.0.0.1:64428 - R:localhost/127.0.0.1:64422] 
19:03:58.641 [AsyncHttpClient-1-3] DEBUG org.asynchttpclient.netty.handler.HttpHandler - Channel Closed: [id: 0x9d784523, L:/127.0.0.1:64428 ! R:localhost/127.0.0.1:64422] with attribute DISCARD
19:03:58.675 [AsyncHttpClient-1-2] DEBUG org.asynchttpclient.netty.handler.HttpHandler - 

Request DefaultFullHttpRequest(decodeResult: success, version: HTTP/1.1, content: EmptyByteBufBE)
DELETE /session/81e8f07af89f612b1e68f8f42fbf4103 HTTP/1.1
User-Agent: selenium/4.1.2 (java windows)
Content-Type: application/json; charset=utf-8
host: localhost:51741
accept: */*

Response DefaultHttpResponse(decodeResult: success, version: HTTP/1.1)
HTTP/1.1 200 OK
Content-Type: application/json; charset=utf-8
cache-control: no-cache
content-length: 14

19:03:58.675 [AsyncHttpClient-1-2] DEBUG org.asynchttpclient.netty.channel.ChannelManager - Adding key: http://localhost:51741 for channel [id: 0x6c4697b6, L:/127.0.0.1:64421 - R:localhost/127.0.0.1:51741]
19:03:58.831 [AsyncHttpClient-1-2] DEBUG org.asynchttpclient.netty.handler.HttpHandler - Channel Closed: [id: 0x6c4697b6, L:/127.0.0.1:64421 ! R:localhost/127.0.0.1:51741] with attribute DISCARD
19:03:59.360 [AsyncHttpClient-1-1] DEBUG org.asynchttpclient.netty.channel.DefaultChannelPool - Entry count for : http://localhost:64422 : 1
19:03:59.360 [AsyncHttpClient-1-1] DEBUG org.asynchttpclient.netty.channel.DefaultChannelPool - Entry count for : http://localhost:51741 : 1
19:03:59.360 [AsyncHttpClient-1-1] DEBUG org.asynchttpclient.netty.channel.DefaultChannelPool - Adding Candidate expired Channel [id: 0x9d784523, L:/127.0.0.1:64428 ! R:localhost/127.0.0.1:64422] isIdleTimeoutExpired=false isRemotelyClosed=true isTtlExpired=false
19:03:59.360 [AsyncHttpClient-1-1] DEBUG org.asynchttpclient.netty.channel.DefaultChannelPool - Closing Idle Channel [id: 0x9d784523, L:/127.0.0.1:64428 ! R:localhost/127.0.0.1:64422]
19:03:59.360 [AsyncHttpClient-1-1] DEBUG org.asynchttpclient.netty.channel.DefaultChannelPool - Adding Candidate expired Channel [id: 0x6c4697b6, L:/127.0.0.1:64421 ! R:localhost/127.0.0.1:51741] isIdleTimeoutExpired=false isRemotelyClosed=true isTtlExpired=false
19:03:59.360 [AsyncHttpClient-1-1] DEBUG org.asynchttpclient.netty.channel.DefaultChannelPool - Closing Idle Channel [id: 0x6c4697b6, L:/127.0.0.1:64421 ! R:localhost/127.0.0.1:51741]
19:03:59.360 [AsyncHttpClient-1-1] DEBUG org.asynchttpclient.netty.channel.DefaultChannelPool - Closed 2 connections out of 2 in 0 ms
]]></system-out>
    <system-err><![CDATA[Starting ChromeDriver 99.0.4844.51 (d537ec02474b5afe23684e7963d538896c63ac77-refs/branch-heads/4844@{#875}) on port 51741
Only local connections are allowed.
Please see https://chromedriver.chromium.org/security-considerations for suggestions on keeping ChromeDriver safe.
ChromeDriver was started successfully.
Apr 01, 2022 7:03:38 PM org.openqa.selenium.remote.ProtocolHandshake createSession
INFO: Detected dialect: W3C
Apr 01, 2022 7:03:38 PM org.openqa.selenium.devtools.CdpVersionFinder findNearestMatch
WARNING: Unable to find an exact match for CDP version 99, so returning the closest version found: 97
Apr 01, 2022 7:03:38 PM org.openqa.selenium.devtools.CdpVersionFinder findNearestMatch
INFO: Found CDP implementation for version 99 of 97
]]></system-err>
  </testcase>
</testsuite>